<?xml version="1.0" encoding="UTF-8"?>
<testsuites>
  <testsuite name="/home/kalo22/dbwebb-kurser/mvc/me/report/phpunit.xml.dist" tests="127" assertions="250" errors="0" failures="0" skipped="0" time="0.905900">
    <testsuite name="Project Test Suite" tests="127" assertions="250" errors="0" failures="0" skipped="0" time="0.905900">
      <testsuite name="App\Cards\CardHandTest" file="/home/kalo22/dbwebb-kurser/mvc/me/report/tests/Cards/CardHandTest.php" tests="3" assertions="4" errors="0" failures="0" skipped="0" time="0.020126">
        <testcase name="testCreateObject" file="/home/kalo22/dbwebb-kurser/mvc/me/report/tests/Cards/CardHandTest.php" line="12" class="App\Cards\CardHandTest" classname="App.Cards.CardHandTest" assertions="2" time="0.018218"/>
        <testcase name="testAddCard" file="/home/kalo22/dbwebb-kurser/mvc/me/report/tests/Cards/CardHandTest.php" line="27" class="App\Cards\CardHandTest" classname="App.Cards.CardHandTest" assertions="1" time="0.001018"/>
        <testcase name="testGetCardsAsArray" file="/home/kalo22/dbwebb-kurser/mvc/me/report/tests/Cards/CardHandTest.php" line="43" class="App\Cards\CardHandTest" classname="App.Cards.CardHandTest" assertions="1" time="0.000891"/>
      </testsuite>
      <testsuite name="App\Cards\CardTest" file="/home/kalo22/dbwebb-kurser/mvc/me/report/tests/Cards/CardTest.php" tests="3" assertions="10" errors="0" failures="0" skipped="0" time="0.002399">
        <testcase name="testCreateObject" file="/home/kalo22/dbwebb-kurser/mvc/me/report/tests/Cards/CardTest.php" line="12" class="App\Cards\CardTest" classname="App.Cards.CardTest" assertions="3" time="0.000759"/>
        <testcase name="testGetCardText" file="/home/kalo22/dbwebb-kurser/mvc/me/report/tests/Cards/CardTest.php" line="31" class="App\Cards\CardTest" classname="App.Cards.CardTest" assertions="2" time="0.000846"/>
        <testcase name="testToString" file="/home/kalo22/dbwebb-kurser/mvc/me/report/tests/Cards/CardTest.php" line="45" class="App\Cards\CardTest" classname="App.Cards.CardTest" assertions="5" time="0.000793"/>
      </testsuite>
      <testsuite name="App\Cards\DeckOfCardsTest" file="/home/kalo22/dbwebb-kurser/mvc/me/report/tests/Cards/DeckOfCardsTest.php" tests="4" assertions="12" errors="0" failures="0" skipped="0" time="0.005484">
        <testcase name="testCreateObject" file="/home/kalo22/dbwebb-kurser/mvc/me/report/tests/Cards/DeckOfCardsTest.php" line="12" class="App\Cards\DeckOfCardsTest" classname="App.Cards.DeckOfCardsTest" assertions="2" time="0.001036"/>
        <testcase name="testShuffle" file="/home/kalo22/dbwebb-kurser/mvc/me/report/tests/Cards/DeckOfCardsTest.php" line="26" class="App\Cards\DeckOfCardsTest" classname="App.Cards.DeckOfCardsTest" assertions="2" time="0.002347"/>
        <testcase name="testDrawCard" file="/home/kalo22/dbwebb-kurser/mvc/me/report/tests/Cards/DeckOfCardsTest.php" line="39" class="App\Cards\DeckOfCardsTest" classname="App.Cards.DeckOfCardsTest" assertions="2" time="0.000938"/>
        <testcase name="testDrawManyCards" file="/home/kalo22/dbwebb-kurser/mvc/me/report/tests/Cards/DeckOfCardsTest.php" line="52" class="App\Cards\DeckOfCardsTest" classname="App.Cards.DeckOfCardsTest" assertions="6" time="0.001164"/>
      </testsuite>
      <testsuite name="App\Cards\JokerCardTest" file="/home/kalo22/dbwebb-kurser/mvc/me/report/tests/Cards/JokerCardTest.php" tests="2" assertions="4" errors="0" failures="0" skipped="0" time="0.001713">
        <testcase name="testCreateObject" file="/home/kalo22/dbwebb-kurser/mvc/me/report/tests/Cards/JokerCardTest.php" line="12" class="App\Cards\JokerCardTest" classname="App.Cards.JokerCardTest" assertions="3" time="0.000938"/>
        <testcase name="testToString" file="/home/kalo22/dbwebb-kurser/mvc/me/report/tests/Cards/JokerCardTest.php" line="29" class="App\Cards\JokerCardTest" classname="App.Cards.JokerCardTest" assertions="1" time="0.000775"/>
      </testsuite>
      <testsuite name="App\Controller\ApiControllerTest" file="/home/kalo22/dbwebb-kurser/mvc/me/report/tests/Controller/ApiControllerTest.php" tests="2" assertions="6" errors="0" failures="0" skipped="0" time="0.113691">
        <testcase name="testIndex" file="/home/kalo22/dbwebb-kurser/mvc/me/report/tests/Controller/ApiControllerTest.php" line="9" class="App\Controller\ApiControllerTest" classname="App.Controller.ApiControllerTest" assertions="2" time="0.106919"/>
        <testcase name="testQuote" file="/home/kalo22/dbwebb-kurser/mvc/me/report/tests/Controller/ApiControllerTest.php" line="17" class="App\Controller\ApiControllerTest" classname="App.Controller.ApiControllerTest" assertions="4" time="0.006773"/>
      </testsuite>
      <testsuite name="App\Controller\ApiDeckControllerTest" file="/home/kalo22/dbwebb-kurser/mvc/me/report/tests/Controller/ApiDeckControllerTest.php" tests="5" assertions="24" errors="0" failures="0" skipped="0" time="0.042545">
        <testcase name="testGetDeck" file="/home/kalo22/dbwebb-kurser/mvc/me/report/tests/Controller/ApiDeckControllerTest.php" line="17" class="App\Controller\ApiDeckControllerTest" classname="App.Controller.ApiDeckControllerTest" assertions="3" time="0.006883"/>
        <testcase name="testShuffleDeck" file="/home/kalo22/dbwebb-kurser/mvc/me/report/tests/Controller/ApiDeckControllerTest.php" line="31" class="App\Controller\ApiDeckControllerTest" classname="App.Controller.ApiDeckControllerTest" assertions="3" time="0.009271"/>
        <testcase name="testDrawCards" file="/home/kalo22/dbwebb-kurser/mvc/me/report/tests/Controller/ApiDeckControllerTest.php" line="45" class="App\Controller\ApiDeckControllerTest" classname="App.Controller.ApiDeckControllerTest" assertions="5" time="0.007547"/>
        <testcase name="testGetGameStatusNoGame" file="/home/kalo22/dbwebb-kurser/mvc/me/report/tests/Controller/ApiDeckControllerTest.php" line="62" class="App\Controller\ApiDeckControllerTest" classname="App.Controller.ApiDeckControllerTest" assertions="3" time="0.009437"/>
        <testcase name="testGetGameStatusWithGame" file="/home/kalo22/dbwebb-kurser/mvc/me/report/tests/Controller/ApiDeckControllerTest.php" line="78" class="App\Controller\ApiDeckControllerTest" classname="App.Controller.ApiDeckControllerTest" assertions="10" time="0.009406"/>
      </testsuite>
      <testsuite name="App\Controller\ApiLibraryControllerTest" file="/home/kalo22/dbwebb-kurser/mvc/me/report/tests/Controller/ApiLibraryControllerTest.php" tests="4" assertions="9" errors="0" failures="0" skipped="0" time="0.067115">
        <testcase name="testGetBooks" file="/home/kalo22/dbwebb-kurser/mvc/me/report/tests/Controller/ApiLibraryControllerTest.php" line="13" class="App\Controller\ApiLibraryControllerTest" classname="App.Controller.ApiLibraryControllerTest" assertions="2" time="0.037108"/>
        <testcase name="testGetBooksEmpty" file="/home/kalo22/dbwebb-kurser/mvc/me/report/tests/Controller/ApiLibraryControllerTest.php" line="42" class="App\Controller\ApiLibraryControllerTest" classname="App.Controller.ApiLibraryControllerTest" assertions="2" time="0.008576"/>
        <testcase name="testGetBookByISBN" file="/home/kalo22/dbwebb-kurser/mvc/me/report/tests/Controller/ApiLibraryControllerTest.php" line="50" class="App\Controller\ApiLibraryControllerTest" classname="App.Controller.ApiLibraryControllerTest" assertions="2" time="0.013665"/>
        <testcase name="testGetBookByISBNNotFound" file="/home/kalo22/dbwebb-kurser/mvc/me/report/tests/Controller/ApiLibraryControllerTest.php" line="81" class="App\Controller\ApiLibraryControllerTest" classname="App.Controller.ApiLibraryControllerTest" assertions="3" time="0.007766"/>
      </testsuite>
      <testsuite name="App\Controller\CardControllerTest" file="/home/kalo22/dbwebb-kurser/mvc/me/report/tests/Controller/CardControllerTest.php" tests="5" assertions="14" errors="0" failures="0" skipped="0" time="0.139497">
        <testcase name="testIndex" file="/home/kalo22/dbwebb-kurser/mvc/me/report/tests/Controller/CardControllerTest.php" line="9" class="App\Controller\CardControllerTest" classname="App.Controller.CardControllerTest" assertions="1" time="0.009231"/>
        <testcase name="testDeck" file="/home/kalo22/dbwebb-kurser/mvc/me/report/tests/Controller/CardControllerTest.php" line="17" class="App\Controller\CardControllerTest" classname="App.Controller.CardControllerTest" assertions="3" time="0.014996"/>
        <testcase name="testShuffle" file="/home/kalo22/dbwebb-kurser/mvc/me/report/tests/Controller/CardControllerTest.php" line="27" class="App\Controller\CardControllerTest" classname="App.Controller.CardControllerTest" assertions="4" time="0.013183"/>
        <testcase name="testDraw" file="/home/kalo22/dbwebb-kurser/mvc/me/report/tests/Controller/CardControllerTest.php" line="39" class="App\Controller\CardControllerTest" classname="App.Controller.CardControllerTest" assertions="2" time="0.010293"/>
        <testcase name="testDrawMany" file="/home/kalo22/dbwebb-kurser/mvc/me/report/tests/Controller/CardControllerTest.php" line="48" class="App\Controller\CardControllerTest" classname="App.Controller.CardControllerTest" assertions="4" time="0.091795"/>
      </testsuite>
      <testsuite name="App\Controller\GameControllerTest" file="/home/kalo22/dbwebb-kurser/mvc/me/report/tests/Controller/GameControllerTest.php" tests="8" assertions="24" errors="0" failures="0" skipped="0" time="0.123419">
        <testcase name="testIndex" file="/home/kalo22/dbwebb-kurser/mvc/me/report/tests/Controller/GameControllerTest.php" line="23" class="App\Controller\GameControllerTest" classname="App.Controller.GameControllerTest" assertions="2" time="0.010106"/>
        <testcase name="testDoc" file="/home/kalo22/dbwebb-kurser/mvc/me/report/tests/Controller/GameControllerTest.php" line="31" class="App\Controller\GameControllerTest" classname="App.Controller.GameControllerTest" assertions="2" time="0.008968"/>
        <testcase name="testGameBlackjack" file="/home/kalo22/dbwebb-kurser/mvc/me/report/tests/Controller/GameControllerTest.php" line="39" class="App\Controller\GameControllerTest" classname="App.Controller.GameControllerTest" assertions="2" time="0.015864"/>
        <testcase name="testGameBlackjackActionHit" file="/home/kalo22/dbwebb-kurser/mvc/me/report/tests/Controller/GameControllerTest.php" line="60" class="App\Controller\GameControllerTest" classname="App.Controller.GameControllerTest" assertions="3" time="0.018070"/>
        <testcase name="testGameBlackjackActionStand" file="/home/kalo22/dbwebb-kurser/mvc/me/report/tests/Controller/GameControllerTest.php" line="73" class="App\Controller\GameControllerTest" classname="App.Controller.GameControllerTest" assertions="5" time="0.017821"/>
        <testcase name="testGameBlackjackActionNext" file="/home/kalo22/dbwebb-kurser/mvc/me/report/tests/Controller/GameControllerTest.php" line="89" class="App\Controller\GameControllerTest" classname="App.Controller.GameControllerTest" assertions="4" time="0.017051"/>
        <testcase name="testGameBlackjackActionReset" file="/home/kalo22/dbwebb-kurser/mvc/me/report/tests/Controller/GameControllerTest.php" line="103" class="App\Controller\GameControllerTest" classname="App.Controller.GameControllerTest" assertions="3" time="0.018107"/>
        <testcase name="testGameClear" file="/home/kalo22/dbwebb-kurser/mvc/me/report/tests/Controller/GameControllerTest.php" line="118" class="App\Controller\GameControllerTest" classname="App.Controller.GameControllerTest" assertions="3" time="0.017430"/>
      </testsuite>
      <testsuite name="App\Controller\HomeControllerTest" file="/home/kalo22/dbwebb-kurser/mvc/me/report/tests/Controller/HomeControllerTest.php" tests="5" assertions="10" errors="0" failures="0" skipped="0" time="0.064745">
        <testcase name="testIndex" file="/home/kalo22/dbwebb-kurser/mvc/me/report/tests/Controller/HomeControllerTest.php" line="17" class="App\Controller\HomeControllerTest" classname="App.Controller.HomeControllerTest" assertions="2" time="0.010146"/>
        <testcase name="testAbout" file="/home/kalo22/dbwebb-kurser/mvc/me/report/tests/Controller/HomeControllerTest.php" line="25" class="App\Controller\HomeControllerTest" classname="App.Controller.HomeControllerTest" assertions="2" time="0.010242"/>
        <testcase name="testReport" file="/home/kalo22/dbwebb-kurser/mvc/me/report/tests/Controller/HomeControllerTest.php" line="33" class="App\Controller\HomeControllerTest" classname="App.Controller.HomeControllerTest" assertions="2" time="0.019094"/>
        <testcase name="testLucky" file="/home/kalo22/dbwebb-kurser/mvc/me/report/tests/Controller/HomeControllerTest.php" line="41" class="App\Controller\HomeControllerTest" classname="App.Controller.HomeControllerTest" assertions="2" time="0.009308"/>
        <testcase name="testMetrics" file="/home/kalo22/dbwebb-kurser/mvc/me/report/tests/Controller/HomeControllerTest.php" line="49" class="App\Controller\HomeControllerTest" classname="App.Controller.HomeControllerTest" assertions="2" time="0.015956"/>
      </testsuite>
      <testsuite name="App\Controller\LibraryControllerTest" file="/home/kalo22/dbwebb-kurser/mvc/me/report/tests/Controller/LibraryControllerTest.php" tests="9" assertions="17" errors="0" failures="0" skipped="0" time="0.087861">
        <testcase name="testIndex" file="/home/kalo22/dbwebb-kurser/mvc/me/report/tests/Controller/LibraryControllerTest.php" line="38" class="App\Controller\LibraryControllerTest" classname="App.Controller.LibraryControllerTest" assertions="2" time="0.010641"/>
        <testcase name="testViewBook" file="/home/kalo22/dbwebb-kurser/mvc/me/report/tests/Controller/LibraryControllerTest.php" line="46" class="App\Controller\LibraryControllerTest" classname="App.Controller.LibraryControllerTest" assertions="2" time="0.012475"/>
        <testcase name="testViewBookNoExist" file="/home/kalo22/dbwebb-kurser/mvc/me/report/tests/Controller/LibraryControllerTest.php" line="56" class="App\Controller\LibraryControllerTest" classname="App.Controller.LibraryControllerTest" assertions="2" time="0.008215"/>
        <testcase name="testViewBooks" file="/home/kalo22/dbwebb-kurser/mvc/me/report/tests/Controller/LibraryControllerTest.php" line="69" class="App\Controller\LibraryControllerTest" classname="App.Controller.LibraryControllerTest" assertions="2" time="0.012098"/>
        <testcase name="testUpdateNotExist" file="/home/kalo22/dbwebb-kurser/mvc/me/report/tests/Controller/LibraryControllerTest.php" line="79" class="App\Controller\LibraryControllerTest" classname="App.Controller.LibraryControllerTest" assertions="2" time="0.007320"/>
        <testcase name="testDeleteNotExist" file="/home/kalo22/dbwebb-kurser/mvc/me/report/tests/Controller/LibraryControllerTest.php" line="92" class="App\Controller\LibraryControllerTest" classname="App.Controller.LibraryControllerTest" assertions="2" time="0.006702"/>
        <testcase name="testDelete" file="/home/kalo22/dbwebb-kurser/mvc/me/report/tests/Controller/LibraryControllerTest.php" line="105" class="App\Controller\LibraryControllerTest" classname="App.Controller.LibraryControllerTest" assertions="1" time="0.013922"/>
        <testcase name="testRedirectBook" file="/home/kalo22/dbwebb-kurser/mvc/me/report/tests/Controller/LibraryControllerTest.php" line="133" class="App\Controller\LibraryControllerTest" classname="App.Controller.LibraryControllerTest" assertions="2" time="0.007762"/>
        <testcase name="testRedirectBookNoExist" file="/home/kalo22/dbwebb-kurser/mvc/me/report/tests/Controller/LibraryControllerTest.php" line="152" class="App\Controller\LibraryControllerTest" classname="App.Controller.LibraryControllerTest" assertions="2" time="0.008728"/>
      </testsuite>
      <testsuite name="App\Controller\LibraryFormControllerTest" file="/home/kalo22/dbwebb-kurser/mvc/me/report/tests/Controller/LibraryFormControllerTest.php" tests="4" assertions="9" errors="0" failures="0" skipped="0" time="0.141106">
        <testcase name="testAddGetRequest" file="/home/kalo22/dbwebb-kurser/mvc/me/report/tests/Controller/LibraryFormControllerTest.php" line="26" class="App\Controller\LibraryFormControllerTest" classname="App.Controller.LibraryFormControllerTest" assertions="1" time="0.016760"/>
        <testcase name="testAddPostRequestValid" file="/home/kalo22/dbwebb-kurser/mvc/me/report/tests/Controller/LibraryFormControllerTest.php" line="33" class="App\Controller\LibraryFormControllerTest" classname="App.Controller.LibraryFormControllerTest" assertions="2" time="0.060166"/>
        <testcase name="testUpdatePostRequestValid" file="/home/kalo22/dbwebb-kurser/mvc/me/report/tests/Controller/LibraryFormControllerTest.php" line="60" class="App\Controller\LibraryFormControllerTest" classname="App.Controller.LibraryFormControllerTest" assertions="2" time="0.059191"/>
        <testcase name="testBookEditted" file="/home/kalo22/dbwebb-kurser/mvc/me/report/tests/Controller/LibraryFormControllerTest.php" line="89" class="App\Controller\LibraryFormControllerTest" classname="App.Controller.LibraryFormControllerTest" assertions="4" time="0.004989"/>
      </testsuite>
      <testsuite name="App\Game\DealerTest" file="/home/kalo22/dbwebb-kurser/mvc/me/report/tests/Game/DealerTest.php" tests="5" assertions="8" errors="0" failures="0" skipped="0" time="0.004823">
        <testcase name="testCreateObject" file="/home/kalo22/dbwebb-kurser/mvc/me/report/tests/Game/DealerTest.php" line="13" class="App\Game\DealerTest" classname="App.Game.DealerTest" assertions="2" time="0.000916"/>
        <testcase name="testDrawHiddenCard" file="/home/kalo22/dbwebb-kurser/mvc/me/report/tests/Game/DealerTest.php" line="26" class="App\Game\DealerTest" classname="App.Game.DealerTest" assertions="2" time="0.001026"/>
        <testcase name="testGetScore" file="/home/kalo22/dbwebb-kurser/mvc/me/report/tests/Game/DealerTest.php" line="44" class="App\Game\DealerTest" classname="App.Game.DealerTest" assertions="1" time="0.000940"/>
        <testcase name="testAddScore" file="/home/kalo22/dbwebb-kurser/mvc/me/report/tests/Game/DealerTest.php" line="55" class="App\Game\DealerTest" classname="App.Game.DealerTest" assertions="1" time="0.000881"/>
        <testcase name="testIsHiddenCardRevealed" file="/home/kalo22/dbwebb-kurser/mvc/me/report/tests/Game/DealerTest.php" line="67" class="App\Game\DealerTest" classname="App.Game.DealerTest" assertions="2" time="0.001061"/>
      </testsuite>
      <testsuite name="App\Game\GameScoreTest" file="/home/kalo22/dbwebb-kurser/mvc/me/report/tests/Game/GameScoreTest.php" tests="1" assertions="1" errors="0" failures="0" skipped="0" time="0.001046">
        <testcase name="testCreateObject" file="/home/kalo22/dbwebb-kurser/mvc/me/report/tests/Game/GameScoreTest.php" line="12" class="App\Game\GameScoreTest" classname="App.Game.GameScoreTest" assertions="1" time="0.001046"/>
      </testsuite>
      <testsuite name="App\Game\GameTest" file="/home/kalo22/dbwebb-kurser/mvc/me/report/tests/Game/GameTest.php" tests="16" assertions="31" errors="0" failures="0" skipped="0" time="0.022742">
        <testcase name="testCreateObject" file="/home/kalo22/dbwebb-kurser/mvc/me/report/tests/Game/GameTest.php" line="14" class="App\Game\GameTest" classname="App.Game.GameTest" assertions="1" time="0.001100"/>
        <testcase name="testStartGame" file="/home/kalo22/dbwebb-kurser/mvc/me/report/tests/Game/GameTest.php" line="23" class="App\Game\GameTest" classname="App.Game.GameTest" assertions="3" time="0.001300"/>
        <testcase name="testHit" file="/home/kalo22/dbwebb-kurser/mvc/me/report/tests/Game/GameTest.php" line="43" class="App\Game\GameTest" classname="App.Game.GameTest" assertions="1" time="0.001214"/>
        <testcase name="testHitWithScoreLessThan21" file="/home/kalo22/dbwebb-kurser/mvc/me/report/tests/Game/GameTest.php" line="56" class="App\Game\GameTest" classname="App.Game.GameTest" assertions="3" time="0.001508"/>
        <testcase name="testHitWithScoreMoreThan21" file="/home/kalo22/dbwebb-kurser/mvc/me/report/tests/Game/GameTest.php" line="76" class="App\Game\GameTest" classname="App.Game.GameTest" assertions="3" time="0.001286"/>
        <testcase name="testHitWithScore21" file="/home/kalo22/dbwebb-kurser/mvc/me/report/tests/Game/GameTest.php" line="97" class="App\Game\GameTest" classname="App.Game.GameTest" assertions="2" time="0.002744"/>
        <testcase name="testStandRevealHiddenCard" file="/home/kalo22/dbwebb-kurser/mvc/me/report/tests/Game/GameTest.php" line="120" class="App\Game\GameTest" classname="App.Game.GameTest" assertions="1" time="0.001169"/>
        <testcase name="testStandWithDealerScoreMoreThan21" file="/home/kalo22/dbwebb-kurser/mvc/me/report/tests/Game/GameTest.php" line="131" class="App\Game\GameTest" classname="App.Game.GameTest" assertions="2" time="0.002076"/>
        <testcase name="testRevealDealerCard" file="/home/kalo22/dbwebb-kurser/mvc/me/report/tests/Game/GameTest.php" line="148" class="App\Game\GameTest" classname="App.Game.GameTest" assertions="1" time="0.001118"/>
        <testcase name="testGetLastPlayerScore" file="/home/kalo22/dbwebb-kurser/mvc/me/report/tests/Game/GameTest.php" line="159" class="App\Game\GameTest" classname="App.Game.GameTest" assertions="1" time="0.001264"/>
        <testcase name="testGetLastDealerScore" file="/home/kalo22/dbwebb-kurser/mvc/me/report/tests/Game/GameTest.php" line="173" class="App\Game\GameTest" classname="App.Game.GameTest" assertions="1" time="0.001237"/>
        <testcase name="testSetAndGetWinner" file="/home/kalo22/dbwebb-kurser/mvc/me/report/tests/Game/GameTest.php" line="187" class="App\Game\GameTest" classname="App.Game.GameTest" assertions="1" time="0.001221"/>
        <testcase name="testReset" file="/home/kalo22/dbwebb-kurser/mvc/me/report/tests/Game/GameTest.php" line="208" class="App\Game\GameTest" classname="App.Game.GameTest" assertions="6" time="0.001458"/>
        <testcase name="testCheckDeck" file="/home/kalo22/dbwebb-kurser/mvc/me/report/tests/Game/GameTest.php" line="224" class="App\Game\GameTest" classname="App.Game.GameTest" assertions="2" time="0.001364"/>
        <testcase name="testSetDeck" file="/home/kalo22/dbwebb-kurser/mvc/me/report/tests/Game/GameTest.php" line="238" class="App\Game\GameTest" classname="App.Game.GameTest" assertions="2" time="0.001309"/>
        <testcase name="testJsonSerialize" file="/home/kalo22/dbwebb-kurser/mvc/me/report/tests/Game/GameTest.php" line="250" class="App\Game\GameTest" classname="App.Game.GameTest" assertions="1" time="0.001373"/>
      </testsuite>
      <testsuite name="App\Game\PlayerTest" file="/home/kalo22/dbwebb-kurser/mvc/me/report/tests/Game/PlayerTest.php" tests="5" assertions="6" errors="0" failures="0" skipped="0" time="0.004593">
        <testcase name="testCreateObject" file="/home/kalo22/dbwebb-kurser/mvc/me/report/tests/Game/PlayerTest.php" line="13" class="App\Game\PlayerTest" classname="App.Game.PlayerTest" assertions="2" time="0.000876"/>
        <testcase name="testDrawCard" file="/home/kalo22/dbwebb-kurser/mvc/me/report/tests/Game/PlayerTest.php" line="26" class="App\Game\PlayerTest" classname="App.Game.PlayerTest" assertions="1" time="0.001051"/>
        <testcase name="testGetScore" file="/home/kalo22/dbwebb-kurser/mvc/me/report/tests/Game/PlayerTest.php" line="39" class="App\Game\PlayerTest" classname="App.Game.PlayerTest" assertions="1" time="0.000877"/>
        <testcase name="testAddScore" file="/home/kalo22/dbwebb-kurser/mvc/me/report/tests/Game/PlayerTest.php" line="50" class="App\Game\PlayerTest" classname="App.Game.PlayerTest" assertions="1" time="0.000852"/>
        <testcase name="testClearHand" file="/home/kalo22/dbwebb-kurser/mvc/me/report/tests/Game/PlayerTest.php" line="62" class="App\Game\PlayerTest" classname="App.Game.PlayerTest" assertions="1" time="0.000937"/>
      </testsuite>
      <testsuite name="App\Form\BookTypeTest" file="/home/kalo22/dbwebb-kurser/mvc/me/report/tests/Library/BookTypeTest.php" tests="1" assertions="6" errors="0" failures="0" skipped="0" time="0.006542">
        <testcase name="testSubmitValidData" file="/home/kalo22/dbwebb-kurser/mvc/me/report/tests/Library/BookTypeTest.php" line="11" class="App\Form\BookTypeTest" classname="App.Form.BookTypeTest" assertions="6" time="0.006542"/>
      </testsuite>
      <testsuite name="App\Entity\LibraryTest" file="/home/kalo22/dbwebb-kurser/mvc/me/report/tests/Library/LibraryTest.php" tests="1" assertions="1" errors="0" failures="0" skipped="0" time="0.000898">
        <testcase name="testGetId" file="/home/kalo22/dbwebb-kurser/mvc/me/report/tests/Library/LibraryTest.php" line="10" class="App\Entity\LibraryTest" classname="App.Entity.LibraryTest" assertions="1" time="0.000898"/>
      </testsuite>
      <testsuite name="App\Project\CardHandsHelperTest" file="/home/kalo22/dbwebb-kurser/mvc/me/report/tests/Project/CardHandsHelperTest.php" tests="3" assertions="5" errors="0" failures="0" skipped="0" time="0.003072">
        <testcase name="testCreateObject" file="/home/kalo22/dbwebb-kurser/mvc/me/report/tests/Project/CardHandsHelperTest.php" line="19" class="App\Project\CardHandsHelperTest" classname="App.Project.CardHandsHelperTest" assertions="1" time="0.001338"/>
        <testcase name="testFaceToNumericAceLowKQJ" file="/home/kalo22/dbwebb-kurser/mvc/me/report/tests/Project/CardHandsHelperTest.php" line="31" class="App\Project\CardHandsHelperTest" classname="App.Project.CardHandsHelperTest" assertions="3" time="0.000890"/>
        <testcase name="testNumericToFace10" file="/home/kalo22/dbwebb-kurser/mvc/me/report/tests/Project/CardHandsHelperTest.php" line="50" class="App\Project\CardHandsHelperTest" classname="App.Project.CardHandsHelperTest" assertions="1" time="0.000845"/>
      </testsuite>
      <testsuite name="App\Project\CardHandsStraightTest" file="/home/kalo22/dbwebb-kurser/mvc/me/report/tests/Project/CardHandsStraightTest.php" tests="2" assertions="2" errors="0" failures="0" skipped="0" time="0.001902">
        <testcase name="testCreateObject" file="/home/kalo22/dbwebb-kurser/mvc/me/report/tests/Project/CardHandsStraightTest.php" line="19" class="App\Project\CardHandsStraightTest" classname="App.Project.CardHandsStraightTest" assertions="1" time="0.001093"/>
        <testcase name="testStraightCombosLessThanLenght" file="/home/kalo22/dbwebb-kurser/mvc/me/report/tests/Project/CardHandsStraightTest.php" line="33" class="App\Project\CardHandsStraightTest" classname="App.Project.CardHandsStraightTest" assertions="1" time="0.000809"/>
      </testsuite>
      <testsuite name="App\Project\CardHandsTest" file="/home/kalo22/dbwebb-kurser/mvc/me/report/tests/Project/CardHandsTest.php" tests="39" assertions="47" errors="0" failures="0" skipped="0" time="0.050582">
        <testcase name="testCreateObject" file="/home/kalo22/dbwebb-kurser/mvc/me/report/tests/Project/CardHandsTest.php" line="14" class="App\Project\CardHandsTest" classname="App.Project.CardHandsTest" assertions="1" time="0.001190"/>
        <testcase name="testCheckHighCardAceHigh" file="/home/kalo22/dbwebb-kurser/mvc/me/report/tests/Project/CardHandsTest.php" line="23" class="App\Project\CardHandsTest" classname="App.Project.CardHandsTest" assertions="1" time="0.001106"/>
        <testcase name="testCheckPair" file="/home/kalo22/dbwebb-kurser/mvc/me/report/tests/Project/CardHandsTest.php" line="39" class="App\Project\CardHandsTest" classname="App.Project.CardHandsTest" assertions="1" time="0.001183"/>
        <testcase name="testCheckPair7" file="/home/kalo22/dbwebb-kurser/mvc/me/report/tests/Project/CardHandsTest.php" line="58" class="App\Project\CardHandsTest" classname="App.Project.CardHandsTest" assertions="1" time="0.001167"/>
        <testcase name="testCheckPair7Queens" file="/home/kalo22/dbwebb-kurser/mvc/me/report/tests/Project/CardHandsTest.php" line="82" class="App\Project\CardHandsTest" classname="App.Project.CardHandsTest" assertions="1" time="0.001318"/>
        <testcase name="testCheckPair7NoPair" file="/home/kalo22/dbwebb-kurser/mvc/me/report/tests/Project/CardHandsTest.php" line="106" class="App\Project\CardHandsTest" classname="App.Project.CardHandsTest" assertions="1" time="0.001043"/>
        <testcase name="testCheckPairJ" file="/home/kalo22/dbwebb-kurser/mvc/me/report/tests/Project/CardHandsTest.php" line="126" class="App\Project\CardHandsTest" classname="App.Project.CardHandsTest" assertions="1" time="0.001144"/>
        <testcase name="testCheck2Pair7" file="/home/kalo22/dbwebb-kurser/mvc/me/report/tests/Project/CardHandsTest.php" line="145" class="App\Project\CardHandsTest" classname="App.Project.CardHandsTest" assertions="1" time="0.001282"/>
        <testcase name="testCheck2Pair7OnePair" file="/home/kalo22/dbwebb-kurser/mvc/me/report/tests/Project/CardHandsTest.php" line="169" class="App\Project\CardHandsTest" classname="App.Project.CardHandsTest" assertions="1" time="0.001169"/>
        <testcase name="testCheck2Pair7NoPair" file="/home/kalo22/dbwebb-kurser/mvc/me/report/tests/Project/CardHandsTest.php" line="189" class="App\Project\CardHandsTest" classname="App.Project.CardHandsTest" assertions="1" time="0.001129"/>
        <testcase name="testCheckHighCardAceLow5Straight" file="/home/kalo22/dbwebb-kurser/mvc/me/report/tests/Project/CardHandsTest.php" line="209" class="App\Project\CardHandsTest" classname="App.Project.CardHandsTest" assertions="1" time="0.001197"/>
        <testcase name="testCheckHighCardAceLow7Straight" file="/home/kalo22/dbwebb-kurser/mvc/me/report/tests/Project/CardHandsTest.php" line="227" class="App\Project\CardHandsTest" classname="App.Project.CardHandsTest" assertions="1" time="0.001025"/>
        <testcase name="testCheckThreeOfAKind7" file="/home/kalo22/dbwebb-kurser/mvc/me/report/tests/Project/CardHandsTest.php" line="247" class="App\Project\CardHandsTest" classname="App.Project.CardHandsTest" assertions="1" time="0.001330"/>
        <testcase name="testCheckThreeOfAKind7TwoOfAKind" file="/home/kalo22/dbwebb-kurser/mvc/me/report/tests/Project/CardHandsTest.php" line="271" class="App\Project\CardHandsTest" classname="App.Project.CardHandsTest" assertions="1" time="0.001098"/>
        <testcase name="testCheckThreeOfAKind7TwoPair" file="/home/kalo22/dbwebb-kurser/mvc/me/report/tests/Project/CardHandsTest.php" line="291" class="App\Project\CardHandsTest" classname="App.Project.CardHandsTest" assertions="1" time="0.001047"/>
        <testcase name="testCheckThreeOfAKind7NoPair" file="/home/kalo22/dbwebb-kurser/mvc/me/report/tests/Project/CardHandsTest.php" line="311" class="App\Project\CardHandsTest" classname="App.Project.CardHandsTest" assertions="1" time="0.000980"/>
        <testcase name="testCheckStraight3" file="/home/kalo22/dbwebb-kurser/mvc/me/report/tests/Project/CardHandsTest.php" line="331" class="App\Project\CardHandsTest" classname="App.Project.CardHandsTest" assertions="1" time="0.000967"/>
        <testcase name="testCheckStraight7ManyStraights" file="/home/kalo22/dbwebb-kurser/mvc/me/report/tests/Project/CardHandsTest.php" line="347" class="App\Project\CardHandsTest" classname="App.Project.CardHandsTest" assertions="1" time="0.001409"/>
        <testcase name="testCheckStraight7ManyStraights2" file="/home/kalo22/dbwebb-kurser/mvc/me/report/tests/Project/CardHandsTest.php" line="370" class="App\Project\CardHandsTest" classname="App.Project.CardHandsTest" assertions="2" time="0.001501"/>
        <testcase name="testCheckStraight7NoStraight" file="/home/kalo22/dbwebb-kurser/mvc/me/report/tests/Project/CardHandsTest.php" line="416" class="App\Project\CardHandsTest" classname="App.Project.CardHandsTest" assertions="1" time="0.001615"/>
        <testcase name="testCheckFourOfAKind7" file="/home/kalo22/dbwebb-kurser/mvc/me/report/tests/Project/CardHandsTest.php" line="436" class="App\Project\CardHandsTest" classname="App.Project.CardHandsTest" assertions="1" time="0.001282"/>
        <testcase name="testCheckFourOfAKind7ThreeOfAKind" file="/home/kalo22/dbwebb-kurser/mvc/me/report/tests/Project/CardHandsTest.php" line="460" class="App\Project\CardHandsTest" classname="App.Project.CardHandsTest" assertions="1" time="0.001001"/>
        <testcase name="testCheckFlush7" file="/home/kalo22/dbwebb-kurser/mvc/me/report/tests/Project/CardHandsTest.php" line="480" class="App\Project\CardHandsTest" classname="App.Project.CardHandsTest" assertions="4" time="0.001897"/>
        <testcase name="testCheckFullHouse7" file="/home/kalo22/dbwebb-kurser/mvc/me/report/tests/Project/CardHandsTest.php" line="544" class="App\Project\CardHandsTest" classname="App.Project.CardHandsTest" assertions="2" time="0.001197"/>
        <testcase name="testCheckFullHouse7ThreeOfAKind" file="/home/kalo22/dbwebb-kurser/mvc/me/report/tests/Project/CardHandsTest.php" line="568" class="App\Project\CardHandsTest" classname="App.Project.CardHandsTest" assertions="1" time="0.001116"/>
        <testcase name="testCheckFullHouse3" file="/home/kalo22/dbwebb-kurser/mvc/me/report/tests/Project/CardHandsTest.php" line="588" class="App\Project\CardHandsTest" classname="App.Project.CardHandsTest" assertions="1" time="0.000959"/>
        <testcase name="testCheckFullHouse7Pair" file="/home/kalo22/dbwebb-kurser/mvc/me/report/tests/Project/CardHandsTest.php" line="604" class="App\Project\CardHandsTest" classname="App.Project.CardHandsTest" assertions="1" time="0.001042"/>
        <testcase name="testCheckFullHouse7TwoThreeOfAKind" file="/home/kalo22/dbwebb-kurser/mvc/me/report/tests/Project/CardHandsTest.php" line="624" class="App\Project\CardHandsTest" classname="App.Project.CardHandsTest" assertions="1" time="0.001321"/>
        <testcase name="testCheckStraightFlush7" file="/home/kalo22/dbwebb-kurser/mvc/me/report/tests/Project/CardHandsTest.php" line="653" class="App\Project\CardHandsTest" classname="App.Project.CardHandsTest" assertions="4" time="0.002556"/>
        <testcase name="testCheckBestHandStraightFlush" file="/home/kalo22/dbwebb-kurser/mvc/me/report/tests/Project/CardHandsTest.php" line="715" class="App\Project\CardHandsTest" classname="App.Project.CardHandsTest" assertions="1" time="0.001211"/>
        <testcase name="testCheckBestHandFourOfAKind" file="/home/kalo22/dbwebb-kurser/mvc/me/report/tests/Project/CardHandsTest.php" line="733" class="App\Project\CardHandsTest" classname="App.Project.CardHandsTest" assertions="1" time="0.001252"/>
        <testcase name="testCheckBestHandFullHouse" file="/home/kalo22/dbwebb-kurser/mvc/me/report/tests/Project/CardHandsTest.php" line="751" class="App\Project\CardHandsTest" classname="App.Project.CardHandsTest" assertions="1" time="0.001373"/>
        <testcase name="testCheckBestHandFlush" file="/home/kalo22/dbwebb-kurser/mvc/me/report/tests/Project/CardHandsTest.php" line="769" class="App\Project\CardHandsTest" classname="App.Project.CardHandsTest" assertions="1" time="0.001307"/>
        <testcase name="testCheckBestHandStraight" file="/home/kalo22/dbwebb-kurser/mvc/me/report/tests/Project/CardHandsTest.php" line="787" class="App\Project\CardHandsTest" classname="App.Project.CardHandsTest" assertions="1" time="0.001414"/>
        <testcase name="testCheckBestHandThreeOfAKind" file="/home/kalo22/dbwebb-kurser/mvc/me/report/tests/Project/CardHandsTest.php" line="806" class="App\Project\CardHandsTest" classname="App.Project.CardHandsTest" assertions="1" time="0.001547"/>
        <testcase name="testCheckBestHandTwoPair" file="/home/kalo22/dbwebb-kurser/mvc/me/report/tests/Project/CardHandsTest.php" line="824" class="App\Project\CardHandsTest" classname="App.Project.CardHandsTest" assertions="1" time="0.001507"/>
        <testcase name="testCheckBestHandPair" file="/home/kalo22/dbwebb-kurser/mvc/me/report/tests/Project/CardHandsTest.php" line="843" class="App\Project\CardHandsTest" classname="App.Project.CardHandsTest" assertions="1" time="0.001583"/>
        <testcase name="testCheckBestHandHighCard" file="/home/kalo22/dbwebb-kurser/mvc/me/report/tests/Project/CardHandsTest.php" line="861" class="App\Project\CardHandsTest" classname="App.Project.CardHandsTest" assertions="1" time="0.001625"/>
        <testcase name="testCheckStraightFlush7NoStraightFlush" file="/home/kalo22/dbwebb-kurser/mvc/me/report/tests/Project/CardHandsTest.php" line="879" class="App\Project\CardHandsTest" classname="App.Project.CardHandsTest" assertions="1" time="0.001491"/>
      </testsuite>
    </testsuite>
  </testsuite>
</testsuites>
