<?xml version="1.0" encoding="UTF-8"?>
<testsuites>
  <testsuite name="/home/kalo22/dbwebb-kurser/mvc/me/report/phpunit.xml.dist" tests="126" assertions="250" errors="0" failures="0" skipped="0" time="0.824885">
    <testsuite name="Project Test Suite" tests="126" assertions="250" errors="0" failures="0" skipped="0" time="0.824885">
      <testsuite name="App\Cards\CardHandTest" file="/home/kalo22/dbwebb-kurser/mvc/me/report/tests/Cards/CardHandTest.php" tests="3" assertions="4" errors="0" failures="0" skipped="0" time="0.020586">
        <testcase name="testCreateObject" file="/home/kalo22/dbwebb-kurser/mvc/me/report/tests/Cards/CardHandTest.php" line="12" class="App\Cards\CardHandTest" classname="App.Cards.CardHandTest" assertions="2" time="0.018701"/>
        <testcase name="testAddCard" file="/home/kalo22/dbwebb-kurser/mvc/me/report/tests/Cards/CardHandTest.php" line="27" class="App\Cards\CardHandTest" classname="App.Cards.CardHandTest" assertions="1" time="0.001101"/>
        <testcase name="testGetCardsAsArray" file="/home/kalo22/dbwebb-kurser/mvc/me/report/tests/Cards/CardHandTest.php" line="43" class="App\Cards\CardHandTest" classname="App.Cards.CardHandTest" assertions="1" time="0.000784"/>
      </testsuite>
      <testsuite name="App\Cards\CardTest" file="/home/kalo22/dbwebb-kurser/mvc/me/report/tests/Cards/CardTest.php" tests="3" assertions="10" errors="0" failures="0" skipped="0" time="0.002387">
        <testcase name="testCreateObject" file="/home/kalo22/dbwebb-kurser/mvc/me/report/tests/Cards/CardTest.php" line="12" class="App\Cards\CardTest" classname="App.Cards.CardTest" assertions="3" time="0.000741"/>
        <testcase name="testGetCardText" file="/home/kalo22/dbwebb-kurser/mvc/me/report/tests/Cards/CardTest.php" line="31" class="App\Cards\CardTest" classname="App.Cards.CardTest" assertions="2" time="0.000853"/>
        <testcase name="testToString" file="/home/kalo22/dbwebb-kurser/mvc/me/report/tests/Cards/CardTest.php" line="45" class="App\Cards\CardTest" classname="App.Cards.CardTest" assertions="5" time="0.000793"/>
      </testsuite>
      <testsuite name="App\Cards\DeckOfCardsTest" file="/home/kalo22/dbwebb-kurser/mvc/me/report/tests/Cards/DeckOfCardsTest.php" tests="4" assertions="12" errors="0" failures="0" skipped="0" time="0.005265">
        <testcase name="testCreateObject" file="/home/kalo22/dbwebb-kurser/mvc/me/report/tests/Cards/DeckOfCardsTest.php" line="12" class="App\Cards\DeckOfCardsTest" classname="App.Cards.DeckOfCardsTest" assertions="2" time="0.000946"/>
        <testcase name="testShuffle" file="/home/kalo22/dbwebb-kurser/mvc/me/report/tests/Cards/DeckOfCardsTest.php" line="26" class="App\Cards\DeckOfCardsTest" classname="App.Cards.DeckOfCardsTest" assertions="2" time="0.002423"/>
        <testcase name="testDrawCard" file="/home/kalo22/dbwebb-kurser/mvc/me/report/tests/Cards/DeckOfCardsTest.php" line="39" class="App\Cards\DeckOfCardsTest" classname="App.Cards.DeckOfCardsTest" assertions="2" time="0.000932"/>
        <testcase name="testDrawManyCards" file="/home/kalo22/dbwebb-kurser/mvc/me/report/tests/Cards/DeckOfCardsTest.php" line="52" class="App\Cards\DeckOfCardsTest" classname="App.Cards.DeckOfCardsTest" assertions="6" time="0.000963"/>
      </testsuite>
      <testsuite name="App\Cards\JokerCardTest" file="/home/kalo22/dbwebb-kurser/mvc/me/report/tests/Cards/JokerCardTest.php" tests="2" assertions="4" errors="0" failures="0" skipped="0" time="0.001587">
        <testcase name="testCreateObject" file="/home/kalo22/dbwebb-kurser/mvc/me/report/tests/Cards/JokerCardTest.php" line="12" class="App\Cards\JokerCardTest" classname="App.Cards.JokerCardTest" assertions="3" time="0.000879"/>
        <testcase name="testToString" file="/home/kalo22/dbwebb-kurser/mvc/me/report/tests/Cards/JokerCardTest.php" line="29" class="App\Cards\JokerCardTest" classname="App.Cards.JokerCardTest" assertions="1" time="0.000707"/>
      </testsuite>
      <testsuite name="App\Controller\ApiControllerTest" file="/home/kalo22/dbwebb-kurser/mvc/me/report/tests/Controller/ApiControllerTest.php" tests="2" assertions="6" errors="0" failures="0" skipped="0" time="0.107372">
        <testcase name="testIndex" file="/home/kalo22/dbwebb-kurser/mvc/me/report/tests/Controller/ApiControllerTest.php" line="9" class="App\Controller\ApiControllerTest" classname="App.Controller.ApiControllerTest" assertions="2" time="0.100895"/>
        <testcase name="testQuote" file="/home/kalo22/dbwebb-kurser/mvc/me/report/tests/Controller/ApiControllerTest.php" line="17" class="App\Controller\ApiControllerTest" classname="App.Controller.ApiControllerTest" assertions="4" time="0.006477"/>
      </testsuite>
      <testsuite name="App\Controller\ApiDeckControllerTest" file="/home/kalo22/dbwebb-kurser/mvc/me/report/tests/Controller/ApiDeckControllerTest.php" tests="5" assertions="24" errors="0" failures="0" skipped="0" time="0.037341">
        <testcase name="testGetDeck" file="/home/kalo22/dbwebb-kurser/mvc/me/report/tests/Controller/ApiDeckControllerTest.php" line="17" class="App\Controller\ApiDeckControllerTest" classname="App.Controller.ApiDeckControllerTest" assertions="3" time="0.006127"/>
        <testcase name="testShuffleDeck" file="/home/kalo22/dbwebb-kurser/mvc/me/report/tests/Controller/ApiDeckControllerTest.php" line="31" class="App\Controller\ApiDeckControllerTest" classname="App.Controller.ApiDeckControllerTest" assertions="3" time="0.007911"/>
        <testcase name="testDrawCards" file="/home/kalo22/dbwebb-kurser/mvc/me/report/tests/Controller/ApiDeckControllerTest.php" line="45" class="App\Controller\ApiDeckControllerTest" classname="App.Controller.ApiDeckControllerTest" assertions="5" time="0.006699"/>
        <testcase name="testGetGameStatusNoGame" file="/home/kalo22/dbwebb-kurser/mvc/me/report/tests/Controller/ApiDeckControllerTest.php" line="62" class="App\Controller\ApiDeckControllerTest" classname="App.Controller.ApiDeckControllerTest" assertions="3" time="0.008326"/>
        <testcase name="testGetGameStatusWithGame" file="/home/kalo22/dbwebb-kurser/mvc/me/report/tests/Controller/ApiDeckControllerTest.php" line="78" class="App\Controller\ApiDeckControllerTest" classname="App.Controller.ApiDeckControllerTest" assertions="10" time="0.008277"/>
      </testsuite>
      <testsuite name="App\Controller\ApiLibraryControllerTest" file="/home/kalo22/dbwebb-kurser/mvc/me/report/tests/Controller/ApiLibraryControllerTest.php" tests="4" assertions="9" errors="0" failures="0" skipped="0" time="0.056028">
        <testcase name="testGetBooks" file="/home/kalo22/dbwebb-kurser/mvc/me/report/tests/Controller/ApiLibraryControllerTest.php" line="13" class="App\Controller\ApiLibraryControllerTest" classname="App.Controller.ApiLibraryControllerTest" assertions="2" time="0.030475"/>
        <testcase name="testGetBooksEmpty" file="/home/kalo22/dbwebb-kurser/mvc/me/report/tests/Controller/ApiLibraryControllerTest.php" line="42" class="App\Controller\ApiLibraryControllerTest" classname="App.Controller.ApiLibraryControllerTest" assertions="2" time="0.006869"/>
        <testcase name="testGetBookByISBN" file="/home/kalo22/dbwebb-kurser/mvc/me/report/tests/Controller/ApiLibraryControllerTest.php" line="50" class="App\Controller\ApiLibraryControllerTest" classname="App.Controller.ApiLibraryControllerTest" assertions="2" time="0.011909"/>
        <testcase name="testGetBookByISBNNotFound" file="/home/kalo22/dbwebb-kurser/mvc/me/report/tests/Controller/ApiLibraryControllerTest.php" line="81" class="App\Controller\ApiLibraryControllerTest" classname="App.Controller.ApiLibraryControllerTest" assertions="3" time="0.006775"/>
      </testsuite>
      <testsuite name="App\Controller\CardControllerTest" file="/home/kalo22/dbwebb-kurser/mvc/me/report/tests/Controller/CardControllerTest.php" tests="5" assertions="14" errors="0" failures="0" skipped="0" time="0.125692">
        <testcase name="testIndex" file="/home/kalo22/dbwebb-kurser/mvc/me/report/tests/Controller/CardControllerTest.php" line="9" class="App\Controller\CardControllerTest" classname="App.Controller.CardControllerTest" assertions="1" time="0.008379"/>
        <testcase name="testDeck" file="/home/kalo22/dbwebb-kurser/mvc/me/report/tests/Controller/CardControllerTest.php" line="17" class="App\Controller\CardControllerTest" classname="App.Controller.CardControllerTest" assertions="3" time="0.013123"/>
        <testcase name="testShuffle" file="/home/kalo22/dbwebb-kurser/mvc/me/report/tests/Controller/CardControllerTest.php" line="27" class="App\Controller\CardControllerTest" classname="App.Controller.CardControllerTest" assertions="4" time="0.011313"/>
        <testcase name="testDraw" file="/home/kalo22/dbwebb-kurser/mvc/me/report/tests/Controller/CardControllerTest.php" line="39" class="App\Controller\CardControllerTest" classname="App.Controller.CardControllerTest" assertions="2" time="0.009382"/>
        <testcase name="testDrawMany" file="/home/kalo22/dbwebb-kurser/mvc/me/report/tests/Controller/CardControllerTest.php" line="48" class="App\Controller\CardControllerTest" classname="App.Controller.CardControllerTest" assertions="4" time="0.083495"/>
      </testsuite>
      <testsuite name="App\Controller\GameControllerTest" file="/home/kalo22/dbwebb-kurser/mvc/me/report/tests/Controller/GameControllerTest.php" tests="8" assertions="24" errors="0" failures="0" skipped="0" time="0.111370">
        <testcase name="testIndex" file="/home/kalo22/dbwebb-kurser/mvc/me/report/tests/Controller/GameControllerTest.php" line="23" class="App\Controller\GameControllerTest" classname="App.Controller.GameControllerTest" assertions="2" time="0.009026"/>
        <testcase name="testDoc" file="/home/kalo22/dbwebb-kurser/mvc/me/report/tests/Controller/GameControllerTest.php" line="31" class="App\Controller\GameControllerTest" classname="App.Controller.GameControllerTest" assertions="2" time="0.008022"/>
        <testcase name="testGameBlackjack" file="/home/kalo22/dbwebb-kurser/mvc/me/report/tests/Controller/GameControllerTest.php" line="39" class="App\Controller\GameControllerTest" classname="App.Controller.GameControllerTest" assertions="2" time="0.014521"/>
        <testcase name="testGameBlackjackActionHit" file="/home/kalo22/dbwebb-kurser/mvc/me/report/tests/Controller/GameControllerTest.php" line="60" class="App\Controller\GameControllerTest" classname="App.Controller.GameControllerTest" assertions="3" time="0.016157"/>
        <testcase name="testGameBlackjackActionStand" file="/home/kalo22/dbwebb-kurser/mvc/me/report/tests/Controller/GameControllerTest.php" line="73" class="App\Controller\GameControllerTest" classname="App.Controller.GameControllerTest" assertions="5" time="0.016252"/>
        <testcase name="testGameBlackjackActionNext" file="/home/kalo22/dbwebb-kurser/mvc/me/report/tests/Controller/GameControllerTest.php" line="89" class="App\Controller\GameControllerTest" classname="App.Controller.GameControllerTest" assertions="4" time="0.015964"/>
        <testcase name="testGameBlackjackActionReset" file="/home/kalo22/dbwebb-kurser/mvc/me/report/tests/Controller/GameControllerTest.php" line="103" class="App\Controller\GameControllerTest" classname="App.Controller.GameControllerTest" assertions="3" time="0.015911"/>
        <testcase name="testGameClear" file="/home/kalo22/dbwebb-kurser/mvc/me/report/tests/Controller/GameControllerTest.php" line="118" class="App\Controller\GameControllerTest" classname="App.Controller.GameControllerTest" assertions="3" time="0.015518"/>
      </testsuite>
      <testsuite name="App\Controller\HomeControllerTest" file="/home/kalo22/dbwebb-kurser/mvc/me/report/tests/Controller/HomeControllerTest.php" tests="5" assertions="10" errors="0" failures="0" skipped="0" time="0.057705">
        <testcase name="testIndex" file="/home/kalo22/dbwebb-kurser/mvc/me/report/tests/Controller/HomeControllerTest.php" line="17" class="App\Controller\HomeControllerTest" classname="App.Controller.HomeControllerTest" assertions="2" time="0.009492"/>
        <testcase name="testAbout" file="/home/kalo22/dbwebb-kurser/mvc/me/report/tests/Controller/HomeControllerTest.php" line="25" class="App\Controller\HomeControllerTest" classname="App.Controller.HomeControllerTest" assertions="2" time="0.008352"/>
        <testcase name="testReport" file="/home/kalo22/dbwebb-kurser/mvc/me/report/tests/Controller/HomeControllerTest.php" line="33" class="App\Controller\HomeControllerTest" classname="App.Controller.HomeControllerTest" assertions="2" time="0.017306"/>
        <testcase name="testLucky" file="/home/kalo22/dbwebb-kurser/mvc/me/report/tests/Controller/HomeControllerTest.php" line="41" class="App\Controller\HomeControllerTest" classname="App.Controller.HomeControllerTest" assertions="2" time="0.008705"/>
        <testcase name="testMetrics" file="/home/kalo22/dbwebb-kurser/mvc/me/report/tests/Controller/HomeControllerTest.php" line="49" class="App\Controller\HomeControllerTest" classname="App.Controller.HomeControllerTest" assertions="2" time="0.013850"/>
      </testsuite>
      <testsuite name="App\Controller\LibraryControllerTest" file="/home/kalo22/dbwebb-kurser/mvc/me/report/tests/Controller/LibraryControllerTest.php" tests="9" assertions="17" errors="0" failures="0" skipped="0" time="0.078132">
        <testcase name="testIndex" file="/home/kalo22/dbwebb-kurser/mvc/me/report/tests/Controller/LibraryControllerTest.php" line="38" class="App\Controller\LibraryControllerTest" classname="App.Controller.LibraryControllerTest" assertions="2" time="0.009049"/>
        <testcase name="testViewBook" file="/home/kalo22/dbwebb-kurser/mvc/me/report/tests/Controller/LibraryControllerTest.php" line="46" class="App\Controller\LibraryControllerTest" classname="App.Controller.LibraryControllerTest" assertions="2" time="0.011112"/>
        <testcase name="testViewBookNoExist" file="/home/kalo22/dbwebb-kurser/mvc/me/report/tests/Controller/LibraryControllerTest.php" line="56" class="App\Controller\LibraryControllerTest" classname="App.Controller.LibraryControllerTest" assertions="2" time="0.007234"/>
        <testcase name="testViewBooks" file="/home/kalo22/dbwebb-kurser/mvc/me/report/tests/Controller/LibraryControllerTest.php" line="69" class="App\Controller\LibraryControllerTest" classname="App.Controller.LibraryControllerTest" assertions="2" time="0.010521"/>
        <testcase name="testUpdateNotExist" file="/home/kalo22/dbwebb-kurser/mvc/me/report/tests/Controller/LibraryControllerTest.php" line="79" class="App\Controller\LibraryControllerTest" classname="App.Controller.LibraryControllerTest" assertions="2" time="0.006252"/>
        <testcase name="testDeleteNotExist" file="/home/kalo22/dbwebb-kurser/mvc/me/report/tests/Controller/LibraryControllerTest.php" line="92" class="App\Controller\LibraryControllerTest" classname="App.Controller.LibraryControllerTest" assertions="2" time="0.006173"/>
        <testcase name="testDelete" file="/home/kalo22/dbwebb-kurser/mvc/me/report/tests/Controller/LibraryControllerTest.php" line="105" class="App\Controller\LibraryControllerTest" classname="App.Controller.LibraryControllerTest" assertions="1" time="0.012913"/>
        <testcase name="testRedirectBook" file="/home/kalo22/dbwebb-kurser/mvc/me/report/tests/Controller/LibraryControllerTest.php" line="133" class="App\Controller\LibraryControllerTest" classname="App.Controller.LibraryControllerTest" assertions="2" time="0.007176"/>
        <testcase name="testRedirectBookNoExist" file="/home/kalo22/dbwebb-kurser/mvc/me/report/tests/Controller/LibraryControllerTest.php" line="152" class="App\Controller\LibraryControllerTest" classname="App.Controller.LibraryControllerTest" assertions="2" time="0.007703"/>
      </testsuite>
      <testsuite name="App\Controller\LibraryFormControllerTest" file="/home/kalo22/dbwebb-kurser/mvc/me/report/tests/Controller/LibraryFormControllerTest.php" tests="4" assertions="9" errors="0" failures="0" skipped="0" time="0.130495">
        <testcase name="testAddGetRequest" file="/home/kalo22/dbwebb-kurser/mvc/me/report/tests/Controller/LibraryFormControllerTest.php" line="26" class="App\Controller\LibraryFormControllerTest" classname="App.Controller.LibraryFormControllerTest" assertions="1" time="0.015023"/>
        <testcase name="testAddPostRequestValid" file="/home/kalo22/dbwebb-kurser/mvc/me/report/tests/Controller/LibraryFormControllerTest.php" line="33" class="App\Controller\LibraryFormControllerTest" classname="App.Controller.LibraryFormControllerTest" assertions="2" time="0.056587"/>
        <testcase name="testUpdatePostRequestValid" file="/home/kalo22/dbwebb-kurser/mvc/me/report/tests/Controller/LibraryFormControllerTest.php" line="60" class="App\Controller\LibraryFormControllerTest" classname="App.Controller.LibraryFormControllerTest" assertions="2" time="0.053942"/>
        <testcase name="testBookEditted" file="/home/kalo22/dbwebb-kurser/mvc/me/report/tests/Controller/LibraryFormControllerTest.php" line="89" class="App\Controller\LibraryFormControllerTest" classname="App.Controller.LibraryFormControllerTest" assertions="4" time="0.004943"/>
      </testsuite>
      <testsuite name="App\Game\DealerTest" file="/home/kalo22/dbwebb-kurser/mvc/me/report/tests/Game/DealerTest.php" tests="5" assertions="8" errors="0" failures="0" skipped="0" time="0.004985">
        <testcase name="testCreateObject" file="/home/kalo22/dbwebb-kurser/mvc/me/report/tests/Game/DealerTest.php" line="13" class="App\Game\DealerTest" classname="App.Game.DealerTest" assertions="2" time="0.000961"/>
        <testcase name="testDrawHiddenCard" file="/home/kalo22/dbwebb-kurser/mvc/me/report/tests/Game/DealerTest.php" line="26" class="App\Game\DealerTest" classname="App.Game.DealerTest" assertions="2" time="0.001052"/>
        <testcase name="testGetScore" file="/home/kalo22/dbwebb-kurser/mvc/me/report/tests/Game/DealerTest.php" line="44" class="App\Game\DealerTest" classname="App.Game.DealerTest" assertions="1" time="0.000869"/>
        <testcase name="testAddScore" file="/home/kalo22/dbwebb-kurser/mvc/me/report/tests/Game/DealerTest.php" line="55" class="App\Game\DealerTest" classname="App.Game.DealerTest" assertions="1" time="0.000986"/>
        <testcase name="testIsHiddenCardRevealed" file="/home/kalo22/dbwebb-kurser/mvc/me/report/tests/Game/DealerTest.php" line="67" class="App\Game\DealerTest" classname="App.Game.DealerTest" assertions="2" time="0.001118"/>
      </testsuite>
      <testsuite name="App\Game\GameScoreTest" file="/home/kalo22/dbwebb-kurser/mvc/me/report/tests/Game/GameScoreTest.php" tests="1" assertions="1" errors="0" failures="0" skipped="0" time="0.000930">
        <testcase name="testCreateObject" file="/home/kalo22/dbwebb-kurser/mvc/me/report/tests/Game/GameScoreTest.php" line="12" class="App\Game\GameScoreTest" classname="App.Game.GameScoreTest" assertions="1" time="0.000930"/>
      </testsuite>
      <testsuite name="App\Game\GameTest" file="/home/kalo22/dbwebb-kurser/mvc/me/report/tests/Game/GameTest.php" tests="16" assertions="31" errors="0" failures="0" skipped="0" time="0.021000">
        <testcase name="testCreateObject" file="/home/kalo22/dbwebb-kurser/mvc/me/report/tests/Game/GameTest.php" line="14" class="App\Game\GameTest" classname="App.Game.GameTest" assertions="1" time="0.001085"/>
        <testcase name="testStartGame" file="/home/kalo22/dbwebb-kurser/mvc/me/report/tests/Game/GameTest.php" line="23" class="App\Game\GameTest" classname="App.Game.GameTest" assertions="3" time="0.001354"/>
        <testcase name="testHit" file="/home/kalo22/dbwebb-kurser/mvc/me/report/tests/Game/GameTest.php" line="43" class="App\Game\GameTest" classname="App.Game.GameTest" assertions="1" time="0.001229"/>
        <testcase name="testHitWithScoreLessThan21" file="/home/kalo22/dbwebb-kurser/mvc/me/report/tests/Game/GameTest.php" line="56" class="App\Game\GameTest" classname="App.Game.GameTest" assertions="3" time="0.001635"/>
        <testcase name="testHitWithScoreMoreThan21" file="/home/kalo22/dbwebb-kurser/mvc/me/report/tests/Game/GameTest.php" line="76" class="App\Game\GameTest" classname="App.Game.GameTest" assertions="3" time="0.001247"/>
        <testcase name="testHitWithScore21" file="/home/kalo22/dbwebb-kurser/mvc/me/report/tests/Game/GameTest.php" line="97" class="App\Game\GameTest" classname="App.Game.GameTest" assertions="2" time="0.001203"/>
        <testcase name="testStandRevealHiddenCard" file="/home/kalo22/dbwebb-kurser/mvc/me/report/tests/Game/GameTest.php" line="120" class="App\Game\GameTest" classname="App.Game.GameTest" assertions="1" time="0.001379"/>
        <testcase name="testStandWithDealerScoreMoreThan21" file="/home/kalo22/dbwebb-kurser/mvc/me/report/tests/Game/GameTest.php" line="131" class="App\Game\GameTest" classname="App.Game.GameTest" assertions="2" time="0.001905"/>
        <testcase name="testRevealDealerCard" file="/home/kalo22/dbwebb-kurser/mvc/me/report/tests/Game/GameTest.php" line="148" class="App\Game\GameTest" classname="App.Game.GameTest" assertions="1" time="0.001168"/>
        <testcase name="testGetLastPlayerScore" file="/home/kalo22/dbwebb-kurser/mvc/me/report/tests/Game/GameTest.php" line="159" class="App\Game\GameTest" classname="App.Game.GameTest" assertions="1" time="0.001232"/>
        <testcase name="testGetLastDealerScore" file="/home/kalo22/dbwebb-kurser/mvc/me/report/tests/Game/GameTest.php" line="173" class="App\Game\GameTest" classname="App.Game.GameTest" assertions="1" time="0.001206"/>
        <testcase name="testSetAndGetWinner" file="/home/kalo22/dbwebb-kurser/mvc/me/report/tests/Game/GameTest.php" line="187" class="App\Game\GameTest" classname="App.Game.GameTest" assertions="1" time="0.001240"/>
        <testcase name="testReset" file="/home/kalo22/dbwebb-kurser/mvc/me/report/tests/Game/GameTest.php" line="208" class="App\Game\GameTest" classname="App.Game.GameTest" assertions="6" time="0.001324"/>
        <testcase name="testCheckDeck" file="/home/kalo22/dbwebb-kurser/mvc/me/report/tests/Game/GameTest.php" line="224" class="App\Game\GameTest" classname="App.Game.GameTest" assertions="2" time="0.001223"/>
        <testcase name="testSetDeck" file="/home/kalo22/dbwebb-kurser/mvc/me/report/tests/Game/GameTest.php" line="238" class="App\Game\GameTest" classname="App.Game.GameTest" assertions="2" time="0.001182"/>
        <testcase name="testJsonSerialize" file="/home/kalo22/dbwebb-kurser/mvc/me/report/tests/Game/GameTest.php" line="250" class="App\Game\GameTest" classname="App.Game.GameTest" assertions="1" time="0.001389"/>
      </testsuite>
      <testsuite name="App\Game\PlayerTest" file="/home/kalo22/dbwebb-kurser/mvc/me/report/tests/Game/PlayerTest.php" tests="5" assertions="6" errors="0" failures="0" skipped="0" time="0.004410">
        <testcase name="testCreateObject" file="/home/kalo22/dbwebb-kurser/mvc/me/report/tests/Game/PlayerTest.php" line="13" class="App\Game\PlayerTest" classname="App.Game.PlayerTest" assertions="2" time="0.000832"/>
        <testcase name="testDrawCard" file="/home/kalo22/dbwebb-kurser/mvc/me/report/tests/Game/PlayerTest.php" line="26" class="App\Game\PlayerTest" classname="App.Game.PlayerTest" assertions="1" time="0.000930"/>
        <testcase name="testGetScore" file="/home/kalo22/dbwebb-kurser/mvc/me/report/tests/Game/PlayerTest.php" line="39" class="App\Game\PlayerTest" classname="App.Game.PlayerTest" assertions="1" time="0.000834"/>
        <testcase name="testAddScore" file="/home/kalo22/dbwebb-kurser/mvc/me/report/tests/Game/PlayerTest.php" line="50" class="App\Game\PlayerTest" classname="App.Game.PlayerTest" assertions="1" time="0.000875"/>
        <testcase name="testClearHand" file="/home/kalo22/dbwebb-kurser/mvc/me/report/tests/Game/PlayerTest.php" line="62" class="App\Game\PlayerTest" classname="App.Game.PlayerTest" assertions="1" time="0.000939"/>
      </testsuite>
      <testsuite name="App\Form\BookTypeTest" file="/home/kalo22/dbwebb-kurser/mvc/me/report/tests/Library/BookTypeTest.php" tests="1" assertions="6" errors="0" failures="0" skipped="0" time="0.005654">
        <testcase name="testSubmitValidData" file="/home/kalo22/dbwebb-kurser/mvc/me/report/tests/Library/BookTypeTest.php" line="11" class="App\Form\BookTypeTest" classname="App.Form.BookTypeTest" assertions="6" time="0.005654"/>
      </testsuite>
      <testsuite name="App\Entity\LibraryTest" file="/home/kalo22/dbwebb-kurser/mvc/me/report/tests/Library/LibraryTest.php" tests="1" assertions="1" errors="0" failures="0" skipped="0" time="0.000813">
        <testcase name="testGetId" file="/home/kalo22/dbwebb-kurser/mvc/me/report/tests/Library/LibraryTest.php" line="10" class="App\Entity\LibraryTest" classname="App.Entity.LibraryTest" assertions="1" time="0.000813"/>
      </testsuite>
      <testsuite name="App\Project\CardHandsHelperTest" file="/home/kalo22/dbwebb-kurser/mvc/me/report/tests/Project/CardHandsHelperTest.php" tests="3" assertions="5" errors="0" failures="0" skipped="0" time="0.002798">
        <testcase name="testCreateObject" file="/home/kalo22/dbwebb-kurser/mvc/me/report/tests/Project/CardHandsHelperTest.php" line="19" class="App\Project\CardHandsHelperTest" classname="App.Project.CardHandsHelperTest" assertions="1" time="0.001155"/>
        <testcase name="testFaceToNumericAceLowKQJ" file="/home/kalo22/dbwebb-kurser/mvc/me/report/tests/Project/CardHandsHelperTest.php" line="31" class="App\Project\CardHandsHelperTest" classname="App.Project.CardHandsHelperTest" assertions="3" time="0.000850"/>
        <testcase name="testNumericToFace10" file="/home/kalo22/dbwebb-kurser/mvc/me/report/tests/Project/CardHandsHelperTest.php" line="50" class="App\Project\CardHandsHelperTest" classname="App.Project.CardHandsHelperTest" assertions="1" time="0.000793"/>
      </testsuite>
      <testsuite name="App\Project\CardHandsStraightTest" file="/home/kalo22/dbwebb-kurser/mvc/me/report/tests/Project/CardHandsStraightTest.php" tests="2" assertions="2" errors="0" failures="0" skipped="0" time="0.001894">
        <testcase name="testCreateObject" file="/home/kalo22/dbwebb-kurser/mvc/me/report/tests/Project/CardHandsStraightTest.php" line="19" class="App\Project\CardHandsStraightTest" classname="App.Project.CardHandsStraightTest" assertions="1" time="0.001030"/>
        <testcase name="testStraightCombosLessThanLenght" file="/home/kalo22/dbwebb-kurser/mvc/me/report/tests/Project/CardHandsStraightTest.php" line="33" class="App\Project\CardHandsStraightTest" classname="App.Project.CardHandsStraightTest" assertions="1" time="0.000863"/>
      </testsuite>
      <testsuite name="App\Project\CardHandsTest" file="/home/kalo22/dbwebb-kurser/mvc/me/report/tests/Project/CardHandsTest.php" tests="38" assertions="47" errors="0" failures="0" skipped="0" time="0.048444">
        <testcase name="testCreateObject" file="/home/kalo22/dbwebb-kurser/mvc/me/report/tests/Project/CardHandsTest.php" line="14" class="App\Project\CardHandsTest" classname="App.Project.CardHandsTest" assertions="1" time="0.001259"/>
        <testcase name="testCheckHighCardAceHigh" file="/home/kalo22/dbwebb-kurser/mvc/me/report/tests/Project/CardHandsTest.php" line="23" class="App\Project\CardHandsTest" classname="App.Project.CardHandsTest" assertions="1" time="0.001043"/>
        <testcase name="testCheckPair" file="/home/kalo22/dbwebb-kurser/mvc/me/report/tests/Project/CardHandsTest.php" line="39" class="App\Project\CardHandsTest" classname="App.Project.CardHandsTest" assertions="1" time="0.001091"/>
        <testcase name="testCheckPair7" file="/home/kalo22/dbwebb-kurser/mvc/me/report/tests/Project/CardHandsTest.php" line="58" class="App\Project\CardHandsTest" classname="App.Project.CardHandsTest" assertions="1" time="0.001169"/>
        <testcase name="testCheckPair7Queens" file="/home/kalo22/dbwebb-kurser/mvc/me/report/tests/Project/CardHandsTest.php" line="82" class="App\Project\CardHandsTest" classname="App.Project.CardHandsTest" assertions="1" time="0.001121"/>
        <testcase name="testCheckPair7NoPair" file="/home/kalo22/dbwebb-kurser/mvc/me/report/tests/Project/CardHandsTest.php" line="106" class="App\Project\CardHandsTest" classname="App.Project.CardHandsTest" assertions="1" time="0.000989"/>
        <testcase name="testCheckPairJ" file="/home/kalo22/dbwebb-kurser/mvc/me/report/tests/Project/CardHandsTest.php" line="126" class="App\Project\CardHandsTest" classname="App.Project.CardHandsTest" assertions="1" time="0.001131"/>
        <testcase name="testCheck2Pair7" file="/home/kalo22/dbwebb-kurser/mvc/me/report/tests/Project/CardHandsTest.php" line="145" class="App\Project\CardHandsTest" classname="App.Project.CardHandsTest" assertions="1" time="0.001264"/>
        <testcase name="testCheck2Pair7OnePair" file="/home/kalo22/dbwebb-kurser/mvc/me/report/tests/Project/CardHandsTest.php" line="169" class="App\Project\CardHandsTest" classname="App.Project.CardHandsTest" assertions="1" time="0.001006"/>
        <testcase name="testCheck2Pair7NoPair" file="/home/kalo22/dbwebb-kurser/mvc/me/report/tests/Project/CardHandsTest.php" line="189" class="App\Project\CardHandsTest" classname="App.Project.CardHandsTest" assertions="1" time="0.000970"/>
        <testcase name="testCheckHighCardAceLow5Straight" file="/home/kalo22/dbwebb-kurser/mvc/me/report/tests/Project/CardHandsTest.php" line="209" class="App\Project\CardHandsTest" classname="App.Project.CardHandsTest" assertions="1" time="0.001008"/>
        <testcase name="testCheckHighCardAceLow7Straight" file="/home/kalo22/dbwebb-kurser/mvc/me/report/tests/Project/CardHandsTest.php" line="227" class="App\Project\CardHandsTest" classname="App.Project.CardHandsTest" assertions="1" time="0.001027"/>
        <testcase name="testCheckThreeOfAKind7" file="/home/kalo22/dbwebb-kurser/mvc/me/report/tests/Project/CardHandsTest.php" line="247" class="App\Project\CardHandsTest" classname="App.Project.CardHandsTest" assertions="1" time="0.001213"/>
        <testcase name="testCheckThreeOfAKind7TwoOfAKind" file="/home/kalo22/dbwebb-kurser/mvc/me/report/tests/Project/CardHandsTest.php" line="271" class="App\Project\CardHandsTest" classname="App.Project.CardHandsTest" assertions="1" time="0.000973"/>
        <testcase name="testCheckThreeOfAKind7TwoPair" file="/home/kalo22/dbwebb-kurser/mvc/me/report/tests/Project/CardHandsTest.php" line="291" class="App\Project\CardHandsTest" classname="App.Project.CardHandsTest" assertions="1" time="0.000972"/>
        <testcase name="testCheckThreeOfAKind7NoPair" file="/home/kalo22/dbwebb-kurser/mvc/me/report/tests/Project/CardHandsTest.php" line="311" class="App\Project\CardHandsTest" classname="App.Project.CardHandsTest" assertions="1" time="0.001276"/>
        <testcase name="testCheckStraight3" file="/home/kalo22/dbwebb-kurser/mvc/me/report/tests/Project/CardHandsTest.php" line="331" class="App\Project\CardHandsTest" classname="App.Project.CardHandsTest" assertions="1" time="0.001009"/>
        <testcase name="testCheckStraight7ManyStraights" file="/home/kalo22/dbwebb-kurser/mvc/me/report/tests/Project/CardHandsTest.php" line="347" class="App\Project\CardHandsTest" classname="App.Project.CardHandsTest" assertions="3" time="0.001775"/>
        <testcase name="testCheckStraight7NoStraight" file="/home/kalo22/dbwebb-kurser/mvc/me/report/tests/Project/CardHandsTest.php" line="414" class="App\Project\CardHandsTest" classname="App.Project.CardHandsTest" assertions="1" time="0.001593"/>
        <testcase name="testCheckFourOfAKind7" file="/home/kalo22/dbwebb-kurser/mvc/me/report/tests/Project/CardHandsTest.php" line="434" class="App\Project\CardHandsTest" classname="App.Project.CardHandsTest" assertions="1" time="0.001271"/>
        <testcase name="testCheckFourOfAKind7ThreeOfAKind" file="/home/kalo22/dbwebb-kurser/mvc/me/report/tests/Project/CardHandsTest.php" line="458" class="App\Project\CardHandsTest" classname="App.Project.CardHandsTest" assertions="1" time="0.001057"/>
        <testcase name="testCheckFlush7" file="/home/kalo22/dbwebb-kurser/mvc/me/report/tests/Project/CardHandsTest.php" line="478" class="App\Project\CardHandsTest" classname="App.Project.CardHandsTest" assertions="4" time="0.001881"/>
        <testcase name="testCheckFullHouse7" file="/home/kalo22/dbwebb-kurser/mvc/me/report/tests/Project/CardHandsTest.php" line="542" class="App\Project\CardHandsTest" classname="App.Project.CardHandsTest" assertions="2" time="0.001094"/>
        <testcase name="testCheckFullHouse7ThreeOfAKind" file="/home/kalo22/dbwebb-kurser/mvc/me/report/tests/Project/CardHandsTest.php" line="566" class="App\Project\CardHandsTest" classname="App.Project.CardHandsTest" assertions="1" time="0.001082"/>
        <testcase name="testCheckFullHouse3" file="/home/kalo22/dbwebb-kurser/mvc/me/report/tests/Project/CardHandsTest.php" line="586" class="App\Project\CardHandsTest" classname="App.Project.CardHandsTest" assertions="1" time="0.000922"/>
        <testcase name="testCheckFullHouse7Pair" file="/home/kalo22/dbwebb-kurser/mvc/me/report/tests/Project/CardHandsTest.php" line="602" class="App\Project\CardHandsTest" classname="App.Project.CardHandsTest" assertions="1" time="0.001015"/>
        <testcase name="testCheckFullHouse7TwoThreeOfAKind" file="/home/kalo22/dbwebb-kurser/mvc/me/report/tests/Project/CardHandsTest.php" line="622" class="App\Project\CardHandsTest" classname="App.Project.CardHandsTest" assertions="1" time="0.001421"/>
        <testcase name="testCheckStraightFlush7" file="/home/kalo22/dbwebb-kurser/mvc/me/report/tests/Project/CardHandsTest.php" line="651" class="App\Project\CardHandsTest" classname="App.Project.CardHandsTest" assertions="4" time="0.002493"/>
        <testcase name="testCheckBestHandStraightFlush" file="/home/kalo22/dbwebb-kurser/mvc/me/report/tests/Project/CardHandsTest.php" line="713" class="App\Project\CardHandsTest" classname="App.Project.CardHandsTest" assertions="1" time="0.001207"/>
        <testcase name="testCheckBestHandFourOfAKind" file="/home/kalo22/dbwebb-kurser/mvc/me/report/tests/Project/CardHandsTest.php" line="731" class="App\Project\CardHandsTest" classname="App.Project.CardHandsTest" assertions="1" time="0.001222"/>
        <testcase name="testCheckBestHandFullHouse" file="/home/kalo22/dbwebb-kurser/mvc/me/report/tests/Project/CardHandsTest.php" line="749" class="App\Project\CardHandsTest" classname="App.Project.CardHandsTest" assertions="1" time="0.001345"/>
        <testcase name="testCheckBestHandFlush" file="/home/kalo22/dbwebb-kurser/mvc/me/report/tests/Project/CardHandsTest.php" line="767" class="App\Project\CardHandsTest" classname="App.Project.CardHandsTest" assertions="1" time="0.001392"/>
        <testcase name="testCheckBestHandStraight" file="/home/kalo22/dbwebb-kurser/mvc/me/report/tests/Project/CardHandsTest.php" line="785" class="App\Project\CardHandsTest" classname="App.Project.CardHandsTest" assertions="1" time="0.001395"/>
        <testcase name="testCheckBestHandThreeOfAKind" file="/home/kalo22/dbwebb-kurser/mvc/me/report/tests/Project/CardHandsTest.php" line="804" class="App\Project\CardHandsTest" classname="App.Project.CardHandsTest" assertions="1" time="0.001535"/>
        <testcase name="testCheckBestHandTwoPair" file="/home/kalo22/dbwebb-kurser/mvc/me/report/tests/Project/CardHandsTest.php" line="822" class="App\Project\CardHandsTest" classname="App.Project.CardHandsTest" assertions="1" time="0.001559"/>
        <testcase name="testCheckBestHandPair" file="/home/kalo22/dbwebb-kurser/mvc/me/report/tests/Project/CardHandsTest.php" line="841" class="App\Project\CardHandsTest" classname="App.Project.CardHandsTest" assertions="1" time="0.001582"/>
        <testcase name="testCheckBestHandHighCard" file="/home/kalo22/dbwebb-kurser/mvc/me/report/tests/Project/CardHandsTest.php" line="859" class="App\Project\CardHandsTest" classname="App.Project.CardHandsTest" assertions="1" time="0.001575"/>
        <testcase name="testCheckStraightFlush7NoStraightFlush" file="/home/kalo22/dbwebb-kurser/mvc/me/report/tests/Project/CardHandsTest.php" line="877" class="App\Project\CardHandsTest" classname="App.Project.CardHandsTest" assertions="1" time="0.001507"/>
      </testsuite>
    </testsuite>
  </testsuite>
</testsuites>
