<?xml version="1.0" encoding="UTF-8"?>
<testsuites>
  <testsuite name="/home/kalo22/dbwebb-kurser/mvc/me/report/phpunit.xml.dist" tests="83" assertions="196" errors="0" failures="0" skipped="0" time="0.840183">
    <testsuite name="Project Test Suite" tests="83" assertions="196" errors="0" failures="0" skipped="0" time="0.840183">
      <testsuite name="App\Cards\CardHandTest" file="/home/kalo22/dbwebb-kurser/mvc/me/report/tests/Cards/CardHandTest.php" tests="3" assertions="4" errors="0" failures="0" skipped="0" time="0.019392">
        <testcase name="testCreateObject" file="/home/kalo22/dbwebb-kurser/mvc/me/report/tests/Cards/CardHandTest.php" line="12" class="App\Cards\CardHandTest" classname="App.Cards.CardHandTest" assertions="2" time="0.017560"/>
        <testcase name="testAddCard" file="/home/kalo22/dbwebb-kurser/mvc/me/report/tests/Cards/CardHandTest.php" line="27" class="App\Cards\CardHandTest" classname="App.Cards.CardHandTest" assertions="1" time="0.001057"/>
        <testcase name="testGetCardsAsArray" file="/home/kalo22/dbwebb-kurser/mvc/me/report/tests/Cards/CardHandTest.php" line="43" class="App\Cards\CardHandTest" classname="App.Cards.CardHandTest" assertions="1" time="0.000775"/>
      </testsuite>
      <testsuite name="App\Cards\CardTest" file="/home/kalo22/dbwebb-kurser/mvc/me/report/tests/Cards/CardTest.php" tests="3" assertions="10" errors="0" failures="0" skipped="0" time="0.002349">
        <testcase name="testCreateObject" file="/home/kalo22/dbwebb-kurser/mvc/me/report/tests/Cards/CardTest.php" line="12" class="App\Cards\CardTest" classname="App.Cards.CardTest" assertions="3" time="0.000723"/>
        <testcase name="testGetCardText" file="/home/kalo22/dbwebb-kurser/mvc/me/report/tests/Cards/CardTest.php" line="31" class="App\Cards\CardTest" classname="App.Cards.CardTest" assertions="2" time="0.000872"/>
        <testcase name="testToString" file="/home/kalo22/dbwebb-kurser/mvc/me/report/tests/Cards/CardTest.php" line="45" class="App\Cards\CardTest" classname="App.Cards.CardTest" assertions="5" time="0.000755"/>
      </testsuite>
      <testsuite name="App\Cards\DeckOfCardsTest" file="/home/kalo22/dbwebb-kurser/mvc/me/report/tests/Cards/DeckOfCardsTest.php" tests="4" assertions="12" errors="0" failures="0" skipped="0" time="0.005646">
        <testcase name="testCreateObject" file="/home/kalo22/dbwebb-kurser/mvc/me/report/tests/Cards/DeckOfCardsTest.php" line="12" class="App\Cards\DeckOfCardsTest" classname="App.Cards.DeckOfCardsTest" assertions="2" time="0.001078"/>
        <testcase name="testShuffle" file="/home/kalo22/dbwebb-kurser/mvc/me/report/tests/Cards/DeckOfCardsTest.php" line="26" class="App\Cards\DeckOfCardsTest" classname="App.Cards.DeckOfCardsTest" assertions="2" time="0.002588"/>
        <testcase name="testDrawCard" file="/home/kalo22/dbwebb-kurser/mvc/me/report/tests/Cards/DeckOfCardsTest.php" line="39" class="App\Cards\DeckOfCardsTest" classname="App.Cards.DeckOfCardsTest" assertions="2" time="0.000982"/>
        <testcase name="testDrawManyCards" file="/home/kalo22/dbwebb-kurser/mvc/me/report/tests/Cards/DeckOfCardsTest.php" line="52" class="App\Cards\DeckOfCardsTest" classname="App.Cards.DeckOfCardsTest" assertions="6" time="0.000998"/>
      </testsuite>
      <testsuite name="App\Cards\JokerCardTest" file="/home/kalo22/dbwebb-kurser/mvc/me/report/tests/Cards/JokerCardTest.php" tests="2" assertions="4" errors="0" failures="0" skipped="0" time="0.001733">
        <testcase name="testCreateObject" file="/home/kalo22/dbwebb-kurser/mvc/me/report/tests/Cards/JokerCardTest.php" line="12" class="App\Cards\JokerCardTest" classname="App.Cards.JokerCardTest" assertions="3" time="0.000939"/>
        <testcase name="testToString" file="/home/kalo22/dbwebb-kurser/mvc/me/report/tests/Cards/JokerCardTest.php" line="29" class="App\Cards\JokerCardTest" classname="App.Cards.JokerCardTest" assertions="1" time="0.000793"/>
      </testsuite>
      <testsuite name="App\Controller\ApiControllerTest" file="/home/kalo22/dbwebb-kurser/mvc/me/report/tests/Controller/ApiControllerTest.php" tests="2" assertions="6" errors="0" failures="0" skipped="0" time="0.073799">
        <testcase name="testIndex" file="/home/kalo22/dbwebb-kurser/mvc/me/report/tests/Controller/ApiControllerTest.php" line="9" class="App\Controller\ApiControllerTest" classname="App.Controller.ApiControllerTest" assertions="2" time="0.067676"/>
        <testcase name="testQuote" file="/home/kalo22/dbwebb-kurser/mvc/me/report/tests/Controller/ApiControllerTest.php" line="17" class="App\Controller\ApiControllerTest" classname="App.Controller.ApiControllerTest" assertions="4" time="0.006123"/>
      </testsuite>
      <testsuite name="App\Controller\ApiDeckControllerTest" file="/home/kalo22/dbwebb-kurser/mvc/me/report/tests/Controller/ApiDeckControllerTest.php" tests="5" assertions="24" errors="0" failures="0" skipped="0" time="0.042912">
        <testcase name="testGetDeck" file="/home/kalo22/dbwebb-kurser/mvc/me/report/tests/Controller/ApiDeckControllerTest.php" line="17" class="App\Controller\ApiDeckControllerTest" classname="App.Controller.ApiDeckControllerTest" assertions="3" time="0.007227"/>
        <testcase name="testShuffleDeck" file="/home/kalo22/dbwebb-kurser/mvc/me/report/tests/Controller/ApiDeckControllerTest.php" line="31" class="App\Controller\ApiDeckControllerTest" classname="App.Controller.ApiDeckControllerTest" assertions="3" time="0.008844"/>
        <testcase name="testDrawCards" file="/home/kalo22/dbwebb-kurser/mvc/me/report/tests/Controller/ApiDeckControllerTest.php" line="45" class="App\Controller\ApiDeckControllerTest" classname="App.Controller.ApiDeckControllerTest" assertions="5" time="0.008492"/>
        <testcase name="testGetGameStatusNoGame" file="/home/kalo22/dbwebb-kurser/mvc/me/report/tests/Controller/ApiDeckControllerTest.php" line="62" class="App\Controller\ApiDeckControllerTest" classname="App.Controller.ApiDeckControllerTest" assertions="3" time="0.008909"/>
        <testcase name="testGetGameStatusWithGame" file="/home/kalo22/dbwebb-kurser/mvc/me/report/tests/Controller/ApiDeckControllerTest.php" line="78" class="App\Controller\ApiDeckControllerTest" classname="App.Controller.ApiDeckControllerTest" assertions="10" time="0.009441"/>
      </testsuite>
      <testsuite name="App\Controller\ApiLibraryControllerTest" file="/home/kalo22/dbwebb-kurser/mvc/me/report/tests/Controller/ApiLibraryControllerTest.php" tests="4" assertions="9" errors="0" failures="0" skipped="0" time="0.064050">
        <testcase name="testGetBooks" file="/home/kalo22/dbwebb-kurser/mvc/me/report/tests/Controller/ApiLibraryControllerTest.php" line="13" class="App\Controller\ApiLibraryControllerTest" classname="App.Controller.ApiLibraryControllerTest" assertions="2" time="0.033048"/>
        <testcase name="testGetBooksEmpty" file="/home/kalo22/dbwebb-kurser/mvc/me/report/tests/Controller/ApiLibraryControllerTest.php" line="42" class="App\Controller\ApiLibraryControllerTest" classname="App.Controller.ApiLibraryControllerTest" assertions="2" time="0.008616"/>
        <testcase name="testGetBookByISBN" file="/home/kalo22/dbwebb-kurser/mvc/me/report/tests/Controller/ApiLibraryControllerTest.php" line="50" class="App\Controller\ApiLibraryControllerTest" classname="App.Controller.ApiLibraryControllerTest" assertions="2" time="0.013907"/>
        <testcase name="testGetBookByISBNNotFound" file="/home/kalo22/dbwebb-kurser/mvc/me/report/tests/Controller/ApiLibraryControllerTest.php" line="81" class="App\Controller\ApiLibraryControllerTest" classname="App.Controller.ApiLibraryControllerTest" assertions="3" time="0.008478"/>
      </testsuite>
      <testsuite name="App\Controller\CardControllerTest" file="/home/kalo22/dbwebb-kurser/mvc/me/report/tests/Controller/CardControllerTest.php" tests="5" assertions="14" errors="0" failures="0" skipped="0" time="0.141609">
        <testcase name="testIndex" file="/home/kalo22/dbwebb-kurser/mvc/me/report/tests/Controller/CardControllerTest.php" line="9" class="App\Controller\CardControllerTest" classname="App.Controller.CardControllerTest" assertions="1" time="0.009522"/>
        <testcase name="testDeck" file="/home/kalo22/dbwebb-kurser/mvc/me/report/tests/Controller/CardControllerTest.php" line="17" class="App\Controller\CardControllerTest" classname="App.Controller.CardControllerTest" assertions="3" time="0.014359"/>
        <testcase name="testShuffle" file="/home/kalo22/dbwebb-kurser/mvc/me/report/tests/Controller/CardControllerTest.php" line="27" class="App\Controller\CardControllerTest" classname="App.Controller.CardControllerTest" assertions="4" time="0.015864"/>
        <testcase name="testDraw" file="/home/kalo22/dbwebb-kurser/mvc/me/report/tests/Controller/CardControllerTest.php" line="39" class="App\Controller\CardControllerTest" classname="App.Controller.CardControllerTest" assertions="2" time="0.011079"/>
        <testcase name="testDrawMany" file="/home/kalo22/dbwebb-kurser/mvc/me/report/tests/Controller/CardControllerTest.php" line="48" class="App\Controller\CardControllerTest" classname="App.Controller.CardControllerTest" assertions="4" time="0.090784"/>
      </testsuite>
      <testsuite name="App\Controller\GameControllerTest" file="/home/kalo22/dbwebb-kurser/mvc/me/report/tests/Controller/GameControllerTest.php" tests="8" assertions="24" errors="0" failures="0" skipped="0" time="0.139414">
        <testcase name="testIndex" file="/home/kalo22/dbwebb-kurser/mvc/me/report/tests/Controller/GameControllerTest.php" line="23" class="App\Controller\GameControllerTest" classname="App.Controller.GameControllerTest" assertions="2" time="0.010593"/>
        <testcase name="testDoc" file="/home/kalo22/dbwebb-kurser/mvc/me/report/tests/Controller/GameControllerTest.php" line="31" class="App\Controller\GameControllerTest" classname="App.Controller.GameControllerTest" assertions="2" time="0.009741"/>
        <testcase name="testGameBlackjack" file="/home/kalo22/dbwebb-kurser/mvc/me/report/tests/Controller/GameControllerTest.php" line="39" class="App\Controller\GameControllerTest" classname="App.Controller.GameControllerTest" assertions="2" time="0.017133"/>
        <testcase name="testGameBlackjackActionHit" file="/home/kalo22/dbwebb-kurser/mvc/me/report/tests/Controller/GameControllerTest.php" line="60" class="App\Controller\GameControllerTest" classname="App.Controller.GameControllerTest" assertions="3" time="0.019990"/>
        <testcase name="testGameBlackjackActionStand" file="/home/kalo22/dbwebb-kurser/mvc/me/report/tests/Controller/GameControllerTest.php" line="73" class="App\Controller\GameControllerTest" classname="App.Controller.GameControllerTest" assertions="5" time="0.019561"/>
        <testcase name="testGameBlackjackActionNext" file="/home/kalo22/dbwebb-kurser/mvc/me/report/tests/Controller/GameControllerTest.php" line="89" class="App\Controller\GameControllerTest" classname="App.Controller.GameControllerTest" assertions="4" time="0.019521"/>
        <testcase name="testGameBlackjackActionReset" file="/home/kalo22/dbwebb-kurser/mvc/me/report/tests/Controller/GameControllerTest.php" line="103" class="App\Controller\GameControllerTest" classname="App.Controller.GameControllerTest" assertions="3" time="0.023493"/>
        <testcase name="testGameClear" file="/home/kalo22/dbwebb-kurser/mvc/me/report/tests/Controller/GameControllerTest.php" line="118" class="App\Controller\GameControllerTest" classname="App.Controller.GameControllerTest" assertions="3" time="0.019383"/>
      </testsuite>
      <testsuite name="App\Controller\HomeControllerTest" file="/home/kalo22/dbwebb-kurser/mvc/me/report/tests/Controller/HomeControllerTest.php" tests="5" assertions="10" errors="0" failures="0" skipped="0" time="0.059023">
        <testcase name="testIndex" file="/home/kalo22/dbwebb-kurser/mvc/me/report/tests/Controller/HomeControllerTest.php" line="17" class="App\Controller\HomeControllerTest" classname="App.Controller.HomeControllerTest" assertions="2" time="0.010930"/>
        <testcase name="testAbout" file="/home/kalo22/dbwebb-kurser/mvc/me/report/tests/Controller/HomeControllerTest.php" line="25" class="App\Controller\HomeControllerTest" classname="App.Controller.HomeControllerTest" assertions="2" time="0.009227"/>
        <testcase name="testReport" file="/home/kalo22/dbwebb-kurser/mvc/me/report/tests/Controller/HomeControllerTest.php" line="33" class="App\Controller\HomeControllerTest" classname="App.Controller.HomeControllerTest" assertions="2" time="0.013475"/>
        <testcase name="testLucky" file="/home/kalo22/dbwebb-kurser/mvc/me/report/tests/Controller/HomeControllerTest.php" line="41" class="App\Controller\HomeControllerTest" classname="App.Controller.HomeControllerTest" assertions="2" time="0.010498"/>
        <testcase name="testMetrics" file="/home/kalo22/dbwebb-kurser/mvc/me/report/tests/Controller/HomeControllerTest.php" line="49" class="App\Controller\HomeControllerTest" classname="App.Controller.HomeControllerTest" assertions="2" time="0.014893"/>
      </testsuite>
      <testsuite name="App\Controller\LibraryControllerTest" file="/home/kalo22/dbwebb-kurser/mvc/me/report/tests/Controller/LibraryControllerTest.php" tests="9" assertions="17" errors="0" failures="0" skipped="0" time="0.097071">
        <testcase name="testIndex" file="/home/kalo22/dbwebb-kurser/mvc/me/report/tests/Controller/LibraryControllerTest.php" line="38" class="App\Controller\LibraryControllerTest" classname="App.Controller.LibraryControllerTest" assertions="2" time="0.010229"/>
        <testcase name="testViewBook" file="/home/kalo22/dbwebb-kurser/mvc/me/report/tests/Controller/LibraryControllerTest.php" line="46" class="App\Controller\LibraryControllerTest" classname="App.Controller.LibraryControllerTest" assertions="2" time="0.013005"/>
        <testcase name="testViewBookNoExist" file="/home/kalo22/dbwebb-kurser/mvc/me/report/tests/Controller/LibraryControllerTest.php" line="56" class="App\Controller\LibraryControllerTest" classname="App.Controller.LibraryControllerTest" assertions="2" time="0.008884"/>
        <testcase name="testViewBooks" file="/home/kalo22/dbwebb-kurser/mvc/me/report/tests/Controller/LibraryControllerTest.php" line="69" class="App\Controller\LibraryControllerTest" classname="App.Controller.LibraryControllerTest" assertions="2" time="0.012825"/>
        <testcase name="testUpdateNotExist" file="/home/kalo22/dbwebb-kurser/mvc/me/report/tests/Controller/LibraryControllerTest.php" line="79" class="App\Controller\LibraryControllerTest" classname="App.Controller.LibraryControllerTest" assertions="2" time="0.008092"/>
        <testcase name="testDeleteNotExist" file="/home/kalo22/dbwebb-kurser/mvc/me/report/tests/Controller/LibraryControllerTest.php" line="92" class="App\Controller\LibraryControllerTest" classname="App.Controller.LibraryControllerTest" assertions="2" time="0.008699"/>
        <testcase name="testDelete" file="/home/kalo22/dbwebb-kurser/mvc/me/report/tests/Controller/LibraryControllerTest.php" line="105" class="App\Controller\LibraryControllerTest" classname="App.Controller.LibraryControllerTest" assertions="1" time="0.015814"/>
        <testcase name="testRedirectBook" file="/home/kalo22/dbwebb-kurser/mvc/me/report/tests/Controller/LibraryControllerTest.php" line="133" class="App\Controller\LibraryControllerTest" classname="App.Controller.LibraryControllerTest" assertions="2" time="0.009850"/>
        <testcase name="testRedirectBookNoExist" file="/home/kalo22/dbwebb-kurser/mvc/me/report/tests/Controller/LibraryControllerTest.php" line="152" class="App\Controller\LibraryControllerTest" classname="App.Controller.LibraryControllerTest" assertions="2" time="0.009673"/>
      </testsuite>
      <testsuite name="App\Controller\LibraryFormControllerTest" file="/home/kalo22/dbwebb-kurser/mvc/me/report/tests/Controller/LibraryFormControllerTest.php" tests="4" assertions="9" errors="0" failures="0" skipped="0" time="0.149049">
        <testcase name="testAddGetRequest" file="/home/kalo22/dbwebb-kurser/mvc/me/report/tests/Controller/LibraryFormControllerTest.php" line="26" class="App\Controller\LibraryFormControllerTest" classname="App.Controller.LibraryFormControllerTest" assertions="1" time="0.020381"/>
        <testcase name="testAddPostRequestValid" file="/home/kalo22/dbwebb-kurser/mvc/me/report/tests/Controller/LibraryFormControllerTest.php" line="33" class="App\Controller\LibraryFormControllerTest" classname="App.Controller.LibraryFormControllerTest" assertions="2" time="0.059352"/>
        <testcase name="testUpdatePostRequestValid" file="/home/kalo22/dbwebb-kurser/mvc/me/report/tests/Controller/LibraryFormControllerTest.php" line="60" class="App\Controller\LibraryFormControllerTest" classname="App.Controller.LibraryFormControllerTest" assertions="2" time="0.062980"/>
        <testcase name="testBookEditted" file="/home/kalo22/dbwebb-kurser/mvc/me/report/tests/Controller/LibraryFormControllerTest.php" line="89" class="App\Controller\LibraryFormControllerTest" classname="App.Controller.LibraryFormControllerTest" assertions="4" time="0.006336"/>
      </testsuite>
      <testsuite name="App\Game\DealerTest" file="/home/kalo22/dbwebb-kurser/mvc/me/report/tests/Game/DealerTest.php" tests="5" assertions="8" errors="0" failures="0" skipped="0" time="0.004901">
        <testcase name="testCreateObject" file="/home/kalo22/dbwebb-kurser/mvc/me/report/tests/Game/DealerTest.php" line="13" class="App\Game\DealerTest" classname="App.Game.DealerTest" assertions="2" time="0.000989"/>
        <testcase name="testDrawHiddenCard" file="/home/kalo22/dbwebb-kurser/mvc/me/report/tests/Game/DealerTest.php" line="26" class="App\Game\DealerTest" classname="App.Game.DealerTest" assertions="2" time="0.001028"/>
        <testcase name="testGetScore" file="/home/kalo22/dbwebb-kurser/mvc/me/report/tests/Game/DealerTest.php" line="44" class="App\Game\DealerTest" classname="App.Game.DealerTest" assertions="1" time="0.000901"/>
        <testcase name="testAddScore" file="/home/kalo22/dbwebb-kurser/mvc/me/report/tests/Game/DealerTest.php" line="55" class="App\Game\DealerTest" classname="App.Game.DealerTest" assertions="1" time="0.000903"/>
        <testcase name="testIsHiddenCardRevealed" file="/home/kalo22/dbwebb-kurser/mvc/me/report/tests/Game/DealerTest.php" line="67" class="App\Game\DealerTest" classname="App.Game.DealerTest" assertions="2" time="0.001080"/>
      </testsuite>
      <testsuite name="App\Game\GameScoreTest" file="/home/kalo22/dbwebb-kurser/mvc/me/report/tests/Game/GameScoreTest.php" tests="1" assertions="1" errors="0" failures="0" skipped="0" time="0.000886">
        <testcase name="testCreateObject" file="/home/kalo22/dbwebb-kurser/mvc/me/report/tests/Game/GameScoreTest.php" line="12" class="App\Game\GameScoreTest" classname="App.Game.GameScoreTest" assertions="1" time="0.000886"/>
      </testsuite>
      <testsuite name="App\Game\GameTest" file="/home/kalo22/dbwebb-kurser/mvc/me/report/tests/Game/GameTest.php" tests="16" assertions="31" errors="0" failures="0" skipped="0" time="0.025393">
        <testcase name="testCreateObject" file="/home/kalo22/dbwebb-kurser/mvc/me/report/tests/Game/GameTest.php" line="14" class="App\Game\GameTest" classname="App.Game.GameTest" assertions="1" time="0.001110"/>
        <testcase name="testStartGame" file="/home/kalo22/dbwebb-kurser/mvc/me/report/tests/Game/GameTest.php" line="23" class="App\Game\GameTest" classname="App.Game.GameTest" assertions="3" time="0.001198"/>
        <testcase name="testHit" file="/home/kalo22/dbwebb-kurser/mvc/me/report/tests/Game/GameTest.php" line="43" class="App\Game\GameTest" classname="App.Game.GameTest" assertions="1" time="0.001208"/>
        <testcase name="testHitWithScoreLessThan21" file="/home/kalo22/dbwebb-kurser/mvc/me/report/tests/Game/GameTest.php" line="56" class="App\Game\GameTest" classname="App.Game.GameTest" assertions="3" time="0.002013"/>
        <testcase name="testHitWithScoreMoreThan21" file="/home/kalo22/dbwebb-kurser/mvc/me/report/tests/Game/GameTest.php" line="76" class="App\Game\GameTest" classname="App.Game.GameTest" assertions="3" time="0.002462"/>
        <testcase name="testHitWithScore21" file="/home/kalo22/dbwebb-kurser/mvc/me/report/tests/Game/GameTest.php" line="97" class="App\Game\GameTest" classname="App.Game.GameTest" assertions="2" time="0.003563"/>
        <testcase name="testStandRevealHiddenCard" file="/home/kalo22/dbwebb-kurser/mvc/me/report/tests/Game/GameTest.php" line="120" class="App\Game\GameTest" classname="App.Game.GameTest" assertions="1" time="0.001314"/>
        <testcase name="testStandWithDealerScoreMoreThan21" file="/home/kalo22/dbwebb-kurser/mvc/me/report/tests/Game/GameTest.php" line="131" class="App\Game\GameTest" classname="App.Game.GameTest" assertions="2" time="0.001578"/>
        <testcase name="testRevealDealerCard" file="/home/kalo22/dbwebb-kurser/mvc/me/report/tests/Game/GameTest.php" line="148" class="App\Game\GameTest" classname="App.Game.GameTest" assertions="1" time="0.001268"/>
        <testcase name="testGetLastPlayerScore" file="/home/kalo22/dbwebb-kurser/mvc/me/report/tests/Game/GameTest.php" line="159" class="App\Game\GameTest" classname="App.Game.GameTest" assertions="1" time="0.001638"/>
        <testcase name="testGetLastDealerScore" file="/home/kalo22/dbwebb-kurser/mvc/me/report/tests/Game/GameTest.php" line="173" class="App\Game\GameTest" classname="App.Game.GameTest" assertions="1" time="0.001352"/>
        <testcase name="testSetAndGetWinner" file="/home/kalo22/dbwebb-kurser/mvc/me/report/tests/Game/GameTest.php" line="187" class="App\Game\GameTest" classname="App.Game.GameTest" assertions="1" time="0.001275"/>
        <testcase name="testReset" file="/home/kalo22/dbwebb-kurser/mvc/me/report/tests/Game/GameTest.php" line="208" class="App\Game\GameTest" classname="App.Game.GameTest" assertions="6" time="0.001403"/>
        <testcase name="testCheckDeck" file="/home/kalo22/dbwebb-kurser/mvc/me/report/tests/Game/GameTest.php" line="224" class="App\Game\GameTest" classname="App.Game.GameTest" assertions="2" time="0.001332"/>
        <testcase name="testSetDeck" file="/home/kalo22/dbwebb-kurser/mvc/me/report/tests/Game/GameTest.php" line="238" class="App\Game\GameTest" classname="App.Game.GameTest" assertions="2" time="0.001247"/>
        <testcase name="testJsonSerialize" file="/home/kalo22/dbwebb-kurser/mvc/me/report/tests/Game/GameTest.php" line="250" class="App\Game\GameTest" classname="App.Game.GameTest" assertions="1" time="0.001432"/>
      </testsuite>
      <testsuite name="App\Game\PlayerTest" file="/home/kalo22/dbwebb-kurser/mvc/me/report/tests/Game/PlayerTest.php" tests="5" assertions="6" errors="0" failures="0" skipped="0" time="0.005431">
        <testcase name="testCreateObject" file="/home/kalo22/dbwebb-kurser/mvc/me/report/tests/Game/PlayerTest.php" line="13" class="App\Game\PlayerTest" classname="App.Game.PlayerTest" assertions="2" time="0.001527"/>
        <testcase name="testDrawCard" file="/home/kalo22/dbwebb-kurser/mvc/me/report/tests/Game/PlayerTest.php" line="26" class="App\Game\PlayerTest" classname="App.Game.PlayerTest" assertions="1" time="0.001087"/>
        <testcase name="testGetScore" file="/home/kalo22/dbwebb-kurser/mvc/me/report/tests/Game/PlayerTest.php" line="39" class="App\Game\PlayerTest" classname="App.Game.PlayerTest" assertions="1" time="0.000930"/>
        <testcase name="testAddScore" file="/home/kalo22/dbwebb-kurser/mvc/me/report/tests/Game/PlayerTest.php" line="50" class="App\Game\PlayerTest" classname="App.Game.PlayerTest" assertions="1" time="0.000879"/>
        <testcase name="testClearHand" file="/home/kalo22/dbwebb-kurser/mvc/me/report/tests/Game/PlayerTest.php" line="62" class="App\Game\PlayerTest" classname="App.Game.PlayerTest" assertions="1" time="0.001009"/>
      </testsuite>
      <testsuite name="App\Form\BookTypeTest" file="/home/kalo22/dbwebb-kurser/mvc/me/report/tests/Library/BookTypeTest.php" tests="1" assertions="6" errors="0" failures="0" skipped="0" time="0.006627">
        <testcase name="testSubmitValidData" file="/home/kalo22/dbwebb-kurser/mvc/me/report/tests/Library/BookTypeTest.php" line="11" class="App\Form\BookTypeTest" classname="App.Form.BookTypeTest" assertions="6" time="0.006627"/>
      </testsuite>
      <testsuite name="App\Entity\LibraryTest" file="/home/kalo22/dbwebb-kurser/mvc/me/report/tests/Library/LibraryTest.php" tests="1" assertions="1" errors="0" failures="0" skipped="0" time="0.000899">
        <testcase name="testGetId" file="/home/kalo22/dbwebb-kurser/mvc/me/report/tests/Library/LibraryTest.php" line="10" class="App\Entity\LibraryTest" classname="App.Entity.LibraryTest" assertions="1" time="0.000899"/>
      </testsuite>
    </testsuite>
  </testsuite>
</testsuites>
