<?xml version="1.0" encoding="UTF-8"?>
<testsuites>
  <testsuite name="/home/kalo22/dbwebb-kurser/mvc/me/report/phpunit.xml.dist" tests="69" assertions="163" errors="0" failures="0" skipped="0" time="0.655384">
    <testsuite name="Project Test Suite" tests="69" assertions="163" errors="0" failures="0" skipped="0" time="0.655384">
      <testsuite name="App\Cards\CardHandTest" file="/home/kalo22/dbwebb-kurser/mvc/me/report/tests/Cards/CardHandTest.php" tests="3" assertions="4" errors="0" failures="0" skipped="0" time="0.020710">
        <testcase name="testCreateObject" file="/home/kalo22/dbwebb-kurser/mvc/me/report/tests/Cards/CardHandTest.php" line="12" class="App\Cards\CardHandTest" classname="App.Cards.CardHandTest" assertions="2" time="0.019002"/>
        <testcase name="testAddCard" file="/home/kalo22/dbwebb-kurser/mvc/me/report/tests/Cards/CardHandTest.php" line="27" class="App\Cards\CardHandTest" classname="App.Cards.CardHandTest" assertions="1" time="0.000995"/>
        <testcase name="testGetCardsAsArray" file="/home/kalo22/dbwebb-kurser/mvc/me/report/tests/Cards/CardHandTest.php" line="43" class="App\Cards\CardHandTest" classname="App.Cards.CardHandTest" assertions="1" time="0.000713"/>
      </testsuite>
      <testsuite name="App\Cards\CardTest" file="/home/kalo22/dbwebb-kurser/mvc/me/report/tests/Cards/CardTest.php" tests="3" assertions="10" errors="0" failures="0" skipped="0" time="0.002617">
        <testcase name="testCreateObject" file="/home/kalo22/dbwebb-kurser/mvc/me/report/tests/Cards/CardTest.php" line="12" class="App\Cards\CardTest" classname="App.Cards.CardTest" assertions="3" time="0.000836"/>
        <testcase name="testGetCardText" file="/home/kalo22/dbwebb-kurser/mvc/me/report/tests/Cards/CardTest.php" line="31" class="App\Cards\CardTest" classname="App.Cards.CardTest" assertions="2" time="0.000921"/>
        <testcase name="testToString" file="/home/kalo22/dbwebb-kurser/mvc/me/report/tests/Cards/CardTest.php" line="45" class="App\Cards\CardTest" classname="App.Cards.CardTest" assertions="5" time="0.000859"/>
      </testsuite>
      <testsuite name="App\Cards\DeckOfCardsTest" file="/home/kalo22/dbwebb-kurser/mvc/me/report/tests/Cards/DeckOfCardsTest.php" tests="4" assertions="12" errors="0" failures="0" skipped="0" time="0.006164">
        <testcase name="testCreateObject" file="/home/kalo22/dbwebb-kurser/mvc/me/report/tests/Cards/DeckOfCardsTest.php" line="12" class="App\Cards\DeckOfCardsTest" classname="App.Cards.DeckOfCardsTest" assertions="2" time="0.001047"/>
        <testcase name="testShuffle" file="/home/kalo22/dbwebb-kurser/mvc/me/report/tests/Cards/DeckOfCardsTest.php" line="26" class="App\Cards\DeckOfCardsTest" classname="App.Cards.DeckOfCardsTest" assertions="2" time="0.003117"/>
        <testcase name="testDrawCard" file="/home/kalo22/dbwebb-kurser/mvc/me/report/tests/Cards/DeckOfCardsTest.php" line="39" class="App\Cards\DeckOfCardsTest" classname="App.Cards.DeckOfCardsTest" assertions="2" time="0.001072"/>
        <testcase name="testDrawManyCards" file="/home/kalo22/dbwebb-kurser/mvc/me/report/tests/Cards/DeckOfCardsTest.php" line="52" class="App\Cards\DeckOfCardsTest" classname="App.Cards.DeckOfCardsTest" assertions="6" time="0.000928"/>
      </testsuite>
      <testsuite name="App\Cards\JokerCardTest" file="/home/kalo22/dbwebb-kurser/mvc/me/report/tests/Cards/JokerCardTest.php" tests="2" assertions="4" errors="0" failures="0" skipped="0" time="0.001755">
        <testcase name="testCreateObject" file="/home/kalo22/dbwebb-kurser/mvc/me/report/tests/Cards/JokerCardTest.php" line="12" class="App\Cards\JokerCardTest" classname="App.Cards.JokerCardTest" assertions="3" time="0.000913"/>
        <testcase name="testToString" file="/home/kalo22/dbwebb-kurser/mvc/me/report/tests/Cards/JokerCardTest.php" line="29" class="App\Cards\JokerCardTest" classname="App.Cards.JokerCardTest" assertions="1" time="0.000842"/>
      </testsuite>
      <testsuite name="App\Controller\ApiControllerTest" file="/home/kalo22/dbwebb-kurser/mvc/me/report/tests/Controller/ApiControllerTest.php" tests="2" assertions="5" errors="0" failures="0" skipped="0" time="0.087028">
        <testcase name="testIndex" file="/home/kalo22/dbwebb-kurser/mvc/me/report/tests/Controller/ApiControllerTest.php" line="9" class="App\Controller\ApiControllerTest" classname="App.Controller.ApiControllerTest" assertions="2" time="0.079753"/>
        <testcase name="testQuote" file="/home/kalo22/dbwebb-kurser/mvc/me/report/tests/Controller/ApiControllerTest.php" line="17" class="App\Controller\ApiControllerTest" classname="App.Controller.ApiControllerTest" assertions="3" time="0.007275"/>
      </testsuite>
      <testsuite name="App\Controller\ApiDeckControllerTest" file="/home/kalo22/dbwebb-kurser/mvc/me/report/tests/Controller/ApiDeckControllerTest.php" tests="5" assertions="19" errors="0" failures="0" skipped="0" time="0.045277">
        <testcase name="testGetDeck" file="/home/kalo22/dbwebb-kurser/mvc/me/report/tests/Controller/ApiDeckControllerTest.php" line="17" class="App\Controller\ApiDeckControllerTest" classname="App.Controller.ApiDeckControllerTest" assertions="2" time="0.007791"/>
        <testcase name="testShuffleDeck" file="/home/kalo22/dbwebb-kurser/mvc/me/report/tests/Controller/ApiDeckControllerTest.php" line="30" class="App\Controller\ApiDeckControllerTest" classname="App.Controller.ApiDeckControllerTest" assertions="2" time="0.010004"/>
        <testcase name="testDrawCards" file="/home/kalo22/dbwebb-kurser/mvc/me/report/tests/Controller/ApiDeckControllerTest.php" line="43" class="App\Controller\ApiDeckControllerTest" classname="App.Controller.ApiDeckControllerTest" assertions="4" time="0.008962"/>
        <testcase name="testGetGameStatusNoGame" file="/home/kalo22/dbwebb-kurser/mvc/me/report/tests/Controller/ApiDeckControllerTest.php" line="58" class="App\Controller\ApiDeckControllerTest" classname="App.Controller.ApiDeckControllerTest" assertions="2" time="0.007542"/>
        <testcase name="testGetGameStatusWithGame" file="/home/kalo22/dbwebb-kurser/mvc/me/report/tests/Controller/ApiDeckControllerTest.php" line="73" class="App\Controller\ApiDeckControllerTest" classname="App.Controller.ApiDeckControllerTest" assertions="9" time="0.010979"/>
      </testsuite>
      <testsuite name="App\Controller\ApiLibraryControllerTest" file="/home/kalo22/dbwebb-kurser/mvc/me/report/tests/Controller/ApiLibraryControllerTest.php" tests="4" assertions="9" errors="0" failures="0" skipped="0" time="0.086592">
        <testcase name="testGetBooks" file="/home/kalo22/dbwebb-kurser/mvc/me/report/tests/Controller/ApiLibraryControllerTest.php" line="12" class="App\Controller\ApiLibraryControllerTest" classname="App.Controller.ApiLibraryControllerTest" assertions="2" time="0.045568"/>
        <testcase name="testGetBooksEmpty" file="/home/kalo22/dbwebb-kurser/mvc/me/report/tests/Controller/ApiLibraryControllerTest.php" line="32" class="App\Controller\ApiLibraryControllerTest" classname="App.Controller.ApiLibraryControllerTest" assertions="2" time="0.020391"/>
        <testcase name="testGetBookByISBN" file="/home/kalo22/dbwebb-kurser/mvc/me/report/tests/Controller/ApiLibraryControllerTest.php" line="40" class="App\Controller\ApiLibraryControllerTest" classname="App.Controller.ApiLibraryControllerTest" assertions="2" time="0.012276"/>
        <testcase name="testGetBookByISBNNotFound" file="/home/kalo22/dbwebb-kurser/mvc/me/report/tests/Controller/ApiLibraryControllerTest.php" line="60" class="App\Controller\ApiLibraryControllerTest" classname="App.Controller.ApiLibraryControllerTest" assertions="3" time="0.008357"/>
      </testsuite>
      <testsuite name="App\Controller\CardControllerTest" file="/home/kalo22/dbwebb-kurser/mvc/me/report/tests/Controller/CardControllerTest.php" tests="5" assertions="14" errors="0" failures="0" skipped="0" time="0.156617">
        <testcase name="testIndex" file="/home/kalo22/dbwebb-kurser/mvc/me/report/tests/Controller/CardControllerTest.php" line="9" class="App\Controller\CardControllerTest" classname="App.Controller.CardControllerTest" assertions="1" time="0.010713"/>
        <testcase name="testDeck" file="/home/kalo22/dbwebb-kurser/mvc/me/report/tests/Controller/CardControllerTest.php" line="17" class="App\Controller\CardControllerTest" classname="App.Controller.CardControllerTest" assertions="3" time="0.016302"/>
        <testcase name="testShuffle" file="/home/kalo22/dbwebb-kurser/mvc/me/report/tests/Controller/CardControllerTest.php" line="27" class="App\Controller\CardControllerTest" classname="App.Controller.CardControllerTest" assertions="4" time="0.017388"/>
        <testcase name="testDraw" file="/home/kalo22/dbwebb-kurser/mvc/me/report/tests/Controller/CardControllerTest.php" line="39" class="App\Controller\CardControllerTest" classname="App.Controller.CardControllerTest" assertions="2" time="0.011154"/>
        <testcase name="testDrawMany" file="/home/kalo22/dbwebb-kurser/mvc/me/report/tests/Controller/CardControllerTest.php" line="48" class="App\Controller\CardControllerTest" classname="App.Controller.CardControllerTest" assertions="4" time="0.101058"/>
      </testsuite>
      <testsuite name="App\Controller\GameControllerTest" file="/home/kalo22/dbwebb-kurser/mvc/me/report/tests/Controller/GameControllerTest.php" tests="8" assertions="24" errors="0" failures="0" skipped="0" time="0.146838">
        <testcase name="testIndex" file="/home/kalo22/dbwebb-kurser/mvc/me/report/tests/Controller/GameControllerTest.php" line="23" class="App\Controller\GameControllerTest" classname="App.Controller.GameControllerTest" assertions="2" time="0.011885"/>
        <testcase name="testDoc" file="/home/kalo22/dbwebb-kurser/mvc/me/report/tests/Controller/GameControllerTest.php" line="31" class="App\Controller\GameControllerTest" classname="App.Controller.GameControllerTest" assertions="2" time="0.010800"/>
        <testcase name="testGameBlackjack" file="/home/kalo22/dbwebb-kurser/mvc/me/report/tests/Controller/GameControllerTest.php" line="39" class="App\Controller\GameControllerTest" classname="App.Controller.GameControllerTest" assertions="2" time="0.017845"/>
        <testcase name="testGameBlackjackActionHit" file="/home/kalo22/dbwebb-kurser/mvc/me/report/tests/Controller/GameControllerTest.php" line="60" class="App\Controller\GameControllerTest" classname="App.Controller.GameControllerTest" assertions="3" time="0.021731"/>
        <testcase name="testGameBlackjackActionStand" file="/home/kalo22/dbwebb-kurser/mvc/me/report/tests/Controller/GameControllerTest.php" line="73" class="App\Controller\GameControllerTest" classname="App.Controller.GameControllerTest" assertions="5" time="0.021563"/>
        <testcase name="testGameBlackjackActionNext" file="/home/kalo22/dbwebb-kurser/mvc/me/report/tests/Controller/GameControllerTest.php" line="89" class="App\Controller\GameControllerTest" classname="App.Controller.GameControllerTest" assertions="4" time="0.019459"/>
        <testcase name="testGameBlackjackActionReset" file="/home/kalo22/dbwebb-kurser/mvc/me/report/tests/Controller/GameControllerTest.php" line="103" class="App\Controller\GameControllerTest" classname="App.Controller.GameControllerTest" assertions="3" time="0.024375"/>
        <testcase name="testGameClear" file="/home/kalo22/dbwebb-kurser/mvc/me/report/tests/Controller/GameControllerTest.php" line="118" class="App\Controller\GameControllerTest" classname="App.Controller.GameControllerTest" assertions="3" time="0.019178"/>
      </testsuite>
      <testsuite name="App\Controller\HomeControllerTest" file="/home/kalo22/dbwebb-kurser/mvc/me/report/tests/Controller/HomeControllerTest.php" tests="5" assertions="10" errors="0" failures="0" skipped="0" time="0.059887">
        <testcase name="testIndex" file="/home/kalo22/dbwebb-kurser/mvc/me/report/tests/Controller/HomeControllerTest.php" line="17" class="App\Controller\HomeControllerTest" classname="App.Controller.HomeControllerTest" assertions="2" time="0.010683"/>
        <testcase name="testAbout" file="/home/kalo22/dbwebb-kurser/mvc/me/report/tests/Controller/HomeControllerTest.php" line="25" class="App\Controller\HomeControllerTest" classname="App.Controller.HomeControllerTest" assertions="2" time="0.009837"/>
        <testcase name="testReport" file="/home/kalo22/dbwebb-kurser/mvc/me/report/tests/Controller/HomeControllerTest.php" line="33" class="App\Controller\HomeControllerTest" classname="App.Controller.HomeControllerTest" assertions="2" time="0.014827"/>
        <testcase name="testLucky" file="/home/kalo22/dbwebb-kurser/mvc/me/report/tests/Controller/HomeControllerTest.php" line="41" class="App\Controller\HomeControllerTest" classname="App.Controller.HomeControllerTest" assertions="2" time="0.010262"/>
        <testcase name="testMetrics" file="/home/kalo22/dbwebb-kurser/mvc/me/report/tests/Controller/HomeControllerTest.php" line="49" class="App\Controller\HomeControllerTest" classname="App.Controller.HomeControllerTest" assertions="2" time="0.014278"/>
      </testsuite>
      <testsuite name="App\Game\DealerTest" file="/home/kalo22/dbwebb-kurser/mvc/me/report/tests/Game/DealerTest.php" tests="5" assertions="8" errors="0" failures="0" skipped="0" time="0.004895">
        <testcase name="testCreateObject" file="/home/kalo22/dbwebb-kurser/mvc/me/report/tests/Game/DealerTest.php" line="13" class="App\Game\DealerTest" classname="App.Game.DealerTest" assertions="2" time="0.000893"/>
        <testcase name="testDrawHiddenCard" file="/home/kalo22/dbwebb-kurser/mvc/me/report/tests/Game/DealerTest.php" line="26" class="App\Game\DealerTest" classname="App.Game.DealerTest" assertions="2" time="0.000986"/>
        <testcase name="testGetScore" file="/home/kalo22/dbwebb-kurser/mvc/me/report/tests/Game/DealerTest.php" line="44" class="App\Game\DealerTest" classname="App.Game.DealerTest" assertions="1" time="0.001082"/>
        <testcase name="testAddScore" file="/home/kalo22/dbwebb-kurser/mvc/me/report/tests/Game/DealerTest.php" line="55" class="App\Game\DealerTest" classname="App.Game.DealerTest" assertions="1" time="0.000898"/>
        <testcase name="testIsHiddenCardRevealed" file="/home/kalo22/dbwebb-kurser/mvc/me/report/tests/Game/DealerTest.php" line="67" class="App\Game\DealerTest" classname="App.Game.DealerTest" assertions="2" time="0.001036"/>
      </testsuite>
      <testsuite name="App\Game\GameTest" file="/home/kalo22/dbwebb-kurser/mvc/me/report/tests/Game/GameTest.php" tests="16" assertions="31" errors="0" failures="0" skipped="0" time="0.022941">
        <testcase name="testCreateObject" file="/home/kalo22/dbwebb-kurser/mvc/me/report/tests/Game/GameTest.php" line="14" class="App\Game\GameTest" classname="App.Game.GameTest" assertions="1" time="0.001177"/>
        <testcase name="testStartGame" file="/home/kalo22/dbwebb-kurser/mvc/me/report/tests/Game/GameTest.php" line="23" class="App\Game\GameTest" classname="App.Game.GameTest" assertions="3" time="0.001939"/>
        <testcase name="testHit" file="/home/kalo22/dbwebb-kurser/mvc/me/report/tests/Game/GameTest.php" line="43" class="App\Game\GameTest" classname="App.Game.GameTest" assertions="1" time="0.001583"/>
        <testcase name="testHitWithScoreLessThan21" file="/home/kalo22/dbwebb-kurser/mvc/me/report/tests/Game/GameTest.php" line="56" class="App\Game\GameTest" classname="App.Game.GameTest" assertions="3" time="0.001395"/>
        <testcase name="testHitWithScoreMoreThan21" file="/home/kalo22/dbwebb-kurser/mvc/me/report/tests/Game/GameTest.php" line="77" class="App\Game\GameTest" classname="App.Game.GameTest" assertions="3" time="0.001206"/>
        <testcase name="testHitWithScore21" file="/home/kalo22/dbwebb-kurser/mvc/me/report/tests/Game/GameTest.php" line="98" class="App\Game\GameTest" classname="App.Game.GameTest" assertions="2" time="0.001547"/>
        <testcase name="testStandRevealHiddenCard" file="/home/kalo22/dbwebb-kurser/mvc/me/report/tests/Game/GameTest.php" line="121" class="App\Game\GameTest" classname="App.Game.GameTest" assertions="1" time="0.001140"/>
        <testcase name="testStandWithDealerScoreMoreThan21" file="/home/kalo22/dbwebb-kurser/mvc/me/report/tests/Game/GameTest.php" line="132" class="App\Game\GameTest" classname="App.Game.GameTest" assertions="2" time="0.002016"/>
        <testcase name="testRevealDealerCard" file="/home/kalo22/dbwebb-kurser/mvc/me/report/tests/Game/GameTest.php" line="149" class="App\Game\GameTest" classname="App.Game.GameTest" assertions="1" time="0.001215"/>
        <testcase name="testGetLastPlayerScore" file="/home/kalo22/dbwebb-kurser/mvc/me/report/tests/Game/GameTest.php" line="160" class="App\Game\GameTest" classname="App.Game.GameTest" assertions="1" time="0.001299"/>
        <testcase name="testGetLastDealerScore" file="/home/kalo22/dbwebb-kurser/mvc/me/report/tests/Game/GameTest.php" line="174" class="App\Game\GameTest" classname="App.Game.GameTest" assertions="1" time="0.001221"/>
        <testcase name="testSetAndGetWinner" file="/home/kalo22/dbwebb-kurser/mvc/me/report/tests/Game/GameTest.php" line="188" class="App\Game\GameTest" classname="App.Game.GameTest" assertions="1" time="0.001493"/>
        <testcase name="testReset" file="/home/kalo22/dbwebb-kurser/mvc/me/report/tests/Game/GameTest.php" line="209" class="App\Game\GameTest" classname="App.Game.GameTest" assertions="6" time="0.001239"/>
        <testcase name="testCheckDeck" file="/home/kalo22/dbwebb-kurser/mvc/me/report/tests/Game/GameTest.php" line="225" class="App\Game\GameTest" classname="App.Game.GameTest" assertions="2" time="0.001709"/>
        <testcase name="testSetDeck" file="/home/kalo22/dbwebb-kurser/mvc/me/report/tests/Game/GameTest.php" line="239" class="App\Game\GameTest" classname="App.Game.GameTest" assertions="2" time="0.001307"/>
        <testcase name="testJsonSerialize" file="/home/kalo22/dbwebb-kurser/mvc/me/report/tests/Game/GameTest.php" line="251" class="App\Game\GameTest" classname="App.Game.GameTest" assertions="1" time="0.001456"/>
      </testsuite>
      <testsuite name="App\Game\PlayerTest" file="/home/kalo22/dbwebb-kurser/mvc/me/report/tests/Game/PlayerTest.php" tests="5" assertions="6" errors="0" failures="0" skipped="0" time="0.004749">
        <testcase name="testCreateObject" file="/home/kalo22/dbwebb-kurser/mvc/me/report/tests/Game/PlayerTest.php" line="13" class="App\Game\PlayerTest" classname="App.Game.PlayerTest" assertions="2" time="0.000912"/>
        <testcase name="testDrawCard" file="/home/kalo22/dbwebb-kurser/mvc/me/report/tests/Game/PlayerTest.php" line="26" class="App\Game\PlayerTest" classname="App.Game.PlayerTest" assertions="1" time="0.000974"/>
        <testcase name="testGetScore" file="/home/kalo22/dbwebb-kurser/mvc/me/report/tests/Game/PlayerTest.php" line="39" class="App\Game\PlayerTest" classname="App.Game.PlayerTest" assertions="1" time="0.000931"/>
        <testcase name="testAddScore" file="/home/kalo22/dbwebb-kurser/mvc/me/report/tests/Game/PlayerTest.php" line="50" class="App\Game\PlayerTest" classname="App.Game.PlayerTest" assertions="1" time="0.000869"/>
        <testcase name="testClearHand" file="/home/kalo22/dbwebb-kurser/mvc/me/report/tests/Game/PlayerTest.php" line="62" class="App\Game\PlayerTest" classname="App.Game.PlayerTest" assertions="1" time="0.001063"/>
      </testsuite>
      <testsuite name="App\Form\BookTypeTest" file="/home/kalo22/dbwebb-kurser/mvc/me/report/tests/Library/BookTypeTest.php" tests="1" assertions="6" errors="0" failures="0" skipped="0" time="0.008304">
        <testcase name="testSubmitValidData" file="/home/kalo22/dbwebb-kurser/mvc/me/report/tests/Library/BookTypeTest.php" line="11" class="App\Form\BookTypeTest" classname="App.Form.BookTypeTest" assertions="6" time="0.008304"/>
      </testsuite>
      <testsuite name="App\Entity\LibraryTest" file="/home/kalo22/dbwebb-kurser/mvc/me/report/tests/Library/LibraryTest.php" tests="1" assertions="1" errors="0" failures="0" skipped="0" time="0.001009">
        <testcase name="testGetId" file="/home/kalo22/dbwebb-kurser/mvc/me/report/tests/Library/LibraryTest.php" line="10" class="App\Entity\LibraryTest" classname="App.Entity.LibraryTest" assertions="1" time="0.001009"/>
      </testsuite>
    </testsuite>
  </testsuite>
</testsuites>
