<?xml version="1.0" encoding="UTF-8"?>
<testsuites>
  <testsuite name="/home/kalo22/dbwebb-kurser/mvc/me/report/phpunit.xml.dist" tests="276" assertions="510" errors="0" failures="0" skipped="0" time="1.001511">
    <testsuite name="Project Test Suite" tests="276" assertions="510" errors="0" failures="0" skipped="0" time="1.001511">
      <testsuite name="App\Cards\CardHandTest" file="/home/kalo22/dbwebb-kurser/mvc/me/report/tests/Cards/CardHandTest.php" tests="4" assertions="8" errors="0" failures="0" skipped="0" time="0.020532">
        <testcase name="testCreateObject" file="/home/kalo22/dbwebb-kurser/mvc/me/report/tests/Cards/CardHandTest.php" line="12" class="App\Cards\CardHandTest" classname="App.Cards.CardHandTest" assertions="2" time="0.017921"/>
        <testcase name="testAddCard" file="/home/kalo22/dbwebb-kurser/mvc/me/report/tests/Cards/CardHandTest.php" line="27" class="App\Cards\CardHandTest" classname="App.Cards.CardHandTest" assertions="1" time="0.000994"/>
        <testcase name="testGetCardsAsArray" file="/home/kalo22/dbwebb-kurser/mvc/me/report/tests/Cards/CardHandTest.php" line="43" class="App\Cards\CardHandTest" classname="App.Cards.CardHandTest" assertions="1" time="0.000741"/>
        <testcase name="testGetCardsAsArrayProj" file="/home/kalo22/dbwebb-kurser/mvc/me/report/tests/Cards/CardHandTest.php" line="57" class="App\Cards\CardHandTest" classname="App.Cards.CardHandTest" assertions="4" time="0.000876"/>
      </testsuite>
      <testsuite name="App\Cards\CardTest" file="/home/kalo22/dbwebb-kurser/mvc/me/report/tests/Cards/CardTest.php" tests="4" assertions="12" errors="0" failures="0" skipped="0" time="0.003062">
        <testcase name="testCreateObject" file="/home/kalo22/dbwebb-kurser/mvc/me/report/tests/Cards/CardTest.php" line="12" class="App\Cards\CardTest" classname="App.Cards.CardTest" assertions="3" time="0.000738"/>
        <testcase name="testGetCardText" file="/home/kalo22/dbwebb-kurser/mvc/me/report/tests/Cards/CardTest.php" line="31" class="App\Cards\CardTest" classname="App.Cards.CardTest" assertions="2" time="0.000828"/>
        <testcase name="testToString" file="/home/kalo22/dbwebb-kurser/mvc/me/report/tests/Cards/CardTest.php" line="45" class="App\Cards\CardTest" classname="App.Cards.CardTest" assertions="5" time="0.000789"/>
        <testcase name="testToJson" file="/home/kalo22/dbwebb-kurser/mvc/me/report/tests/Cards/CardTest.php" line="76" class="App\Cards\CardTest" classname="App.Cards.CardTest" assertions="2" time="0.000707"/>
      </testsuite>
      <testsuite name="App\Cards\DeckOfCardsTest" file="/home/kalo22/dbwebb-kurser/mvc/me/report/tests/Cards/DeckOfCardsTest.php" tests="4" assertions="12" errors="0" failures="0" skipped="0" time="0.005317">
        <testcase name="testCreateObject" file="/home/kalo22/dbwebb-kurser/mvc/me/report/tests/Cards/DeckOfCardsTest.php" line="12" class="App\Cards\DeckOfCardsTest" classname="App.Cards.DeckOfCardsTest" assertions="2" time="0.000972"/>
        <testcase name="testShuffle" file="/home/kalo22/dbwebb-kurser/mvc/me/report/tests/Cards/DeckOfCardsTest.php" line="26" class="App\Cards\DeckOfCardsTest" classname="App.Cards.DeckOfCardsTest" assertions="2" time="0.002460"/>
        <testcase name="testDrawCard" file="/home/kalo22/dbwebb-kurser/mvc/me/report/tests/Cards/DeckOfCardsTest.php" line="39" class="App\Cards\DeckOfCardsTest" classname="App.Cards.DeckOfCardsTest" assertions="2" time="0.000950"/>
        <testcase name="testDrawManyCards" file="/home/kalo22/dbwebb-kurser/mvc/me/report/tests/Cards/DeckOfCardsTest.php" line="52" class="App\Cards\DeckOfCardsTest" classname="App.Cards.DeckOfCardsTest" assertions="6" time="0.000935"/>
      </testsuite>
      <testsuite name="App\Cards\JokerCardTest" file="/home/kalo22/dbwebb-kurser/mvc/me/report/tests/Cards/JokerCardTest.php" tests="2" assertions="4" errors="0" failures="0" skipped="0" time="0.001605">
        <testcase name="testCreateObject" file="/home/kalo22/dbwebb-kurser/mvc/me/report/tests/Cards/JokerCardTest.php" line="12" class="App\Cards\JokerCardTest" classname="App.Cards.JokerCardTest" assertions="3" time="0.000874"/>
        <testcase name="testToString" file="/home/kalo22/dbwebb-kurser/mvc/me/report/tests/Cards/JokerCardTest.php" line="29" class="App\Cards\JokerCardTest" classname="App.Cards.JokerCardTest" assertions="1" time="0.000732"/>
      </testsuite>
      <testsuite name="App\Controller\ApiControllerTest" file="/home/kalo22/dbwebb-kurser/mvc/me/report/tests/Controller/ApiControllerTest.php" tests="2" assertions="6" errors="0" failures="0" skipped="0" time="0.068456">
        <testcase name="testIndex" file="/home/kalo22/dbwebb-kurser/mvc/me/report/tests/Controller/ApiControllerTest.php" line="9" class="App\Controller\ApiControllerTest" classname="App.Controller.ApiControllerTest" assertions="2" time="0.062767"/>
        <testcase name="testQuote" file="/home/kalo22/dbwebb-kurser/mvc/me/report/tests/Controller/ApiControllerTest.php" line="17" class="App\Controller\ApiControllerTest" classname="App.Controller.ApiControllerTest" assertions="4" time="0.005689"/>
      </testsuite>
      <testsuite name="App\Controller\ApiDeckControllerTest" file="/home/kalo22/dbwebb-kurser/mvc/me/report/tests/Controller/ApiDeckControllerTest.php" tests="5" assertions="24" errors="0" failures="0" skipped="0" time="0.032765">
        <testcase name="testGetDeck" file="/home/kalo22/dbwebb-kurser/mvc/me/report/tests/Controller/ApiDeckControllerTest.php" line="17" class="App\Controller\ApiDeckControllerTest" classname="App.Controller.ApiDeckControllerTest" assertions="3" time="0.005692"/>
        <testcase name="testShuffleDeck" file="/home/kalo22/dbwebb-kurser/mvc/me/report/tests/Controller/ApiDeckControllerTest.php" line="31" class="App\Controller\ApiDeckControllerTest" classname="App.Controller.ApiDeckControllerTest" assertions="3" time="0.006817"/>
        <testcase name="testDrawCards" file="/home/kalo22/dbwebb-kurser/mvc/me/report/tests/Controller/ApiDeckControllerTest.php" line="45" class="App\Controller\ApiDeckControllerTest" classname="App.Controller.ApiDeckControllerTest" assertions="5" time="0.006356"/>
        <testcase name="testGetGameStatusNoGame" file="/home/kalo22/dbwebb-kurser/mvc/me/report/tests/Controller/ApiDeckControllerTest.php" line="62" class="App\Controller\ApiDeckControllerTest" classname="App.Controller.ApiDeckControllerTest" assertions="3" time="0.005989"/>
        <testcase name="testGetGameStatusWithGame" file="/home/kalo22/dbwebb-kurser/mvc/me/report/tests/Controller/ApiDeckControllerTest.php" line="78" class="App\Controller\ApiDeckControllerTest" classname="App.Controller.ApiDeckControllerTest" assertions="10" time="0.007912"/>
      </testsuite>
      <testsuite name="App\Controller\ApiLibraryControllerTest" file="/home/kalo22/dbwebb-kurser/mvc/me/report/tests/Controller/ApiLibraryControllerTest.php" tests="4" assertions="9" errors="0" failures="0" skipped="0" time="0.056527">
        <testcase name="testGetBooks" file="/home/kalo22/dbwebb-kurser/mvc/me/report/tests/Controller/ApiLibraryControllerTest.php" line="13" class="App\Controller\ApiLibraryControllerTest" classname="App.Controller.ApiLibraryControllerTest" assertions="2" time="0.029625"/>
        <testcase name="testGetBooksEmpty" file="/home/kalo22/dbwebb-kurser/mvc/me/report/tests/Controller/ApiLibraryControllerTest.php" line="42" class="App\Controller\ApiLibraryControllerTest" classname="App.Controller.ApiLibraryControllerTest" assertions="2" time="0.008328"/>
        <testcase name="testGetBookByISBN" file="/home/kalo22/dbwebb-kurser/mvc/me/report/tests/Controller/ApiLibraryControllerTest.php" line="50" class="App\Controller\ApiLibraryControllerTest" classname="App.Controller.ApiLibraryControllerTest" assertions="2" time="0.012041"/>
        <testcase name="testGetBookByISBNNotFound" file="/home/kalo22/dbwebb-kurser/mvc/me/report/tests/Controller/ApiLibraryControllerTest.php" line="81" class="App\Controller\ApiLibraryControllerTest" classname="App.Controller.ApiLibraryControllerTest" assertions="3" time="0.006533"/>
      </testsuite>
      <testsuite name="App\Controller\CardControllerTest" file="/home/kalo22/dbwebb-kurser/mvc/me/report/tests/Controller/CardControllerTest.php" tests="5" assertions="14" errors="0" failures="0" skipped="0" time="0.123436">
        <testcase name="testIndex" file="/home/kalo22/dbwebb-kurser/mvc/me/report/tests/Controller/CardControllerTest.php" line="9" class="App\Controller\CardControllerTest" classname="App.Controller.CardControllerTest" assertions="1" time="0.008179"/>
        <testcase name="testDeck" file="/home/kalo22/dbwebb-kurser/mvc/me/report/tests/Controller/CardControllerTest.php" line="17" class="App\Controller\CardControllerTest" classname="App.Controller.CardControllerTest" assertions="3" time="0.012067"/>
        <testcase name="testShuffle" file="/home/kalo22/dbwebb-kurser/mvc/me/report/tests/Controller/CardControllerTest.php" line="27" class="App\Controller\CardControllerTest" classname="App.Controller.CardControllerTest" assertions="4" time="0.011203"/>
        <testcase name="testDraw" file="/home/kalo22/dbwebb-kurser/mvc/me/report/tests/Controller/CardControllerTest.php" line="39" class="App\Controller\CardControllerTest" classname="App.Controller.CardControllerTest" assertions="2" time="0.009040"/>
        <testcase name="testDrawMany" file="/home/kalo22/dbwebb-kurser/mvc/me/report/tests/Controller/CardControllerTest.php" line="48" class="App\Controller\CardControllerTest" classname="App.Controller.CardControllerTest" assertions="4" time="0.082948"/>
      </testsuite>
      <testsuite name="App\Controller\GameControllerTest" file="/home/kalo22/dbwebb-kurser/mvc/me/report/tests/Controller/GameControllerTest.php" tests="8" assertions="24" errors="0" failures="0" skipped="0" time="0.112390">
        <testcase name="testIndex" file="/home/kalo22/dbwebb-kurser/mvc/me/report/tests/Controller/GameControllerTest.php" line="23" class="App\Controller\GameControllerTest" classname="App.Controller.GameControllerTest" assertions="2" time="0.008779"/>
        <testcase name="testDoc" file="/home/kalo22/dbwebb-kurser/mvc/me/report/tests/Controller/GameControllerTest.php" line="31" class="App\Controller\GameControllerTest" classname="App.Controller.GameControllerTest" assertions="2" time="0.008256"/>
        <testcase name="testGameBlackjack" file="/home/kalo22/dbwebb-kurser/mvc/me/report/tests/Controller/GameControllerTest.php" line="39" class="App\Controller\GameControllerTest" classname="App.Controller.GameControllerTest" assertions="2" time="0.014702"/>
        <testcase name="testGameBlackjackActionHit" file="/home/kalo22/dbwebb-kurser/mvc/me/report/tests/Controller/GameControllerTest.php" line="60" class="App\Controller\GameControllerTest" classname="App.Controller.GameControllerTest" assertions="3" time="0.015894"/>
        <testcase name="testGameBlackjackActionStand" file="/home/kalo22/dbwebb-kurser/mvc/me/report/tests/Controller/GameControllerTest.php" line="73" class="App\Controller\GameControllerTest" classname="App.Controller.GameControllerTest" assertions="5" time="0.015636"/>
        <testcase name="testGameBlackjackActionNext" file="/home/kalo22/dbwebb-kurser/mvc/me/report/tests/Controller/GameControllerTest.php" line="89" class="App\Controller\GameControllerTest" classname="App.Controller.GameControllerTest" assertions="4" time="0.015357"/>
        <testcase name="testGameBlackjackActionReset" file="/home/kalo22/dbwebb-kurser/mvc/me/report/tests/Controller/GameControllerTest.php" line="103" class="App\Controller\GameControllerTest" classname="App.Controller.GameControllerTest" assertions="3" time="0.016163"/>
        <testcase name="testGameClear" file="/home/kalo22/dbwebb-kurser/mvc/me/report/tests/Controller/GameControllerTest.php" line="118" class="App\Controller\GameControllerTest" classname="App.Controller.GameControllerTest" assertions="3" time="0.017601"/>
      </testsuite>
      <testsuite name="App\Controller\HomeControllerTest" file="/home/kalo22/dbwebb-kurser/mvc/me/report/tests/Controller/HomeControllerTest.php" tests="5" assertions="10" errors="0" failures="0" skipped="0" time="0.061312">
        <testcase name="testIndex" file="/home/kalo22/dbwebb-kurser/mvc/me/report/tests/Controller/HomeControllerTest.php" line="17" class="App\Controller\HomeControllerTest" classname="App.Controller.HomeControllerTest" assertions="2" time="0.010812"/>
        <testcase name="testAbout" file="/home/kalo22/dbwebb-kurser/mvc/me/report/tests/Controller/HomeControllerTest.php" line="25" class="App\Controller\HomeControllerTest" classname="App.Controller.HomeControllerTest" assertions="2" time="0.008842"/>
        <testcase name="testReport" file="/home/kalo22/dbwebb-kurser/mvc/me/report/tests/Controller/HomeControllerTest.php" line="33" class="App\Controller\HomeControllerTest" classname="App.Controller.HomeControllerTest" assertions="2" time="0.018322"/>
        <testcase name="testLucky" file="/home/kalo22/dbwebb-kurser/mvc/me/report/tests/Controller/HomeControllerTest.php" line="41" class="App\Controller\HomeControllerTest" classname="App.Controller.HomeControllerTest" assertions="2" time="0.008978"/>
        <testcase name="testMetrics" file="/home/kalo22/dbwebb-kurser/mvc/me/report/tests/Controller/HomeControllerTest.php" line="49" class="App\Controller\HomeControllerTest" classname="App.Controller.HomeControllerTest" assertions="2" time="0.014358"/>
      </testsuite>
      <testsuite name="App\Controller\LibraryControllerTest" file="/home/kalo22/dbwebb-kurser/mvc/me/report/tests/Controller/LibraryControllerTest.php" tests="9" assertions="17" errors="0" failures="0" skipped="0" time="0.078097">
        <testcase name="testIndex" file="/home/kalo22/dbwebb-kurser/mvc/me/report/tests/Controller/LibraryControllerTest.php" line="38" class="App\Controller\LibraryControllerTest" classname="App.Controller.LibraryControllerTest" assertions="2" time="0.008964"/>
        <testcase name="testViewBook" file="/home/kalo22/dbwebb-kurser/mvc/me/report/tests/Controller/LibraryControllerTest.php" line="46" class="App\Controller\LibraryControllerTest" classname="App.Controller.LibraryControllerTest" assertions="2" time="0.010607"/>
        <testcase name="testViewBookNoExist" file="/home/kalo22/dbwebb-kurser/mvc/me/report/tests/Controller/LibraryControllerTest.php" line="56" class="App\Controller\LibraryControllerTest" classname="App.Controller.LibraryControllerTest" assertions="2" time="0.006954"/>
        <testcase name="testViewBooks" file="/home/kalo22/dbwebb-kurser/mvc/me/report/tests/Controller/LibraryControllerTest.php" line="69" class="App\Controller\LibraryControllerTest" classname="App.Controller.LibraryControllerTest" assertions="2" time="0.010682"/>
        <testcase name="testUpdateNotExist" file="/home/kalo22/dbwebb-kurser/mvc/me/report/tests/Controller/LibraryControllerTest.php" line="79" class="App\Controller\LibraryControllerTest" classname="App.Controller.LibraryControllerTest" assertions="2" time="0.006186"/>
        <testcase name="testDeleteNotExist" file="/home/kalo22/dbwebb-kurser/mvc/me/report/tests/Controller/LibraryControllerTest.php" line="92" class="App\Controller\LibraryControllerTest" classname="App.Controller.LibraryControllerTest" assertions="2" time="0.005997"/>
        <testcase name="testDelete" file="/home/kalo22/dbwebb-kurser/mvc/me/report/tests/Controller/LibraryControllerTest.php" line="105" class="App\Controller\LibraryControllerTest" classname="App.Controller.LibraryControllerTest" assertions="1" time="0.012972"/>
        <testcase name="testRedirectBook" file="/home/kalo22/dbwebb-kurser/mvc/me/report/tests/Controller/LibraryControllerTest.php" line="133" class="App\Controller\LibraryControllerTest" classname="App.Controller.LibraryControllerTest" assertions="2" time="0.007699"/>
        <testcase name="testRedirectBookNoExist" file="/home/kalo22/dbwebb-kurser/mvc/me/report/tests/Controller/LibraryControllerTest.php" line="152" class="App\Controller\LibraryControllerTest" classname="App.Controller.LibraryControllerTest" assertions="2" time="0.008035"/>
      </testsuite>
      <testsuite name="App\Controller\LibraryFormControllerTest" file="/home/kalo22/dbwebb-kurser/mvc/me/report/tests/Controller/LibraryFormControllerTest.php" tests="4" assertions="9" errors="0" failures="0" skipped="0" time="0.126176">
        <testcase name="testAddGetRequest" file="/home/kalo22/dbwebb-kurser/mvc/me/report/tests/Controller/LibraryFormControllerTest.php" line="26" class="App\Controller\LibraryFormControllerTest" classname="App.Controller.LibraryFormControllerTest" assertions="1" time="0.014982"/>
        <testcase name="testAddPostRequestValid" file="/home/kalo22/dbwebb-kurser/mvc/me/report/tests/Controller/LibraryFormControllerTest.php" line="33" class="App\Controller\LibraryFormControllerTest" classname="App.Controller.LibraryFormControllerTest" assertions="2" time="0.054522"/>
        <testcase name="testUpdatePostRequestValid" file="/home/kalo22/dbwebb-kurser/mvc/me/report/tests/Controller/LibraryFormControllerTest.php" line="60" class="App\Controller\LibraryFormControllerTest" classname="App.Controller.LibraryFormControllerTest" assertions="2" time="0.052436"/>
        <testcase name="testBookEditted" file="/home/kalo22/dbwebb-kurser/mvc/me/report/tests/Controller/LibraryFormControllerTest.php" line="89" class="App\Controller\LibraryFormControllerTest" classname="App.Controller.LibraryFormControllerTest" assertions="4" time="0.004235"/>
      </testsuite>
      <testsuite name="App\Game\DealerTest" file="/home/kalo22/dbwebb-kurser/mvc/me/report/tests/Game/DealerTest.php" tests="5" assertions="8" errors="0" failures="0" skipped="0" time="0.004350">
        <testcase name="testCreateObject" file="/home/kalo22/dbwebb-kurser/mvc/me/report/tests/Game/DealerTest.php" line="13" class="App\Game\DealerTest" classname="App.Game.DealerTest" assertions="2" time="0.000842"/>
        <testcase name="testDrawHiddenCard" file="/home/kalo22/dbwebb-kurser/mvc/me/report/tests/Game/DealerTest.php" line="26" class="App\Game\DealerTest" classname="App.Game.DealerTest" assertions="2" time="0.000941"/>
        <testcase name="testGetScore" file="/home/kalo22/dbwebb-kurser/mvc/me/report/tests/Game/DealerTest.php" line="44" class="App\Game\DealerTest" classname="App.Game.DealerTest" assertions="1" time="0.000821"/>
        <testcase name="testAddScore" file="/home/kalo22/dbwebb-kurser/mvc/me/report/tests/Game/DealerTest.php" line="55" class="App\Game\DealerTest" classname="App.Game.DealerTest" assertions="1" time="0.000821"/>
        <testcase name="testIsHiddenCardRevealed" file="/home/kalo22/dbwebb-kurser/mvc/me/report/tests/Game/DealerTest.php" line="67" class="App\Game\DealerTest" classname="App.Game.DealerTest" assertions="2" time="0.000926"/>
      </testsuite>
      <testsuite name="App\Game\GameScoreTest" file="/home/kalo22/dbwebb-kurser/mvc/me/report/tests/Game/GameScoreTest.php" tests="1" assertions="1" errors="0" failures="0" skipped="0" time="0.000783">
        <testcase name="testCreateObject" file="/home/kalo22/dbwebb-kurser/mvc/me/report/tests/Game/GameScoreTest.php" line="12" class="App\Game\GameScoreTest" classname="App.Game.GameScoreTest" assertions="1" time="0.000783"/>
      </testsuite>
      <testsuite name="App\Game\GameTest" file="/home/kalo22/dbwebb-kurser/mvc/me/report/tests/Game/GameTest.php" tests="16" assertions="31" errors="0" failures="0" skipped="0" time="0.019237">
        <testcase name="testCreateObject" file="/home/kalo22/dbwebb-kurser/mvc/me/report/tests/Game/GameTest.php" line="14" class="App\Game\GameTest" classname="App.Game.GameTest" assertions="1" time="0.000986"/>
        <testcase name="testStartGame" file="/home/kalo22/dbwebb-kurser/mvc/me/report/tests/Game/GameTest.php" line="23" class="App\Game\GameTest" classname="App.Game.GameTest" assertions="3" time="0.001104"/>
        <testcase name="testHit" file="/home/kalo22/dbwebb-kurser/mvc/me/report/tests/Game/GameTest.php" line="43" class="App\Game\GameTest" classname="App.Game.GameTest" assertions="1" time="0.001070"/>
        <testcase name="testHitWithScoreLessThan21" file="/home/kalo22/dbwebb-kurser/mvc/me/report/tests/Game/GameTest.php" line="56" class="App\Game\GameTest" classname="App.Game.GameTest" assertions="3" time="0.001250"/>
        <testcase name="testHitWithScoreMoreThan21" file="/home/kalo22/dbwebb-kurser/mvc/me/report/tests/Game/GameTest.php" line="76" class="App\Game\GameTest" classname="App.Game.GameTest" assertions="3" time="0.001143"/>
        <testcase name="testHitWithScore21" file="/home/kalo22/dbwebb-kurser/mvc/me/report/tests/Game/GameTest.php" line="97" class="App\Game\GameTest" classname="App.Game.GameTest" assertions="2" time="0.001497"/>
        <testcase name="testStandRevealHiddenCard" file="/home/kalo22/dbwebb-kurser/mvc/me/report/tests/Game/GameTest.php" line="120" class="App\Game\GameTest" classname="App.Game.GameTest" assertions="1" time="0.001170"/>
        <testcase name="testStandWithDealerScoreMoreThan21" file="/home/kalo22/dbwebb-kurser/mvc/me/report/tests/Game/GameTest.php" line="131" class="App\Game\GameTest" classname="App.Game.GameTest" assertions="2" time="0.001581"/>
        <testcase name="testRevealDealerCard" file="/home/kalo22/dbwebb-kurser/mvc/me/report/tests/Game/GameTest.php" line="148" class="App\Game\GameTest" classname="App.Game.GameTest" assertions="1" time="0.001077"/>
        <testcase name="testGetLastPlayerScore" file="/home/kalo22/dbwebb-kurser/mvc/me/report/tests/Game/GameTest.php" line="159" class="App\Game\GameTest" classname="App.Game.GameTest" assertions="1" time="0.001214"/>
        <testcase name="testGetLastDealerScore" file="/home/kalo22/dbwebb-kurser/mvc/me/report/tests/Game/GameTest.php" line="173" class="App\Game\GameTest" classname="App.Game.GameTest" assertions="1" time="0.001176"/>
        <testcase name="testSetAndGetWinner" file="/home/kalo22/dbwebb-kurser/mvc/me/report/tests/Game/GameTest.php" line="187" class="App\Game\GameTest" classname="App.Game.GameTest" assertions="1" time="0.001129"/>
        <testcase name="testReset" file="/home/kalo22/dbwebb-kurser/mvc/me/report/tests/Game/GameTest.php" line="208" class="App\Game\GameTest" classname="App.Game.GameTest" assertions="6" time="0.001255"/>
        <testcase name="testCheckDeck" file="/home/kalo22/dbwebb-kurser/mvc/me/report/tests/Game/GameTest.php" line="224" class="App\Game\GameTest" classname="App.Game.GameTest" assertions="2" time="0.001158"/>
        <testcase name="testSetDeck" file="/home/kalo22/dbwebb-kurser/mvc/me/report/tests/Game/GameTest.php" line="238" class="App\Game\GameTest" classname="App.Game.GameTest" assertions="2" time="0.001146"/>
        <testcase name="testJsonSerialize" file="/home/kalo22/dbwebb-kurser/mvc/me/report/tests/Game/GameTest.php" line="250" class="App\Game\GameTest" classname="App.Game.GameTest" assertions="1" time="0.001282"/>
      </testsuite>
      <testsuite name="App\Game\PlayerTest" file="/home/kalo22/dbwebb-kurser/mvc/me/report/tests/Game/PlayerTest.php" tests="5" assertions="6" errors="0" failures="0" skipped="0" time="0.004309">
        <testcase name="testCreateObject" file="/home/kalo22/dbwebb-kurser/mvc/me/report/tests/Game/PlayerTest.php" line="13" class="App\Game\PlayerTest" classname="App.Game.PlayerTest" assertions="2" time="0.000823"/>
        <testcase name="testDrawCard" file="/home/kalo22/dbwebb-kurser/mvc/me/report/tests/Game/PlayerTest.php" line="26" class="App\Game\PlayerTest" classname="App.Game.PlayerTest" assertions="1" time="0.000919"/>
        <testcase name="testGetScore" file="/home/kalo22/dbwebb-kurser/mvc/me/report/tests/Game/PlayerTest.php" line="39" class="App\Game\PlayerTest" classname="App.Game.PlayerTest" assertions="1" time="0.000807"/>
        <testcase name="testAddScore" file="/home/kalo22/dbwebb-kurser/mvc/me/report/tests/Game/PlayerTest.php" line="50" class="App\Game\PlayerTest" classname="App.Game.PlayerTest" assertions="1" time="0.000806"/>
        <testcase name="testClearHand" file="/home/kalo22/dbwebb-kurser/mvc/me/report/tests/Game/PlayerTest.php" line="62" class="App\Game\PlayerTest" classname="App.Game.PlayerTest" assertions="1" time="0.000954"/>
      </testsuite>
      <testsuite name="App\Form\BookTypeTest" file="/home/kalo22/dbwebb-kurser/mvc/me/report/tests/Library/BookTypeTest.php" tests="1" assertions="6" errors="0" failures="0" skipped="0" time="0.005423">
        <testcase name="testSubmitValidData" file="/home/kalo22/dbwebb-kurser/mvc/me/report/tests/Library/BookTypeTest.php" line="11" class="App\Form\BookTypeTest" classname="App.Form.BookTypeTest" assertions="6" time="0.005423"/>
      </testsuite>
      <testsuite name="App\Entity\LibraryTest" file="/home/kalo22/dbwebb-kurser/mvc/me/report/tests/Library/LibraryTest.php" tests="1" assertions="1" errors="0" failures="0" skipped="0" time="0.000810">
        <testcase name="testGetId" file="/home/kalo22/dbwebb-kurser/mvc/me/report/tests/Library/LibraryTest.php" line="10" class="App\Entity\LibraryTest" classname="App.Entity.LibraryTest" assertions="1" time="0.000810"/>
      </testsuite>
      <testsuite name="App\Project\CardHandsHelperTest" file="/home/kalo22/dbwebb-kurser/mvc/me/report/tests/Project/CardHandsHelperTest.php" tests="3" assertions="5" errors="0" failures="0" skipped="0" time="0.002675">
        <testcase name="testCreateObject" file="/home/kalo22/dbwebb-kurser/mvc/me/report/tests/Project/CardHandsHelperTest.php" line="19" class="App\Project\CardHandsHelperTest" classname="App.Project.CardHandsHelperTest" assertions="1" time="0.001083"/>
        <testcase name="testFaceToNumericAceLowKQJ" file="/home/kalo22/dbwebb-kurser/mvc/me/report/tests/Project/CardHandsHelperTest.php" line="31" class="App\Project\CardHandsHelperTest" classname="App.Project.CardHandsHelperTest" assertions="3" time="0.000814"/>
        <testcase name="testNumericToFace10" file="/home/kalo22/dbwebb-kurser/mvc/me/report/tests/Project/CardHandsHelperTest.php" line="50" class="App\Project\CardHandsHelperTest" classname="App.Project.CardHandsHelperTest" assertions="1" time="0.000778"/>
      </testsuite>
      <testsuite name="App\Project\CardHandsStraightTest" file="/home/kalo22/dbwebb-kurser/mvc/me/report/tests/Project/CardHandsStraightTest.php" tests="2" assertions="2" errors="0" failures="0" skipped="0" time="0.001782">
        <testcase name="testCreateObject" file="/home/kalo22/dbwebb-kurser/mvc/me/report/tests/Project/CardHandsStraightTest.php" line="19" class="App\Project\CardHandsStraightTest" classname="App.Project.CardHandsStraightTest" assertions="1" time="0.000972"/>
        <testcase name="testStraightCombosLessThanLenght" file="/home/kalo22/dbwebb-kurser/mvc/me/report/tests/Project/CardHandsStraightTest.php" line="33" class="App\Project\CardHandsStraightTest" classname="App.Project.CardHandsStraightTest" assertions="1" time="0.000810"/>
      </testsuite>
      <testsuite name="App\Project\CardHandsTest" file="/home/kalo22/dbwebb-kurser/mvc/me/report/tests/Project/CardHandsTest.php" tests="39" assertions="47" errors="0" failures="0" skipped="0" time="0.049679">
        <testcase name="testCreateObject" file="/home/kalo22/dbwebb-kurser/mvc/me/report/tests/Project/CardHandsTest.php" line="14" class="App\Project\CardHandsTest" classname="App.Project.CardHandsTest" assertions="1" time="0.001591"/>
        <testcase name="testCheckHighCardAceHigh" file="/home/kalo22/dbwebb-kurser/mvc/me/report/tests/Project/CardHandsTest.php" line="23" class="App\Project\CardHandsTest" classname="App.Project.CardHandsTest" assertions="1" time="0.000987"/>
        <testcase name="testCheckPair" file="/home/kalo22/dbwebb-kurser/mvc/me/report/tests/Project/CardHandsTest.php" line="39" class="App\Project\CardHandsTest" classname="App.Project.CardHandsTest" assertions="1" time="0.001072"/>
        <testcase name="testCheckPair7" file="/home/kalo22/dbwebb-kurser/mvc/me/report/tests/Project/CardHandsTest.php" line="58" class="App\Project\CardHandsTest" classname="App.Project.CardHandsTest" assertions="1" time="0.001275"/>
        <testcase name="testCheckPair7Queens" file="/home/kalo22/dbwebb-kurser/mvc/me/report/tests/Project/CardHandsTest.php" line="82" class="App\Project\CardHandsTest" classname="App.Project.CardHandsTest" assertions="1" time="0.001224"/>
        <testcase name="testCheckPair7NoPair" file="/home/kalo22/dbwebb-kurser/mvc/me/report/tests/Project/CardHandsTest.php" line="106" class="App\Project\CardHandsTest" classname="App.Project.CardHandsTest" assertions="1" time="0.000950"/>
        <testcase name="testCheckPairJ" file="/home/kalo22/dbwebb-kurser/mvc/me/report/tests/Project/CardHandsTest.php" line="126" class="App\Project\CardHandsTest" classname="App.Project.CardHandsTest" assertions="1" time="0.001058"/>
        <testcase name="testCheck2Pair7" file="/home/kalo22/dbwebb-kurser/mvc/me/report/tests/Project/CardHandsTest.php" line="145" class="App\Project\CardHandsTest" classname="App.Project.CardHandsTest" assertions="1" time="0.001199"/>
        <testcase name="testCheck2Pair7OnePair" file="/home/kalo22/dbwebb-kurser/mvc/me/report/tests/Project/CardHandsTest.php" line="169" class="App\Project\CardHandsTest" classname="App.Project.CardHandsTest" assertions="1" time="0.001150"/>
        <testcase name="testCheck2Pair7NoPair" file="/home/kalo22/dbwebb-kurser/mvc/me/report/tests/Project/CardHandsTest.php" line="189" class="App\Project\CardHandsTest" classname="App.Project.CardHandsTest" assertions="1" time="0.001040"/>
        <testcase name="testCheckHighCardAceLow5Straight" file="/home/kalo22/dbwebb-kurser/mvc/me/report/tests/Project/CardHandsTest.php" line="209" class="App\Project\CardHandsTest" classname="App.Project.CardHandsTest" assertions="1" time="0.001062"/>
        <testcase name="testCheckHighCardAceLow7Straight" file="/home/kalo22/dbwebb-kurser/mvc/me/report/tests/Project/CardHandsTest.php" line="227" class="App\Project\CardHandsTest" classname="App.Project.CardHandsTest" assertions="1" time="0.001041"/>
        <testcase name="testCheckThreeOfAKind7" file="/home/kalo22/dbwebb-kurser/mvc/me/report/tests/Project/CardHandsTest.php" line="247" class="App\Project\CardHandsTest" classname="App.Project.CardHandsTest" assertions="1" time="0.001210"/>
        <testcase name="testCheckThreeOfAKind7TwoOfAKind" file="/home/kalo22/dbwebb-kurser/mvc/me/report/tests/Project/CardHandsTest.php" line="271" class="App\Project\CardHandsTest" classname="App.Project.CardHandsTest" assertions="1" time="0.001140"/>
        <testcase name="testCheckThreeOfAKind7TwoPair" file="/home/kalo22/dbwebb-kurser/mvc/me/report/tests/Project/CardHandsTest.php" line="291" class="App\Project\CardHandsTest" classname="App.Project.CardHandsTest" assertions="1" time="0.000964"/>
        <testcase name="testCheckThreeOfAKind7NoPair" file="/home/kalo22/dbwebb-kurser/mvc/me/report/tests/Project/CardHandsTest.php" line="311" class="App\Project\CardHandsTest" classname="App.Project.CardHandsTest" assertions="1" time="0.000985"/>
        <testcase name="testCheckStraight3" file="/home/kalo22/dbwebb-kurser/mvc/me/report/tests/Project/CardHandsTest.php" line="331" class="App\Project\CardHandsTest" classname="App.Project.CardHandsTest" assertions="1" time="0.000966"/>
        <testcase name="testCheckStraight7ManyStraights" file="/home/kalo22/dbwebb-kurser/mvc/me/report/tests/Project/CardHandsTest.php" line="347" class="App\Project\CardHandsTest" classname="App.Project.CardHandsTest" assertions="1" time="0.001372"/>
        <testcase name="testCheckStraight7ManyStraights2" file="/home/kalo22/dbwebb-kurser/mvc/me/report/tests/Project/CardHandsTest.php" line="370" class="App\Project\CardHandsTest" classname="App.Project.CardHandsTest" assertions="2" time="0.001499"/>
        <testcase name="testCheckStraight7NoStraight" file="/home/kalo22/dbwebb-kurser/mvc/me/report/tests/Project/CardHandsTest.php" line="416" class="App\Project\CardHandsTest" classname="App.Project.CardHandsTest" assertions="1" time="0.001580"/>
        <testcase name="testCheckFourOfAKind7" file="/home/kalo22/dbwebb-kurser/mvc/me/report/tests/Project/CardHandsTest.php" line="436" class="App\Project\CardHandsTest" classname="App.Project.CardHandsTest" assertions="1" time="0.001282"/>
        <testcase name="testCheckFourOfAKind7ThreeOfAKind" file="/home/kalo22/dbwebb-kurser/mvc/me/report/tests/Project/CardHandsTest.php" line="460" class="App\Project\CardHandsTest" classname="App.Project.CardHandsTest" assertions="1" time="0.000995"/>
        <testcase name="testCheckFlush7" file="/home/kalo22/dbwebb-kurser/mvc/me/report/tests/Project/CardHandsTest.php" line="480" class="App\Project\CardHandsTest" classname="App.Project.CardHandsTest" assertions="4" time="0.001840"/>
        <testcase name="testCheckFullHouse7" file="/home/kalo22/dbwebb-kurser/mvc/me/report/tests/Project/CardHandsTest.php" line="544" class="App\Project\CardHandsTest" classname="App.Project.CardHandsTest" assertions="2" time="0.001074"/>
        <testcase name="testCheckFullHouse7ThreeOfAKind" file="/home/kalo22/dbwebb-kurser/mvc/me/report/tests/Project/CardHandsTest.php" line="568" class="App\Project\CardHandsTest" classname="App.Project.CardHandsTest" assertions="1" time="0.001035"/>
        <testcase name="testCheckFullHouse3" file="/home/kalo22/dbwebb-kurser/mvc/me/report/tests/Project/CardHandsTest.php" line="588" class="App\Project\CardHandsTest" classname="App.Project.CardHandsTest" assertions="1" time="0.000902"/>
        <testcase name="testCheckFullHouse7Pair" file="/home/kalo22/dbwebb-kurser/mvc/me/report/tests/Project/CardHandsTest.php" line="604" class="App\Project\CardHandsTest" classname="App.Project.CardHandsTest" assertions="1" time="0.001031"/>
        <testcase name="testCheckFullHouse7TwoThreeOfAKind" file="/home/kalo22/dbwebb-kurser/mvc/me/report/tests/Project/CardHandsTest.php" line="624" class="App\Project\CardHandsTest" classname="App.Project.CardHandsTest" assertions="1" time="0.001226"/>
        <testcase name="testCheckStraightFlush7" file="/home/kalo22/dbwebb-kurser/mvc/me/report/tests/Project/CardHandsTest.php" line="653" class="App\Project\CardHandsTest" classname="App.Project.CardHandsTest" assertions="4" time="0.002395"/>
        <testcase name="testCheckBestHandStraightFlush" file="/home/kalo22/dbwebb-kurser/mvc/me/report/tests/Project/CardHandsTest.php" line="715" class="App\Project\CardHandsTest" classname="App.Project.CardHandsTest" assertions="1" time="0.001206"/>
        <testcase name="testCheckBestHandFourOfAKind" file="/home/kalo22/dbwebb-kurser/mvc/me/report/tests/Project/CardHandsTest.php" line="733" class="App\Project\CardHandsTest" classname="App.Project.CardHandsTest" assertions="1" time="0.001203"/>
        <testcase name="testCheckBestHandFullHouse" file="/home/kalo22/dbwebb-kurser/mvc/me/report/tests/Project/CardHandsTest.php" line="751" class="App\Project\CardHandsTest" classname="App.Project.CardHandsTest" assertions="1" time="0.001349"/>
        <testcase name="testCheckBestHandFlush" file="/home/kalo22/dbwebb-kurser/mvc/me/report/tests/Project/CardHandsTest.php" line="769" class="App\Project\CardHandsTest" classname="App.Project.CardHandsTest" assertions="1" time="0.001516"/>
        <testcase name="testCheckBestHandStraight" file="/home/kalo22/dbwebb-kurser/mvc/me/report/tests/Project/CardHandsTest.php" line="787" class="App\Project\CardHandsTest" classname="App.Project.CardHandsTest" assertions="1" time="0.001431"/>
        <testcase name="testCheckBestHandThreeOfAKind" file="/home/kalo22/dbwebb-kurser/mvc/me/report/tests/Project/CardHandsTest.php" line="806" class="App\Project\CardHandsTest" classname="App.Project.CardHandsTest" assertions="1" time="0.001548"/>
        <testcase name="testCheckBestHandTwoPair" file="/home/kalo22/dbwebb-kurser/mvc/me/report/tests/Project/CardHandsTest.php" line="824" class="App\Project\CardHandsTest" classname="App.Project.CardHandsTest" assertions="1" time="0.001563"/>
        <testcase name="testCheckBestHandPair" file="/home/kalo22/dbwebb-kurser/mvc/me/report/tests/Project/CardHandsTest.php" line="843" class="App\Project\CardHandsTest" classname="App.Project.CardHandsTest" assertions="1" time="0.001639"/>
        <testcase name="testCheckBestHandHighCard" file="/home/kalo22/dbwebb-kurser/mvc/me/report/tests/Project/CardHandsTest.php" line="861" class="App\Project\CardHandsTest" classname="App.Project.CardHandsTest" assertions="1" time="0.001567"/>
        <testcase name="testCheckStraightFlush7NoStraightFlush" file="/home/kalo22/dbwebb-kurser/mvc/me/report/tests/Project/CardHandsTest.php" line="879" class="App\Project\CardHandsTest" classname="App.Project.CardHandsTest" assertions="1" time="0.001509"/>
      </testsuite>
      <testsuite name="App\Project\GameDataTest" file="/home/kalo22/dbwebb-kurser/mvc/me/report/tests/Project/GameDataTest.php" tests="7" assertions="17" errors="0" failures="0" skipped="0" time="0.007287">
        <testcase name="testGameData" file="/home/kalo22/dbwebb-kurser/mvc/me/report/tests/Project/GameDataTest.php" line="13" class="App\Project\GameDataTest" classname="App.Project.GameDataTest" assertions="1" time="0.001129"/>
        <testcase name="testSetAndGetPlayers" file="/home/kalo22/dbwebb-kurser/mvc/me/report/tests/Project/GameDataTest.php" line="23" class="App\Project\GameDataTest" classname="App.Project.GameDataTest" assertions="2" time="0.000833"/>
        <testcase name="testSetAndGetGameStage" file="/home/kalo22/dbwebb-kurser/mvc/me/report/tests/Project/GameDataTest.php" line="38" class="App\Project\GameDataTest" classname="App.Project.GameDataTest" assertions="6" time="0.000875"/>
        <testcase name="testSetAndGetPot" file="/home/kalo22/dbwebb-kurser/mvc/me/report/tests/Project/GameDataTest.php" line="77" class="App\Project\GameDataTest" classname="App.Project.GameDataTest" assertions="2" time="0.000833"/>
        <testcase name="testSetAndGetTableCards" file="/home/kalo22/dbwebb-kurser/mvc/me/report/tests/Project/GameDataTest.php" line="95" class="App\Project\GameDataTest" classname="App.Project.GameDataTest" assertions="2" time="0.000817"/>
        <testcase name="testSetAndGetRoundWinner" file="/home/kalo22/dbwebb-kurser/mvc/me/report/tests/Project/GameDataTest.php" line="116" class="App\Project\GameDataTest" classname="App.Project.GameDataTest" assertions="2" time="0.001914"/>
        <testcase name="testSetAndGetWinnerHand" file="/home/kalo22/dbwebb-kurser/mvc/me/report/tests/Project/GameDataTest.php" line="136" class="App\Project\GameDataTest" classname="App.Project.GameDataTest" assertions="2" time="0.000886"/>
      </testsuite>
      <testsuite name="App\Project\GameLogicTest" file="/home/kalo22/dbwebb-kurser/mvc/me/report/tests/Project/GameLogicTest.php" tests="10" assertions="17" errors="0" failures="0" skipped="0" time="0.015089">
        <testcase name="testIsRoundOver" file="/home/kalo22/dbwebb-kurser/mvc/me/report/tests/Project/GameLogicTest.php" line="14" class="App\Project\GameLogicTest" classname="App.Project.GameLogicTest" assertions="3" time="0.001604"/>
        <testcase name="testGetHighestBet" file="/home/kalo22/dbwebb-kurser/mvc/me/report/tests/Project/GameLogicTest.php" line="48" class="App\Project\GameLogicTest" classname="App.Project.GameLogicTest" assertions="2" time="0.001227"/>
        <testcase name="testIsPlayerReady" file="/home/kalo22/dbwebb-kurser/mvc/me/report/tests/Project/GameLogicTest.php" line="80" class="App\Project\GameLogicTest" classname="App.Project.GameLogicTest" assertions="2" time="0.001218"/>
        <testcase name="testGetNumberOfFoldedPlayers" file="/home/kalo22/dbwebb-kurser/mvc/me/report/tests/Project/GameLogicTest.php" line="114" class="App\Project\GameLogicTest" classname="App.Project.GameLogicTest" assertions="3" time="0.001296"/>
        <testcase name="testCheckNextStage" file="/home/kalo22/dbwebb-kurser/mvc/me/report/tests/Project/GameLogicTest.php" line="151" class="App\Project\GameLogicTest" classname="App.Project.GameLogicTest" assertions="2" time="0.001302"/>
        <testcase name="testGetWinnerByFold" file="/home/kalo22/dbwebb-kurser/mvc/me/report/tests/Project/GameLogicTest.php" line="183" class="App\Project\GameLogicTest" classname="App.Project.GameLogicTest" assertions="1" time="0.001208"/>
        <testcase name="testGetWinnerByHand" file="/home/kalo22/dbwebb-kurser/mvc/me/report/tests/Project/GameLogicTest.php" line="207" class="App\Project\GameLogicTest" classname="App.Project.GameLogicTest" assertions="1" time="0.002120"/>
        <testcase name="testIsTied" file="/home/kalo22/dbwebb-kurser/mvc/me/report/tests/Project/GameLogicTest.php" line="262" class="App\Project\GameLogicTest" classname="App.Project.GameLogicTest" assertions="1" time="0.001707"/>
        <testcase name="testIsTiedFalse" file="/home/kalo22/dbwebb-kurser/mvc/me/report/tests/Project/GameLogicTest.php" line="319" class="App\Project\GameLogicTest" classname="App.Project.GameLogicTest" assertions="1" time="0.001707"/>
        <testcase name="testGetTiedWinners" file="/home/kalo22/dbwebb-kurser/mvc/me/report/tests/Project/GameLogicTest.php" line="377" class="App\Project\GameLogicTest" classname="App.Project.GameLogicTest" assertions="1" time="0.001700"/>
      </testsuite>
      <testsuite name="App\Project\GameQueueTest" file="/home/kalo22/dbwebb-kurser/mvc/me/report/tests/Project/GameQueueTest.php" tests="5" assertions="16" errors="0" failures="0" skipped="0" time="0.005193">
        <testcase name="testGameQueue" file="/home/kalo22/dbwebb-kurser/mvc/me/report/tests/Project/GameQueueTest.php" line="15" class="App\Project\GameQueueTest" classname="App.Project.GameQueueTest" assertions="1" time="0.001108"/>
        <testcase name="testSetRolesBeforeStart" file="/home/kalo22/dbwebb-kurser/mvc/me/report/tests/Project/GameQueueTest.php" line="28" class="App\Project\GameQueueTest" classname="App.Project.GameQueueTest" assertions="6" time="0.001231"/>
        <testcase name="testDequePlayerWithEmptyQueue" file="/home/kalo22/dbwebb-kurser/mvc/me/report/tests/Project/GameQueueTest.php" line="64" class="App\Project\GameQueueTest" classname="App.Project.GameQueueTest" assertions="1" time="0.000808"/>
        <testcase name="testPeekWithEmptyQueue" file="/home/kalo22/dbwebb-kurser/mvc/me/report/tests/Project/GameQueueTest.php" line="76" class="App\Project\GameQueueTest" classname="App.Project.GameQueueTest" assertions="1" time="0.000792"/>
        <testcase name="testSetQueBeforeStart" file="/home/kalo22/dbwebb-kurser/mvc/me/report/tests/Project/GameQueueTest.php" line="88" class="App\Project\GameQueueTest" classname="App.Project.GameQueueTest" assertions="7" time="0.001254"/>
      </testsuite>
      <testsuite name="App\Project\GameStateTest" file="/home/kalo22/dbwebb-kurser/mvc/me/report/tests/Project/GameStateTest.php" tests="8" assertions="23" errors="0" failures="0" skipped="0" time="0.007190">
        <testcase name="testGameState" file="/home/kalo22/dbwebb-kurser/mvc/me/report/tests/Project/GameStateTest.php" line="14" class="App\Project\GameStateTest" classname="App.Project.GameStateTest" assertions="6" time="0.001122"/>
        <testcase name="testGetTableCardsAsString" file="/home/kalo22/dbwebb-kurser/mvc/me/report/tests/Project/GameStateTest.php" line="52" class="App\Project\GameStateTest" classname="App.Project.GameStateTest" assertions="2" time="0.000859"/>
        <testcase name="testGetNumOfTableCards" file="/home/kalo22/dbwebb-kurser/mvc/me/report/tests/Project/GameStateTest.php" line="78" class="App\Project\GameStateTest" classname="App.Project.GameStateTest" assertions="3" time="0.000871"/>
        <testcase name="testAddTrashCard" file="/home/kalo22/dbwebb-kurser/mvc/me/report/tests/Project/GameStateTest.php" line="111" class="App\Project\GameStateTest" classname="App.Project.GameStateTest" assertions="2" time="0.000853"/>
        <testcase name="testSetPot" file="/home/kalo22/dbwebb-kurser/mvc/me/report/tests/Project/GameStateTest.php" line="137" class="App\Project\GameStateTest" classname="App.Project.GameStateTest" assertions="2" time="0.000791"/>
        <testcase name="testSetSmallBlind" file="/home/kalo22/dbwebb-kurser/mvc/me/report/tests/Project/GameStateTest.php" line="157" class="App\Project\GameStateTest" classname="App.Project.GameStateTest" assertions="2" time="0.000825"/>
        <testcase name="testSetBigBlind" file="/home/kalo22/dbwebb-kurser/mvc/me/report/tests/Project/GameStateTest.php" line="177" class="App\Project\GameStateTest" classname="App.Project.GameStateTest" assertions="2" time="0.000987"/>
        <testcase name="testAddToPotAndResetPot" file="/home/kalo22/dbwebb-kurser/mvc/me/report/tests/Project/GameStateTest.php" line="197" class="App\Project\GameStateTest" classname="App.Project.GameStateTest" assertions="4" time="0.000881"/>
      </testsuite>
      <testsuite name="App\Project\NPCLogicTest" file="/home/kalo22/dbwebb-kurser/mvc/me/report/tests/Project/NPCLogicTest.php" tests="14" assertions="34" errors="0" failures="0" skipped="0" time="0.013106">
        <testcase name="testIsRunningLowOnChips" file="/home/kalo22/dbwebb-kurser/mvc/me/report/tests/Project/NPCLogicTest.php" line="14" class="App\Project\NPCLogicTest" classname="App.Project.NPCLogicTest" assertions="2" time="0.001569"/>
        <testcase name="testGetStartingCardValue" file="/home/kalo22/dbwebb-kurser/mvc/me/report/tests/Project/NPCLogicTest.php" line="27" class="App\Project\NPCLogicTest" classname="App.Project.NPCLogicTest" assertions="3" time="0.000911"/>
        <testcase name="testGetStartingCardType" file="/home/kalo22/dbwebb-kurser/mvc/me/report/tests/Project/NPCLogicTest.php" line="49" class="App\Project\NPCLogicTest" classname="App.Project.NPCLogicTest" assertions="3" time="0.000851"/>
        <testcase name="testAdjustCardRiskRank" file="/home/kalo22/dbwebb-kurser/mvc/me/report/tests/Project/NPCLogicTest.php" line="71" class="App\Project\NPCLogicTest" classname="App.Project.NPCLogicTest" assertions="4" time="0.000817"/>
        <testcase name="testHasPlayerRaised" file="/home/kalo22/dbwebb-kurser/mvc/me/report/tests/Project/NPCLogicTest.php" line="83" class="App\Project\NPCLogicTest" classname="App.Project.NPCLogicTest" assertions="2" time="0.000814"/>
        <testcase name="testHasPlayerCalled" file="/home/kalo22/dbwebb-kurser/mvc/me/report/tests/Project/NPCLogicTest.php" line="96" class="App\Project\NPCLogicTest" classname="App.Project.NPCLogicTest" assertions="2" time="0.000796"/>
        <testcase name="testHasPlayerChecked" file="/home/kalo22/dbwebb-kurser/mvc/me/report/tests/Project/NPCLogicTest.php" line="109" class="App\Project\NPCLogicTest" classname="App.Project.NPCLogicTest" assertions="2" time="0.000801"/>
        <testcase name="testAdjustRiskPlayerActions" file="/home/kalo22/dbwebb-kurser/mvc/me/report/tests/Project/NPCLogicTest.php" line="122" class="App\Project\NPCLogicTest" classname="App.Project.NPCLogicTest" assertions="6" time="0.000907"/>
        <testcase name="testAdjustRiskPotAndBlind" file="/home/kalo22/dbwebb-kurser/mvc/me/report/tests/Project/NPCLogicTest.php" line="147" class="App\Project\NPCLogicTest" classname="App.Project.NPCLogicTest" assertions="3" time="0.000806"/>
        <testcase name="testAdjustHandRiskPoints" file="/home/kalo22/dbwebb-kurser/mvc/me/report/tests/Project/NPCLogicTest.php" line="158" class="App\Project\NPCLogicTest" classname="App.Project.NPCLogicTest" assertions="3" time="0.000812"/>
        <testcase name="testWrapperMattChecks" file="/home/kalo22/dbwebb-kurser/mvc/me/report/tests/Project/NPCLogicTest.php" line="169" class="App\Project\NPCLogicTest" classname="App.Project.NPCLogicTest" assertions="1" time="0.001014"/>
        <testcase name="testWrapperMattCalls" file="/home/kalo22/dbwebb-kurser/mvc/me/report/tests/Project/NPCLogicTest.php" line="179" class="App\Project\NPCLogicTest" classname="App.Project.NPCLogicTest" assertions="1" time="0.001017"/>
        <testcase name="testWrapperMattRaises" file="/home/kalo22/dbwebb-kurser/mvc/me/report/tests/Project/NPCLogicTest.php" line="189" class="App\Project\NPCLogicTest" classname="App.Project.NPCLogicTest" assertions="1" time="0.000989"/>
        <testcase name="testSetMattFolds" file="/home/kalo22/dbwebb-kurser/mvc/me/report/tests/Project/NPCLogicTest.php" line="199" class="App\Project\NPCLogicTest" classname="App.Project.NPCLogicTest" assertions="1" time="0.001003"/>
      </testsuite>
      <testsuite name="App\Project\NPCMattTest" file="/home/kalo22/dbwebb-kurser/mvc/me/report/tests/Project/NPCMattTest.php" tests="22" assertions="34" errors="0" failures="0" skipped="0" time="0.033867">
        <testcase name="testNPCMatt" file="/home/kalo22/dbwebb-kurser/mvc/me/report/tests/Project/NPCMattTest.php" line="14" class="App\Project\NPCMattTest" classname="App.Project.NPCMattTest" assertions="1" time="0.001428"/>
        <testcase name="testGetName" file="/home/kalo22/dbwebb-kurser/mvc/me/report/tests/Project/NPCMattTest.php" line="27" class="App\Project\NPCMattTest" classname="App.Project.NPCMattTest" assertions="1" time="0.000934"/>
        <testcase name="testIsHuman" file="/home/kalo22/dbwebb-kurser/mvc/me/report/tests/Project/NPCMattTest.php" line="40" class="App\Project\NPCMattTest" classname="App.Project.NPCMattTest" assertions="1" time="0.001132"/>
        <testcase name="testSetRole" file="/home/kalo22/dbwebb-kurser/mvc/me/report/tests/Project/NPCMattTest.php" line="53" class="App\Project\NPCMattTest" classname="App.Project.NPCMattTest" assertions="1" time="0.000954"/>
        <testcase name="testGetChips" file="/home/kalo22/dbwebb-kurser/mvc/me/report/tests/Project/NPCMattTest.php" line="68" class="App\Project\NPCMattTest" classname="App.Project.NPCMattTest" assertions="1" time="0.000977"/>
        <testcase name="testIncreaseChips" file="/home/kalo22/dbwebb-kurser/mvc/me/report/tests/Project/NPCMattTest.php" line="81" class="App\Project\NPCMattTest" classname="App.Project.NPCMattTest" assertions="1" time="0.000947"/>
        <testcase name="testDecreaseChipsWithNotEnoughChips" file="/home/kalo22/dbwebb-kurser/mvc/me/report/tests/Project/NPCMattTest.php" line="96" class="App\Project\NPCMattTest" classname="App.Project.NPCMattTest" assertions="2" time="0.000973"/>
        <testcase name="testGetHand" file="/home/kalo22/dbwebb-kurser/mvc/me/report/tests/Project/NPCMattTest.php" line="117" class="App\Project\NPCMattTest" classname="App.Project.NPCMattTest" assertions="1" time="0.000927"/>
        <testcase name="testSetHandValue" file="/home/kalo22/dbwebb-kurser/mvc/me/report/tests/Project/NPCMattTest.php" line="130" class="App\Project\NPCMattTest" classname="App.Project.NPCMattTest" assertions="1" time="0.000950"/>
        <testcase name="testSetBest5CardHandStraightFlush" file="/home/kalo22/dbwebb-kurser/mvc/me/report/tests/Project/NPCMattTest.php" line="145" class="App\Project\NPCMattTest" classname="App.Project.NPCMattTest" assertions="2" time="0.002000"/>
        <testcase name="testSetBest5CardHand4OfAKind" file="/home/kalo22/dbwebb-kurser/mvc/me/report/tests/Project/NPCMattTest.php" line="182" class="App\Project\NPCMattTest" classname="App.Project.NPCMattTest" assertions="2" time="0.001857"/>
        <testcase name="testSetBest5CardHandFullHouse" file="/home/kalo22/dbwebb-kurser/mvc/me/report/tests/Project/NPCMattTest.php" line="219" class="App\Project\NPCMattTest" classname="App.Project.NPCMattTest" assertions="2" time="0.002298"/>
        <testcase name="testSetBest5CardHandFlush" file="/home/kalo22/dbwebb-kurser/mvc/me/report/tests/Project/NPCMattTest.php" line="256" class="App\Project\NPCMattTest" classname="App.Project.NPCMattTest" assertions="2" time="0.001958"/>
        <testcase name="testSetBest5CardHandStraight" file="/home/kalo22/dbwebb-kurser/mvc/me/report/tests/Project/NPCMattTest.php" line="293" class="App\Project\NPCMattTest" classname="App.Project.NPCMattTest" assertions="2" time="0.002315"/>
        <testcase name="testSetBest5CardHand3OfAKind" file="/home/kalo22/dbwebb-kurser/mvc/me/report/tests/Project/NPCMattTest.php" line="330" class="App\Project\NPCMattTest" classname="App.Project.NPCMattTest" assertions="2" time="0.002558"/>
        <testcase name="testSetBest5CardHand2Pair" file="/home/kalo22/dbwebb-kurser/mvc/me/report/tests/Project/NPCMattTest.php" line="367" class="App\Project\NPCMattTest" classname="App.Project.NPCMattTest" assertions="2" time="0.002506"/>
        <testcase name="testSetBest5CardHandPair" file="/home/kalo22/dbwebb-kurser/mvc/me/report/tests/Project/NPCMattTest.php" line="404" class="App\Project\NPCMattTest" classname="App.Project.NPCMattTest" assertions="2" time="0.002538"/>
        <testcase name="testSetBest5CardHandHighCard" file="/home/kalo22/dbwebb-kurser/mvc/me/report/tests/Project/NPCMattTest.php" line="441" class="App\Project\NPCMattTest" classname="App.Project.NPCMattTest" assertions="2" time="0.002542"/>
        <testcase name="testGetPlayerData" file="/home/kalo22/dbwebb-kurser/mvc/me/report/tests/Project/NPCMattTest.php" line="478" class="App\Project\NPCMattTest" classname="App.Project.NPCMattTest" assertions="1" time="0.001126"/>
        <testcase name="testResetBets" file="/home/kalo22/dbwebb-kurser/mvc/me/report/tests/Project/NPCMattTest.php" line="500" class="App\Project\NPCMattTest" classname="App.Project.NPCMattTest" assertions="2" time="0.000935"/>
        <testcase name="testResetHand" file="/home/kalo22/dbwebb-kurser/mvc/me/report/tests/Project/NPCMattTest.php" line="522" class="App\Project\NPCMattTest" classname="App.Project.NPCMattTest" assertions="2" time="0.000979"/>
        <testcase name="testSetAndReturnMattMove" file="/home/kalo22/dbwebb-kurser/mvc/me/report/tests/Project/NPCMattTest.php" line="548" class="App\Project\NPCMattTest" classname="App.Project.NPCMattTest" assertions="1" time="0.001033"/>
      </testsuite>
      <testsuite name="App\Project\NPCSteveTest" file="/home/kalo22/dbwebb-kurser/mvc/me/report/tests/Project/NPCSteveTest.php" tests="16" assertions="30" errors="0" failures="0" skipped="0" time="0.016753">
        <testcase name="testNPCSteve" file="/home/kalo22/dbwebb-kurser/mvc/me/report/tests/Project/NPCSteveTest.php" line="12" class="App\Project\NPCSteveTest" classname="App.Project.NPCSteveTest" assertions="1" time="0.001340"/>
        <testcase name="testGetRiskLevel" file="/home/kalo22/dbwebb-kurser/mvc/me/report/tests/Project/NPCSteveTest.php" line="25" class="App\Project\NPCSteveTest" classname="App.Project.NPCSteveTest" assertions="1" time="0.000990"/>
        <testcase name="testChangeRiskLevel" file="/home/kalo22/dbwebb-kurser/mvc/me/report/tests/Project/NPCSteveTest.php" line="38" class="App\Project\NPCSteveTest" classname="App.Project.NPCSteveTest" assertions="1" time="0.000948"/>
        <testcase name="testClearRiskLevel" file="/home/kalo22/dbwebb-kurser/mvc/me/report/tests/Project/NPCSteveTest.php" line="53" class="App\Project\NPCSteveTest" classname="App.Project.NPCSteveTest" assertions="2" time="0.000966"/>
        <testcase name="testSetSteveFold" file="/home/kalo22/dbwebb-kurser/mvc/me/report/tests/Project/NPCSteveTest.php" line="75" class="App\Project\NPCSteveTest" classname="App.Project.NPCSteveTest" assertions="3" time="0.001022"/>
        <testcase name="testSetSteveCheck" file="/home/kalo22/dbwebb-kurser/mvc/me/report/tests/Project/NPCSteveTest.php" line="100" class="App\Project\NPCSteveTest" classname="App.Project.NPCSteveTest" assertions="1" time="0.000982"/>
        <testcase name="testSetSteveCall" file="/home/kalo22/dbwebb-kurser/mvc/me/report/tests/Project/NPCSteveTest.php" line="115" class="App\Project\NPCSteveTest" classname="App.Project.NPCSteveTest" assertions="2" time="0.000985"/>
        <testcase name="testSetSteveRaise" file="/home/kalo22/dbwebb-kurser/mvc/me/report/tests/Project/NPCSteveTest.php" line="135" class="App\Project\NPCSteveTest" classname="App.Project.NPCSteveTest" assertions="2" time="0.001005"/>
        <testcase name="testSetSteveActionAndReturnDataWithFold" file="/home/kalo22/dbwebb-kurser/mvc/me/report/tests/Project/NPCSteveTest.php" line="155" class="App\Project\NPCSteveTest" classname="App.Project.NPCSteveTest" assertions="1" time="0.001041"/>
        <testcase name="testSetSteveActionAndReturnDataWithCheck" file="/home/kalo22/dbwebb-kurser/mvc/me/report/tests/Project/NPCSteveTest.php" line="170" class="App\Project\NPCSteveTest" classname="App.Project.NPCSteveTest" assertions="1" time="0.001035"/>
        <testcase name="testSetSteveActionAndReturnDataWithCall" file="/home/kalo22/dbwebb-kurser/mvc/me/report/tests/Project/NPCSteveTest.php" line="186" class="App\Project\NPCSteveTest" classname="App.Project.NPCSteveTest" assertions="1" time="0.001092"/>
        <testcase name="testSetSteveActionAndReturnDataWithRaise" file="/home/kalo22/dbwebb-kurser/mvc/me/report/tests/Project/NPCSteveTest.php" line="201" class="App\Project\NPCSteveTest" classname="App.Project.NPCSteveTest" assertions="1" time="0.001036"/>
        <testcase name="testSetSteveActionAndReturnDataWithNoAction" file="/home/kalo22/dbwebb-kurser/mvc/me/report/tests/Project/NPCSteveTest.php" line="216" class="App\Project\NPCSteveTest" classname="App.Project.NPCSteveTest" assertions="1" time="0.001052"/>
        <testcase name="testSetSteveActionPost" file="/home/kalo22/dbwebb-kurser/mvc/me/report/tests/Project/NPCSteveTest.php" line="232" class="App\Project\NPCSteveTest" classname="App.Project.NPCSteveTest" assertions="5" time="0.001037"/>
        <testcase name="testSetSteveActionPre" file="/home/kalo22/dbwebb-kurser/mvc/me/report/tests/Project/NPCSteveTest.php" line="275" class="App\Project\NPCSteveTest" classname="App.Project.NPCSteveTest" assertions="5" time="0.001009"/>
        <testcase name="testSetSteveRisk" file="/home/kalo22/dbwebb-kurser/mvc/me/report/tests/Project/NPCSteveTest.php" line="318" class="App\Project\NPCSteveTest" classname="App.Project.NPCSteveTest" assertions="2" time="0.001213"/>
      </testsuite>
      <testsuite name="App\Project\PlayerActionsTest" file="/home/kalo22/dbwebb-kurser/mvc/me/report/tests/Project/PlayerActionsTest.php" tests="3" assertions="4" errors="0" failures="0" skipped="0" time="0.002377">
        <testcase name="testGetLatestAction" file="/home/kalo22/dbwebb-kurser/mvc/me/report/tests/Project/PlayerActionsTest.php" line="12" class="App\Project\PlayerActionsTest" classname="App.Project.PlayerActionsTest" assertions="1" time="0.000789"/>
        <testcase name="testClearRoundActions" file="/home/kalo22/dbwebb-kurser/mvc/me/report/tests/Project/PlayerActionsTest.php" line="24" class="App\Project\PlayerActionsTest" classname="App.Project.PlayerActionsTest" assertions="1" time="0.000803"/>
        <testcase name="testSetHasFolded" file="/home/kalo22/dbwebb-kurser/mvc/me/report/tests/Project/PlayerActionsTest.php" line="37" class="App\Project\PlayerActionsTest" classname="App.Project.PlayerActionsTest" assertions="2" time="0.000786"/>
      </testsuite>
      <testsuite name="App\Project\PreFlopTest" file="/home/kalo22/dbwebb-kurser/mvc/me/report/tests/Project/PreFlopTest.php" tests="3" assertions="3" errors="0" failures="0" skipped="0" time="0.002531">
        <testcase name="testPreFlop" file="/home/kalo22/dbwebb-kurser/mvc/me/report/tests/Project/PreFlopTest.php" line="9" class="App\Project\PreFlopTest" classname="App.Project.PreFlopTest" assertions="1" time="0.000841"/>
        <testcase name="testGetRankingsArray" file="/home/kalo22/dbwebb-kurser/mvc/me/report/tests/Project/PreFlopTest.php" line="22" class="App\Project\PreFlopTest" classname="App.Project.PreFlopTest" assertions="1" time="0.000843"/>
        <testcase name="testGetHandByCardsAndType" file="/home/kalo22/dbwebb-kurser/mvc/me/report/tests/Project/PreFlopTest.php" line="34" class="App\Project\PreFlopTest" classname="App.Project.PreFlopTest" assertions="1" time="0.000847"/>
      </testsuite>
      <testsuite name="App\Project\ProjectGameTest" file="/home/kalo22/dbwebb-kurser/mvc/me/report/tests/Project/ProjectGameTest.php" tests="29" assertions="36" errors="0" failures="0" skipped="0" time="0.076872">
        <testcase name="testConstructor" file="/home/kalo22/dbwebb-kurser/mvc/me/report/tests/Project/ProjectGameTest.php" line="38" class="App\Project\ProjectGameTest" classname="App.Project.ProjectGameTest" assertions="1" time="0.002128"/>
        <testcase name="testSetQueAndRoles" file="/home/kalo22/dbwebb-kurser/mvc/me/report/tests/Project/ProjectGameTest.php" line="51" class="App\Project\ProjectGameTest" classname="App.Project.ProjectGameTest" assertions="1" time="0.001400"/>
        <testcase name="testTakeBlinds" file="/home/kalo22/dbwebb-kurser/mvc/me/report/tests/Project/ProjectGameTest.php" line="65" class="App\Project\ProjectGameTest" classname="App.Project.ProjectGameTest" assertions="1" time="0.001397"/>
        <testcase name="testGetGameState" file="/home/kalo22/dbwebb-kurser/mvc/me/report/tests/Project/ProjectGameTest.php" line="81" class="App\Project\ProjectGameTest" classname="App.Project.ProjectGameTest" assertions="1" time="0.001374"/>
        <testcase name="testDealCards" file="/home/kalo22/dbwebb-kurser/mvc/me/report/tests/Project/ProjectGameTest.php" line="94" class="App\Project\ProjectGameTest" classname="App.Project.ProjectGameTest" assertions="1" time="0.001611"/>
        <testcase name="testGetPossibleActions" file="/home/kalo22/dbwebb-kurser/mvc/me/report/tests/Project/ProjectGameTest.php" line="109" class="App\Project\ProjectGameTest" classname="App.Project.ProjectGameTest" assertions="2" time="0.001679"/>
        <testcase name="testDequePlayer" file="/home/kalo22/dbwebb-kurser/mvc/me/report/tests/Project/ProjectGameTest.php" line="136" class="App\Project\ProjectGameTest" classname="App.Project.ProjectGameTest" assertions="3" time="0.009520"/>
        <testcase name="testRoundOver" file="/home/kalo22/dbwebb-kurser/mvc/me/report/tests/Project/ProjectGameTest.php" line="172" class="App\Project\ProjectGameTest" classname="App.Project.ProjectGameTest" assertions="1" time="0.001597"/>
        <testcase name="testGetHighestBet" file="/home/kalo22/dbwebb-kurser/mvc/me/report/tests/Project/ProjectGameTest.php" line="190" class="App\Project\ProjectGameTest" classname="App.Project.ProjectGameTest" assertions="1" time="0.001598"/>
        <testcase name="testAddToPot" file="/home/kalo22/dbwebb-kurser/mvc/me/report/tests/Project/ProjectGameTest.php" line="208" class="App\Project\ProjectGameTest" classname="App.Project.ProjectGameTest" assertions="1" time="0.001538"/>
        <testcase name="testGetBigBlind" file="/home/kalo22/dbwebb-kurser/mvc/me/report/tests/Project/ProjectGameTest.php" line="227" class="App\Project\ProjectGameTest" classname="App.Project.ProjectGameTest" assertions="1" time="0.001530"/>
        <testcase name="testGetSmallBlind" file="/home/kalo22/dbwebb-kurser/mvc/me/report/tests/Project/ProjectGameTest.php" line="245" class="App\Project\ProjectGameTest" classname="App.Project.ProjectGameTest" assertions="1" time="0.001535"/>
        <testcase name="testCheckNextStage" file="/home/kalo22/dbwebb-kurser/mvc/me/report/tests/Project/ProjectGameTest.php" line="263" class="App\Project\ProjectGameTest" classname="App.Project.ProjectGameTest" assertions="1" time="0.001648"/>
        <testcase name="testSetNextStage" file="/home/kalo22/dbwebb-kurser/mvc/me/report/tests/Project/ProjectGameTest.php" line="281" class="App\Project\ProjectGameTest" classname="App.Project.ProjectGameTest" assertions="1" time="0.009742"/>
        <testcase name="testSetNewRound" file="/home/kalo22/dbwebb-kurser/mvc/me/report/tests/Project/ProjectGameTest.php" line="300" class="App\Project\ProjectGameTest" classname="App.Project.ProjectGameTest" assertions="1" time="0.001929"/>
        <testcase name="testSetNewRoundTie" file="/home/kalo22/dbwebb-kurser/mvc/me/report/tests/Project/ProjectGameTest.php" line="320" class="App\Project\ProjectGameTest" classname="App.Project.ProjectGameTest" assertions="1" time="0.001796"/>
        <testcase name="testGetWinner" file="/home/kalo22/dbwebb-kurser/mvc/me/report/tests/Project/ProjectGameTest.php" line="338" class="App\Project\ProjectGameTest" classname="App.Project.ProjectGameTest" assertions="1" time="0.001504"/>
        <testcase name="testSetFlop" file="/home/kalo22/dbwebb-kurser/mvc/me/report/tests/Project/ProjectGameTest.php" line="355" class="App\Project\ProjectGameTest" classname="App.Project.ProjectGameTest" assertions="2" time="0.001642"/>
        <testcase name="testSetTurn" file="/home/kalo22/dbwebb-kurser/mvc/me/report/tests/Project/ProjectGameTest.php" line="380" class="App\Project\ProjectGameTest" classname="App.Project.ProjectGameTest" assertions="2" time="0.001671"/>
        <testcase name="testSetRiver" file="/home/kalo22/dbwebb-kurser/mvc/me/report/tests/Project/ProjectGameTest.php" line="405" class="App\Project\ProjectGameTest" classname="App.Project.ProjectGameTest" assertions="2" time="0.001668"/>
        <testcase name="testIsWinnerByFold" file="/home/kalo22/dbwebb-kurser/mvc/me/report/tests/Project/ProjectGameTest.php" line="431" class="App\Project\ProjectGameTest" classname="App.Project.ProjectGameTest" assertions="1" time="0.001585"/>
        <testcase name="testCheckPreOrPostFlop" file="/home/kalo22/dbwebb-kurser/mvc/me/report/tests/Project/ProjectGameTest.php" line="450" class="App\Project\ProjectGameTest" classname="App.Project.ProjectGameTest" assertions="2" time="0.001704"/>
        <testcase name="testGetPlayer" file="/home/kalo22/dbwebb-kurser/mvc/me/report/tests/Project/ProjectGameTest.php" line="477" class="App\Project\ProjectGameTest" classname="App.Project.ProjectGameTest" assertions="1" time="0.001432"/>
        <testcase name="testIsTied" file="/home/kalo22/dbwebb-kurser/mvc/me/report/tests/Project/ProjectGameTest.php" line="493" class="App\Project\ProjectGameTest" classname="App.Project.ProjectGameTest" assertions="1" time="0.001464"/>
        <testcase name="testSetGameData" file="/home/kalo22/dbwebb-kurser/mvc/me/report/tests/Project/ProjectGameTest.php" line="512" class="App\Project\ProjectGameTest" classname="App.Project.ProjectGameTest" assertions="1" time="0.001570"/>
        <testcase name="testGetAndSetBestHands" file="/home/kalo22/dbwebb-kurser/mvc/me/report/tests/Project/ProjectGameTest.php" line="530" class="App\Project\ProjectGameTest" classname="App.Project.ProjectGameTest" assertions="1" time="0.003995"/>
        <testcase name="testGetAndSetBestHands2" file="/home/kalo22/dbwebb-kurser/mvc/me/report/tests/Project/ProjectGameTest.php" line="566" class="App\Project\ProjectGameTest" classname="App.Project.ProjectGameTest" assertions="1" time="0.005151"/>
        <testcase name="testGetAndSetBestHands3" file="/home/kalo22/dbwebb-kurser/mvc/me/report/tests/Project/ProjectGameTest.php" line="602" class="App\Project\ProjectGameTest" classname="App.Project.ProjectGameTest" assertions="1" time="0.005878"/>
        <testcase name="testGetAndSetBestHands4" file="/home/kalo22/dbwebb-kurser/mvc/me/report/tests/Project/ProjectGameTest.php" line="638" class="App\Project\ProjectGameTest" classname="App.Project.ProjectGameTest" assertions="1" time="0.005585"/>
      </testsuite>
      <testsuite name="App\Project\ProjectPlayerTest" file="/home/kalo22/dbwebb-kurser/mvc/me/report/tests/Project/ProjectPlayerTest.php" tests="30" assertions="40" errors="0" failures="0" skipped="0" time="0.042524">
        <testcase name="testGetName" file="/home/kalo22/dbwebb-kurser/mvc/me/report/tests/Project/ProjectPlayerTest.php" line="14" class="App\Project\ProjectPlayerTest" classname="App.Project.ProjectPlayerTest" assertions="1" time="0.001002"/>
        <testcase name="testSetRole" file="/home/kalo22/dbwebb-kurser/mvc/me/report/tests/Project/ProjectPlayerTest.php" line="27" class="App\Project\ProjectPlayerTest" classname="App.Project.ProjectPlayerTest" assertions="1" time="0.000964"/>
        <testcase name="testGetChips" file="/home/kalo22/dbwebb-kurser/mvc/me/report/tests/Project/ProjectPlayerTest.php" line="42" class="App\Project\ProjectPlayerTest" classname="App.Project.ProjectPlayerTest" assertions="1" time="0.000947"/>
        <testcase name="testIncreaseChips" file="/home/kalo22/dbwebb-kurser/mvc/me/report/tests/Project/ProjectPlayerTest.php" line="55" class="App\Project\ProjectPlayerTest" classname="App.Project.ProjectPlayerTest" assertions="1" time="0.000988"/>
        <testcase name="testDecreaseChips" file="/home/kalo22/dbwebb-kurser/mvc/me/report/tests/Project/ProjectPlayerTest.php" line="70" class="App\Project\ProjectPlayerTest" classname="App.Project.ProjectPlayerTest" assertions="1" time="0.000991"/>
        <testcase name="testGetBets" file="/home/kalo22/dbwebb-kurser/mvc/me/report/tests/Project/ProjectPlayerTest.php" line="85" class="App\Project\ProjectPlayerTest" classname="App.Project.ProjectPlayerTest" assertions="1" time="0.000952"/>
        <testcase name="testSetBets" file="/home/kalo22/dbwebb-kurser/mvc/me/report/tests/Project/ProjectPlayerTest.php" line="98" class="App\Project\ProjectPlayerTest" classname="App.Project.ProjectPlayerTest" assertions="1" time="0.000968"/>
        <testcase name="testResetBets" file="/home/kalo22/dbwebb-kurser/mvc/me/report/tests/Project/ProjectPlayerTest.php" line="113" class="App\Project\ProjectPlayerTest" classname="App.Project.ProjectPlayerTest" assertions="1" time="0.000973"/>
        <testcase name="testAddToBets" file="/home/kalo22/dbwebb-kurser/mvc/me/report/tests/Project/ProjectPlayerTest.php" line="129" class="App\Project\ProjectPlayerTest" classname="App.Project.ProjectPlayerTest" assertions="1" time="0.000980"/>
        <testcase name="testClearPlayerBets" file="/home/kalo22/dbwebb-kurser/mvc/me/report/tests/Project/ProjectPlayerTest.php" line="144" class="App\Project\ProjectPlayerTest" classname="App.Project.ProjectPlayerTest" assertions="1" time="0.000974"/>
        <testcase name="testGetTotalBets" file="/home/kalo22/dbwebb-kurser/mvc/me/report/tests/Project/ProjectPlayerTest.php" line="160" class="App\Project\ProjectPlayerTest" classname="App.Project.ProjectPlayerTest" assertions="1" time="0.001005"/>
        <testcase name="testGetHand" file="/home/kalo22/dbwebb-kurser/mvc/me/report/tests/Project/ProjectPlayerTest.php" line="176" class="App\Project\ProjectPlayerTest" classname="App.Project.ProjectPlayerTest" assertions="1" time="0.000958"/>
        <testcase name="testSetHand" file="/home/kalo22/dbwebb-kurser/mvc/me/report/tests/Project/ProjectPlayerTest.php" line="189" class="App\Project\ProjectPlayerTest" classname="App.Project.ProjectPlayerTest" assertions="1" time="0.000985"/>
        <testcase name="testGetPlayerActions" file="/home/kalo22/dbwebb-kurser/mvc/me/report/tests/Project/ProjectPlayerTest.php" line="209" class="App\Project\ProjectPlayerTest" classname="App.Project.ProjectPlayerTest" assertions="1" time="0.001045"/>
        <testcase name="testGetHandValue" file="/home/kalo22/dbwebb-kurser/mvc/me/report/tests/Project/ProjectPlayerTest.php" line="222" class="App\Project\ProjectPlayerTest" classname="App.Project.ProjectPlayerTest" assertions="1" time="0.000956"/>
        <testcase name="testGetString" file="/home/kalo22/dbwebb-kurser/mvc/me/report/tests/Project/ProjectPlayerTest.php" line="237" class="App\Project\ProjectPlayerTest" classname="App.Project.ProjectPlayerTest" assertions="1" time="0.001025"/>
        <testcase name="testIsHuman" file="/home/kalo22/dbwebb-kurser/mvc/me/report/tests/Project/ProjectPlayerTest.php" line="259" class="App\Project\ProjectPlayerTest" classname="App.Project.ProjectPlayerTest" assertions="1" time="0.000933"/>
        <testcase name="testSetBest5CardHand" file="/home/kalo22/dbwebb-kurser/mvc/me/report/tests/Project/ProjectPlayerTest.php" line="271" class="App\Project\ProjectPlayerTest" classname="App.Project.ProjectPlayerTest" assertions="1" time="0.001271"/>
        <testcase name="testSetBest5CardHandStraightFlush" file="/home/kalo22/dbwebb-kurser/mvc/me/report/tests/Project/ProjectPlayerTest.php" line="294" class="App\Project\ProjectPlayerTest" classname="App.Project.ProjectPlayerTest" assertions="2" time="0.002235"/>
        <testcase name="testSetBest5CardHand4OfAKind" file="/home/kalo22/dbwebb-kurser/mvc/me/report/tests/Project/ProjectPlayerTest.php" line="331" class="App\Project\ProjectPlayerTest" classname="App.Project.ProjectPlayerTest" assertions="2" time="0.002041"/>
        <testcase name="testSetBest5CardHandFullHouse" file="/home/kalo22/dbwebb-kurser/mvc/me/report/tests/Project/ProjectPlayerTest.php" line="368" class="App\Project\ProjectPlayerTest" classname="App.Project.ProjectPlayerTest" assertions="2" time="0.002156"/>
        <testcase name="testSetBest5CardHandFlush" file="/home/kalo22/dbwebb-kurser/mvc/me/report/tests/Project/ProjectPlayerTest.php" line="405" class="App\Project\ProjectPlayerTest" classname="App.Project.ProjectPlayerTest" assertions="2" time="0.002058"/>
        <testcase name="testSetBest5CardHandStraight" file="/home/kalo22/dbwebb-kurser/mvc/me/report/tests/Project/ProjectPlayerTest.php" line="442" class="App\Project\ProjectPlayerTest" classname="App.Project.ProjectPlayerTest" assertions="2" time="0.002405"/>
        <testcase name="testSetBest5CardHand3OfAKind" file="/home/kalo22/dbwebb-kurser/mvc/me/report/tests/Project/ProjectPlayerTest.php" line="479" class="App\Project\ProjectPlayerTest" classname="App.Project.ProjectPlayerTest" assertions="2" time="0.002626"/>
        <testcase name="testSetBest5CardHand2Pair" file="/home/kalo22/dbwebb-kurser/mvc/me/report/tests/Project/ProjectPlayerTest.php" line="516" class="App\Project\ProjectPlayerTest" classname="App.Project.ProjectPlayerTest" assertions="2" time="0.002679"/>
        <testcase name="testSetBest5CardHandPair" file="/home/kalo22/dbwebb-kurser/mvc/me/report/tests/Project/ProjectPlayerTest.php" line="553" class="App\Project\ProjectPlayerTest" classname="App.Project.ProjectPlayerTest" assertions="2" time="0.002641"/>
        <testcase name="testSetBest5CardHandHighCard" file="/home/kalo22/dbwebb-kurser/mvc/me/report/tests/Project/ProjectPlayerTest.php" line="590" class="App\Project\ProjectPlayerTest" classname="App.Project.ProjectPlayerTest" assertions="2" time="0.002495"/>
        <testcase name="testResetBest5CardHand" file="/home/kalo22/dbwebb-kurser/mvc/me/report/tests/Project/ProjectPlayerTest.php" line="627" class="App\Project\ProjectPlayerTest" classname="App.Project.ProjectPlayerTest" assertions="2" time="0.001257"/>
        <testcase name="testResetHand" file="/home/kalo22/dbwebb-kurser/mvc/me/report/tests/Project/ProjectPlayerTest.php" line="655" class="App\Project\ProjectPlayerTest" classname="App.Project.ProjectPlayerTest" assertions="1" time="0.000984"/>
        <testcase name="testGetPlayerData" file="/home/kalo22/dbwebb-kurser/mvc/me/report/tests/Project/ProjectPlayerTest.php" line="677" class="App\Project\ProjectPlayerTest" classname="App.Project.ProjectPlayerTest" assertions="1" time="0.001029"/>
      </testsuite>
    </testsuite>
  </testsuite>
</testsuites>
