<?xml version="1.0" encoding="UTF-8"?>
<testsuites>
  <testsuite name="/home/kalo22/dbwebb-kurser/mvc/me/report/phpunit.xml.dist" tests="276" assertions="510" errors="0" failures="0" skipped="0" time="1.036843">
    <testsuite name="Project Test Suite" tests="276" assertions="510" errors="0" failures="0" skipped="0" time="1.036843">
      <testsuite name="App\Cards\CardHandTest" file="/home/kalo22/dbwebb-kurser/mvc/me/report/tests/Cards/CardHandTest.php" tests="4" assertions="8" errors="0" failures="0" skipped="0" time="0.021302">
        <testcase name="testCreateObject" file="/home/kalo22/dbwebb-kurser/mvc/me/report/tests/Cards/CardHandTest.php" line="12" class="App\Cards\CardHandTest" classname="App.Cards.CardHandTest" assertions="2" time="0.018632"/>
        <testcase name="testAddCard" file="/home/kalo22/dbwebb-kurser/mvc/me/report/tests/Cards/CardHandTest.php" line="27" class="App\Cards\CardHandTest" classname="App.Cards.CardHandTest" assertions="1" time="0.001061"/>
        <testcase name="testGetCardsAsArray" file="/home/kalo22/dbwebb-kurser/mvc/me/report/tests/Cards/CardHandTest.php" line="43" class="App\Cards\CardHandTest" classname="App.Cards.CardHandTest" assertions="1" time="0.000736"/>
        <testcase name="testGetCardsAsArrayProj" file="/home/kalo22/dbwebb-kurser/mvc/me/report/tests/Cards/CardHandTest.php" line="57" class="App\Cards\CardHandTest" classname="App.Cards.CardHandTest" assertions="4" time="0.000873"/>
      </testsuite>
      <testsuite name="App\Cards\CardTest" file="/home/kalo22/dbwebb-kurser/mvc/me/report/tests/Cards/CardTest.php" tests="4" assertions="12" errors="0" failures="0" skipped="0" time="0.003141">
        <testcase name="testCreateObject" file="/home/kalo22/dbwebb-kurser/mvc/me/report/tests/Cards/CardTest.php" line="12" class="App\Cards\CardTest" classname="App.Cards.CardTest" assertions="3" time="0.000761"/>
        <testcase name="testGetCardText" file="/home/kalo22/dbwebb-kurser/mvc/me/report/tests/Cards/CardTest.php" line="31" class="App\Cards\CardTest" classname="App.Cards.CardTest" assertions="2" time="0.000846"/>
        <testcase name="testToString" file="/home/kalo22/dbwebb-kurser/mvc/me/report/tests/Cards/CardTest.php" line="45" class="App\Cards\CardTest" classname="App.Cards.CardTest" assertions="5" time="0.000796"/>
        <testcase name="testToJson" file="/home/kalo22/dbwebb-kurser/mvc/me/report/tests/Cards/CardTest.php" line="76" class="App\Cards\CardTest" classname="App.Cards.CardTest" assertions="2" time="0.000738"/>
      </testsuite>
      <testsuite name="App\Cards\DeckOfCardsTest" file="/home/kalo22/dbwebb-kurser/mvc/me/report/tests/Cards/DeckOfCardsTest.php" tests="4" assertions="12" errors="0" failures="0" skipped="0" time="0.005390">
        <testcase name="testCreateObject" file="/home/kalo22/dbwebb-kurser/mvc/me/report/tests/Cards/DeckOfCardsTest.php" line="12" class="App\Cards\DeckOfCardsTest" classname="App.Cards.DeckOfCardsTest" assertions="2" time="0.001032"/>
        <testcase name="testShuffle" file="/home/kalo22/dbwebb-kurser/mvc/me/report/tests/Cards/DeckOfCardsTest.php" line="26" class="App\Cards\DeckOfCardsTest" classname="App.Cards.DeckOfCardsTest" assertions="2" time="0.002423"/>
        <testcase name="testDrawCard" file="/home/kalo22/dbwebb-kurser/mvc/me/report/tests/Cards/DeckOfCardsTest.php" line="39" class="App\Cards\DeckOfCardsTest" classname="App.Cards.DeckOfCardsTest" assertions="2" time="0.001004"/>
        <testcase name="testDrawManyCards" file="/home/kalo22/dbwebb-kurser/mvc/me/report/tests/Cards/DeckOfCardsTest.php" line="52" class="App\Cards\DeckOfCardsTest" classname="App.Cards.DeckOfCardsTest" assertions="6" time="0.000931"/>
      </testsuite>
      <testsuite name="App\Cards\JokerCardTest" file="/home/kalo22/dbwebb-kurser/mvc/me/report/tests/Cards/JokerCardTest.php" tests="2" assertions="4" errors="0" failures="0" skipped="0" time="0.001690">
        <testcase name="testCreateObject" file="/home/kalo22/dbwebb-kurser/mvc/me/report/tests/Cards/JokerCardTest.php" line="12" class="App\Cards\JokerCardTest" classname="App.Cards.JokerCardTest" assertions="3" time="0.000911"/>
        <testcase name="testToString" file="/home/kalo22/dbwebb-kurser/mvc/me/report/tests/Cards/JokerCardTest.php" line="29" class="App\Cards\JokerCardTest" classname="App.Cards.JokerCardTest" assertions="1" time="0.000778"/>
      </testsuite>
      <testsuite name="App\Controller\ApiControllerTest" file="/home/kalo22/dbwebb-kurser/mvc/me/report/tests/Controller/ApiControllerTest.php" tests="2" assertions="6" errors="0" failures="0" skipped="0" time="0.069154">
        <testcase name="testIndex" file="/home/kalo22/dbwebb-kurser/mvc/me/report/tests/Controller/ApiControllerTest.php" line="9" class="App\Controller\ApiControllerTest" classname="App.Controller.ApiControllerTest" assertions="2" time="0.063207"/>
        <testcase name="testQuote" file="/home/kalo22/dbwebb-kurser/mvc/me/report/tests/Controller/ApiControllerTest.php" line="17" class="App\Controller\ApiControllerTest" classname="App.Controller.ApiControllerTest" assertions="4" time="0.005947"/>
      </testsuite>
      <testsuite name="App\Controller\ApiDeckControllerTest" file="/home/kalo22/dbwebb-kurser/mvc/me/report/tests/Controller/ApiDeckControllerTest.php" tests="5" assertions="24" errors="0" failures="0" skipped="0" time="0.034399">
        <testcase name="testGetDeck" file="/home/kalo22/dbwebb-kurser/mvc/me/report/tests/Controller/ApiDeckControllerTest.php" line="17" class="App\Controller\ApiDeckControllerTest" classname="App.Controller.ApiDeckControllerTest" assertions="3" time="0.005723"/>
        <testcase name="testShuffleDeck" file="/home/kalo22/dbwebb-kurser/mvc/me/report/tests/Controller/ApiDeckControllerTest.php" line="31" class="App\Controller\ApiDeckControllerTest" classname="App.Controller.ApiDeckControllerTest" assertions="3" time="0.007269"/>
        <testcase name="testDrawCards" file="/home/kalo22/dbwebb-kurser/mvc/me/report/tests/Controller/ApiDeckControllerTest.php" line="45" class="App\Controller\ApiDeckControllerTest" classname="App.Controller.ApiDeckControllerTest" assertions="5" time="0.007054"/>
        <testcase name="testGetGameStatusNoGame" file="/home/kalo22/dbwebb-kurser/mvc/me/report/tests/Controller/ApiDeckControllerTest.php" line="62" class="App\Controller\ApiDeckControllerTest" classname="App.Controller.ApiDeckControllerTest" assertions="3" time="0.006174"/>
        <testcase name="testGetGameStatusWithGame" file="/home/kalo22/dbwebb-kurser/mvc/me/report/tests/Controller/ApiDeckControllerTest.php" line="78" class="App\Controller\ApiDeckControllerTest" classname="App.Controller.ApiDeckControllerTest" assertions="10" time="0.008178"/>
      </testsuite>
      <testsuite name="App\Controller\ApiLibraryControllerTest" file="/home/kalo22/dbwebb-kurser/mvc/me/report/tests/Controller/ApiLibraryControllerTest.php" tests="4" assertions="9" errors="0" failures="0" skipped="0" time="0.058399">
        <testcase name="testGetBooks" file="/home/kalo22/dbwebb-kurser/mvc/me/report/tests/Controller/ApiLibraryControllerTest.php" line="13" class="App\Controller\ApiLibraryControllerTest" classname="App.Controller.ApiLibraryControllerTest" assertions="2" time="0.030566"/>
        <testcase name="testGetBooksEmpty" file="/home/kalo22/dbwebb-kurser/mvc/me/report/tests/Controller/ApiLibraryControllerTest.php" line="42" class="App\Controller\ApiLibraryControllerTest" classname="App.Controller.ApiLibraryControllerTest" assertions="2" time="0.009383"/>
        <testcase name="testGetBookByISBN" file="/home/kalo22/dbwebb-kurser/mvc/me/report/tests/Controller/ApiLibraryControllerTest.php" line="50" class="App\Controller\ApiLibraryControllerTest" classname="App.Controller.ApiLibraryControllerTest" assertions="2" time="0.011863"/>
        <testcase name="testGetBookByISBNNotFound" file="/home/kalo22/dbwebb-kurser/mvc/me/report/tests/Controller/ApiLibraryControllerTest.php" line="81" class="App\Controller\ApiLibraryControllerTest" classname="App.Controller.ApiLibraryControllerTest" assertions="3" time="0.006587"/>
      </testsuite>
      <testsuite name="App\Controller\CardControllerTest" file="/home/kalo22/dbwebb-kurser/mvc/me/report/tests/Controller/CardControllerTest.php" tests="5" assertions="14" errors="0" failures="0" skipped="0" time="0.126905">
        <testcase name="testIndex" file="/home/kalo22/dbwebb-kurser/mvc/me/report/tests/Controller/CardControllerTest.php" line="9" class="App\Controller\CardControllerTest" classname="App.Controller.CardControllerTest" assertions="1" time="0.008504"/>
        <testcase name="testDeck" file="/home/kalo22/dbwebb-kurser/mvc/me/report/tests/Controller/CardControllerTest.php" line="17" class="App\Controller\CardControllerTest" classname="App.Controller.CardControllerTest" assertions="3" time="0.012600"/>
        <testcase name="testShuffle" file="/home/kalo22/dbwebb-kurser/mvc/me/report/tests/Controller/CardControllerTest.php" line="27" class="App\Controller\CardControllerTest" classname="App.Controller.CardControllerTest" assertions="4" time="0.011953"/>
        <testcase name="testDraw" file="/home/kalo22/dbwebb-kurser/mvc/me/report/tests/Controller/CardControllerTest.php" line="39" class="App\Controller\CardControllerTest" classname="App.Controller.CardControllerTest" assertions="2" time="0.010008"/>
        <testcase name="testDrawMany" file="/home/kalo22/dbwebb-kurser/mvc/me/report/tests/Controller/CardControllerTest.php" line="48" class="App\Controller\CardControllerTest" classname="App.Controller.CardControllerTest" assertions="4" time="0.083840"/>
      </testsuite>
      <testsuite name="App\Controller\GameControllerTest" file="/home/kalo22/dbwebb-kurser/mvc/me/report/tests/Controller/GameControllerTest.php" tests="8" assertions="24" errors="0" failures="0" skipped="0" time="0.119300">
        <testcase name="testIndex" file="/home/kalo22/dbwebb-kurser/mvc/me/report/tests/Controller/GameControllerTest.php" line="23" class="App\Controller\GameControllerTest" classname="App.Controller.GameControllerTest" assertions="2" time="0.010091"/>
        <testcase name="testDoc" file="/home/kalo22/dbwebb-kurser/mvc/me/report/tests/Controller/GameControllerTest.php" line="31" class="App\Controller\GameControllerTest" classname="App.Controller.GameControllerTest" assertions="2" time="0.008530"/>
        <testcase name="testGameBlackjack" file="/home/kalo22/dbwebb-kurser/mvc/me/report/tests/Controller/GameControllerTest.php" line="39" class="App\Controller\GameControllerTest" classname="App.Controller.GameControllerTest" assertions="2" time="0.015344"/>
        <testcase name="testGameBlackjackActionHit" file="/home/kalo22/dbwebb-kurser/mvc/me/report/tests/Controller/GameControllerTest.php" line="60" class="App\Controller\GameControllerTest" classname="App.Controller.GameControllerTest" assertions="3" time="0.016902"/>
        <testcase name="testGameBlackjackActionStand" file="/home/kalo22/dbwebb-kurser/mvc/me/report/tests/Controller/GameControllerTest.php" line="73" class="App\Controller\GameControllerTest" classname="App.Controller.GameControllerTest" assertions="5" time="0.017406"/>
        <testcase name="testGameBlackjackActionNext" file="/home/kalo22/dbwebb-kurser/mvc/me/report/tests/Controller/GameControllerTest.php" line="89" class="App\Controller\GameControllerTest" classname="App.Controller.GameControllerTest" assertions="4" time="0.017552"/>
        <testcase name="testGameBlackjackActionReset" file="/home/kalo22/dbwebb-kurser/mvc/me/report/tests/Controller/GameControllerTest.php" line="103" class="App\Controller\GameControllerTest" classname="App.Controller.GameControllerTest" assertions="3" time="0.016889"/>
        <testcase name="testGameClear" file="/home/kalo22/dbwebb-kurser/mvc/me/report/tests/Controller/GameControllerTest.php" line="118" class="App\Controller\GameControllerTest" classname="App.Controller.GameControllerTest" assertions="3" time="0.016585"/>
      </testsuite>
      <testsuite name="App\Controller\HomeControllerTest" file="/home/kalo22/dbwebb-kurser/mvc/me/report/tests/Controller/HomeControllerTest.php" tests="5" assertions="10" errors="0" failures="0" skipped="0" time="0.057312">
        <testcase name="testIndex" file="/home/kalo22/dbwebb-kurser/mvc/me/report/tests/Controller/HomeControllerTest.php" line="17" class="App\Controller\HomeControllerTest" classname="App.Controller.HomeControllerTest" assertions="2" time="0.010227"/>
        <testcase name="testAbout" file="/home/kalo22/dbwebb-kurser/mvc/me/report/tests/Controller/HomeControllerTest.php" line="25" class="App\Controller\HomeControllerTest" classname="App.Controller.HomeControllerTest" assertions="2" time="0.008165"/>
        <testcase name="testReport" file="/home/kalo22/dbwebb-kurser/mvc/me/report/tests/Controller/HomeControllerTest.php" line="33" class="App\Controller\HomeControllerTest" classname="App.Controller.HomeControllerTest" assertions="2" time="0.015525"/>
        <testcase name="testLucky" file="/home/kalo22/dbwebb-kurser/mvc/me/report/tests/Controller/HomeControllerTest.php" line="41" class="App\Controller\HomeControllerTest" classname="App.Controller.HomeControllerTest" assertions="2" time="0.008934"/>
        <testcase name="testMetrics" file="/home/kalo22/dbwebb-kurser/mvc/me/report/tests/Controller/HomeControllerTest.php" line="49" class="App\Controller\HomeControllerTest" classname="App.Controller.HomeControllerTest" assertions="2" time="0.014460"/>
      </testsuite>
      <testsuite name="App\Controller\LibraryControllerTest" file="/home/kalo22/dbwebb-kurser/mvc/me/report/tests/Controller/LibraryControllerTest.php" tests="9" assertions="17" errors="0" failures="0" skipped="0" time="0.083414">
        <testcase name="testIndex" file="/home/kalo22/dbwebb-kurser/mvc/me/report/tests/Controller/LibraryControllerTest.php" line="38" class="App\Controller\LibraryControllerTest" classname="App.Controller.LibraryControllerTest" assertions="2" time="0.009486"/>
        <testcase name="testViewBook" file="/home/kalo22/dbwebb-kurser/mvc/me/report/tests/Controller/LibraryControllerTest.php" line="46" class="App\Controller\LibraryControllerTest" classname="App.Controller.LibraryControllerTest" assertions="2" time="0.011007"/>
        <testcase name="testViewBookNoExist" file="/home/kalo22/dbwebb-kurser/mvc/me/report/tests/Controller/LibraryControllerTest.php" line="56" class="App\Controller\LibraryControllerTest" classname="App.Controller.LibraryControllerTest" assertions="2" time="0.007406"/>
        <testcase name="testViewBooks" file="/home/kalo22/dbwebb-kurser/mvc/me/report/tests/Controller/LibraryControllerTest.php" line="69" class="App\Controller\LibraryControllerTest" classname="App.Controller.LibraryControllerTest" assertions="2" time="0.010990"/>
        <testcase name="testUpdateNotExist" file="/home/kalo22/dbwebb-kurser/mvc/me/report/tests/Controller/LibraryControllerTest.php" line="79" class="App\Controller\LibraryControllerTest" classname="App.Controller.LibraryControllerTest" assertions="2" time="0.006488"/>
        <testcase name="testDeleteNotExist" file="/home/kalo22/dbwebb-kurser/mvc/me/report/tests/Controller/LibraryControllerTest.php" line="92" class="App\Controller\LibraryControllerTest" classname="App.Controller.LibraryControllerTest" assertions="2" time="0.006509"/>
        <testcase name="testDelete" file="/home/kalo22/dbwebb-kurser/mvc/me/report/tests/Controller/LibraryControllerTest.php" line="105" class="App\Controller\LibraryControllerTest" classname="App.Controller.LibraryControllerTest" assertions="1" time="0.014818"/>
        <testcase name="testRedirectBook" file="/home/kalo22/dbwebb-kurser/mvc/me/report/tests/Controller/LibraryControllerTest.php" line="133" class="App\Controller\LibraryControllerTest" classname="App.Controller.LibraryControllerTest" assertions="2" time="0.008439"/>
        <testcase name="testRedirectBookNoExist" file="/home/kalo22/dbwebb-kurser/mvc/me/report/tests/Controller/LibraryControllerTest.php" line="152" class="App\Controller\LibraryControllerTest" classname="App.Controller.LibraryControllerTest" assertions="2" time="0.008271"/>
      </testsuite>
      <testsuite name="App\Controller\LibraryFormControllerTest" file="/home/kalo22/dbwebb-kurser/mvc/me/report/tests/Controller/LibraryFormControllerTest.php" tests="4" assertions="9" errors="0" failures="0" skipped="0" time="0.133592">
        <testcase name="testAddGetRequest" file="/home/kalo22/dbwebb-kurser/mvc/me/report/tests/Controller/LibraryFormControllerTest.php" line="26" class="App\Controller\LibraryFormControllerTest" classname="App.Controller.LibraryFormControllerTest" assertions="1" time="0.016351"/>
        <testcase name="testAddPostRequestValid" file="/home/kalo22/dbwebb-kurser/mvc/me/report/tests/Controller/LibraryFormControllerTest.php" line="33" class="App\Controller\LibraryFormControllerTest" classname="App.Controller.LibraryFormControllerTest" assertions="2" time="0.057431"/>
        <testcase name="testUpdatePostRequestValid" file="/home/kalo22/dbwebb-kurser/mvc/me/report/tests/Controller/LibraryFormControllerTest.php" line="60" class="App\Controller\LibraryFormControllerTest" classname="App.Controller.LibraryFormControllerTest" assertions="2" time="0.055302"/>
        <testcase name="testBookEditted" file="/home/kalo22/dbwebb-kurser/mvc/me/report/tests/Controller/LibraryFormControllerTest.php" line="89" class="App\Controller\LibraryFormControllerTest" classname="App.Controller.LibraryFormControllerTest" assertions="4" time="0.004508"/>
      </testsuite>
      <testsuite name="App\Game\DealerTest" file="/home/kalo22/dbwebb-kurser/mvc/me/report/tests/Game/DealerTest.php" tests="5" assertions="8" errors="0" failures="0" skipped="0" time="0.004360">
        <testcase name="testCreateObject" file="/home/kalo22/dbwebb-kurser/mvc/me/report/tests/Game/DealerTest.php" line="13" class="App\Game\DealerTest" classname="App.Game.DealerTest" assertions="2" time="0.000869"/>
        <testcase name="testDrawHiddenCard" file="/home/kalo22/dbwebb-kurser/mvc/me/report/tests/Game/DealerTest.php" line="26" class="App\Game\DealerTest" classname="App.Game.DealerTest" assertions="2" time="0.000941"/>
        <testcase name="testGetScore" file="/home/kalo22/dbwebb-kurser/mvc/me/report/tests/Game/DealerTest.php" line="44" class="App\Game\DealerTest" classname="App.Game.DealerTest" assertions="1" time="0.000789"/>
        <testcase name="testAddScore" file="/home/kalo22/dbwebb-kurser/mvc/me/report/tests/Game/DealerTest.php" line="55" class="App\Game\DealerTest" classname="App.Game.DealerTest" assertions="1" time="0.000789"/>
        <testcase name="testIsHiddenCardRevealed" file="/home/kalo22/dbwebb-kurser/mvc/me/report/tests/Game/DealerTest.php" line="67" class="App\Game\DealerTest" classname="App.Game.DealerTest" assertions="2" time="0.000972"/>
      </testsuite>
      <testsuite name="App\Game\GameScoreTest" file="/home/kalo22/dbwebb-kurser/mvc/me/report/tests/Game/GameScoreTest.php" tests="1" assertions="1" errors="0" failures="0" skipped="0" time="0.000784">
        <testcase name="testCreateObject" file="/home/kalo22/dbwebb-kurser/mvc/me/report/tests/Game/GameScoreTest.php" line="12" class="App\Game\GameScoreTest" classname="App.Game.GameScoreTest" assertions="1" time="0.000784"/>
      </testsuite>
      <testsuite name="App\Game\GameTest" file="/home/kalo22/dbwebb-kurser/mvc/me/report/tests/Game/GameTest.php" tests="16" assertions="31" errors="0" failures="0" skipped="0" time="0.020708">
        <testcase name="testCreateObject" file="/home/kalo22/dbwebb-kurser/mvc/me/report/tests/Game/GameTest.php" line="14" class="App\Game\GameTest" classname="App.Game.GameTest" assertions="1" time="0.000978"/>
        <testcase name="testStartGame" file="/home/kalo22/dbwebb-kurser/mvc/me/report/tests/Game/GameTest.php" line="23" class="App\Game\GameTest" classname="App.Game.GameTest" assertions="3" time="0.001089"/>
        <testcase name="testHit" file="/home/kalo22/dbwebb-kurser/mvc/me/report/tests/Game/GameTest.php" line="43" class="App\Game\GameTest" classname="App.Game.GameTest" assertions="1" time="0.001106"/>
        <testcase name="testHitWithScoreLessThan21" file="/home/kalo22/dbwebb-kurser/mvc/me/report/tests/Game/GameTest.php" line="56" class="App\Game\GameTest" classname="App.Game.GameTest" assertions="3" time="0.001429"/>
        <testcase name="testHitWithScoreMoreThan21" file="/home/kalo22/dbwebb-kurser/mvc/me/report/tests/Game/GameTest.php" line="76" class="App\Game\GameTest" classname="App.Game.GameTest" assertions="3" time="0.001365"/>
        <testcase name="testHitWithScore21" file="/home/kalo22/dbwebb-kurser/mvc/me/report/tests/Game/GameTest.php" line="97" class="App\Game\GameTest" classname="App.Game.GameTest" assertions="2" time="0.002157"/>
        <testcase name="testStandRevealHiddenCard" file="/home/kalo22/dbwebb-kurser/mvc/me/report/tests/Game/GameTest.php" line="120" class="App\Game\GameTest" classname="App.Game.GameTest" assertions="1" time="0.001162"/>
        <testcase name="testStandWithDealerScoreMoreThan21" file="/home/kalo22/dbwebb-kurser/mvc/me/report/tests/Game/GameTest.php" line="131" class="App\Game\GameTest" classname="App.Game.GameTest" assertions="2" time="0.001777"/>
        <testcase name="testRevealDealerCard" file="/home/kalo22/dbwebb-kurser/mvc/me/report/tests/Game/GameTest.php" line="148" class="App\Game\GameTest" classname="App.Game.GameTest" assertions="1" time="0.001063"/>
        <testcase name="testGetLastPlayerScore" file="/home/kalo22/dbwebb-kurser/mvc/me/report/tests/Game/GameTest.php" line="159" class="App\Game\GameTest" classname="App.Game.GameTest" assertions="1" time="0.001184"/>
        <testcase name="testGetLastDealerScore" file="/home/kalo22/dbwebb-kurser/mvc/me/report/tests/Game/GameTest.php" line="173" class="App\Game\GameTest" classname="App.Game.GameTest" assertions="1" time="0.001224"/>
        <testcase name="testSetAndGetWinner" file="/home/kalo22/dbwebb-kurser/mvc/me/report/tests/Game/GameTest.php" line="187" class="App\Game\GameTest" classname="App.Game.GameTest" assertions="1" time="0.001146"/>
        <testcase name="testReset" file="/home/kalo22/dbwebb-kurser/mvc/me/report/tests/Game/GameTest.php" line="208" class="App\Game\GameTest" classname="App.Game.GameTest" assertions="6" time="0.001276"/>
        <testcase name="testCheckDeck" file="/home/kalo22/dbwebb-kurser/mvc/me/report/tests/Game/GameTest.php" line="224" class="App\Game\GameTest" classname="App.Game.GameTest" assertions="2" time="0.001257"/>
        <testcase name="testSetDeck" file="/home/kalo22/dbwebb-kurser/mvc/me/report/tests/Game/GameTest.php" line="238" class="App\Game\GameTest" classname="App.Game.GameTest" assertions="2" time="0.001166"/>
        <testcase name="testJsonSerialize" file="/home/kalo22/dbwebb-kurser/mvc/me/report/tests/Game/GameTest.php" line="250" class="App\Game\GameTest" classname="App.Game.GameTest" assertions="1" time="0.001329"/>
      </testsuite>
      <testsuite name="App\Game\PlayerTest" file="/home/kalo22/dbwebb-kurser/mvc/me/report/tests/Game/PlayerTest.php" tests="5" assertions="6" errors="0" failures="0" skipped="0" time="0.004347">
        <testcase name="testCreateObject" file="/home/kalo22/dbwebb-kurser/mvc/me/report/tests/Game/PlayerTest.php" line="13" class="App\Game\PlayerTest" classname="App.Game.PlayerTest" assertions="2" time="0.000862"/>
        <testcase name="testDrawCard" file="/home/kalo22/dbwebb-kurser/mvc/me/report/tests/Game/PlayerTest.php" line="26" class="App\Game\PlayerTest" classname="App.Game.PlayerTest" assertions="1" time="0.000941"/>
        <testcase name="testGetScore" file="/home/kalo22/dbwebb-kurser/mvc/me/report/tests/Game/PlayerTest.php" line="39" class="App\Game\PlayerTest" classname="App.Game.PlayerTest" assertions="1" time="0.000797"/>
        <testcase name="testAddScore" file="/home/kalo22/dbwebb-kurser/mvc/me/report/tests/Game/PlayerTest.php" line="50" class="App\Game\PlayerTest" classname="App.Game.PlayerTest" assertions="1" time="0.000828"/>
        <testcase name="testClearHand" file="/home/kalo22/dbwebb-kurser/mvc/me/report/tests/Game/PlayerTest.php" line="62" class="App\Game\PlayerTest" classname="App.Game.PlayerTest" assertions="1" time="0.000919"/>
      </testsuite>
      <testsuite name="App\Form\BookTypeTest" file="/home/kalo22/dbwebb-kurser/mvc/me/report/tests/Library/BookTypeTest.php" tests="1" assertions="6" errors="0" failures="0" skipped="0" time="0.005728">
        <testcase name="testSubmitValidData" file="/home/kalo22/dbwebb-kurser/mvc/me/report/tests/Library/BookTypeTest.php" line="11" class="App\Form\BookTypeTest" classname="App.Form.BookTypeTest" assertions="6" time="0.005728"/>
      </testsuite>
      <testsuite name="App\Entity\LibraryTest" file="/home/kalo22/dbwebb-kurser/mvc/me/report/tests/Library/LibraryTest.php" tests="1" assertions="1" errors="0" failures="0" skipped="0" time="0.000826">
        <testcase name="testGetId" file="/home/kalo22/dbwebb-kurser/mvc/me/report/tests/Library/LibraryTest.php" line="10" class="App\Entity\LibraryTest" classname="App.Entity.LibraryTest" assertions="1" time="0.000826"/>
      </testsuite>
      <testsuite name="App\Project\CardHandsHelperTest" file="/home/kalo22/dbwebb-kurser/mvc/me/report/tests/Project/CardHandsHelperTest.php" tests="3" assertions="5" errors="0" failures="0" skipped="0" time="0.002793">
        <testcase name="testCreateObject" file="/home/kalo22/dbwebb-kurser/mvc/me/report/tests/Project/CardHandsHelperTest.php" line="19" class="App\Project\CardHandsHelperTest" classname="App.Project.CardHandsHelperTest" assertions="1" time="0.001174"/>
        <testcase name="testFaceToNumericAceLowKQJ" file="/home/kalo22/dbwebb-kurser/mvc/me/report/tests/Project/CardHandsHelperTest.php" line="31" class="App\Project\CardHandsHelperTest" classname="App.Project.CardHandsHelperTest" assertions="3" time="0.000836"/>
        <testcase name="testNumericToFace10" file="/home/kalo22/dbwebb-kurser/mvc/me/report/tests/Project/CardHandsHelperTest.php" line="50" class="App\Project\CardHandsHelperTest" classname="App.Project.CardHandsHelperTest" assertions="1" time="0.000783"/>
      </testsuite>
      <testsuite name="App\Project\CardHandsStraightTest" file="/home/kalo22/dbwebb-kurser/mvc/me/report/tests/Project/CardHandsStraightTest.php" tests="2" assertions="2" errors="0" failures="0" skipped="0" time="0.002248">
        <testcase name="testCreateObject" file="/home/kalo22/dbwebb-kurser/mvc/me/report/tests/Project/CardHandsStraightTest.php" line="19" class="App\Project\CardHandsStraightTest" classname="App.Project.CardHandsStraightTest" assertions="1" time="0.001351"/>
        <testcase name="testStraightCombosLessThanLenght" file="/home/kalo22/dbwebb-kurser/mvc/me/report/tests/Project/CardHandsStraightTest.php" line="33" class="App\Project\CardHandsStraightTest" classname="App.Project.CardHandsStraightTest" assertions="1" time="0.000897"/>
      </testsuite>
      <testsuite name="App\Project\CardHandsTest" file="/home/kalo22/dbwebb-kurser/mvc/me/report/tests/Project/CardHandsTest.php" tests="39" assertions="47" errors="0" failures="0" skipped="0" time="0.051012">
        <testcase name="testCreateObject" file="/home/kalo22/dbwebb-kurser/mvc/me/report/tests/Project/CardHandsTest.php" line="14" class="App\Project\CardHandsTest" classname="App.Project.CardHandsTest" assertions="1" time="0.001947"/>
        <testcase name="testCheckHighCardAceHigh" file="/home/kalo22/dbwebb-kurser/mvc/me/report/tests/Project/CardHandsTest.php" line="23" class="App\Project\CardHandsTest" classname="App.Project.CardHandsTest" assertions="1" time="0.000983"/>
        <testcase name="testCheckPair" file="/home/kalo22/dbwebb-kurser/mvc/me/report/tests/Project/CardHandsTest.php" line="39" class="App\Project\CardHandsTest" classname="App.Project.CardHandsTest" assertions="1" time="0.001078"/>
        <testcase name="testCheckPair7" file="/home/kalo22/dbwebb-kurser/mvc/me/report/tests/Project/CardHandsTest.php" line="58" class="App\Project\CardHandsTest" classname="App.Project.CardHandsTest" assertions="1" time="0.001157"/>
        <testcase name="testCheckPair7Queens" file="/home/kalo22/dbwebb-kurser/mvc/me/report/tests/Project/CardHandsTest.php" line="82" class="App\Project\CardHandsTest" classname="App.Project.CardHandsTest" assertions="1" time="0.001125"/>
        <testcase name="testCheckPair7NoPair" file="/home/kalo22/dbwebb-kurser/mvc/me/report/tests/Project/CardHandsTest.php" line="106" class="App\Project\CardHandsTest" classname="App.Project.CardHandsTest" assertions="1" time="0.000950"/>
        <testcase name="testCheckPairJ" file="/home/kalo22/dbwebb-kurser/mvc/me/report/tests/Project/CardHandsTest.php" line="126" class="App\Project\CardHandsTest" classname="App.Project.CardHandsTest" assertions="1" time="0.001162"/>
        <testcase name="testCheck2Pair7" file="/home/kalo22/dbwebb-kurser/mvc/me/report/tests/Project/CardHandsTest.php" line="145" class="App\Project\CardHandsTest" classname="App.Project.CardHandsTest" assertions="1" time="0.001206"/>
        <testcase name="testCheck2Pair7OnePair" file="/home/kalo22/dbwebb-kurser/mvc/me/report/tests/Project/CardHandsTest.php" line="169" class="App\Project\CardHandsTest" classname="App.Project.CardHandsTest" assertions="1" time="0.001000"/>
        <testcase name="testCheck2Pair7NoPair" file="/home/kalo22/dbwebb-kurser/mvc/me/report/tests/Project/CardHandsTest.php" line="189" class="App\Project\CardHandsTest" classname="App.Project.CardHandsTest" assertions="1" time="0.001054"/>
        <testcase name="testCheckHighCardAceLow5Straight" file="/home/kalo22/dbwebb-kurser/mvc/me/report/tests/Project/CardHandsTest.php" line="209" class="App\Project\CardHandsTest" classname="App.Project.CardHandsTest" assertions="1" time="0.001046"/>
        <testcase name="testCheckHighCardAceLow7Straight" file="/home/kalo22/dbwebb-kurser/mvc/me/report/tests/Project/CardHandsTest.php" line="227" class="App\Project\CardHandsTest" classname="App.Project.CardHandsTest" assertions="1" time="0.001019"/>
        <testcase name="testCheckThreeOfAKind7" file="/home/kalo22/dbwebb-kurser/mvc/me/report/tests/Project/CardHandsTest.php" line="247" class="App\Project\CardHandsTest" classname="App.Project.CardHandsTest" assertions="1" time="0.001219"/>
        <testcase name="testCheckThreeOfAKind7TwoOfAKind" file="/home/kalo22/dbwebb-kurser/mvc/me/report/tests/Project/CardHandsTest.php" line="271" class="App\Project\CardHandsTest" classname="App.Project.CardHandsTest" assertions="1" time="0.000991"/>
        <testcase name="testCheckThreeOfAKind7TwoPair" file="/home/kalo22/dbwebb-kurser/mvc/me/report/tests/Project/CardHandsTest.php" line="291" class="App\Project\CardHandsTest" classname="App.Project.CardHandsTest" assertions="1" time="0.000985"/>
        <testcase name="testCheckThreeOfAKind7NoPair" file="/home/kalo22/dbwebb-kurser/mvc/me/report/tests/Project/CardHandsTest.php" line="311" class="App\Project\CardHandsTest" classname="App.Project.CardHandsTest" assertions="1" time="0.000962"/>
        <testcase name="testCheckStraight3" file="/home/kalo22/dbwebb-kurser/mvc/me/report/tests/Project/CardHandsTest.php" line="331" class="App\Project\CardHandsTest" classname="App.Project.CardHandsTest" assertions="1" time="0.000995"/>
        <testcase name="testCheckStraight7ManyStraights" file="/home/kalo22/dbwebb-kurser/mvc/me/report/tests/Project/CardHandsTest.php" line="347" class="App\Project\CardHandsTest" classname="App.Project.CardHandsTest" assertions="1" time="0.001367"/>
        <testcase name="testCheckStraight7ManyStraights2" file="/home/kalo22/dbwebb-kurser/mvc/me/report/tests/Project/CardHandsTest.php" line="370" class="App\Project\CardHandsTest" classname="App.Project.CardHandsTest" assertions="2" time="0.001443"/>
        <testcase name="testCheckStraight7NoStraight" file="/home/kalo22/dbwebb-kurser/mvc/me/report/tests/Project/CardHandsTest.php" line="416" class="App\Project\CardHandsTest" classname="App.Project.CardHandsTest" assertions="1" time="0.001573"/>
        <testcase name="testCheckFourOfAKind7" file="/home/kalo22/dbwebb-kurser/mvc/me/report/tests/Project/CardHandsTest.php" line="436" class="App\Project\CardHandsTest" classname="App.Project.CardHandsTest" assertions="1" time="0.001288"/>
        <testcase name="testCheckFourOfAKind7ThreeOfAKind" file="/home/kalo22/dbwebb-kurser/mvc/me/report/tests/Project/CardHandsTest.php" line="460" class="App\Project\CardHandsTest" classname="App.Project.CardHandsTest" assertions="1" time="0.001031"/>
        <testcase name="testCheckFlush7" file="/home/kalo22/dbwebb-kurser/mvc/me/report/tests/Project/CardHandsTest.php" line="480" class="App\Project\CardHandsTest" classname="App.Project.CardHandsTest" assertions="4" time="0.001986"/>
        <testcase name="testCheckFullHouse7" file="/home/kalo22/dbwebb-kurser/mvc/me/report/tests/Project/CardHandsTest.php" line="544" class="App\Project\CardHandsTest" classname="App.Project.CardHandsTest" assertions="2" time="0.001190"/>
        <testcase name="testCheckFullHouse7ThreeOfAKind" file="/home/kalo22/dbwebb-kurser/mvc/me/report/tests/Project/CardHandsTest.php" line="568" class="App\Project\CardHandsTest" classname="App.Project.CardHandsTest" assertions="1" time="0.001093"/>
        <testcase name="testCheckFullHouse3" file="/home/kalo22/dbwebb-kurser/mvc/me/report/tests/Project/CardHandsTest.php" line="588" class="App\Project\CardHandsTest" classname="App.Project.CardHandsTest" assertions="1" time="0.000943"/>
        <testcase name="testCheckFullHouse7Pair" file="/home/kalo22/dbwebb-kurser/mvc/me/report/tests/Project/CardHandsTest.php" line="604" class="App\Project\CardHandsTest" classname="App.Project.CardHandsTest" assertions="1" time="0.001073"/>
        <testcase name="testCheckFullHouse7TwoThreeOfAKind" file="/home/kalo22/dbwebb-kurser/mvc/me/report/tests/Project/CardHandsTest.php" line="624" class="App\Project\CardHandsTest" classname="App.Project.CardHandsTest" assertions="1" time="0.001555"/>
        <testcase name="testCheckStraightFlush7" file="/home/kalo22/dbwebb-kurser/mvc/me/report/tests/Project/CardHandsTest.php" line="653" class="App\Project\CardHandsTest" classname="App.Project.CardHandsTest" assertions="4" time="0.002794"/>
        <testcase name="testCheckBestHandStraightFlush" file="/home/kalo22/dbwebb-kurser/mvc/me/report/tests/Project/CardHandsTest.php" line="715" class="App\Project\CardHandsTest" classname="App.Project.CardHandsTest" assertions="1" time="0.001342"/>
        <testcase name="testCheckBestHandFourOfAKind" file="/home/kalo22/dbwebb-kurser/mvc/me/report/tests/Project/CardHandsTest.php" line="733" class="App\Project\CardHandsTest" classname="App.Project.CardHandsTest" assertions="1" time="0.001327"/>
        <testcase name="testCheckBestHandFullHouse" file="/home/kalo22/dbwebb-kurser/mvc/me/report/tests/Project/CardHandsTest.php" line="751" class="App\Project\CardHandsTest" classname="App.Project.CardHandsTest" assertions="1" time="0.001381"/>
        <testcase name="testCheckBestHandFlush" file="/home/kalo22/dbwebb-kurser/mvc/me/report/tests/Project/CardHandsTest.php" line="769" class="App\Project\CardHandsTest" classname="App.Project.CardHandsTest" assertions="1" time="0.001430"/>
        <testcase name="testCheckBestHandStraight" file="/home/kalo22/dbwebb-kurser/mvc/me/report/tests/Project/CardHandsTest.php" line="787" class="App\Project\CardHandsTest" classname="App.Project.CardHandsTest" assertions="1" time="0.001448"/>
        <testcase name="testCheckBestHandThreeOfAKind" file="/home/kalo22/dbwebb-kurser/mvc/me/report/tests/Project/CardHandsTest.php" line="806" class="App\Project\CardHandsTest" classname="App.Project.CardHandsTest" assertions="1" time="0.001595"/>
        <testcase name="testCheckBestHandTwoPair" file="/home/kalo22/dbwebb-kurser/mvc/me/report/tests/Project/CardHandsTest.php" line="824" class="App\Project\CardHandsTest" classname="App.Project.CardHandsTest" assertions="1" time="0.001625"/>
        <testcase name="testCheckBestHandPair" file="/home/kalo22/dbwebb-kurser/mvc/me/report/tests/Project/CardHandsTest.php" line="843" class="App\Project\CardHandsTest" classname="App.Project.CardHandsTest" assertions="1" time="0.001563"/>
        <testcase name="testCheckBestHandHighCard" file="/home/kalo22/dbwebb-kurser/mvc/me/report/tests/Project/CardHandsTest.php" line="861" class="App\Project\CardHandsTest" classname="App.Project.CardHandsTest" assertions="1" time="0.001546"/>
        <testcase name="testCheckStraightFlush7NoStraightFlush" file="/home/kalo22/dbwebb-kurser/mvc/me/report/tests/Project/CardHandsTest.php" line="879" class="App\Project\CardHandsTest" classname="App.Project.CardHandsTest" assertions="1" time="0.001539"/>
      </testsuite>
      <testsuite name="App\Project\GameDataTest" file="/home/kalo22/dbwebb-kurser/mvc/me/report/tests/Project/GameDataTest.php" tests="7" assertions="17" errors="0" failures="0" skipped="0" time="0.007828">
        <testcase name="testGameData" file="/home/kalo22/dbwebb-kurser/mvc/me/report/tests/Project/GameDataTest.php" line="13" class="App\Project\GameDataTest" classname="App.Project.GameDataTest" assertions="1" time="0.001199"/>
        <testcase name="testSetAndGetPlayers" file="/home/kalo22/dbwebb-kurser/mvc/me/report/tests/Project/GameDataTest.php" line="23" class="App\Project\GameDataTest" classname="App.Project.GameDataTest" assertions="2" time="0.000893"/>
        <testcase name="testSetAndGetGameStage" file="/home/kalo22/dbwebb-kurser/mvc/me/report/tests/Project/GameDataTest.php" line="38" class="App\Project\GameDataTest" classname="App.Project.GameDataTest" assertions="6" time="0.000888"/>
        <testcase name="testSetAndGetPot" file="/home/kalo22/dbwebb-kurser/mvc/me/report/tests/Project/GameDataTest.php" line="77" class="App\Project\GameDataTest" classname="App.Project.GameDataTest" assertions="2" time="0.000867"/>
        <testcase name="testSetAndGetTableCards" file="/home/kalo22/dbwebb-kurser/mvc/me/report/tests/Project/GameDataTest.php" line="95" class="App\Project\GameDataTest" classname="App.Project.GameDataTest" assertions="2" time="0.000844"/>
        <testcase name="testSetAndGetRoundWinner" file="/home/kalo22/dbwebb-kurser/mvc/me/report/tests/Project/GameDataTest.php" line="116" class="App\Project\GameDataTest" classname="App.Project.GameDataTest" assertions="2" time="0.002183"/>
        <testcase name="testSetAndGetWinnerHand" file="/home/kalo22/dbwebb-kurser/mvc/me/report/tests/Project/GameDataTest.php" line="136" class="App\Project\GameDataTest" classname="App.Project.GameDataTest" assertions="2" time="0.000954"/>
      </testsuite>
      <testsuite name="App\Project\GameLogicTest" file="/home/kalo22/dbwebb-kurser/mvc/me/report/tests/Project/GameLogicTest.php" tests="10" assertions="17" errors="0" failures="0" skipped="0" time="0.016031">
        <testcase name="testIsRoundOver" file="/home/kalo22/dbwebb-kurser/mvc/me/report/tests/Project/GameLogicTest.php" line="14" class="App\Project\GameLogicTest" classname="App.Project.GameLogicTest" assertions="3" time="0.001752"/>
        <testcase name="testGetHighestBet" file="/home/kalo22/dbwebb-kurser/mvc/me/report/tests/Project/GameLogicTest.php" line="48" class="App\Project\GameLogicTest" classname="App.Project.GameLogicTest" assertions="2" time="0.001303"/>
        <testcase name="testIsPlayerReady" file="/home/kalo22/dbwebb-kurser/mvc/me/report/tests/Project/GameLogicTest.php" line="80" class="App\Project\GameLogicTest" classname="App.Project.GameLogicTest" assertions="2" time="0.001329"/>
        <testcase name="testGetNumberOfFoldedPlayers" file="/home/kalo22/dbwebb-kurser/mvc/me/report/tests/Project/GameLogicTest.php" line="114" class="App\Project\GameLogicTest" classname="App.Project.GameLogicTest" assertions="3" time="0.001280"/>
        <testcase name="testCheckNextStage" file="/home/kalo22/dbwebb-kurser/mvc/me/report/tests/Project/GameLogicTest.php" line="151" class="App\Project\GameLogicTest" classname="App.Project.GameLogicTest" assertions="2" time="0.001437"/>
        <testcase name="testGetWinnerByFold" file="/home/kalo22/dbwebb-kurser/mvc/me/report/tests/Project/GameLogicTest.php" line="183" class="App\Project\GameLogicTest" classname="App.Project.GameLogicTest" assertions="1" time="0.001290"/>
        <testcase name="testGetWinnerByHand" file="/home/kalo22/dbwebb-kurser/mvc/me/report/tests/Project/GameLogicTest.php" line="207" class="App\Project\GameLogicTest" classname="App.Project.GameLogicTest" assertions="1" time="0.002226"/>
        <testcase name="testIsTied" file="/home/kalo22/dbwebb-kurser/mvc/me/report/tests/Project/GameLogicTest.php" line="262" class="App\Project\GameLogicTest" classname="App.Project.GameLogicTest" assertions="1" time="0.001735"/>
        <testcase name="testIsTiedFalse" file="/home/kalo22/dbwebb-kurser/mvc/me/report/tests/Project/GameLogicTest.php" line="319" class="App\Project\GameLogicTest" classname="App.Project.GameLogicTest" assertions="1" time="0.001869"/>
        <testcase name="testGetTiedWinners" file="/home/kalo22/dbwebb-kurser/mvc/me/report/tests/Project/GameLogicTest.php" line="377" class="App\Project\GameLogicTest" classname="App.Project.GameLogicTest" assertions="1" time="0.001809"/>
      </testsuite>
      <testsuite name="App\Project\GameQueueTest" file="/home/kalo22/dbwebb-kurser/mvc/me/report/tests/Project/GameQueueTest.php" tests="5" assertions="16" errors="0" failures="0" skipped="0" time="0.005339">
        <testcase name="testGameQueue" file="/home/kalo22/dbwebb-kurser/mvc/me/report/tests/Project/GameQueueTest.php" line="15" class="App\Project\GameQueueTest" classname="App.Project.GameQueueTest" assertions="1" time="0.001121"/>
        <testcase name="testSetRolesBeforeStart" file="/home/kalo22/dbwebb-kurser/mvc/me/report/tests/Project/GameQueueTest.php" line="28" class="App\Project\GameQueueTest" classname="App.Project.GameQueueTest" assertions="6" time="0.001260"/>
        <testcase name="testDequePlayerWithEmptyQueue" file="/home/kalo22/dbwebb-kurser/mvc/me/report/tests/Project/GameQueueTest.php" line="64" class="App\Project\GameQueueTest" classname="App.Project.GameQueueTest" assertions="1" time="0.000828"/>
        <testcase name="testPeekWithEmptyQueue" file="/home/kalo22/dbwebb-kurser/mvc/me/report/tests/Project/GameQueueTest.php" line="76" class="App\Project\GameQueueTest" classname="App.Project.GameQueueTest" assertions="1" time="0.000836"/>
        <testcase name="testSetQueBeforeStart" file="/home/kalo22/dbwebb-kurser/mvc/me/report/tests/Project/GameQueueTest.php" line="88" class="App\Project\GameQueueTest" classname="App.Project.GameQueueTest" assertions="7" time="0.001294"/>
      </testsuite>
      <testsuite name="App\Project\GameStateTest" file="/home/kalo22/dbwebb-kurser/mvc/me/report/tests/Project/GameStateTest.php" tests="8" assertions="23" errors="0" failures="0" skipped="0" time="0.007367">
        <testcase name="testGameState" file="/home/kalo22/dbwebb-kurser/mvc/me/report/tests/Project/GameStateTest.php" line="14" class="App\Project\GameStateTest" classname="App.Project.GameStateTest" assertions="6" time="0.001185"/>
        <testcase name="testGetTableCardsAsString" file="/home/kalo22/dbwebb-kurser/mvc/me/report/tests/Project/GameStateTest.php" line="52" class="App\Project\GameStateTest" classname="App.Project.GameStateTest" assertions="2" time="0.000920"/>
        <testcase name="testGetNumOfTableCards" file="/home/kalo22/dbwebb-kurser/mvc/me/report/tests/Project/GameStateTest.php" line="78" class="App\Project\GameStateTest" classname="App.Project.GameStateTest" assertions="3" time="0.000948"/>
        <testcase name="testAddTrashCard" file="/home/kalo22/dbwebb-kurser/mvc/me/report/tests/Project/GameStateTest.php" line="111" class="App\Project\GameStateTest" classname="App.Project.GameStateTest" assertions="2" time="0.000937"/>
        <testcase name="testSetPot" file="/home/kalo22/dbwebb-kurser/mvc/me/report/tests/Project/GameStateTest.php" line="137" class="App\Project\GameStateTest" classname="App.Project.GameStateTest" assertions="2" time="0.000838"/>
        <testcase name="testSetSmallBlind" file="/home/kalo22/dbwebb-kurser/mvc/me/report/tests/Project/GameStateTest.php" line="157" class="App\Project\GameStateTest" classname="App.Project.GameStateTest" assertions="2" time="0.000860"/>
        <testcase name="testSetBigBlind" file="/home/kalo22/dbwebb-kurser/mvc/me/report/tests/Project/GameStateTest.php" line="177" class="App\Project\GameStateTest" classname="App.Project.GameStateTest" assertions="2" time="0.000817"/>
        <testcase name="testAddToPotAndResetPot" file="/home/kalo22/dbwebb-kurser/mvc/me/report/tests/Project/GameStateTest.php" line="197" class="App\Project\GameStateTest" classname="App.Project.GameStateTest" assertions="4" time="0.000863"/>
      </testsuite>
      <testsuite name="App\Project\NPCLogicTest" file="/home/kalo22/dbwebb-kurser/mvc/me/report/tests/Project/NPCLogicTest.php" tests="14" assertions="34" errors="0" failures="0" skipped="0" time="0.013467">
        <testcase name="testIsRunningLowOnChips" file="/home/kalo22/dbwebb-kurser/mvc/me/report/tests/Project/NPCLogicTest.php" line="14" class="App\Project\NPCLogicTest" classname="App.Project.NPCLogicTest" assertions="2" time="0.001641"/>
        <testcase name="testGetStartingCardValue" file="/home/kalo22/dbwebb-kurser/mvc/me/report/tests/Project/NPCLogicTest.php" line="27" class="App\Project\NPCLogicTest" classname="App.Project.NPCLogicTest" assertions="3" time="0.000974"/>
        <testcase name="testGetStartingCardType" file="/home/kalo22/dbwebb-kurser/mvc/me/report/tests/Project/NPCLogicTest.php" line="49" class="App\Project\NPCLogicTest" classname="App.Project.NPCLogicTest" assertions="3" time="0.000915"/>
        <testcase name="testAdjustCardRiskRank" file="/home/kalo22/dbwebb-kurser/mvc/me/report/tests/Project/NPCLogicTest.php" line="71" class="App\Project\NPCLogicTest" classname="App.Project.NPCLogicTest" assertions="4" time="0.000907"/>
        <testcase name="testHasPlayerRaised" file="/home/kalo22/dbwebb-kurser/mvc/me/report/tests/Project/NPCLogicTest.php" line="83" class="App\Project\NPCLogicTest" classname="App.Project.NPCLogicTest" assertions="2" time="0.000831"/>
        <testcase name="testHasPlayerCalled" file="/home/kalo22/dbwebb-kurser/mvc/me/report/tests/Project/NPCLogicTest.php" line="96" class="App\Project\NPCLogicTest" classname="App.Project.NPCLogicTest" assertions="2" time="0.000783"/>
        <testcase name="testHasPlayerChecked" file="/home/kalo22/dbwebb-kurser/mvc/me/report/tests/Project/NPCLogicTest.php" line="109" class="App\Project\NPCLogicTest" classname="App.Project.NPCLogicTest" assertions="2" time="0.000797"/>
        <testcase name="testAdjustRiskPlayerActions" file="/home/kalo22/dbwebb-kurser/mvc/me/report/tests/Project/NPCLogicTest.php" line="122" class="App\Project\NPCLogicTest" classname="App.Project.NPCLogicTest" assertions="6" time="0.000880"/>
        <testcase name="testAdjustRiskPotAndBlind" file="/home/kalo22/dbwebb-kurser/mvc/me/report/tests/Project/NPCLogicTest.php" line="147" class="App\Project\NPCLogicTest" classname="App.Project.NPCLogicTest" assertions="3" time="0.000801"/>
        <testcase name="testAdjustHandRiskPoints" file="/home/kalo22/dbwebb-kurser/mvc/me/report/tests/Project/NPCLogicTest.php" line="158" class="App\Project\NPCLogicTest" classname="App.Project.NPCLogicTest" assertions="3" time="0.000860"/>
        <testcase name="testWrapperMattChecks" file="/home/kalo22/dbwebb-kurser/mvc/me/report/tests/Project/NPCLogicTest.php" line="169" class="App\Project\NPCLogicTest" classname="App.Project.NPCLogicTest" assertions="1" time="0.001061"/>
        <testcase name="testWrapperMattCalls" file="/home/kalo22/dbwebb-kurser/mvc/me/report/tests/Project/NPCLogicTest.php" line="179" class="App\Project\NPCLogicTest" classname="App.Project.NPCLogicTest" assertions="1" time="0.001001"/>
        <testcase name="testWrapperMattRaises" file="/home/kalo22/dbwebb-kurser/mvc/me/report/tests/Project/NPCLogicTest.php" line="189" class="App\Project\NPCLogicTest" classname="App.Project.NPCLogicTest" assertions="1" time="0.000984"/>
        <testcase name="testSetMattFolds" file="/home/kalo22/dbwebb-kurser/mvc/me/report/tests/Project/NPCLogicTest.php" line="199" class="App\Project\NPCLogicTest" classname="App.Project.NPCLogicTest" assertions="1" time="0.001032"/>
      </testsuite>
      <testsuite name="App\Project\NPCMattTest" file="/home/kalo22/dbwebb-kurser/mvc/me/report/tests/Project/NPCMattTest.php" tests="22" assertions="34" errors="0" failures="0" skipped="0" time="0.034218">
        <testcase name="testNPCMatt" file="/home/kalo22/dbwebb-kurser/mvc/me/report/tests/Project/NPCMattTest.php" line="14" class="App\Project\NPCMattTest" classname="App.Project.NPCMattTest" assertions="1" time="0.001478"/>
        <testcase name="testGetName" file="/home/kalo22/dbwebb-kurser/mvc/me/report/tests/Project/NPCMattTest.php" line="27" class="App\Project\NPCMattTest" classname="App.Project.NPCMattTest" assertions="1" time="0.000992"/>
        <testcase name="testIsHuman" file="/home/kalo22/dbwebb-kurser/mvc/me/report/tests/Project/NPCMattTest.php" line="40" class="App\Project\NPCMattTest" classname="App.Project.NPCMattTest" assertions="1" time="0.000952"/>
        <testcase name="testSetRole" file="/home/kalo22/dbwebb-kurser/mvc/me/report/tests/Project/NPCMattTest.php" line="53" class="App\Project\NPCMattTest" classname="App.Project.NPCMattTest" assertions="1" time="0.000944"/>
        <testcase name="testGetChips" file="/home/kalo22/dbwebb-kurser/mvc/me/report/tests/Project/NPCMattTest.php" line="68" class="App\Project\NPCMattTest" classname="App.Project.NPCMattTest" assertions="1" time="0.000963"/>
        <testcase name="testIncreaseChips" file="/home/kalo22/dbwebb-kurser/mvc/me/report/tests/Project/NPCMattTest.php" line="81" class="App\Project\NPCMattTest" classname="App.Project.NPCMattTest" assertions="1" time="0.000932"/>
        <testcase name="testDecreaseChipsWithNotEnoughChips" file="/home/kalo22/dbwebb-kurser/mvc/me/report/tests/Project/NPCMattTest.php" line="96" class="App\Project\NPCMattTest" classname="App.Project.NPCMattTest" assertions="2" time="0.000975"/>
        <testcase name="testGetHand" file="/home/kalo22/dbwebb-kurser/mvc/me/report/tests/Project/NPCMattTest.php" line="117" class="App\Project\NPCMattTest" classname="App.Project.NPCMattTest" assertions="1" time="0.000942"/>
        <testcase name="testSetHandValue" file="/home/kalo22/dbwebb-kurser/mvc/me/report/tests/Project/NPCMattTest.php" line="130" class="App\Project\NPCMattTest" classname="App.Project.NPCMattTest" assertions="1" time="0.000961"/>
        <testcase name="testSetBest5CardHandStraightFlush" file="/home/kalo22/dbwebb-kurser/mvc/me/report/tests/Project/NPCMattTest.php" line="145" class="App\Project\NPCMattTest" classname="App.Project.NPCMattTest" assertions="2" time="0.001987"/>
        <testcase name="testSetBest5CardHand4OfAKind" file="/home/kalo22/dbwebb-kurser/mvc/me/report/tests/Project/NPCMattTest.php" line="182" class="App\Project\NPCMattTest" classname="App.Project.NPCMattTest" assertions="2" time="0.001840"/>
        <testcase name="testSetBest5CardHandFullHouse" file="/home/kalo22/dbwebb-kurser/mvc/me/report/tests/Project/NPCMattTest.php" line="219" class="App\Project\NPCMattTest" classname="App.Project.NPCMattTest" assertions="2" time="0.002036"/>
        <testcase name="testSetBest5CardHandFlush" file="/home/kalo22/dbwebb-kurser/mvc/me/report/tests/Project/NPCMattTest.php" line="256" class="App\Project\NPCMattTest" classname="App.Project.NPCMattTest" assertions="2" time="0.002035"/>
        <testcase name="testSetBest5CardHandStraight" file="/home/kalo22/dbwebb-kurser/mvc/me/report/tests/Project/NPCMattTest.php" line="293" class="App\Project\NPCMattTest" classname="App.Project.NPCMattTest" assertions="2" time="0.002307"/>
        <testcase name="testSetBest5CardHand3OfAKind" file="/home/kalo22/dbwebb-kurser/mvc/me/report/tests/Project/NPCMattTest.php" line="330" class="App\Project\NPCMattTest" classname="App.Project.NPCMattTest" assertions="2" time="0.002732"/>
        <testcase name="testSetBest5CardHand2Pair" file="/home/kalo22/dbwebb-kurser/mvc/me/report/tests/Project/NPCMattTest.php" line="367" class="App\Project\NPCMattTest" classname="App.Project.NPCMattTest" assertions="2" time="0.002599"/>
        <testcase name="testSetBest5CardHandPair" file="/home/kalo22/dbwebb-kurser/mvc/me/report/tests/Project/NPCMattTest.php" line="404" class="App\Project\NPCMattTest" classname="App.Project.NPCMattTest" assertions="2" time="0.002726"/>
        <testcase name="testSetBest5CardHandHighCard" file="/home/kalo22/dbwebb-kurser/mvc/me/report/tests/Project/NPCMattTest.php" line="441" class="App\Project\NPCMattTest" classname="App.Project.NPCMattTest" assertions="2" time="0.002557"/>
        <testcase name="testGetPlayerData" file="/home/kalo22/dbwebb-kurser/mvc/me/report/tests/Project/NPCMattTest.php" line="478" class="App\Project\NPCMattTest" classname="App.Project.NPCMattTest" assertions="1" time="0.001150"/>
        <testcase name="testResetBets" file="/home/kalo22/dbwebb-kurser/mvc/me/report/tests/Project/NPCMattTest.php" line="500" class="App\Project\NPCMattTest" classname="App.Project.NPCMattTest" assertions="2" time="0.001002"/>
        <testcase name="testResetHand" file="/home/kalo22/dbwebb-kurser/mvc/me/report/tests/Project/NPCMattTest.php" line="522" class="App\Project\NPCMattTest" classname="App.Project.NPCMattTest" assertions="2" time="0.001063"/>
        <testcase name="testSetAndReturnMattMove" file="/home/kalo22/dbwebb-kurser/mvc/me/report/tests/Project/NPCMattTest.php" line="548" class="App\Project\NPCMattTest" classname="App.Project.NPCMattTest" assertions="1" time="0.001045"/>
      </testsuite>
      <testsuite name="App\Project\NPCSteveTest" file="/home/kalo22/dbwebb-kurser/mvc/me/report/tests/Project/NPCSteveTest.php" tests="16" assertions="30" errors="0" failures="0" skipped="0" time="0.017717">
        <testcase name="testNPCSteve" file="/home/kalo22/dbwebb-kurser/mvc/me/report/tests/Project/NPCSteveTest.php" line="12" class="App\Project\NPCSteveTest" classname="App.Project.NPCSteveTest" assertions="1" time="0.001465"/>
        <testcase name="testGetRiskLevel" file="/home/kalo22/dbwebb-kurser/mvc/me/report/tests/Project/NPCSteveTest.php" line="25" class="App\Project\NPCSteveTest" classname="App.Project.NPCSteveTest" assertions="1" time="0.001058"/>
        <testcase name="testChangeRiskLevel" file="/home/kalo22/dbwebb-kurser/mvc/me/report/tests/Project/NPCSteveTest.php" line="38" class="App\Project\NPCSteveTest" classname="App.Project.NPCSteveTest" assertions="1" time="0.001019"/>
        <testcase name="testClearRiskLevel" file="/home/kalo22/dbwebb-kurser/mvc/me/report/tests/Project/NPCSteveTest.php" line="53" class="App\Project\NPCSteveTest" classname="App.Project.NPCSteveTest" assertions="2" time="0.001053"/>
        <testcase name="testSetSteveFold" file="/home/kalo22/dbwebb-kurser/mvc/me/report/tests/Project/NPCSteveTest.php" line="75" class="App\Project\NPCSteveTest" classname="App.Project.NPCSteveTest" assertions="3" time="0.001064"/>
        <testcase name="testSetSteveCheck" file="/home/kalo22/dbwebb-kurser/mvc/me/report/tests/Project/NPCSteveTest.php" line="100" class="App\Project\NPCSteveTest" classname="App.Project.NPCSteveTest" assertions="1" time="0.001049"/>
        <testcase name="testSetSteveCall" file="/home/kalo22/dbwebb-kurser/mvc/me/report/tests/Project/NPCSteveTest.php" line="115" class="App\Project\NPCSteveTest" classname="App.Project.NPCSteveTest" assertions="2" time="0.001074"/>
        <testcase name="testSetSteveRaise" file="/home/kalo22/dbwebb-kurser/mvc/me/report/tests/Project/NPCSteveTest.php" line="135" class="App\Project\NPCSteveTest" classname="App.Project.NPCSteveTest" assertions="2" time="0.001091"/>
        <testcase name="testSetSteveActionAndReturnDataWithFold" file="/home/kalo22/dbwebb-kurser/mvc/me/report/tests/Project/NPCSteveTest.php" line="155" class="App\Project\NPCSteveTest" classname="App.Project.NPCSteveTest" assertions="1" time="0.001092"/>
        <testcase name="testSetSteveActionAndReturnDataWithCheck" file="/home/kalo22/dbwebb-kurser/mvc/me/report/tests/Project/NPCSteveTest.php" line="170" class="App\Project\NPCSteveTest" classname="App.Project.NPCSteveTest" assertions="1" time="0.001079"/>
        <testcase name="testSetSteveActionAndReturnDataWithCall" file="/home/kalo22/dbwebb-kurser/mvc/me/report/tests/Project/NPCSteveTest.php" line="186" class="App\Project\NPCSteveTest" classname="App.Project.NPCSteveTest" assertions="1" time="0.001130"/>
        <testcase name="testSetSteveActionAndReturnDataWithRaise" file="/home/kalo22/dbwebb-kurser/mvc/me/report/tests/Project/NPCSteveTest.php" line="201" class="App\Project\NPCSteveTest" classname="App.Project.NPCSteveTest" assertions="1" time="0.001069"/>
        <testcase name="testSetSteveActionAndReturnDataWithNoAction" file="/home/kalo22/dbwebb-kurser/mvc/me/report/tests/Project/NPCSteveTest.php" line="216" class="App\Project\NPCSteveTest" classname="App.Project.NPCSteveTest" assertions="1" time="0.001090"/>
        <testcase name="testSetSteveActionPost" file="/home/kalo22/dbwebb-kurser/mvc/me/report/tests/Project/NPCSteveTest.php" line="232" class="App\Project\NPCSteveTest" classname="App.Project.NPCSteveTest" assertions="5" time="0.001024"/>
        <testcase name="testSetSteveActionPre" file="/home/kalo22/dbwebb-kurser/mvc/me/report/tests/Project/NPCSteveTest.php" line="275" class="App\Project\NPCSteveTest" classname="App.Project.NPCSteveTest" assertions="5" time="0.001116"/>
        <testcase name="testSetSteveRisk" file="/home/kalo22/dbwebb-kurser/mvc/me/report/tests/Project/NPCSteveTest.php" line="318" class="App\Project\NPCSteveTest" classname="App.Project.NPCSteveTest" assertions="2" time="0.001247"/>
      </testsuite>
      <testsuite name="App\Project\PlayerActionsTest" file="/home/kalo22/dbwebb-kurser/mvc/me/report/tests/Project/PlayerActionsTest.php" tests="3" assertions="4" errors="0" failures="0" skipped="0" time="0.002367">
        <testcase name="testGetLatestAction" file="/home/kalo22/dbwebb-kurser/mvc/me/report/tests/Project/PlayerActionsTest.php" line="12" class="App\Project\PlayerActionsTest" classname="App.Project.PlayerActionsTest" assertions="1" time="0.000792"/>
        <testcase name="testClearRoundActions" file="/home/kalo22/dbwebb-kurser/mvc/me/report/tests/Project/PlayerActionsTest.php" line="24" class="App\Project\PlayerActionsTest" classname="App.Project.PlayerActionsTest" assertions="1" time="0.000780"/>
        <testcase name="testSetHasFolded" file="/home/kalo22/dbwebb-kurser/mvc/me/report/tests/Project/PlayerActionsTest.php" line="37" class="App\Project\PlayerActionsTest" classname="App.Project.PlayerActionsTest" assertions="2" time="0.000796"/>
      </testsuite>
      <testsuite name="App\Project\PreFlopTest" file="/home/kalo22/dbwebb-kurser/mvc/me/report/tests/Project/PreFlopTest.php" tests="3" assertions="3" errors="0" failures="0" skipped="0" time="0.002590">
        <testcase name="testPreFlop" file="/home/kalo22/dbwebb-kurser/mvc/me/report/tests/Project/PreFlopTest.php" line="9" class="App\Project\PreFlopTest" classname="App.Project.PreFlopTest" assertions="1" time="0.000872"/>
        <testcase name="testGetRankingsArray" file="/home/kalo22/dbwebb-kurser/mvc/me/report/tests/Project/PreFlopTest.php" line="22" class="App\Project\PreFlopTest" classname="App.Project.PreFlopTest" assertions="1" time="0.000858"/>
        <testcase name="testGetHandByCardsAndType" file="/home/kalo22/dbwebb-kurser/mvc/me/report/tests/Project/PreFlopTest.php" line="34" class="App\Project\PreFlopTest" classname="App.Project.PreFlopTest" assertions="1" time="0.000859"/>
      </testsuite>
      <testsuite name="App\Project\ProjectGameTest" file="/home/kalo22/dbwebb-kurser/mvc/me/report/tests/Project/ProjectGameTest.php" tests="29" assertions="36" errors="0" failures="0" skipped="0" time="0.079601">
        <testcase name="testConstructor" file="/home/kalo22/dbwebb-kurser/mvc/me/report/tests/Project/ProjectGameTest.php" line="38" class="App\Project\ProjectGameTest" classname="App.Project.ProjectGameTest" assertions="1" time="0.002296"/>
        <testcase name="testSetQueAndRoles" file="/home/kalo22/dbwebb-kurser/mvc/me/report/tests/Project/ProjectGameTest.php" line="51" class="App\Project\ProjectGameTest" classname="App.Project.ProjectGameTest" assertions="1" time="0.001480"/>
        <testcase name="testTakeBlinds" file="/home/kalo22/dbwebb-kurser/mvc/me/report/tests/Project/ProjectGameTest.php" line="65" class="App\Project\ProjectGameTest" classname="App.Project.ProjectGameTest" assertions="1" time="0.001442"/>
        <testcase name="testGetGameState" file="/home/kalo22/dbwebb-kurser/mvc/me/report/tests/Project/ProjectGameTest.php" line="81" class="App\Project\ProjectGameTest" classname="App.Project.ProjectGameTest" assertions="1" time="0.001410"/>
        <testcase name="testDealCards" file="/home/kalo22/dbwebb-kurser/mvc/me/report/tests/Project/ProjectGameTest.php" line="94" class="App\Project\ProjectGameTest" classname="App.Project.ProjectGameTest" assertions="1" time="0.001569"/>
        <testcase name="testGetPossibleActions" file="/home/kalo22/dbwebb-kurser/mvc/me/report/tests/Project/ProjectGameTest.php" line="109" class="App\Project\ProjectGameTest" classname="App.Project.ProjectGameTest" assertions="2" time="0.001726"/>
        <testcase name="testDequePlayer" file="/home/kalo22/dbwebb-kurser/mvc/me/report/tests/Project/ProjectGameTest.php" line="136" class="App\Project\ProjectGameTest" classname="App.Project.ProjectGameTest" assertions="3" time="0.010077"/>
        <testcase name="testRoundOver" file="/home/kalo22/dbwebb-kurser/mvc/me/report/tests/Project/ProjectGameTest.php" line="172" class="App\Project\ProjectGameTest" classname="App.Project.ProjectGameTest" assertions="1" time="0.001651"/>
        <testcase name="testGetHighestBet" file="/home/kalo22/dbwebb-kurser/mvc/me/report/tests/Project/ProjectGameTest.php" line="190" class="App\Project\ProjectGameTest" classname="App.Project.ProjectGameTest" assertions="1" time="0.001645"/>
        <testcase name="testAddToPot" file="/home/kalo22/dbwebb-kurser/mvc/me/report/tests/Project/ProjectGameTest.php" line="208" class="App\Project\ProjectGameTest" classname="App.Project.ProjectGameTest" assertions="1" time="0.001588"/>
        <testcase name="testGetBigBlind" file="/home/kalo22/dbwebb-kurser/mvc/me/report/tests/Project/ProjectGameTest.php" line="227" class="App\Project\ProjectGameTest" classname="App.Project.ProjectGameTest" assertions="1" time="0.001558"/>
        <testcase name="testGetSmallBlind" file="/home/kalo22/dbwebb-kurser/mvc/me/report/tests/Project/ProjectGameTest.php" line="245" class="App\Project\ProjectGameTest" classname="App.Project.ProjectGameTest" assertions="1" time="0.001626"/>
        <testcase name="testCheckNextStage" file="/home/kalo22/dbwebb-kurser/mvc/me/report/tests/Project/ProjectGameTest.php" line="263" class="App\Project\ProjectGameTest" classname="App.Project.ProjectGameTest" assertions="1" time="0.001765"/>
        <testcase name="testSetNextStage" file="/home/kalo22/dbwebb-kurser/mvc/me/report/tests/Project/ProjectGameTest.php" line="281" class="App\Project\ProjectGameTest" classname="App.Project.ProjectGameTest" assertions="1" time="0.010017"/>
        <testcase name="testSetNewRound" file="/home/kalo22/dbwebb-kurser/mvc/me/report/tests/Project/ProjectGameTest.php" line="300" class="App\Project\ProjectGameTest" classname="App.Project.ProjectGameTest" assertions="1" time="0.001948"/>
        <testcase name="testSetNewRoundTie" file="/home/kalo22/dbwebb-kurser/mvc/me/report/tests/Project/ProjectGameTest.php" line="320" class="App\Project\ProjectGameTest" classname="App.Project.ProjectGameTest" assertions="1" time="0.001878"/>
        <testcase name="testGetWinner" file="/home/kalo22/dbwebb-kurser/mvc/me/report/tests/Project/ProjectGameTest.php" line="338" class="App\Project\ProjectGameTest" classname="App.Project.ProjectGameTest" assertions="1" time="0.001502"/>
        <testcase name="testSetFlop" file="/home/kalo22/dbwebb-kurser/mvc/me/report/tests/Project/ProjectGameTest.php" line="355" class="App\Project\ProjectGameTest" classname="App.Project.ProjectGameTest" assertions="2" time="0.001679"/>
        <testcase name="testSetTurn" file="/home/kalo22/dbwebb-kurser/mvc/me/report/tests/Project/ProjectGameTest.php" line="380" class="App\Project\ProjectGameTest" classname="App.Project.ProjectGameTest" assertions="2" time="0.001604"/>
        <testcase name="testSetRiver" file="/home/kalo22/dbwebb-kurser/mvc/me/report/tests/Project/ProjectGameTest.php" line="405" class="App\Project\ProjectGameTest" classname="App.Project.ProjectGameTest" assertions="2" time="0.002000"/>
        <testcase name="testIsWinnerByFold" file="/home/kalo22/dbwebb-kurser/mvc/me/report/tests/Project/ProjectGameTest.php" line="431" class="App\Project\ProjectGameTest" classname="App.Project.ProjectGameTest" assertions="1" time="0.001556"/>
        <testcase name="testCheckPreOrPostFlop" file="/home/kalo22/dbwebb-kurser/mvc/me/report/tests/Project/ProjectGameTest.php" line="450" class="App\Project\ProjectGameTest" classname="App.Project.ProjectGameTest" assertions="2" time="0.001712"/>
        <testcase name="testGetPlayer" file="/home/kalo22/dbwebb-kurser/mvc/me/report/tests/Project/ProjectGameTest.php" line="477" class="App\Project\ProjectGameTest" classname="App.Project.ProjectGameTest" assertions="1" time="0.001440"/>
        <testcase name="testIsTied" file="/home/kalo22/dbwebb-kurser/mvc/me/report/tests/Project/ProjectGameTest.php" line="493" class="App\Project\ProjectGameTest" classname="App.Project.ProjectGameTest" assertions="1" time="0.001499"/>
        <testcase name="testSetGameData" file="/home/kalo22/dbwebb-kurser/mvc/me/report/tests/Project/ProjectGameTest.php" line="512" class="App\Project\ProjectGameTest" classname="App.Project.ProjectGameTest" assertions="1" time="0.001525"/>
        <testcase name="testGetAndSetBestHands" file="/home/kalo22/dbwebb-kurser/mvc/me/report/tests/Project/ProjectGameTest.php" line="530" class="App\Project\ProjectGameTest" classname="App.Project.ProjectGameTest" assertions="1" time="0.004415"/>
        <testcase name="testGetAndSetBestHands2" file="/home/kalo22/dbwebb-kurser/mvc/me/report/tests/Project/ProjectGameTest.php" line="566" class="App\Project\ProjectGameTest" classname="App.Project.ProjectGameTest" assertions="1" time="0.005237"/>
        <testcase name="testGetAndSetBestHands3" file="/home/kalo22/dbwebb-kurser/mvc/me/report/tests/Project/ProjectGameTest.php" line="602" class="App\Project\ProjectGameTest" classname="App.Project.ProjectGameTest" assertions="1" time="0.005904"/>
        <testcase name="testGetAndSetBestHands4" file="/home/kalo22/dbwebb-kurser/mvc/me/report/tests/Project/ProjectGameTest.php" line="638" class="App\Project\ProjectGameTest" classname="App.Project.ProjectGameTest" assertions="1" time="0.005850"/>
      </testsuite>
      <testsuite name="App\Project\ProjectPlayerTest" file="/home/kalo22/dbwebb-kurser/mvc/me/report/tests/Project/ProjectPlayerTest.php" tests="30" assertions="40" errors="0" failures="0" skipped="0" time="0.043517">
        <testcase name="testGetName" file="/home/kalo22/dbwebb-kurser/mvc/me/report/tests/Project/ProjectPlayerTest.php" line="14" class="App\Project\ProjectPlayerTest" classname="App.Project.ProjectPlayerTest" assertions="1" time="0.001008"/>
        <testcase name="testSetRole" file="/home/kalo22/dbwebb-kurser/mvc/me/report/tests/Project/ProjectPlayerTest.php" line="27" class="App\Project\ProjectPlayerTest" classname="App.Project.ProjectPlayerTest" assertions="1" time="0.000957"/>
        <testcase name="testGetChips" file="/home/kalo22/dbwebb-kurser/mvc/me/report/tests/Project/ProjectPlayerTest.php" line="42" class="App\Project\ProjectPlayerTest" classname="App.Project.ProjectPlayerTest" assertions="1" time="0.001052"/>
        <testcase name="testIncreaseChips" file="/home/kalo22/dbwebb-kurser/mvc/me/report/tests/Project/ProjectPlayerTest.php" line="55" class="App\Project\ProjectPlayerTest" classname="App.Project.ProjectPlayerTest" assertions="1" time="0.001076"/>
        <testcase name="testDecreaseChips" file="/home/kalo22/dbwebb-kurser/mvc/me/report/tests/Project/ProjectPlayerTest.php" line="70" class="App\Project\ProjectPlayerTest" classname="App.Project.ProjectPlayerTest" assertions="1" time="0.000999"/>
        <testcase name="testGetBets" file="/home/kalo22/dbwebb-kurser/mvc/me/report/tests/Project/ProjectPlayerTest.php" line="85" class="App\Project\ProjectPlayerTest" classname="App.Project.ProjectPlayerTest" assertions="1" time="0.000989"/>
        <testcase name="testSetBets" file="/home/kalo22/dbwebb-kurser/mvc/me/report/tests/Project/ProjectPlayerTest.php" line="98" class="App\Project\ProjectPlayerTest" classname="App.Project.ProjectPlayerTest" assertions="1" time="0.001063"/>
        <testcase name="testResetBets" file="/home/kalo22/dbwebb-kurser/mvc/me/report/tests/Project/ProjectPlayerTest.php" line="113" class="App\Project\ProjectPlayerTest" classname="App.Project.ProjectPlayerTest" assertions="1" time="0.001026"/>
        <testcase name="testAddToBets" file="/home/kalo22/dbwebb-kurser/mvc/me/report/tests/Project/ProjectPlayerTest.php" line="129" class="App\Project\ProjectPlayerTest" classname="App.Project.ProjectPlayerTest" assertions="1" time="0.001032"/>
        <testcase name="testClearPlayerBets" file="/home/kalo22/dbwebb-kurser/mvc/me/report/tests/Project/ProjectPlayerTest.php" line="144" class="App\Project\ProjectPlayerTest" classname="App.Project.ProjectPlayerTest" assertions="1" time="0.001066"/>
        <testcase name="testGetTotalBets" file="/home/kalo22/dbwebb-kurser/mvc/me/report/tests/Project/ProjectPlayerTest.php" line="160" class="App\Project\ProjectPlayerTest" classname="App.Project.ProjectPlayerTest" assertions="1" time="0.001017"/>
        <testcase name="testGetHand" file="/home/kalo22/dbwebb-kurser/mvc/me/report/tests/Project/ProjectPlayerTest.php" line="176" class="App\Project\ProjectPlayerTest" classname="App.Project.ProjectPlayerTest" assertions="1" time="0.001059"/>
        <testcase name="testSetHand" file="/home/kalo22/dbwebb-kurser/mvc/me/report/tests/Project/ProjectPlayerTest.php" line="189" class="App\Project\ProjectPlayerTest" classname="App.Project.ProjectPlayerTest" assertions="1" time="0.001056"/>
        <testcase name="testGetPlayerActions" file="/home/kalo22/dbwebb-kurser/mvc/me/report/tests/Project/ProjectPlayerTest.php" line="209" class="App\Project\ProjectPlayerTest" classname="App.Project.ProjectPlayerTest" assertions="1" time="0.001010"/>
        <testcase name="testGetHandValue" file="/home/kalo22/dbwebb-kurser/mvc/me/report/tests/Project/ProjectPlayerTest.php" line="222" class="App\Project\ProjectPlayerTest" classname="App.Project.ProjectPlayerTest" assertions="1" time="0.001068"/>
        <testcase name="testGetString" file="/home/kalo22/dbwebb-kurser/mvc/me/report/tests/Project/ProjectPlayerTest.php" line="237" class="App\Project\ProjectPlayerTest" classname="App.Project.ProjectPlayerTest" assertions="1" time="0.001111"/>
        <testcase name="testIsHuman" file="/home/kalo22/dbwebb-kurser/mvc/me/report/tests/Project/ProjectPlayerTest.php" line="259" class="App\Project\ProjectPlayerTest" classname="App.Project.ProjectPlayerTest" assertions="1" time="0.000994"/>
        <testcase name="testSetBest5CardHand" file="/home/kalo22/dbwebb-kurser/mvc/me/report/tests/Project/ProjectPlayerTest.php" line="271" class="App\Project\ProjectPlayerTest" classname="App.Project.ProjectPlayerTest" assertions="1" time="0.001322"/>
        <testcase name="testSetBest5CardHandStraightFlush" file="/home/kalo22/dbwebb-kurser/mvc/me/report/tests/Project/ProjectPlayerTest.php" line="294" class="App\Project\ProjectPlayerTest" classname="App.Project.ProjectPlayerTest" assertions="2" time="0.002035"/>
        <testcase name="testSetBest5CardHand4OfAKind" file="/home/kalo22/dbwebb-kurser/mvc/me/report/tests/Project/ProjectPlayerTest.php" line="331" class="App\Project\ProjectPlayerTest" classname="App.Project.ProjectPlayerTest" assertions="2" time="0.002024"/>
        <testcase name="testSetBest5CardHandFullHouse" file="/home/kalo22/dbwebb-kurser/mvc/me/report/tests/Project/ProjectPlayerTest.php" line="368" class="App\Project\ProjectPlayerTest" classname="App.Project.ProjectPlayerTest" assertions="2" time="0.002050"/>
        <testcase name="testSetBest5CardHandFlush" file="/home/kalo22/dbwebb-kurser/mvc/me/report/tests/Project/ProjectPlayerTest.php" line="405" class="App\Project\ProjectPlayerTest" classname="App.Project.ProjectPlayerTest" assertions="2" time="0.002028"/>
        <testcase name="testSetBest5CardHandStraight" file="/home/kalo22/dbwebb-kurser/mvc/me/report/tests/Project/ProjectPlayerTest.php" line="442" class="App\Project\ProjectPlayerTest" classname="App.Project.ProjectPlayerTest" assertions="2" time="0.002442"/>
        <testcase name="testSetBest5CardHand3OfAKind" file="/home/kalo22/dbwebb-kurser/mvc/me/report/tests/Project/ProjectPlayerTest.php" line="479" class="App\Project\ProjectPlayerTest" classname="App.Project.ProjectPlayerTest" assertions="2" time="0.002560"/>
        <testcase name="testSetBest5CardHand2Pair" file="/home/kalo22/dbwebb-kurser/mvc/me/report/tests/Project/ProjectPlayerTest.php" line="516" class="App\Project\ProjectPlayerTest" classname="App.Project.ProjectPlayerTest" assertions="2" time="0.002743"/>
        <testcase name="testSetBest5CardHandPair" file="/home/kalo22/dbwebb-kurser/mvc/me/report/tests/Project/ProjectPlayerTest.php" line="553" class="App\Project\ProjectPlayerTest" classname="App.Project.ProjectPlayerTest" assertions="2" time="0.002684"/>
        <testcase name="testSetBest5CardHandHighCard" file="/home/kalo22/dbwebb-kurser/mvc/me/report/tests/Project/ProjectPlayerTest.php" line="590" class="App\Project\ProjectPlayerTest" classname="App.Project.ProjectPlayerTest" assertions="2" time="0.002649"/>
        <testcase name="testResetBest5CardHand" file="/home/kalo22/dbwebb-kurser/mvc/me/report/tests/Project/ProjectPlayerTest.php" line="627" class="App\Project\ProjectPlayerTest" classname="App.Project.ProjectPlayerTest" assertions="2" time="0.001330"/>
        <testcase name="testResetHand" file="/home/kalo22/dbwebb-kurser/mvc/me/report/tests/Project/ProjectPlayerTest.php" line="655" class="App\Project\ProjectPlayerTest" classname="App.Project.ProjectPlayerTest" assertions="1" time="0.000990"/>
        <testcase name="testGetPlayerData" file="/home/kalo22/dbwebb-kurser/mvc/me/report/tests/Project/ProjectPlayerTest.php" line="677" class="App\Project\ProjectPlayerTest" classname="App.Project.ProjectPlayerTest" assertions="1" time="0.001076"/>
      </testsuite>
    </testsuite>
  </testsuite>
</testsuites>
