<?xml version="1.0" encoding="UTF-8"?>
<testsuites>
  <testsuite name="/home/kalo22/dbwebb-kurser/mvc/me/report/phpunit.xml.dist" tests="194" assertions="384" errors="0" failures="0" skipped="0" time="0.926357">
    <testsuite name="Project Test Suite" tests="194" assertions="384" errors="0" failures="0" skipped="0" time="0.926357">
      <testsuite name="App\Cards\CardHandTest" file="/home/kalo22/dbwebb-kurser/mvc/me/report/tests/Cards/CardHandTest.php" tests="3" assertions="4" errors="0" failures="0" skipped="0" time="0.020889">
        <testcase name="testCreateObject" file="/home/kalo22/dbwebb-kurser/mvc/me/report/tests/Cards/CardHandTest.php" line="12" class="App\Cards\CardHandTest" classname="App.Cards.CardHandTest" assertions="2" time="0.018960"/>
        <testcase name="testAddCard" file="/home/kalo22/dbwebb-kurser/mvc/me/report/tests/Cards/CardHandTest.php" line="27" class="App\Cards\CardHandTest" classname="App.Cards.CardHandTest" assertions="1" time="0.001133"/>
        <testcase name="testGetCardsAsArray" file="/home/kalo22/dbwebb-kurser/mvc/me/report/tests/Cards/CardHandTest.php" line="43" class="App\Cards\CardHandTest" classname="App.Cards.CardHandTest" assertions="1" time="0.000796"/>
      </testsuite>
      <testsuite name="App\Cards\CardTest" file="/home/kalo22/dbwebb-kurser/mvc/me/report/tests/Cards/CardTest.php" tests="3" assertions="10" errors="0" failures="0" skipped="0" time="0.002813">
        <testcase name="testCreateObject" file="/home/kalo22/dbwebb-kurser/mvc/me/report/tests/Cards/CardTest.php" line="12" class="App\Cards\CardTest" classname="App.Cards.CardTest" assertions="3" time="0.000770"/>
        <testcase name="testGetCardText" file="/home/kalo22/dbwebb-kurser/mvc/me/report/tests/Cards/CardTest.php" line="31" class="App\Cards\CardTest" classname="App.Cards.CardTest" assertions="2" time="0.000882"/>
        <testcase name="testToString" file="/home/kalo22/dbwebb-kurser/mvc/me/report/tests/Cards/CardTest.php" line="45" class="App\Cards\CardTest" classname="App.Cards.CardTest" assertions="5" time="0.001160"/>
      </testsuite>
      <testsuite name="App\Cards\DeckOfCardsTest" file="/home/kalo22/dbwebb-kurser/mvc/me/report/tests/Cards/DeckOfCardsTest.php" tests="4" assertions="12" errors="0" failures="0" skipped="0" time="0.005636">
        <testcase name="testCreateObject" file="/home/kalo22/dbwebb-kurser/mvc/me/report/tests/Cards/DeckOfCardsTest.php" line="12" class="App\Cards\DeckOfCardsTest" classname="App.Cards.DeckOfCardsTest" assertions="2" time="0.001094"/>
        <testcase name="testShuffle" file="/home/kalo22/dbwebb-kurser/mvc/me/report/tests/Cards/DeckOfCardsTest.php" line="26" class="App\Cards\DeckOfCardsTest" classname="App.Cards.DeckOfCardsTest" assertions="2" time="0.002588"/>
        <testcase name="testDrawCard" file="/home/kalo22/dbwebb-kurser/mvc/me/report/tests/Cards/DeckOfCardsTest.php" line="39" class="App\Cards\DeckOfCardsTest" classname="App.Cards.DeckOfCardsTest" assertions="2" time="0.000982"/>
        <testcase name="testDrawManyCards" file="/home/kalo22/dbwebb-kurser/mvc/me/report/tests/Cards/DeckOfCardsTest.php" line="52" class="App\Cards\DeckOfCardsTest" classname="App.Cards.DeckOfCardsTest" assertions="6" time="0.000972"/>
      </testsuite>
      <testsuite name="App\Cards\JokerCardTest" file="/home/kalo22/dbwebb-kurser/mvc/me/report/tests/Cards/JokerCardTest.php" tests="2" assertions="4" errors="0" failures="0" skipped="0" time="0.001688">
        <testcase name="testCreateObject" file="/home/kalo22/dbwebb-kurser/mvc/me/report/tests/Cards/JokerCardTest.php" line="12" class="App\Cards\JokerCardTest" classname="App.Cards.JokerCardTest" assertions="3" time="0.000919"/>
        <testcase name="testToString" file="/home/kalo22/dbwebb-kurser/mvc/me/report/tests/Cards/JokerCardTest.php" line="29" class="App\Cards\JokerCardTest" classname="App.Cards.JokerCardTest" assertions="1" time="0.000768"/>
      </testsuite>
      <testsuite name="App\Controller\ApiControllerTest" file="/home/kalo22/dbwebb-kurser/mvc/me/report/tests/Controller/ApiControllerTest.php" tests="2" assertions="6" errors="0" failures="0" skipped="0" time="0.075268">
        <testcase name="testIndex" file="/home/kalo22/dbwebb-kurser/mvc/me/report/tests/Controller/ApiControllerTest.php" line="9" class="App\Controller\ApiControllerTest" classname="App.Controller.ApiControllerTest" assertions="2" time="0.068820"/>
        <testcase name="testQuote" file="/home/kalo22/dbwebb-kurser/mvc/me/report/tests/Controller/ApiControllerTest.php" line="17" class="App\Controller\ApiControllerTest" classname="App.Controller.ApiControllerTest" assertions="4" time="0.006449"/>
      </testsuite>
      <testsuite name="App\Controller\ApiDeckControllerTest" file="/home/kalo22/dbwebb-kurser/mvc/me/report/tests/Controller/ApiDeckControllerTest.php" tests="5" assertions="24" errors="0" failures="0" skipped="0" time="0.039884">
        <testcase name="testGetDeck" file="/home/kalo22/dbwebb-kurser/mvc/me/report/tests/Controller/ApiDeckControllerTest.php" line="17" class="App\Controller\ApiDeckControllerTest" classname="App.Controller.ApiDeckControllerTest" assertions="3" time="0.006624"/>
        <testcase name="testShuffleDeck" file="/home/kalo22/dbwebb-kurser/mvc/me/report/tests/Controller/ApiDeckControllerTest.php" line="31" class="App\Controller\ApiDeckControllerTest" classname="App.Controller.ApiDeckControllerTest" assertions="3" time="0.010552"/>
        <testcase name="testDrawCards" file="/home/kalo22/dbwebb-kurser/mvc/me/report/tests/Controller/ApiDeckControllerTest.php" line="45" class="App\Controller\ApiDeckControllerTest" classname="App.Controller.ApiDeckControllerTest" assertions="5" time="0.007382"/>
        <testcase name="testGetGameStatusNoGame" file="/home/kalo22/dbwebb-kurser/mvc/me/report/tests/Controller/ApiDeckControllerTest.php" line="62" class="App\Controller\ApiDeckControllerTest" classname="App.Controller.ApiDeckControllerTest" assertions="3" time="0.006388"/>
        <testcase name="testGetGameStatusWithGame" file="/home/kalo22/dbwebb-kurser/mvc/me/report/tests/Controller/ApiDeckControllerTest.php" line="78" class="App\Controller\ApiDeckControllerTest" classname="App.Controller.ApiDeckControllerTest" assertions="10" time="0.008938"/>
      </testsuite>
      <testsuite name="App\Controller\ApiLibraryControllerTest" file="/home/kalo22/dbwebb-kurser/mvc/me/report/tests/Controller/ApiLibraryControllerTest.php" tests="4" assertions="9" errors="0" failures="0" skipped="0" time="0.060100">
        <testcase name="testGetBooks" file="/home/kalo22/dbwebb-kurser/mvc/me/report/tests/Controller/ApiLibraryControllerTest.php" line="13" class="App\Controller\ApiLibraryControllerTest" classname="App.Controller.ApiLibraryControllerTest" assertions="2" time="0.031172"/>
        <testcase name="testGetBooksEmpty" file="/home/kalo22/dbwebb-kurser/mvc/me/report/tests/Controller/ApiLibraryControllerTest.php" line="42" class="App\Controller\ApiLibraryControllerTest" classname="App.Controller.ApiLibraryControllerTest" assertions="2" time="0.007231"/>
        <testcase name="testGetBookByISBN" file="/home/kalo22/dbwebb-kurser/mvc/me/report/tests/Controller/ApiLibraryControllerTest.php" line="50" class="App\Controller\ApiLibraryControllerTest" classname="App.Controller.ApiLibraryControllerTest" assertions="2" time="0.012157"/>
        <testcase name="testGetBookByISBNNotFound" file="/home/kalo22/dbwebb-kurser/mvc/me/report/tests/Controller/ApiLibraryControllerTest.php" line="81" class="App\Controller\ApiLibraryControllerTest" classname="App.Controller.ApiLibraryControllerTest" assertions="3" time="0.009540"/>
      </testsuite>
      <testsuite name="App\Controller\CardControllerTest" file="/home/kalo22/dbwebb-kurser/mvc/me/report/tests/Controller/CardControllerTest.php" tests="5" assertions="14" errors="0" failures="0" skipped="0" time="0.130919">
        <testcase name="testIndex" file="/home/kalo22/dbwebb-kurser/mvc/me/report/tests/Controller/CardControllerTest.php" line="9" class="App\Controller\CardControllerTest" classname="App.Controller.CardControllerTest" assertions="1" time="0.008973"/>
        <testcase name="testDeck" file="/home/kalo22/dbwebb-kurser/mvc/me/report/tests/Controller/CardControllerTest.php" line="17" class="App\Controller\CardControllerTest" classname="App.Controller.CardControllerTest" assertions="3" time="0.014047"/>
        <testcase name="testShuffle" file="/home/kalo22/dbwebb-kurser/mvc/me/report/tests/Controller/CardControllerTest.php" line="27" class="App\Controller\CardControllerTest" classname="App.Controller.CardControllerTest" assertions="4" time="0.012700"/>
        <testcase name="testDraw" file="/home/kalo22/dbwebb-kurser/mvc/me/report/tests/Controller/CardControllerTest.php" line="39" class="App\Controller\CardControllerTest" classname="App.Controller.CardControllerTest" assertions="2" time="0.009883"/>
        <testcase name="testDrawMany" file="/home/kalo22/dbwebb-kurser/mvc/me/report/tests/Controller/CardControllerTest.php" line="48" class="App\Controller\CardControllerTest" classname="App.Controller.CardControllerTest" assertions="4" time="0.085316"/>
      </testsuite>
      <testsuite name="App\Controller\GameControllerTest" file="/home/kalo22/dbwebb-kurser/mvc/me/report/tests/Controller/GameControllerTest.php" tests="8" assertions="24" errors="0" failures="0" skipped="0" time="0.124108">
        <testcase name="testIndex" file="/home/kalo22/dbwebb-kurser/mvc/me/report/tests/Controller/GameControllerTest.php" line="23" class="App\Controller\GameControllerTest" classname="App.Controller.GameControllerTest" assertions="2" time="0.009778"/>
        <testcase name="testDoc" file="/home/kalo22/dbwebb-kurser/mvc/me/report/tests/Controller/GameControllerTest.php" line="31" class="App\Controller\GameControllerTest" classname="App.Controller.GameControllerTest" assertions="2" time="0.009060"/>
        <testcase name="testGameBlackjack" file="/home/kalo22/dbwebb-kurser/mvc/me/report/tests/Controller/GameControllerTest.php" line="39" class="App\Controller\GameControllerTest" classname="App.Controller.GameControllerTest" assertions="2" time="0.017349"/>
        <testcase name="testGameBlackjackActionHit" file="/home/kalo22/dbwebb-kurser/mvc/me/report/tests/Controller/GameControllerTest.php" line="60" class="App\Controller\GameControllerTest" classname="App.Controller.GameControllerTest" assertions="3" time="0.016814"/>
        <testcase name="testGameBlackjackActionStand" file="/home/kalo22/dbwebb-kurser/mvc/me/report/tests/Controller/GameControllerTest.php" line="73" class="App\Controller\GameControllerTest" classname="App.Controller.GameControllerTest" assertions="5" time="0.016391"/>
        <testcase name="testGameBlackjackActionNext" file="/home/kalo22/dbwebb-kurser/mvc/me/report/tests/Controller/GameControllerTest.php" line="89" class="App\Controller\GameControllerTest" classname="App.Controller.GameControllerTest" assertions="4" time="0.020504"/>
        <testcase name="testGameBlackjackActionReset" file="/home/kalo22/dbwebb-kurser/mvc/me/report/tests/Controller/GameControllerTest.php" line="103" class="App\Controller\GameControllerTest" classname="App.Controller.GameControllerTest" assertions="3" time="0.017078"/>
        <testcase name="testGameClear" file="/home/kalo22/dbwebb-kurser/mvc/me/report/tests/Controller/GameControllerTest.php" line="118" class="App\Controller\GameControllerTest" classname="App.Controller.GameControllerTest" assertions="3" time="0.017134"/>
      </testsuite>
      <testsuite name="App\Controller\HomeControllerTest" file="/home/kalo22/dbwebb-kurser/mvc/me/report/tests/Controller/HomeControllerTest.php" tests="5" assertions="10" errors="0" failures="0" skipped="0" time="0.057383">
        <testcase name="testIndex" file="/home/kalo22/dbwebb-kurser/mvc/me/report/tests/Controller/HomeControllerTest.php" line="17" class="App\Controller\HomeControllerTest" classname="App.Controller.HomeControllerTest" assertions="2" time="0.010140"/>
        <testcase name="testAbout" file="/home/kalo22/dbwebb-kurser/mvc/me/report/tests/Controller/HomeControllerTest.php" line="25" class="App\Controller\HomeControllerTest" classname="App.Controller.HomeControllerTest" assertions="2" time="0.008615"/>
        <testcase name="testReport" file="/home/kalo22/dbwebb-kurser/mvc/me/report/tests/Controller/HomeControllerTest.php" line="33" class="App\Controller\HomeControllerTest" classname="App.Controller.HomeControllerTest" assertions="2" time="0.013466"/>
        <testcase name="testLucky" file="/home/kalo22/dbwebb-kurser/mvc/me/report/tests/Controller/HomeControllerTest.php" line="41" class="App\Controller\HomeControllerTest" classname="App.Controller.HomeControllerTest" assertions="2" time="0.009492"/>
        <testcase name="testMetrics" file="/home/kalo22/dbwebb-kurser/mvc/me/report/tests/Controller/HomeControllerTest.php" line="49" class="App\Controller\HomeControllerTest" classname="App.Controller.HomeControllerTest" assertions="2" time="0.015670"/>
      </testsuite>
      <testsuite name="App\Controller\LibraryControllerTest" file="/home/kalo22/dbwebb-kurser/mvc/me/report/tests/Controller/LibraryControllerTest.php" tests="9" assertions="17" errors="0" failures="0" skipped="0" time="0.095449">
        <testcase name="testIndex" file="/home/kalo22/dbwebb-kurser/mvc/me/report/tests/Controller/LibraryControllerTest.php" line="38" class="App\Controller\LibraryControllerTest" classname="App.Controller.LibraryControllerTest" assertions="2" time="0.010501"/>
        <testcase name="testViewBook" file="/home/kalo22/dbwebb-kurser/mvc/me/report/tests/Controller/LibraryControllerTest.php" line="46" class="App\Controller\LibraryControllerTest" classname="App.Controller.LibraryControllerTest" assertions="2" time="0.011890"/>
        <testcase name="testViewBookNoExist" file="/home/kalo22/dbwebb-kurser/mvc/me/report/tests/Controller/LibraryControllerTest.php" line="56" class="App\Controller\LibraryControllerTest" classname="App.Controller.LibraryControllerTest" assertions="2" time="0.008182"/>
        <testcase name="testViewBooks" file="/home/kalo22/dbwebb-kurser/mvc/me/report/tests/Controller/LibraryControllerTest.php" line="69" class="App\Controller\LibraryControllerTest" classname="App.Controller.LibraryControllerTest" assertions="2" time="0.012594"/>
        <testcase name="testUpdateNotExist" file="/home/kalo22/dbwebb-kurser/mvc/me/report/tests/Controller/LibraryControllerTest.php" line="79" class="App\Controller\LibraryControllerTest" classname="App.Controller.LibraryControllerTest" assertions="2" time="0.007165"/>
        <testcase name="testDeleteNotExist" file="/home/kalo22/dbwebb-kurser/mvc/me/report/tests/Controller/LibraryControllerTest.php" line="92" class="App\Controller\LibraryControllerTest" classname="App.Controller.LibraryControllerTest" assertions="2" time="0.007576"/>
        <testcase name="testDelete" file="/home/kalo22/dbwebb-kurser/mvc/me/report/tests/Controller/LibraryControllerTest.php" line="105" class="App\Controller\LibraryControllerTest" classname="App.Controller.LibraryControllerTest" assertions="1" time="0.018465"/>
        <testcase name="testRedirectBook" file="/home/kalo22/dbwebb-kurser/mvc/me/report/tests/Controller/LibraryControllerTest.php" line="133" class="App\Controller\LibraryControllerTest" classname="App.Controller.LibraryControllerTest" assertions="2" time="0.009071"/>
        <testcase name="testRedirectBookNoExist" file="/home/kalo22/dbwebb-kurser/mvc/me/report/tests/Controller/LibraryControllerTest.php" line="152" class="App\Controller\LibraryControllerTest" classname="App.Controller.LibraryControllerTest" assertions="2" time="0.010005"/>
      </testsuite>
      <testsuite name="App\Controller\LibraryFormControllerTest" file="/home/kalo22/dbwebb-kurser/mvc/me/report/tests/Controller/LibraryFormControllerTest.php" tests="4" assertions="9" errors="0" failures="0" skipped="0" time="0.134124">
        <testcase name="testAddGetRequest" file="/home/kalo22/dbwebb-kurser/mvc/me/report/tests/Controller/LibraryFormControllerTest.php" line="26" class="App\Controller\LibraryFormControllerTest" classname="App.Controller.LibraryFormControllerTest" assertions="1" time="0.016055"/>
        <testcase name="testAddPostRequestValid" file="/home/kalo22/dbwebb-kurser/mvc/me/report/tests/Controller/LibraryFormControllerTest.php" line="33" class="App\Controller\LibraryFormControllerTest" classname="App.Controller.LibraryFormControllerTest" assertions="2" time="0.053709"/>
        <testcase name="testUpdatePostRequestValid" file="/home/kalo22/dbwebb-kurser/mvc/me/report/tests/Controller/LibraryFormControllerTest.php" line="60" class="App\Controller\LibraryFormControllerTest" classname="App.Controller.LibraryFormControllerTest" assertions="2" time="0.059739"/>
        <testcase name="testBookEditted" file="/home/kalo22/dbwebb-kurser/mvc/me/report/tests/Controller/LibraryFormControllerTest.php" line="89" class="App\Controller\LibraryFormControllerTest" classname="App.Controller.LibraryFormControllerTest" assertions="4" time="0.004621"/>
      </testsuite>
      <testsuite name="App\Game\DealerTest" file="/home/kalo22/dbwebb-kurser/mvc/me/report/tests/Game/DealerTest.php" tests="5" assertions="8" errors="0" failures="0" skipped="0" time="0.004327">
        <testcase name="testCreateObject" file="/home/kalo22/dbwebb-kurser/mvc/me/report/tests/Game/DealerTest.php" line="13" class="App\Game\DealerTest" classname="App.Game.DealerTest" assertions="2" time="0.000855"/>
        <testcase name="testDrawHiddenCard" file="/home/kalo22/dbwebb-kurser/mvc/me/report/tests/Game/DealerTest.php" line="26" class="App\Game\DealerTest" classname="App.Game.DealerTest" assertions="2" time="0.000942"/>
        <testcase name="testGetScore" file="/home/kalo22/dbwebb-kurser/mvc/me/report/tests/Game/DealerTest.php" line="44" class="App\Game\DealerTest" classname="App.Game.DealerTest" assertions="1" time="0.000793"/>
        <testcase name="testAddScore" file="/home/kalo22/dbwebb-kurser/mvc/me/report/tests/Game/DealerTest.php" line="55" class="App\Game\DealerTest" classname="App.Game.DealerTest" assertions="1" time="0.000786"/>
        <testcase name="testIsHiddenCardRevealed" file="/home/kalo22/dbwebb-kurser/mvc/me/report/tests/Game/DealerTest.php" line="67" class="App\Game\DealerTest" classname="App.Game.DealerTest" assertions="2" time="0.000951"/>
      </testsuite>
      <testsuite name="App\Game\GameScoreTest" file="/home/kalo22/dbwebb-kurser/mvc/me/report/tests/Game/GameScoreTest.php" tests="1" assertions="1" errors="0" failures="0" skipped="0" time="0.000774">
        <testcase name="testCreateObject" file="/home/kalo22/dbwebb-kurser/mvc/me/report/tests/Game/GameScoreTest.php" line="12" class="App\Game\GameScoreTest" classname="App.Game.GameScoreTest" assertions="1" time="0.000774"/>
      </testsuite>
      <testsuite name="App\Game\GameTest" file="/home/kalo22/dbwebb-kurser/mvc/me/report/tests/Game/GameTest.php" tests="16" assertions="31" errors="0" failures="0" skipped="0" time="0.020322">
        <testcase name="testCreateObject" file="/home/kalo22/dbwebb-kurser/mvc/me/report/tests/Game/GameTest.php" line="14" class="App\Game\GameTest" classname="App.Game.GameTest" assertions="1" time="0.001031"/>
        <testcase name="testStartGame" file="/home/kalo22/dbwebb-kurser/mvc/me/report/tests/Game/GameTest.php" line="23" class="App\Game\GameTest" classname="App.Game.GameTest" assertions="3" time="0.001174"/>
        <testcase name="testHit" file="/home/kalo22/dbwebb-kurser/mvc/me/report/tests/Game/GameTest.php" line="43" class="App\Game\GameTest" classname="App.Game.GameTest" assertions="1" time="0.001130"/>
        <testcase name="testHitWithScoreLessThan21" file="/home/kalo22/dbwebb-kurser/mvc/me/report/tests/Game/GameTest.php" line="56" class="App\Game\GameTest" classname="App.Game.GameTest" assertions="3" time="0.001309"/>
        <testcase name="testHitWithScoreMoreThan21" file="/home/kalo22/dbwebb-kurser/mvc/me/report/tests/Game/GameTest.php" line="76" class="App\Game\GameTest" classname="App.Game.GameTest" assertions="3" time="0.001229"/>
        <testcase name="testHitWithScore21" file="/home/kalo22/dbwebb-kurser/mvc/me/report/tests/Game/GameTest.php" line="97" class="App\Game\GameTest" classname="App.Game.GameTest" assertions="2" time="0.001293"/>
        <testcase name="testStandRevealHiddenCard" file="/home/kalo22/dbwebb-kurser/mvc/me/report/tests/Game/GameTest.php" line="120" class="App\Game\GameTest" classname="App.Game.GameTest" assertions="1" time="0.001208"/>
        <testcase name="testStandWithDealerScoreMoreThan21" file="/home/kalo22/dbwebb-kurser/mvc/me/report/tests/Game/GameTest.php" line="131" class="App\Game\GameTest" classname="App.Game.GameTest" assertions="2" time="0.001308"/>
        <testcase name="testRevealDealerCard" file="/home/kalo22/dbwebb-kurser/mvc/me/report/tests/Game/GameTest.php" line="148" class="App\Game\GameTest" classname="App.Game.GameTest" assertions="1" time="0.001091"/>
        <testcase name="testGetLastPlayerScore" file="/home/kalo22/dbwebb-kurser/mvc/me/report/tests/Game/GameTest.php" line="159" class="App\Game\GameTest" classname="App.Game.GameTest" assertions="1" time="0.001253"/>
        <testcase name="testGetLastDealerScore" file="/home/kalo22/dbwebb-kurser/mvc/me/report/tests/Game/GameTest.php" line="173" class="App\Game\GameTest" classname="App.Game.GameTest" assertions="1" time="0.001208"/>
        <testcase name="testSetAndGetWinner" file="/home/kalo22/dbwebb-kurser/mvc/me/report/tests/Game/GameTest.php" line="187" class="App\Game\GameTest" classname="App.Game.GameTest" assertions="1" time="0.001183"/>
        <testcase name="testReset" file="/home/kalo22/dbwebb-kurser/mvc/me/report/tests/Game/GameTest.php" line="208" class="App\Game\GameTest" classname="App.Game.GameTest" assertions="6" time="0.001273"/>
        <testcase name="testCheckDeck" file="/home/kalo22/dbwebb-kurser/mvc/me/report/tests/Game/GameTest.php" line="224" class="App\Game\GameTest" classname="App.Game.GameTest" assertions="2" time="0.001981"/>
        <testcase name="testSetDeck" file="/home/kalo22/dbwebb-kurser/mvc/me/report/tests/Game/GameTest.php" line="238" class="App\Game\GameTest" classname="App.Game.GameTest" assertions="2" time="0.001234"/>
        <testcase name="testJsonSerialize" file="/home/kalo22/dbwebb-kurser/mvc/me/report/tests/Game/GameTest.php" line="250" class="App\Game\GameTest" classname="App.Game.GameTest" assertions="1" time="0.001418"/>
      </testsuite>
      <testsuite name="App\Game\PlayerTest" file="/home/kalo22/dbwebb-kurser/mvc/me/report/tests/Game/PlayerTest.php" tests="5" assertions="6" errors="0" failures="0" skipped="0" time="0.004505">
        <testcase name="testCreateObject" file="/home/kalo22/dbwebb-kurser/mvc/me/report/tests/Game/PlayerTest.php" line="13" class="App\Game\PlayerTest" classname="App.Game.PlayerTest" assertions="2" time="0.000866"/>
        <testcase name="testDrawCard" file="/home/kalo22/dbwebb-kurser/mvc/me/report/tests/Game/PlayerTest.php" line="26" class="App\Game\PlayerTest" classname="App.Game.PlayerTest" assertions="1" time="0.000943"/>
        <testcase name="testGetScore" file="/home/kalo22/dbwebb-kurser/mvc/me/report/tests/Game/PlayerTest.php" line="39" class="App\Game\PlayerTest" classname="App.Game.PlayerTest" assertions="1" time="0.000853"/>
        <testcase name="testAddScore" file="/home/kalo22/dbwebb-kurser/mvc/me/report/tests/Game/PlayerTest.php" line="50" class="App\Game\PlayerTest" classname="App.Game.PlayerTest" assertions="1" time="0.000887"/>
        <testcase name="testClearHand" file="/home/kalo22/dbwebb-kurser/mvc/me/report/tests/Game/PlayerTest.php" line="62" class="App\Game\PlayerTest" classname="App.Game.PlayerTest" assertions="1" time="0.000957"/>
      </testsuite>
      <testsuite name="App\Form\BookTypeTest" file="/home/kalo22/dbwebb-kurser/mvc/me/report/tests/Library/BookTypeTest.php" tests="1" assertions="6" errors="0" failures="0" skipped="0" time="0.005485">
        <testcase name="testSubmitValidData" file="/home/kalo22/dbwebb-kurser/mvc/me/report/tests/Library/BookTypeTest.php" line="11" class="App\Form\BookTypeTest" classname="App.Form.BookTypeTest" assertions="6" time="0.005485"/>
      </testsuite>
      <testsuite name="App\Entity\LibraryTest" file="/home/kalo22/dbwebb-kurser/mvc/me/report/tests/Library/LibraryTest.php" tests="1" assertions="1" errors="0" failures="0" skipped="0" time="0.000978">
        <testcase name="testGetId" file="/home/kalo22/dbwebb-kurser/mvc/me/report/tests/Library/LibraryTest.php" line="10" class="App\Entity\LibraryTest" classname="App.Entity.LibraryTest" assertions="1" time="0.000978"/>
      </testsuite>
      <testsuite name="App\Project\CardHandsHelperTest" file="/home/kalo22/dbwebb-kurser/mvc/me/report/tests/Project/CardHandsHelperTest.php" tests="3" assertions="5" errors="0" failures="0" skipped="0" time="0.002957">
        <testcase name="testCreateObject" file="/home/kalo22/dbwebb-kurser/mvc/me/report/tests/Project/CardHandsHelperTest.php" line="19" class="App\Project\CardHandsHelperTest" classname="App.Project.CardHandsHelperTest" assertions="1" time="0.001242"/>
        <testcase name="testFaceToNumericAceLowKQJ" file="/home/kalo22/dbwebb-kurser/mvc/me/report/tests/Project/CardHandsHelperTest.php" line="31" class="App\Project\CardHandsHelperTest" classname="App.Project.CardHandsHelperTest" assertions="3" time="0.000892"/>
        <testcase name="testNumericToFace10" file="/home/kalo22/dbwebb-kurser/mvc/me/report/tests/Project/CardHandsHelperTest.php" line="50" class="App\Project\CardHandsHelperTest" classname="App.Project.CardHandsHelperTest" assertions="1" time="0.000823"/>
      </testsuite>
      <testsuite name="App\Project\CardHandsStraightTest" file="/home/kalo22/dbwebb-kurser/mvc/me/report/tests/Project/CardHandsStraightTest.php" tests="2" assertions="2" errors="0" failures="0" skipped="0" time="0.001943">
        <testcase name="testCreateObject" file="/home/kalo22/dbwebb-kurser/mvc/me/report/tests/Project/CardHandsStraightTest.php" line="19" class="App\Project\CardHandsStraightTest" classname="App.Project.CardHandsStraightTest" assertions="1" time="0.001098"/>
        <testcase name="testStraightCombosLessThanLenght" file="/home/kalo22/dbwebb-kurser/mvc/me/report/tests/Project/CardHandsStraightTest.php" line="33" class="App\Project\CardHandsStraightTest" classname="App.Project.CardHandsStraightTest" assertions="1" time="0.000845"/>
      </testsuite>
      <testsuite name="App\Project\CardHandsTest" file="/home/kalo22/dbwebb-kurser/mvc/me/report/tests/Project/CardHandsTest.php" tests="39" assertions="47" errors="0" failures="0" skipped="0" time="0.050586">
        <testcase name="testCreateObject" file="/home/kalo22/dbwebb-kurser/mvc/me/report/tests/Project/CardHandsTest.php" line="14" class="App\Project\CardHandsTest" classname="App.Project.CardHandsTest" assertions="1" time="0.001719"/>
        <testcase name="testCheckHighCardAceHigh" file="/home/kalo22/dbwebb-kurser/mvc/me/report/tests/Project/CardHandsTest.php" line="23" class="App\Project\CardHandsTest" classname="App.Project.CardHandsTest" assertions="1" time="0.001028"/>
        <testcase name="testCheckPair" file="/home/kalo22/dbwebb-kurser/mvc/me/report/tests/Project/CardHandsTest.php" line="39" class="App\Project\CardHandsTest" classname="App.Project.CardHandsTest" assertions="1" time="0.001175"/>
        <testcase name="testCheckPair7" file="/home/kalo22/dbwebb-kurser/mvc/me/report/tests/Project/CardHandsTest.php" line="58" class="App\Project\CardHandsTest" classname="App.Project.CardHandsTest" assertions="1" time="0.001123"/>
        <testcase name="testCheckPair7Queens" file="/home/kalo22/dbwebb-kurser/mvc/me/report/tests/Project/CardHandsTest.php" line="82" class="App\Project\CardHandsTest" classname="App.Project.CardHandsTest" assertions="1" time="0.001128"/>
        <testcase name="testCheckPair7NoPair" file="/home/kalo22/dbwebb-kurser/mvc/me/report/tests/Project/CardHandsTest.php" line="106" class="App\Project\CardHandsTest" classname="App.Project.CardHandsTest" assertions="1" time="0.000967"/>
        <testcase name="testCheckPairJ" file="/home/kalo22/dbwebb-kurser/mvc/me/report/tests/Project/CardHandsTest.php" line="126" class="App\Project\CardHandsTest" classname="App.Project.CardHandsTest" assertions="1" time="0.001153"/>
        <testcase name="testCheck2Pair7" file="/home/kalo22/dbwebb-kurser/mvc/me/report/tests/Project/CardHandsTest.php" line="145" class="App\Project\CardHandsTest" classname="App.Project.CardHandsTest" assertions="1" time="0.001213"/>
        <testcase name="testCheck2Pair7OnePair" file="/home/kalo22/dbwebb-kurser/mvc/me/report/tests/Project/CardHandsTest.php" line="169" class="App\Project\CardHandsTest" classname="App.Project.CardHandsTest" assertions="1" time="0.001020"/>
        <testcase name="testCheck2Pair7NoPair" file="/home/kalo22/dbwebb-kurser/mvc/me/report/tests/Project/CardHandsTest.php" line="189" class="App\Project\CardHandsTest" classname="App.Project.CardHandsTest" assertions="1" time="0.000988"/>
        <testcase name="testCheckHighCardAceLow5Straight" file="/home/kalo22/dbwebb-kurser/mvc/me/report/tests/Project/CardHandsTest.php" line="209" class="App\Project\CardHandsTest" classname="App.Project.CardHandsTest" assertions="1" time="0.000991"/>
        <testcase name="testCheckHighCardAceLow7Straight" file="/home/kalo22/dbwebb-kurser/mvc/me/report/tests/Project/CardHandsTest.php" line="227" class="App\Project\CardHandsTest" classname="App.Project.CardHandsTest" assertions="1" time="0.000975"/>
        <testcase name="testCheckThreeOfAKind7" file="/home/kalo22/dbwebb-kurser/mvc/me/report/tests/Project/CardHandsTest.php" line="247" class="App\Project\CardHandsTest" classname="App.Project.CardHandsTest" assertions="1" time="0.001260"/>
        <testcase name="testCheckThreeOfAKind7TwoOfAKind" file="/home/kalo22/dbwebb-kurser/mvc/me/report/tests/Project/CardHandsTest.php" line="271" class="App\Project\CardHandsTest" classname="App.Project.CardHandsTest" assertions="1" time="0.000985"/>
        <testcase name="testCheckThreeOfAKind7TwoPair" file="/home/kalo22/dbwebb-kurser/mvc/me/report/tests/Project/CardHandsTest.php" line="291" class="App\Project\CardHandsTest" classname="App.Project.CardHandsTest" assertions="1" time="0.000979"/>
        <testcase name="testCheckThreeOfAKind7NoPair" file="/home/kalo22/dbwebb-kurser/mvc/me/report/tests/Project/CardHandsTest.php" line="311" class="App\Project\CardHandsTest" classname="App.Project.CardHandsTest" assertions="1" time="0.001015"/>
        <testcase name="testCheckStraight3" file="/home/kalo22/dbwebb-kurser/mvc/me/report/tests/Project/CardHandsTest.php" line="331" class="App\Project\CardHandsTest" classname="App.Project.CardHandsTest" assertions="1" time="0.001030"/>
        <testcase name="testCheckStraight7ManyStraights" file="/home/kalo22/dbwebb-kurser/mvc/me/report/tests/Project/CardHandsTest.php" line="347" class="App\Project\CardHandsTest" classname="App.Project.CardHandsTest" assertions="1" time="0.001466"/>
        <testcase name="testCheckStraight7ManyStraights2" file="/home/kalo22/dbwebb-kurser/mvc/me/report/tests/Project/CardHandsTest.php" line="370" class="App\Project\CardHandsTest" classname="App.Project.CardHandsTest" assertions="2" time="0.001486"/>
        <testcase name="testCheckStraight7NoStraight" file="/home/kalo22/dbwebb-kurser/mvc/me/report/tests/Project/CardHandsTest.php" line="416" class="App\Project\CardHandsTest" classname="App.Project.CardHandsTest" assertions="1" time="0.001551"/>
        <testcase name="testCheckFourOfAKind7" file="/home/kalo22/dbwebb-kurser/mvc/me/report/tests/Project/CardHandsTest.php" line="436" class="App\Project\CardHandsTest" classname="App.Project.CardHandsTest" assertions="1" time="0.001284"/>
        <testcase name="testCheckFourOfAKind7ThreeOfAKind" file="/home/kalo22/dbwebb-kurser/mvc/me/report/tests/Project/CardHandsTest.php" line="460" class="App\Project\CardHandsTest" classname="App.Project.CardHandsTest" assertions="1" time="0.001072"/>
        <testcase name="testCheckFlush7" file="/home/kalo22/dbwebb-kurser/mvc/me/report/tests/Project/CardHandsTest.php" line="480" class="App\Project\CardHandsTest" classname="App.Project.CardHandsTest" assertions="4" time="0.001895"/>
        <testcase name="testCheckFullHouse7" file="/home/kalo22/dbwebb-kurser/mvc/me/report/tests/Project/CardHandsTest.php" line="544" class="App\Project\CardHandsTest" classname="App.Project.CardHandsTest" assertions="2" time="0.001122"/>
        <testcase name="testCheckFullHouse7ThreeOfAKind" file="/home/kalo22/dbwebb-kurser/mvc/me/report/tests/Project/CardHandsTest.php" line="568" class="App\Project\CardHandsTest" classname="App.Project.CardHandsTest" assertions="1" time="0.001072"/>
        <testcase name="testCheckFullHouse3" file="/home/kalo22/dbwebb-kurser/mvc/me/report/tests/Project/CardHandsTest.php" line="588" class="App\Project\CardHandsTest" classname="App.Project.CardHandsTest" assertions="1" time="0.001036"/>
        <testcase name="testCheckFullHouse7Pair" file="/home/kalo22/dbwebb-kurser/mvc/me/report/tests/Project/CardHandsTest.php" line="604" class="App\Project\CardHandsTest" classname="App.Project.CardHandsTest" assertions="1" time="0.001058"/>
        <testcase name="testCheckFullHouse7TwoThreeOfAKind" file="/home/kalo22/dbwebb-kurser/mvc/me/report/tests/Project/CardHandsTest.php" line="624" class="App\Project\CardHandsTest" classname="App.Project.CardHandsTest" assertions="1" time="0.001381"/>
        <testcase name="testCheckStraightFlush7" file="/home/kalo22/dbwebb-kurser/mvc/me/report/tests/Project/CardHandsTest.php" line="653" class="App\Project\CardHandsTest" classname="App.Project.CardHandsTest" assertions="4" time="0.002679"/>
        <testcase name="testCheckBestHandStraightFlush" file="/home/kalo22/dbwebb-kurser/mvc/me/report/tests/Project/CardHandsTest.php" line="715" class="App\Project\CardHandsTest" classname="App.Project.CardHandsTest" assertions="1" time="0.001258"/>
        <testcase name="testCheckBestHandFourOfAKind" file="/home/kalo22/dbwebb-kurser/mvc/me/report/tests/Project/CardHandsTest.php" line="733" class="App\Project\CardHandsTest" classname="App.Project.CardHandsTest" assertions="1" time="0.001277"/>
        <testcase name="testCheckBestHandFullHouse" file="/home/kalo22/dbwebb-kurser/mvc/me/report/tests/Project/CardHandsTest.php" line="751" class="App\Project\CardHandsTest" classname="App.Project.CardHandsTest" assertions="1" time="0.001457"/>
        <testcase name="testCheckBestHandFlush" file="/home/kalo22/dbwebb-kurser/mvc/me/report/tests/Project/CardHandsTest.php" line="769" class="App\Project\CardHandsTest" classname="App.Project.CardHandsTest" assertions="1" time="0.001376"/>
        <testcase name="testCheckBestHandStraight" file="/home/kalo22/dbwebb-kurser/mvc/me/report/tests/Project/CardHandsTest.php" line="787" class="App\Project\CardHandsTest" classname="App.Project.CardHandsTest" assertions="1" time="0.001474"/>
        <testcase name="testCheckBestHandThreeOfAKind" file="/home/kalo22/dbwebb-kurser/mvc/me/report/tests/Project/CardHandsTest.php" line="806" class="App\Project\CardHandsTest" classname="App.Project.CardHandsTest" assertions="1" time="0.001632"/>
        <testcase name="testCheckBestHandTwoPair" file="/home/kalo22/dbwebb-kurser/mvc/me/report/tests/Project/CardHandsTest.php" line="824" class="App\Project\CardHandsTest" classname="App.Project.CardHandsTest" assertions="1" time="0.001562"/>
        <testcase name="testCheckBestHandPair" file="/home/kalo22/dbwebb-kurser/mvc/me/report/tests/Project/CardHandsTest.php" line="843" class="App\Project\CardHandsTest" classname="App.Project.CardHandsTest" assertions="1" time="0.001658"/>
        <testcase name="testCheckBestHandHighCard" file="/home/kalo22/dbwebb-kurser/mvc/me/report/tests/Project/CardHandsTest.php" line="861" class="App\Project\CardHandsTest" classname="App.Project.CardHandsTest" assertions="1" time="0.001570"/>
        <testcase name="testCheckStraightFlush7NoStraightFlush" file="/home/kalo22/dbwebb-kurser/mvc/me/report/tests/Project/CardHandsTest.php" line="879" class="App\Project\CardHandsTest" classname="App.Project.CardHandsTest" assertions="1" time="0.001470"/>
      </testsuite>
      <testsuite name="App\Project\GameDataTest" file="/home/kalo22/dbwebb-kurser/mvc/me/report/tests/Project/GameDataTest.php" tests="7" assertions="17" errors="0" failures="0" skipped="0" time="0.007469">
        <testcase name="testGameData" file="/home/kalo22/dbwebb-kurser/mvc/me/report/tests/Project/GameDataTest.php" line="13" class="App\Project\GameDataTest" classname="App.Project.GameDataTest" assertions="1" time="0.001059"/>
        <testcase name="testSetAndGetPlayers" file="/home/kalo22/dbwebb-kurser/mvc/me/report/tests/Project/GameDataTest.php" line="23" class="App\Project\GameDataTest" classname="App.Project.GameDataTest" assertions="2" time="0.000823"/>
        <testcase name="testSetAndGetGameStage" file="/home/kalo22/dbwebb-kurser/mvc/me/report/tests/Project/GameDataTest.php" line="38" class="App\Project\GameDataTest" classname="App.Project.GameDataTest" assertions="6" time="0.000932"/>
        <testcase name="testSetAndGetPot" file="/home/kalo22/dbwebb-kurser/mvc/me/report/tests/Project/GameDataTest.php" line="77" class="App\Project\GameDataTest" classname="App.Project.GameDataTest" assertions="2" time="0.000816"/>
        <testcase name="testSetAndGetTableCards" file="/home/kalo22/dbwebb-kurser/mvc/me/report/tests/Project/GameDataTest.php" line="95" class="App\Project\GameDataTest" classname="App.Project.GameDataTest" assertions="2" time="0.000809"/>
        <testcase name="testSetAndGetRoundWinner" file="/home/kalo22/dbwebb-kurser/mvc/me/report/tests/Project/GameDataTest.php" line="116" class="App\Project\GameDataTest" classname="App.Project.GameDataTest" assertions="2" time="0.002138"/>
        <testcase name="testSetAndGetWinnerHand" file="/home/kalo22/dbwebb-kurser/mvc/me/report/tests/Project/GameDataTest.php" line="136" class="App\Project\GameDataTest" classname="App.Project.GameDataTest" assertions="2" time="0.000892"/>
      </testsuite>
      <testsuite name="App\Project\GameLogicTest" file="/home/kalo22/dbwebb-kurser/mvc/me/report/tests/Project/GameLogicTest.php" tests="10" assertions="17" errors="0" failures="0" skipped="0" time="0.015861">
        <testcase name="testIsRoundOver" file="/home/kalo22/dbwebb-kurser/mvc/me/report/tests/Project/GameLogicTest.php" line="14" class="App\Project\GameLogicTest" classname="App.Project.GameLogicTest" assertions="3" time="0.001662"/>
        <testcase name="testGetHighestBet" file="/home/kalo22/dbwebb-kurser/mvc/me/report/tests/Project/GameLogicTest.php" line="48" class="App\Project\GameLogicTest" classname="App.Project.GameLogicTest" assertions="2" time="0.001433"/>
        <testcase name="testIsPlayerReady" file="/home/kalo22/dbwebb-kurser/mvc/me/report/tests/Project/GameLogicTest.php" line="80" class="App\Project\GameLogicTest" classname="App.Project.GameLogicTest" assertions="2" time="0.001271"/>
        <testcase name="testGetNumberOfFoldedPlayers" file="/home/kalo22/dbwebb-kurser/mvc/me/report/tests/Project/GameLogicTest.php" line="114" class="App\Project\GameLogicTest" classname="App.Project.GameLogicTest" assertions="3" time="0.001264"/>
        <testcase name="testCheckNextStage" file="/home/kalo22/dbwebb-kurser/mvc/me/report/tests/Project/GameLogicTest.php" line="151" class="App\Project\GameLogicTest" classname="App.Project.GameLogicTest" assertions="2" time="0.001340"/>
        <testcase name="testGetWinnerByFold" file="/home/kalo22/dbwebb-kurser/mvc/me/report/tests/Project/GameLogicTest.php" line="183" class="App\Project\GameLogicTest" classname="App.Project.GameLogicTest" assertions="1" time="0.001388"/>
        <testcase name="testGetWinnerByHand" file="/home/kalo22/dbwebb-kurser/mvc/me/report/tests/Project/GameLogicTest.php" line="207" class="App\Project\GameLogicTest" classname="App.Project.GameLogicTest" assertions="1" time="0.002188"/>
        <testcase name="testIsTied" file="/home/kalo22/dbwebb-kurser/mvc/me/report/tests/Project/GameLogicTest.php" line="262" class="App\Project\GameLogicTest" classname="App.Project.GameLogicTest" assertions="1" time="0.001699"/>
        <testcase name="testIsTiedFalse" file="/home/kalo22/dbwebb-kurser/mvc/me/report/tests/Project/GameLogicTest.php" line="319" class="App\Project\GameLogicTest" classname="App.Project.GameLogicTest" assertions="1" time="0.001856"/>
        <testcase name="testGetTiedWinners" file="/home/kalo22/dbwebb-kurser/mvc/me/report/tests/Project/GameLogicTest.php" line="377" class="App\Project\GameLogicTest" classname="App.Project.GameLogicTest" assertions="1" time="0.001759"/>
      </testsuite>
      <testsuite name="App\Project\GameQueueTest" file="/home/kalo22/dbwebb-kurser/mvc/me/report/tests/Project/GameQueueTest.php" tests="5" assertions="16" errors="0" failures="0" skipped="0" time="0.005432">
        <testcase name="testGameQueue" file="/home/kalo22/dbwebb-kurser/mvc/me/report/tests/Project/GameQueueTest.php" line="15" class="App\Project\GameQueueTest" classname="App.Project.GameQueueTest" assertions="1" time="0.001080"/>
        <testcase name="testSetRolesBeforeStart" file="/home/kalo22/dbwebb-kurser/mvc/me/report/tests/Project/GameQueueTest.php" line="28" class="App\Project\GameQueueTest" classname="App.Project.GameQueueTest" assertions="6" time="0.001311"/>
        <testcase name="testDequePlayerWithEmptyQueue" file="/home/kalo22/dbwebb-kurser/mvc/me/report/tests/Project/GameQueueTest.php" line="64" class="App\Project\GameQueueTest" classname="App.Project.GameQueueTest" assertions="1" time="0.000810"/>
        <testcase name="testPeekWithEmptyQueue" file="/home/kalo22/dbwebb-kurser/mvc/me/report/tests/Project/GameQueueTest.php" line="76" class="App\Project\GameQueueTest" classname="App.Project.GameQueueTest" assertions="1" time="0.000905"/>
        <testcase name="testSetQueBeforeStart" file="/home/kalo22/dbwebb-kurser/mvc/me/report/tests/Project/GameQueueTest.php" line="88" class="App\Project\GameQueueTest" classname="App.Project.GameQueueTest" assertions="7" time="0.001326"/>
      </testsuite>
      <testsuite name="App\Project\GameStateTest" file="/home/kalo22/dbwebb-kurser/mvc/me/report/tests/Project/GameStateTest.php" tests="8" assertions="23" errors="0" failures="0" skipped="0" time="0.007520">
        <testcase name="testGameState" file="/home/kalo22/dbwebb-kurser/mvc/me/report/tests/Project/GameStateTest.php" line="14" class="App\Project\GameStateTest" classname="App.Project.GameStateTest" assertions="6" time="0.001312"/>
        <testcase name="testGetTableCardsAsString" file="/home/kalo22/dbwebb-kurser/mvc/me/report/tests/Project/GameStateTest.php" line="52" class="App\Project\GameStateTest" classname="App.Project.GameStateTest" assertions="2" time="0.000894"/>
        <testcase name="testGetNumOfTableCards" file="/home/kalo22/dbwebb-kurser/mvc/me/report/tests/Project/GameStateTest.php" line="78" class="App\Project\GameStateTest" classname="App.Project.GameStateTest" assertions="3" time="0.000902"/>
        <testcase name="testAddTrashCard" file="/home/kalo22/dbwebb-kurser/mvc/me/report/tests/Project/GameStateTest.php" line="111" class="App\Project\GameStateTest" classname="App.Project.GameStateTest" assertions="2" time="0.001026"/>
        <testcase name="testSetPot" file="/home/kalo22/dbwebb-kurser/mvc/me/report/tests/Project/GameStateTest.php" line="137" class="App\Project\GameStateTest" classname="App.Project.GameStateTest" assertions="2" time="0.000867"/>
        <testcase name="testSetSmallBlind" file="/home/kalo22/dbwebb-kurser/mvc/me/report/tests/Project/GameStateTest.php" line="157" class="App\Project\GameStateTest" classname="App.Project.GameStateTest" assertions="2" time="0.000827"/>
        <testcase name="testSetBigBlind" file="/home/kalo22/dbwebb-kurser/mvc/me/report/tests/Project/GameStateTest.php" line="177" class="App\Project\GameStateTest" classname="App.Project.GameStateTest" assertions="2" time="0.000849"/>
        <testcase name="testAddToPotAndResetPot" file="/home/kalo22/dbwebb-kurser/mvc/me/report/tests/Project/GameStateTest.php" line="197" class="App\Project\GameStateTest" classname="App.Project.GameStateTest" assertions="4" time="0.000842"/>
      </testsuite>
      <testsuite name="App\Project\NPCMattTest" file="/home/kalo22/dbwebb-kurser/mvc/me/report/tests/Project/NPCMattTest.php" tests="20" assertions="30" errors="0" failures="0" skipped="0" time="0.032206">
        <testcase name="testNPCMatt" file="/home/kalo22/dbwebb-kurser/mvc/me/report/tests/Project/NPCMattTest.php" line="14" class="App\Project\NPCMattTest" classname="App.Project.NPCMattTest" assertions="1" time="0.001011"/>
        <testcase name="testGetName" file="/home/kalo22/dbwebb-kurser/mvc/me/report/tests/Project/NPCMattTest.php" line="27" class="App\Project\NPCMattTest" classname="App.Project.NPCMattTest" assertions="1" time="0.000983"/>
        <testcase name="testIsHuman" file="/home/kalo22/dbwebb-kurser/mvc/me/report/tests/Project/NPCMattTest.php" line="40" class="App\Project\NPCMattTest" classname="App.Project.NPCMattTest" assertions="1" time="0.000933"/>
        <testcase name="testSetRole" file="/home/kalo22/dbwebb-kurser/mvc/me/report/tests/Project/NPCMattTest.php" line="53" class="App\Project\NPCMattTest" classname="App.Project.NPCMattTest" assertions="1" time="0.000932"/>
        <testcase name="testGetChips" file="/home/kalo22/dbwebb-kurser/mvc/me/report/tests/Project/NPCMattTest.php" line="68" class="App\Project\NPCMattTest" classname="App.Project.NPCMattTest" assertions="1" time="0.000923"/>
        <testcase name="testIncreaseChips" file="/home/kalo22/dbwebb-kurser/mvc/me/report/tests/Project/NPCMattTest.php" line="81" class="App\Project\NPCMattTest" classname="App.Project.NPCMattTest" assertions="1" time="0.001260"/>
        <testcase name="testDecreaseChipsWithNotEnoughChips" file="/home/kalo22/dbwebb-kurser/mvc/me/report/tests/Project/NPCMattTest.php" line="96" class="App\Project\NPCMattTest" classname="App.Project.NPCMattTest" assertions="2" time="0.001072"/>
        <testcase name="testGetHand" file="/home/kalo22/dbwebb-kurser/mvc/me/report/tests/Project/NPCMattTest.php" line="117" class="App\Project\NPCMattTest" classname="App.Project.NPCMattTest" assertions="1" time="0.001025"/>
        <testcase name="testSetHandValue" file="/home/kalo22/dbwebb-kurser/mvc/me/report/tests/Project/NPCMattTest.php" line="130" class="App\Project\NPCMattTest" classname="App.Project.NPCMattTest" assertions="1" time="0.000966"/>
        <testcase name="testSetBest5CardHandStraightFlush" file="/home/kalo22/dbwebb-kurser/mvc/me/report/tests/Project/NPCMattTest.php" line="145" class="App\Project\NPCMattTest" classname="App.Project.NPCMattTest" assertions="2" time="0.002014"/>
        <testcase name="testSetBest5CardHand4OfAKind" file="/home/kalo22/dbwebb-kurser/mvc/me/report/tests/Project/NPCMattTest.php" line="182" class="App\Project\NPCMattTest" classname="App.Project.NPCMattTest" assertions="2" time="0.001878"/>
        <testcase name="testSetBest5CardHandFullHouse" file="/home/kalo22/dbwebb-kurser/mvc/me/report/tests/Project/NPCMattTest.php" line="219" class="App\Project\NPCMattTest" classname="App.Project.NPCMattTest" assertions="2" time="0.002121"/>
        <testcase name="testSetBest5CardHandFlush" file="/home/kalo22/dbwebb-kurser/mvc/me/report/tests/Project/NPCMattTest.php" line="256" class="App\Project\NPCMattTest" classname="App.Project.NPCMattTest" assertions="2" time="0.002036"/>
        <testcase name="testSetBest5CardHandStraight" file="/home/kalo22/dbwebb-kurser/mvc/me/report/tests/Project/NPCMattTest.php" line="293" class="App\Project\NPCMattTest" classname="App.Project.NPCMattTest" assertions="2" time="0.002354"/>
        <testcase name="testSetBest5CardHand3OfAKind" file="/home/kalo22/dbwebb-kurser/mvc/me/report/tests/Project/NPCMattTest.php" line="330" class="App\Project\NPCMattTest" classname="App.Project.NPCMattTest" assertions="2" time="0.002679"/>
        <testcase name="testSetBest5CardHand2Pair" file="/home/kalo22/dbwebb-kurser/mvc/me/report/tests/Project/NPCMattTest.php" line="367" class="App\Project\NPCMattTest" classname="App.Project.NPCMattTest" assertions="2" time="0.002591"/>
        <testcase name="testSetBest5CardHandPair" file="/home/kalo22/dbwebb-kurser/mvc/me/report/tests/Project/NPCMattTest.php" line="404" class="App\Project\NPCMattTest" classname="App.Project.NPCMattTest" assertions="2" time="0.002629"/>
        <testcase name="testSetBest5CardHandHighCard" file="/home/kalo22/dbwebb-kurser/mvc/me/report/tests/Project/NPCMattTest.php" line="441" class="App\Project\NPCMattTest" classname="App.Project.NPCMattTest" assertions="2" time="0.002522"/>
        <testcase name="testGetPlayerData" file="/home/kalo22/dbwebb-kurser/mvc/me/report/tests/Project/NPCMattTest.php" line="478" class="App\Project\NPCMattTest" classname="App.Project.NPCMattTest" assertions="1" time="0.001166"/>
        <testcase name="testSetAndReturnMattMove" file="/home/kalo22/dbwebb-kurser/mvc/me/report/tests/Project/NPCMattTest.php" line="499" class="App\Project\NPCMattTest" classname="App.Project.NPCMattTest" assertions="1" time="0.001110"/>
      </testsuite>
      <testsuite name="App\Project\NPCSteveTest" file="/home/kalo22/dbwebb-kurser/mvc/me/report/tests/Project/NPCSteveTest.php" tests="16" assertions="30" errors="0" failures="0" skipped="0" time="0.016869">
        <testcase name="testNPCSteve" file="/home/kalo22/dbwebb-kurser/mvc/me/report/tests/Project/NPCSteveTest.php" line="12" class="App\Project\NPCSteveTest" classname="App.Project.NPCSteveTest" assertions="1" time="0.001041"/>
        <testcase name="testGetRiskLevel" file="/home/kalo22/dbwebb-kurser/mvc/me/report/tests/Project/NPCSteveTest.php" line="25" class="App\Project\NPCSteveTest" classname="App.Project.NPCSteveTest" assertions="1" time="0.001013"/>
        <testcase name="testChangeRiskLevel" file="/home/kalo22/dbwebb-kurser/mvc/me/report/tests/Project/NPCSteveTest.php" line="38" class="App\Project\NPCSteveTest" classname="App.Project.NPCSteveTest" assertions="1" time="0.001006"/>
        <testcase name="testClearRiskLevel" file="/home/kalo22/dbwebb-kurser/mvc/me/report/tests/Project/NPCSteveTest.php" line="53" class="App\Project\NPCSteveTest" classname="App.Project.NPCSteveTest" assertions="2" time="0.001017"/>
        <testcase name="testSetSteveFold" file="/home/kalo22/dbwebb-kurser/mvc/me/report/tests/Project/NPCSteveTest.php" line="75" class="App\Project\NPCSteveTest" classname="App.Project.NPCSteveTest" assertions="3" time="0.001065"/>
        <testcase name="testSetSteveCheck" file="/home/kalo22/dbwebb-kurser/mvc/me/report/tests/Project/NPCSteveTest.php" line="100" class="App\Project\NPCSteveTest" classname="App.Project.NPCSteveTest" assertions="1" time="0.000984"/>
        <testcase name="testSetSteveCall" file="/home/kalo22/dbwebb-kurser/mvc/me/report/tests/Project/NPCSteveTest.php" line="115" class="App\Project\NPCSteveTest" classname="App.Project.NPCSteveTest" assertions="2" time="0.000997"/>
        <testcase name="testSetSteveRaise" file="/home/kalo22/dbwebb-kurser/mvc/me/report/tests/Project/NPCSteveTest.php" line="135" class="App\Project\NPCSteveTest" classname="App.Project.NPCSteveTest" assertions="2" time="0.001010"/>
        <testcase name="testSetSteveActionAndReturnDataWithFold" file="/home/kalo22/dbwebb-kurser/mvc/me/report/tests/Project/NPCSteveTest.php" line="155" class="App\Project\NPCSteveTest" classname="App.Project.NPCSteveTest" assertions="1" time="0.001092"/>
        <testcase name="testSetSteveActionAndReturnDataWithCheck" file="/home/kalo22/dbwebb-kurser/mvc/me/report/tests/Project/NPCSteveTest.php" line="170" class="App\Project\NPCSteveTest" classname="App.Project.NPCSteveTest" assertions="1" time="0.001073"/>
        <testcase name="testSetSteveActionAndReturnDataWithCall" file="/home/kalo22/dbwebb-kurser/mvc/me/report/tests/Project/NPCSteveTest.php" line="186" class="App\Project\NPCSteveTest" classname="App.Project.NPCSteveTest" assertions="1" time="0.001062"/>
        <testcase name="testSetSteveActionAndReturnDataWithRaise" file="/home/kalo22/dbwebb-kurser/mvc/me/report/tests/Project/NPCSteveTest.php" line="201" class="App\Project\NPCSteveTest" classname="App.Project.NPCSteveTest" assertions="1" time="0.001159"/>
        <testcase name="testSetSteveActionAndReturnDataWithNoAction" file="/home/kalo22/dbwebb-kurser/mvc/me/report/tests/Project/NPCSteveTest.php" line="216" class="App\Project\NPCSteveTest" classname="App.Project.NPCSteveTest" assertions="1" time="0.001057"/>
        <testcase name="testSetSteveActionPost" file="/home/kalo22/dbwebb-kurser/mvc/me/report/tests/Project/NPCSteveTest.php" line="232" class="App\Project\NPCSteveTest" classname="App.Project.NPCSteveTest" assertions="5" time="0.001028"/>
        <testcase name="testSetSteveActionPre" file="/home/kalo22/dbwebb-kurser/mvc/me/report/tests/Project/NPCSteveTest.php" line="275" class="App\Project\NPCSteveTest" classname="App.Project.NPCSteveTest" assertions="5" time="0.001038"/>
        <testcase name="testSetSteveRisk" file="/home/kalo22/dbwebb-kurser/mvc/me/report/tests/Project/NPCSteveTest.php" line="318" class="App\Project\NPCSteveTest" classname="App.Project.NPCSteveTest" assertions="2" time="0.001227"/>
      </testsuite>
      <testsuite name="App\Project\PreFlopTest" file="/home/kalo22/dbwebb-kurser/mvc/me/report/tests/Project/PreFlopTest.php" tests="1" assertions="1" errors="0" failures="0" skipped="0" time="0.000862">
        <testcase name="testPreFlop" file="/home/kalo22/dbwebb-kurser/mvc/me/report/tests/Project/PreFlopTest.php" line="9" class="App\Project\PreFlopTest" classname="App.Project.PreFlopTest" assertions="1" time="0.000862"/>
      </testsuite>
    </testsuite>
  </testsuite>
</testsuites>
