<?xml version="1.0" encoding="UTF-8"?>
<testsuites>
  <testsuite name="/home/kalo22/dbwebb-kurser/mvc/me/report/phpunit.xml.dist" tests="56" assertions="127" errors="0" failures="0" skipped="0" time="0.367193">
    <testsuite name="Project Test Suite" tests="56" assertions="127" errors="0" failures="0" skipped="0" time="0.367193">
      <testsuite name="App\Cards\CardHandTest" file="/home/kalo22/dbwebb-kurser/mvc/me/report/tests/Cards/CardHandTest.php" tests="3" assertions="4" errors="0" failures="0" skipped="0" time="0.018114">
        <testcase name="testCreateObject" file="/home/kalo22/dbwebb-kurser/mvc/me/report/tests/Cards/CardHandTest.php" line="12" class="App\Cards\CardHandTest" classname="App.Cards.CardHandTest" assertions="2" time="0.016395"/>
        <testcase name="testAddCard" file="/home/kalo22/dbwebb-kurser/mvc/me/report/tests/Cards/CardHandTest.php" line="27" class="App\Cards\CardHandTest" classname="App.Cards.CardHandTest" assertions="1" time="0.000975"/>
        <testcase name="testGetCardsAsArray" file="/home/kalo22/dbwebb-kurser/mvc/me/report/tests/Cards/CardHandTest.php" line="43" class="App\Cards\CardHandTest" classname="App.Cards.CardHandTest" assertions="1" time="0.000745"/>
      </testsuite>
      <testsuite name="App\Cards\CardTest" file="/home/kalo22/dbwebb-kurser/mvc/me/report/tests/Cards/CardTest.php" tests="3" assertions="10" errors="0" failures="0" skipped="0" time="0.002416">
        <testcase name="testCreateObject" file="/home/kalo22/dbwebb-kurser/mvc/me/report/tests/Cards/CardTest.php" line="12" class="App\Cards\CardTest" classname="App.Cards.CardTest" assertions="3" time="0.000787"/>
        <testcase name="testGetCardText" file="/home/kalo22/dbwebb-kurser/mvc/me/report/tests/Cards/CardTest.php" line="31" class="App\Cards\CardTest" classname="App.Cards.CardTest" assertions="2" time="0.000852"/>
        <testcase name="testToString" file="/home/kalo22/dbwebb-kurser/mvc/me/report/tests/Cards/CardTest.php" line="45" class="App\Cards\CardTest" classname="App.Cards.CardTest" assertions="5" time="0.000777"/>
      </testsuite>
      <testsuite name="App\Cards\DeckOfCardsTest" file="/home/kalo22/dbwebb-kurser/mvc/me/report/tests/Cards/DeckOfCardsTest.php" tests="4" assertions="12" errors="0" failures="0" skipped="0" time="0.005473">
        <testcase name="testCreateObject" file="/home/kalo22/dbwebb-kurser/mvc/me/report/tests/Cards/DeckOfCardsTest.php" line="12" class="App\Cards\DeckOfCardsTest" classname="App.Cards.DeckOfCardsTest" assertions="2" time="0.000959"/>
        <testcase name="testShuffle" file="/home/kalo22/dbwebb-kurser/mvc/me/report/tests/Cards/DeckOfCardsTest.php" line="26" class="App\Cards\DeckOfCardsTest" classname="App.Cards.DeckOfCardsTest" assertions="2" time="0.002591"/>
        <testcase name="testDrawCard" file="/home/kalo22/dbwebb-kurser/mvc/me/report/tests/Cards/DeckOfCardsTest.php" line="39" class="App\Cards\DeckOfCardsTest" classname="App.Cards.DeckOfCardsTest" assertions="2" time="0.000971"/>
        <testcase name="testDrawManyCards" file="/home/kalo22/dbwebb-kurser/mvc/me/report/tests/Cards/DeckOfCardsTest.php" line="52" class="App\Cards\DeckOfCardsTest" classname="App.Cards.DeckOfCardsTest" assertions="6" time="0.000953"/>
      </testsuite>
      <testsuite name="App\Cards\JokerCardTest" file="/home/kalo22/dbwebb-kurser/mvc/me/report/tests/Cards/JokerCardTest.php" tests="2" assertions="4" errors="0" failures="0" skipped="0" time="0.001657">
        <testcase name="testCreateObject" file="/home/kalo22/dbwebb-kurser/mvc/me/report/tests/Cards/JokerCardTest.php" line="12" class="App\Cards\JokerCardTest" classname="App.Cards.JokerCardTest" assertions="3" time="0.000885"/>
        <testcase name="testToString" file="/home/kalo22/dbwebb-kurser/mvc/me/report/tests/Cards/JokerCardTest.php" line="29" class="App\Cards\JokerCardTest" classname="App.Cards.JokerCardTest" assertions="1" time="0.000771"/>
      </testsuite>
      <testsuite name="App\Controller\ApiControllerTest" file="/home/kalo22/dbwebb-kurser/mvc/me/report/tests/Controller/ApiControllerTest.php" tests="2" assertions="3" errors="0" failures="0" skipped="0" time="0.069818">
        <testcase name="testIndex" file="/home/kalo22/dbwebb-kurser/mvc/me/report/tests/Controller/ApiControllerTest.php" line="12" class="App\Controller\ApiControllerTest" classname="App.Controller.ApiControllerTest" assertions="1" time="0.063784"/>
        <testcase name="testQuote" file="/home/kalo22/dbwebb-kurser/mvc/me/report/tests/Controller/ApiControllerTest.php" line="19" class="App\Controller\ApiControllerTest" classname="App.Controller.ApiControllerTest" assertions="2" time="0.006035"/>
      </testsuite>
      <testsuite name="App\Controller\ApiDeckControllerTest" file="/home/kalo22/dbwebb-kurser/mvc/me/report/tests/Controller/ApiDeckControllerTest.php" tests="5" assertions="19" errors="0" failures="0" skipped="0" time="0.037282">
        <testcase name="testGetDeck" file="/home/kalo22/dbwebb-kurser/mvc/me/report/tests/Controller/ApiDeckControllerTest.php" line="17" class="App\Controller\ApiDeckControllerTest" classname="App.Controller.ApiDeckControllerTest" assertions="2" time="0.006211"/>
        <testcase name="testShuffleDeck" file="/home/kalo22/dbwebb-kurser/mvc/me/report/tests/Controller/ApiDeckControllerTest.php" line="30" class="App\Controller\ApiDeckControllerTest" classname="App.Controller.ApiDeckControllerTest" assertions="2" time="0.007918"/>
        <testcase name="testDrawCards" file="/home/kalo22/dbwebb-kurser/mvc/me/report/tests/Controller/ApiDeckControllerTest.php" line="43" class="App\Controller\ApiDeckControllerTest" classname="App.Controller.ApiDeckControllerTest" assertions="4" time="0.007347"/>
        <testcase name="testGetGameStatusNoGame" file="/home/kalo22/dbwebb-kurser/mvc/me/report/tests/Controller/ApiDeckControllerTest.php" line="58" class="App\Controller\ApiDeckControllerTest" classname="App.Controller.ApiDeckControllerTest" assertions="2" time="0.007577"/>
        <testcase name="testGetGameStatusWithGame" file="/home/kalo22/dbwebb-kurser/mvc/me/report/tests/Controller/ApiDeckControllerTest.php" line="73" class="App\Controller\ApiDeckControllerTest" classname="App.Controller.ApiDeckControllerTest" assertions="9" time="0.008229"/>
      </testsuite>
      <testsuite name="App\Controller\ApiLibraryControllerTest" file="/home/kalo22/dbwebb-kurser/mvc/me/report/tests/Controller/ApiLibraryControllerTest.php" tests="4" assertions="9" errors="0" failures="0" skipped="0" time="0.062139">
        <testcase name="testGetBooks" file="/home/kalo22/dbwebb-kurser/mvc/me/report/tests/Controller/ApiLibraryControllerTest.php" line="12" class="App\Controller\ApiLibraryControllerTest" classname="App.Controller.ApiLibraryControllerTest" assertions="2" time="0.033980"/>
        <testcase name="testGetBooksEmpty" file="/home/kalo22/dbwebb-kurser/mvc/me/report/tests/Controller/ApiLibraryControllerTest.php" line="32" class="App\Controller\ApiLibraryControllerTest" classname="App.Controller.ApiLibraryControllerTest" assertions="2" time="0.010612"/>
        <testcase name="testGetBookByISBN" file="/home/kalo22/dbwebb-kurser/mvc/me/report/tests/Controller/ApiLibraryControllerTest.php" line="40" class="App\Controller\ApiLibraryControllerTest" classname="App.Controller.ApiLibraryControllerTest" assertions="2" time="0.010079"/>
        <testcase name="testGetBookByISBNNotFound" file="/home/kalo22/dbwebb-kurser/mvc/me/report/tests/Controller/ApiLibraryControllerTest.php" line="60" class="App\Controller\ApiLibraryControllerTest" classname="App.Controller.ApiLibraryControllerTest" assertions="3" time="0.007468"/>
      </testsuite>
      <testsuite name="App\Controller\CardControllerTest" file="/home/kalo22/dbwebb-kurser/mvc/me/report/tests/Controller/CardControllerTest.php" tests="5" assertions="14" errors="0" failures="0" skipped="0" time="0.131842">
        <testcase name="testIndex" file="/home/kalo22/dbwebb-kurser/mvc/me/report/tests/Controller/CardControllerTest.php" line="9" class="App\Controller\CardControllerTest" classname="App.Controller.CardControllerTest" assertions="1" time="0.008783"/>
        <testcase name="testDeck" file="/home/kalo22/dbwebb-kurser/mvc/me/report/tests/Controller/CardControllerTest.php" line="17" class="App\Controller\CardControllerTest" classname="App.Controller.CardControllerTest" assertions="3" time="0.012934"/>
        <testcase name="testShuffle" file="/home/kalo22/dbwebb-kurser/mvc/me/report/tests/Controller/CardControllerTest.php" line="27" class="App\Controller\CardControllerTest" classname="App.Controller.CardControllerTest" assertions="4" time="0.012388"/>
        <testcase name="testDraw" file="/home/kalo22/dbwebb-kurser/mvc/me/report/tests/Controller/CardControllerTest.php" line="39" class="App\Controller\CardControllerTest" classname="App.Controller.CardControllerTest" assertions="2" time="0.013262"/>
        <testcase name="testDrawMany" file="/home/kalo22/dbwebb-kurser/mvc/me/report/tests/Controller/CardControllerTest.php" line="48" class="App\Controller\CardControllerTest" classname="App.Controller.CardControllerTest" assertions="4" time="0.084475"/>
      </testsuite>
      <testsuite name="App\Game\DealerTest" file="/home/kalo22/dbwebb-kurser/mvc/me/report/tests/Game/DealerTest.php" tests="5" assertions="8" errors="0" failures="0" skipped="0" time="0.004444">
        <testcase name="testCreateObject" file="/home/kalo22/dbwebb-kurser/mvc/me/report/tests/Game/DealerTest.php" line="13" class="App\Game\DealerTest" classname="App.Game.DealerTest" assertions="2" time="0.000858"/>
        <testcase name="testDrawHiddenCard" file="/home/kalo22/dbwebb-kurser/mvc/me/report/tests/Game/DealerTest.php" line="26" class="App\Game\DealerTest" classname="App.Game.DealerTest" assertions="2" time="0.000929"/>
        <testcase name="testGetScore" file="/home/kalo22/dbwebb-kurser/mvc/me/report/tests/Game/DealerTest.php" line="44" class="App\Game\DealerTest" classname="App.Game.DealerTest" assertions="1" time="0.000911"/>
        <testcase name="testAddScore" file="/home/kalo22/dbwebb-kurser/mvc/me/report/tests/Game/DealerTest.php" line="55" class="App\Game\DealerTest" classname="App.Game.DealerTest" assertions="1" time="0.000824"/>
        <testcase name="testIsHiddenCardRevealed" file="/home/kalo22/dbwebb-kurser/mvc/me/report/tests/Game/DealerTest.php" line="67" class="App\Game\DealerTest" classname="App.Game.DealerTest" assertions="2" time="0.000922"/>
      </testsuite>
      <testsuite name="App\Game\GameTest" file="/home/kalo22/dbwebb-kurser/mvc/me/report/tests/Game/GameTest.php" tests="16" assertions="31" errors="0" failures="0" skipped="0" time="0.023200">
        <testcase name="testCreateObject" file="/home/kalo22/dbwebb-kurser/mvc/me/report/tests/Game/GameTest.php" line="14" class="App\Game\GameTest" classname="App.Game.GameTest" assertions="1" time="0.000945"/>
        <testcase name="testStartGame" file="/home/kalo22/dbwebb-kurser/mvc/me/report/tests/Game/GameTest.php" line="23" class="App\Game\GameTest" classname="App.Game.GameTest" assertions="3" time="0.001143"/>
        <testcase name="testHit" file="/home/kalo22/dbwebb-kurser/mvc/me/report/tests/Game/GameTest.php" line="43" class="App\Game\GameTest" classname="App.Game.GameTest" assertions="1" time="0.001107"/>
        <testcase name="testHitWithScoreLessThan21" file="/home/kalo22/dbwebb-kurser/mvc/me/report/tests/Game/GameTest.php" line="56" class="App\Game\GameTest" classname="App.Game.GameTest" assertions="3" time="0.001759"/>
        <testcase name="testHitWithScoreMoreThan21" file="/home/kalo22/dbwebb-kurser/mvc/me/report/tests/Game/GameTest.php" line="77" class="App\Game\GameTest" classname="App.Game.GameTest" assertions="3" time="0.001231"/>
        <testcase name="testHitWithScore21" file="/home/kalo22/dbwebb-kurser/mvc/me/report/tests/Game/GameTest.php" line="98" class="App\Game\GameTest" classname="App.Game.GameTest" assertions="2" time="0.005136"/>
        <testcase name="testStandRevealHiddenCard" file="/home/kalo22/dbwebb-kurser/mvc/me/report/tests/Game/GameTest.php" line="121" class="App\Game\GameTest" classname="App.Game.GameTest" assertions="1" time="0.001065"/>
        <testcase name="testStandWithDealerScoreMoreThan21" file="/home/kalo22/dbwebb-kurser/mvc/me/report/tests/Game/GameTest.php" line="132" class="App\Game\GameTest" classname="App.Game.GameTest" assertions="2" time="0.001330"/>
        <testcase name="testRevealDealerCard" file="/home/kalo22/dbwebb-kurser/mvc/me/report/tests/Game/GameTest.php" line="149" class="App\Game\GameTest" classname="App.Game.GameTest" assertions="1" time="0.001040"/>
        <testcase name="testGetLastPlayerScore" file="/home/kalo22/dbwebb-kurser/mvc/me/report/tests/Game/GameTest.php" line="160" class="App\Game\GameTest" classname="App.Game.GameTest" assertions="1" time="0.001157"/>
        <testcase name="testGetLastDealerScore" file="/home/kalo22/dbwebb-kurser/mvc/me/report/tests/Game/GameTest.php" line="174" class="App\Game\GameTest" classname="App.Game.GameTest" assertions="1" time="0.001192"/>
        <testcase name="testSetAndGetWinner" file="/home/kalo22/dbwebb-kurser/mvc/me/report/tests/Game/GameTest.php" line="188" class="App\Game\GameTest" classname="App.Game.GameTest" assertions="1" time="0.001335"/>
        <testcase name="testReset" file="/home/kalo22/dbwebb-kurser/mvc/me/report/tests/Game/GameTest.php" line="209" class="App\Game\GameTest" classname="App.Game.GameTest" assertions="6" time="0.001188"/>
        <testcase name="testCheckDeck" file="/home/kalo22/dbwebb-kurser/mvc/me/report/tests/Game/GameTest.php" line="225" class="App\Game\GameTest" classname="App.Game.GameTest" assertions="2" time="0.001210"/>
        <testcase name="testSetDeck" file="/home/kalo22/dbwebb-kurser/mvc/me/report/tests/Game/GameTest.php" line="239" class="App\Game\GameTest" classname="App.Game.GameTest" assertions="2" time="0.001087"/>
        <testcase name="testJsonSerialize" file="/home/kalo22/dbwebb-kurser/mvc/me/report/tests/Game/GameTest.php" line="251" class="App\Game\GameTest" classname="App.Game.GameTest" assertions="1" time="0.001276"/>
      </testsuite>
      <testsuite name="App\Game\PlayerTest" file="/home/kalo22/dbwebb-kurser/mvc/me/report/tests/Game/PlayerTest.php" tests="5" assertions="6" errors="0" failures="0" skipped="0" time="0.004201">
        <testcase name="testCreateObject" file="/home/kalo22/dbwebb-kurser/mvc/me/report/tests/Game/PlayerTest.php" line="13" class="App\Game\PlayerTest" classname="App.Game.PlayerTest" assertions="2" time="0.000816"/>
        <testcase name="testDrawCard" file="/home/kalo22/dbwebb-kurser/mvc/me/report/tests/Game/PlayerTest.php" line="26" class="App\Game\PlayerTest" classname="App.Game.PlayerTest" assertions="1" time="0.000872"/>
        <testcase name="testGetScore" file="/home/kalo22/dbwebb-kurser/mvc/me/report/tests/Game/PlayerTest.php" line="39" class="App\Game\PlayerTest" classname="App.Game.PlayerTest" assertions="1" time="0.000753"/>
        <testcase name="testAddScore" file="/home/kalo22/dbwebb-kurser/mvc/me/report/tests/Game/PlayerTest.php" line="50" class="App\Game\PlayerTest" classname="App.Game.PlayerTest" assertions="1" time="0.000808"/>
        <testcase name="testClearHand" file="/home/kalo22/dbwebb-kurser/mvc/me/report/tests/Game/PlayerTest.php" line="62" class="App\Game\PlayerTest" classname="App.Game.PlayerTest" assertions="1" time="0.000952"/>
      </testsuite>
      <testsuite name="App\Form\BookTypeTest" file="/home/kalo22/dbwebb-kurser/mvc/me/report/tests/Library/BookTypeTest.php" tests="1" assertions="6" errors="0" failures="0" skipped="0" time="0.005845">
        <testcase name="testSubmitValidData" file="/home/kalo22/dbwebb-kurser/mvc/me/report/tests/Library/BookTypeTest.php" line="11" class="App\Form\BookTypeTest" classname="App.Form.BookTypeTest" assertions="6" time="0.005845"/>
      </testsuite>
      <testsuite name="App\Entity\LibraryTest" file="/home/kalo22/dbwebb-kurser/mvc/me/report/tests/Library/LibraryTest.php" tests="1" assertions="1" errors="0" failures="0" skipped="0" time="0.000762">
        <testcase name="testGetId" file="/home/kalo22/dbwebb-kurser/mvc/me/report/tests/Library/LibraryTest.php" line="10" class="App\Entity\LibraryTest" classname="App.Entity.LibraryTest" assertions="1" time="0.000762"/>
      </testsuite>
    </testsuite>
  </testsuite>
</testsuites>
