<?xml version="1.0" encoding="UTF-8"?>
<testsuites>
  <testsuite name="/home/kalo22/dbwebb-kurser/mvc/me/report/phpunit.xml.dist" tests="1" assertions="0" errors="0" failures="0" skipped="0" time="0.019711">
    <testsuite name="Project Test Suite" tests="1" assertions="0" errors="0" failures="0" skipped="0" time="0.019711">
      <testsuite name="App\Project\PreFlopTest" file="/home/kalo22/dbwebb-kurser/mvc/me/report/tests/Project/PreFlopTest.php" tests="1" assertions="0" errors="0" failures="0" skipped="0" time="0.019711">
        <testcase name="testGetRankingsArray" file="/home/kalo22/dbwebb-kurser/mvc/me/report/tests/Project/PreFlopTest.php" line="8" class="App\Project\PreFlopTest" classname="App.Project.PreFlopTest" assertions="0" time="0.019711"/>
      </testsuite>
    </testsuite>
  </testsuite>
</testsuites>
