<?xml version="1.0" encoding="UTF-8"?>
<testsuites>
  <testsuite name="/home/kalo22/dbwebb-kurser/mvc/me/report/phpunit.xml.dist" tests="127" assertions="250" errors="0" failures="0" skipped="0" time="2.232676">
    <testsuite name="Project Test Suite" tests="127" assertions="250" errors="0" failures="0" skipped="0" time="2.232676">
      <testsuite name="App\Cards\CardHandTest" file="/home/kalo22/dbwebb-kurser/mvc/me/report/tests/Cards/CardHandTest.php" tests="3" assertions="4" errors="0" failures="0" skipped="0" time="0.036313">
        <testcase name="testCreateObject" file="/home/kalo22/dbwebb-kurser/mvc/me/report/tests/Cards/CardHandTest.php" line="12" class="App\Cards\CardHandTest" classname="App.Cards.CardHandTest" assertions="2" time="0.034563"/>
        <testcase name="testAddCard" file="/home/kalo22/dbwebb-kurser/mvc/me/report/tests/Cards/CardHandTest.php" line="27" class="App\Cards\CardHandTest" classname="App.Cards.CardHandTest" assertions="1" time="0.001022"/>
        <testcase name="testGetCardsAsArray" file="/home/kalo22/dbwebb-kurser/mvc/me/report/tests/Cards/CardHandTest.php" line="43" class="App\Cards\CardHandTest" classname="App.Cards.CardHandTest" assertions="1" time="0.000728"/>
      </testsuite>
      <testsuite name="App\Cards\CardTest" file="/home/kalo22/dbwebb-kurser/mvc/me/report/tests/Cards/CardTest.php" tests="3" assertions="10" errors="0" failures="0" skipped="0" time="0.002433">
        <testcase name="testCreateObject" file="/home/kalo22/dbwebb-kurser/mvc/me/report/tests/Cards/CardTest.php" line="12" class="App\Cards\CardTest" classname="App.Cards.CardTest" assertions="3" time="0.000740"/>
        <testcase name="testGetCardText" file="/home/kalo22/dbwebb-kurser/mvc/me/report/tests/Cards/CardTest.php" line="31" class="App\Cards\CardTest" classname="App.Cards.CardTest" assertions="2" time="0.000887"/>
        <testcase name="testToString" file="/home/kalo22/dbwebb-kurser/mvc/me/report/tests/Cards/CardTest.php" line="45" class="App\Cards\CardTest" classname="App.Cards.CardTest" assertions="5" time="0.000807"/>
      </testsuite>
      <testsuite name="App\Cards\DeckOfCardsTest" file="/home/kalo22/dbwebb-kurser/mvc/me/report/tests/Cards/DeckOfCardsTest.php" tests="4" assertions="12" errors="0" failures="0" skipped="0" time="0.005396">
        <testcase name="testCreateObject" file="/home/kalo22/dbwebb-kurser/mvc/me/report/tests/Cards/DeckOfCardsTest.php" line="12" class="App\Cards\DeckOfCardsTest" classname="App.Cards.DeckOfCardsTest" assertions="2" time="0.000957"/>
        <testcase name="testShuffle" file="/home/kalo22/dbwebb-kurser/mvc/me/report/tests/Cards/DeckOfCardsTest.php" line="26" class="App\Cards\DeckOfCardsTest" classname="App.Cards.DeckOfCardsTest" assertions="2" time="0.002541"/>
        <testcase name="testDrawCard" file="/home/kalo22/dbwebb-kurser/mvc/me/report/tests/Cards/DeckOfCardsTest.php" line="39" class="App\Cards\DeckOfCardsTest" classname="App.Cards.DeckOfCardsTest" assertions="2" time="0.000955"/>
        <testcase name="testDrawManyCards" file="/home/kalo22/dbwebb-kurser/mvc/me/report/tests/Cards/DeckOfCardsTest.php" line="52" class="App\Cards\DeckOfCardsTest" classname="App.Cards.DeckOfCardsTest" assertions="6" time="0.000943"/>
      </testsuite>
      <testsuite name="App\Cards\JokerCardTest" file="/home/kalo22/dbwebb-kurser/mvc/me/report/tests/Cards/JokerCardTest.php" tests="2" assertions="4" errors="0" failures="0" skipped="0" time="0.001878">
        <testcase name="testCreateObject" file="/home/kalo22/dbwebb-kurser/mvc/me/report/tests/Cards/JokerCardTest.php" line="12" class="App\Cards\JokerCardTest" classname="App.Cards.JokerCardTest" assertions="3" time="0.001163"/>
        <testcase name="testToString" file="/home/kalo22/dbwebb-kurser/mvc/me/report/tests/Cards/JokerCardTest.php" line="29" class="App\Cards\JokerCardTest" classname="App.Cards.JokerCardTest" assertions="1" time="0.000715"/>
      </testsuite>
      <testsuite name="App\Controller\ApiControllerTest" file="/home/kalo22/dbwebb-kurser/mvc/me/report/tests/Controller/ApiControllerTest.php" tests="2" assertions="6" errors="0" failures="0" skipped="0" time="1.308446">
        <testcase name="testIndex" file="/home/kalo22/dbwebb-kurser/mvc/me/report/tests/Controller/ApiControllerTest.php" line="9" class="App\Controller\ApiControllerTest" classname="App.Controller.ApiControllerTest" assertions="2" time="1.299740"/>
        <testcase name="testQuote" file="/home/kalo22/dbwebb-kurser/mvc/me/report/tests/Controller/ApiControllerTest.php" line="17" class="App\Controller\ApiControllerTest" classname="App.Controller.ApiControllerTest" assertions="4" time="0.008706"/>
      </testsuite>
      <testsuite name="App\Controller\ApiDeckControllerTest" file="/home/kalo22/dbwebb-kurser/mvc/me/report/tests/Controller/ApiDeckControllerTest.php" tests="5" assertions="24" errors="0" failures="0" skipped="0" time="0.038311">
        <testcase name="testGetDeck" file="/home/kalo22/dbwebb-kurser/mvc/me/report/tests/Controller/ApiDeckControllerTest.php" line="17" class="App\Controller\ApiDeckControllerTest" classname="App.Controller.ApiDeckControllerTest" assertions="3" time="0.006810"/>
        <testcase name="testShuffleDeck" file="/home/kalo22/dbwebb-kurser/mvc/me/report/tests/Controller/ApiDeckControllerTest.php" line="31" class="App\Controller\ApiDeckControllerTest" classname="App.Controller.ApiDeckControllerTest" assertions="3" time="0.008701"/>
        <testcase name="testDrawCards" file="/home/kalo22/dbwebb-kurser/mvc/me/report/tests/Controller/ApiDeckControllerTest.php" line="45" class="App\Controller\ApiDeckControllerTest" classname="App.Controller.ApiDeckControllerTest" assertions="5" time="0.007515"/>
        <testcase name="testGetGameStatusNoGame" file="/home/kalo22/dbwebb-kurser/mvc/me/report/tests/Controller/ApiDeckControllerTest.php" line="62" class="App\Controller\ApiDeckControllerTest" classname="App.Controller.ApiDeckControllerTest" assertions="3" time="0.006681"/>
        <testcase name="testGetGameStatusWithGame" file="/home/kalo22/dbwebb-kurser/mvc/me/report/tests/Controller/ApiDeckControllerTest.php" line="78" class="App\Controller\ApiDeckControllerTest" classname="App.Controller.ApiDeckControllerTest" assertions="10" time="0.008604"/>
      </testsuite>
      <testsuite name="App\Controller\ApiLibraryControllerTest" file="/home/kalo22/dbwebb-kurser/mvc/me/report/tests/Controller/ApiLibraryControllerTest.php" tests="4" assertions="9" errors="0" failures="0" skipped="0" time="0.078375">
        <testcase name="testGetBooks" file="/home/kalo22/dbwebb-kurser/mvc/me/report/tests/Controller/ApiLibraryControllerTest.php" line="13" class="App\Controller\ApiLibraryControllerTest" classname="App.Controller.ApiLibraryControllerTest" assertions="2" time="0.048903"/>
        <testcase name="testGetBooksEmpty" file="/home/kalo22/dbwebb-kurser/mvc/me/report/tests/Controller/ApiLibraryControllerTest.php" line="42" class="App\Controller\ApiLibraryControllerTest" classname="App.Controller.ApiLibraryControllerTest" assertions="2" time="0.008742"/>
        <testcase name="testGetBookByISBN" file="/home/kalo22/dbwebb-kurser/mvc/me/report/tests/Controller/ApiLibraryControllerTest.php" line="50" class="App\Controller\ApiLibraryControllerTest" classname="App.Controller.ApiLibraryControllerTest" assertions="2" time="0.013205"/>
        <testcase name="testGetBookByISBNNotFound" file="/home/kalo22/dbwebb-kurser/mvc/me/report/tests/Controller/ApiLibraryControllerTest.php" line="81" class="App\Controller\ApiLibraryControllerTest" classname="App.Controller.ApiLibraryControllerTest" assertions="3" time="0.007526"/>
      </testsuite>
      <testsuite name="App\Controller\CardControllerTest" file="/home/kalo22/dbwebb-kurser/mvc/me/report/tests/Controller/CardControllerTest.php" tests="5" assertions="14" errors="0" failures="0" skipped="0" time="0.219593">
        <testcase name="testIndex" file="/home/kalo22/dbwebb-kurser/mvc/me/report/tests/Controller/CardControllerTest.php" line="9" class="App\Controller\CardControllerTest" classname="App.Controller.CardControllerTest" assertions="1" time="0.010818"/>
        <testcase name="testDeck" file="/home/kalo22/dbwebb-kurser/mvc/me/report/tests/Controller/CardControllerTest.php" line="17" class="App\Controller\CardControllerTest" classname="App.Controller.CardControllerTest" assertions="3" time="0.020938"/>
        <testcase name="testShuffle" file="/home/kalo22/dbwebb-kurser/mvc/me/report/tests/Controller/CardControllerTest.php" line="27" class="App\Controller\CardControllerTest" classname="App.Controller.CardControllerTest" assertions="4" time="0.013545"/>
        <testcase name="testDraw" file="/home/kalo22/dbwebb-kurser/mvc/me/report/tests/Controller/CardControllerTest.php" line="39" class="App\Controller\CardControllerTest" classname="App.Controller.CardControllerTest" assertions="2" time="0.011431"/>
        <testcase name="testDrawMany" file="/home/kalo22/dbwebb-kurser/mvc/me/report/tests/Controller/CardControllerTest.php" line="48" class="App\Controller\CardControllerTest" classname="App.Controller.CardControllerTest" assertions="4" time="0.162862"/>
      </testsuite>
      <testsuite name="App\Controller\GameControllerTest" file="/home/kalo22/dbwebb-kurser/mvc/me/report/tests/Controller/GameControllerTest.php" tests="8" assertions="24" errors="0" failures="0" skipped="0" time="0.133637">
        <testcase name="testIndex" file="/home/kalo22/dbwebb-kurser/mvc/me/report/tests/Controller/GameControllerTest.php" line="23" class="App\Controller\GameControllerTest" classname="App.Controller.GameControllerTest" assertions="2" time="0.010203"/>
        <testcase name="testDoc" file="/home/kalo22/dbwebb-kurser/mvc/me/report/tests/Controller/GameControllerTest.php" line="31" class="App\Controller\GameControllerTest" classname="App.Controller.GameControllerTest" assertions="2" time="0.010222"/>
        <testcase name="testGameBlackjack" file="/home/kalo22/dbwebb-kurser/mvc/me/report/tests/Controller/GameControllerTest.php" line="39" class="App\Controller\GameControllerTest" classname="App.Controller.GameControllerTest" assertions="2" time="0.017565"/>
        <testcase name="testGameBlackjackActionHit" file="/home/kalo22/dbwebb-kurser/mvc/me/report/tests/Controller/GameControllerTest.php" line="60" class="App\Controller\GameControllerTest" classname="App.Controller.GameControllerTest" assertions="3" time="0.018765"/>
        <testcase name="testGameBlackjackActionStand" file="/home/kalo22/dbwebb-kurser/mvc/me/report/tests/Controller/GameControllerTest.php" line="73" class="App\Controller\GameControllerTest" classname="App.Controller.GameControllerTest" assertions="5" time="0.019483"/>
        <testcase name="testGameBlackjackActionNext" file="/home/kalo22/dbwebb-kurser/mvc/me/report/tests/Controller/GameControllerTest.php" line="89" class="App\Controller\GameControllerTest" classname="App.Controller.GameControllerTest" assertions="4" time="0.019157"/>
        <testcase name="testGameBlackjackActionReset" file="/home/kalo22/dbwebb-kurser/mvc/me/report/tests/Controller/GameControllerTest.php" line="103" class="App\Controller\GameControllerTest" classname="App.Controller.GameControllerTest" assertions="3" time="0.020276"/>
        <testcase name="testGameClear" file="/home/kalo22/dbwebb-kurser/mvc/me/report/tests/Controller/GameControllerTest.php" line="118" class="App\Controller\GameControllerTest" classname="App.Controller.GameControllerTest" assertions="3" time="0.017966"/>
      </testsuite>
      <testsuite name="App\Controller\HomeControllerTest" file="/home/kalo22/dbwebb-kurser/mvc/me/report/tests/Controller/HomeControllerTest.php" tests="5" assertions="10" errors="0" failures="0" skipped="0" time="0.065265">
        <testcase name="testIndex" file="/home/kalo22/dbwebb-kurser/mvc/me/report/tests/Controller/HomeControllerTest.php" line="17" class="App\Controller\HomeControllerTest" classname="App.Controller.HomeControllerTest" assertions="2" time="0.010820"/>
        <testcase name="testAbout" file="/home/kalo22/dbwebb-kurser/mvc/me/report/tests/Controller/HomeControllerTest.php" line="25" class="App\Controller\HomeControllerTest" classname="App.Controller.HomeControllerTest" assertions="2" time="0.009179"/>
        <testcase name="testReport" file="/home/kalo22/dbwebb-kurser/mvc/me/report/tests/Controller/HomeControllerTest.php" line="33" class="App\Controller\HomeControllerTest" classname="App.Controller.HomeControllerTest" assertions="2" time="0.014236"/>
        <testcase name="testLucky" file="/home/kalo22/dbwebb-kurser/mvc/me/report/tests/Controller/HomeControllerTest.php" line="41" class="App\Controller\HomeControllerTest" classname="App.Controller.HomeControllerTest" assertions="2" time="0.014921"/>
        <testcase name="testMetrics" file="/home/kalo22/dbwebb-kurser/mvc/me/report/tests/Controller/HomeControllerTest.php" line="49" class="App\Controller\HomeControllerTest" classname="App.Controller.HomeControllerTest" assertions="2" time="0.016108"/>
      </testsuite>
      <testsuite name="App\Controller\LibraryControllerTest" file="/home/kalo22/dbwebb-kurser/mvc/me/report/tests/Controller/LibraryControllerTest.php" tests="9" assertions="17" errors="0" failures="0" skipped="0" time="0.094482">
        <testcase name="testIndex" file="/home/kalo22/dbwebb-kurser/mvc/me/report/tests/Controller/LibraryControllerTest.php" line="38" class="App\Controller\LibraryControllerTest" classname="App.Controller.LibraryControllerTest" assertions="2" time="0.010996"/>
        <testcase name="testViewBook" file="/home/kalo22/dbwebb-kurser/mvc/me/report/tests/Controller/LibraryControllerTest.php" line="46" class="App\Controller\LibraryControllerTest" classname="App.Controller.LibraryControllerTest" assertions="2" time="0.013052"/>
        <testcase name="testViewBookNoExist" file="/home/kalo22/dbwebb-kurser/mvc/me/report/tests/Controller/LibraryControllerTest.php" line="56" class="App\Controller\LibraryControllerTest" classname="App.Controller.LibraryControllerTest" assertions="2" time="0.008518"/>
        <testcase name="testViewBooks" file="/home/kalo22/dbwebb-kurser/mvc/me/report/tests/Controller/LibraryControllerTest.php" line="69" class="App\Controller\LibraryControllerTest" classname="App.Controller.LibraryControllerTest" assertions="2" time="0.013292"/>
        <testcase name="testUpdateNotExist" file="/home/kalo22/dbwebb-kurser/mvc/me/report/tests/Controller/LibraryControllerTest.php" line="79" class="App\Controller\LibraryControllerTest" classname="App.Controller.LibraryControllerTest" assertions="2" time="0.007986"/>
        <testcase name="testDeleteNotExist" file="/home/kalo22/dbwebb-kurser/mvc/me/report/tests/Controller/LibraryControllerTest.php" line="92" class="App\Controller\LibraryControllerTest" classname="App.Controller.LibraryControllerTest" assertions="2" time="0.007644"/>
        <testcase name="testDelete" file="/home/kalo22/dbwebb-kurser/mvc/me/report/tests/Controller/LibraryControllerTest.php" line="105" class="App\Controller\LibraryControllerTest" classname="App.Controller.LibraryControllerTest" assertions="1" time="0.014700"/>
        <testcase name="testRedirectBook" file="/home/kalo22/dbwebb-kurser/mvc/me/report/tests/Controller/LibraryControllerTest.php" line="133" class="App\Controller\LibraryControllerTest" classname="App.Controller.LibraryControllerTest" assertions="2" time="0.009210"/>
        <testcase name="testRedirectBookNoExist" file="/home/kalo22/dbwebb-kurser/mvc/me/report/tests/Controller/LibraryControllerTest.php" line="152" class="App\Controller\LibraryControllerTest" classname="App.Controller.LibraryControllerTest" assertions="2" time="0.009086"/>
      </testsuite>
      <testsuite name="App\Controller\LibraryFormControllerTest" file="/home/kalo22/dbwebb-kurser/mvc/me/report/tests/Controller/LibraryFormControllerTest.php" tests="4" assertions="9" errors="0" failures="0" skipped="0" time="0.148368">
        <testcase name="testAddGetRequest" file="/home/kalo22/dbwebb-kurser/mvc/me/report/tests/Controller/LibraryFormControllerTest.php" line="26" class="App\Controller\LibraryFormControllerTest" classname="App.Controller.LibraryFormControllerTest" assertions="1" time="0.018785"/>
        <testcase name="testAddPostRequestValid" file="/home/kalo22/dbwebb-kurser/mvc/me/report/tests/Controller/LibraryFormControllerTest.php" line="33" class="App\Controller\LibraryFormControllerTest" classname="App.Controller.LibraryFormControllerTest" assertions="2" time="0.063865"/>
        <testcase name="testUpdatePostRequestValid" file="/home/kalo22/dbwebb-kurser/mvc/me/report/tests/Controller/LibraryFormControllerTest.php" line="60" class="App\Controller\LibraryFormControllerTest" classname="App.Controller.LibraryFormControllerTest" assertions="2" time="0.060830"/>
        <testcase name="testBookEditted" file="/home/kalo22/dbwebb-kurser/mvc/me/report/tests/Controller/LibraryFormControllerTest.php" line="89" class="App\Controller\LibraryFormControllerTest" classname="App.Controller.LibraryFormControllerTest" assertions="4" time="0.004888"/>
      </testsuite>
      <testsuite name="App\Game\DealerTest" file="/home/kalo22/dbwebb-kurser/mvc/me/report/tests/Game/DealerTest.php" tests="5" assertions="8" errors="0" failures="0" skipped="0" time="0.004891">
        <testcase name="testCreateObject" file="/home/kalo22/dbwebb-kurser/mvc/me/report/tests/Game/DealerTest.php" line="13" class="App\Game\DealerTest" classname="App.Game.DealerTest" assertions="2" time="0.000999"/>
        <testcase name="testDrawHiddenCard" file="/home/kalo22/dbwebb-kurser/mvc/me/report/tests/Game/DealerTest.php" line="26" class="App\Game\DealerTest" classname="App.Game.DealerTest" assertions="2" time="0.001075"/>
        <testcase name="testGetScore" file="/home/kalo22/dbwebb-kurser/mvc/me/report/tests/Game/DealerTest.php" line="44" class="App\Game\DealerTest" classname="App.Game.DealerTest" assertions="1" time="0.000908"/>
        <testcase name="testAddScore" file="/home/kalo22/dbwebb-kurser/mvc/me/report/tests/Game/DealerTest.php" line="55" class="App\Game\DealerTest" classname="App.Game.DealerTest" assertions="1" time="0.000876"/>
        <testcase name="testIsHiddenCardRevealed" file="/home/kalo22/dbwebb-kurser/mvc/me/report/tests/Game/DealerTest.php" line="67" class="App\Game\DealerTest" classname="App.Game.DealerTest" assertions="2" time="0.001032"/>
      </testsuite>
      <testsuite name="App\Game\GameScoreTest" file="/home/kalo22/dbwebb-kurser/mvc/me/report/tests/Game/GameScoreTest.php" tests="1" assertions="1" errors="0" failures="0" skipped="0" time="0.000906">
        <testcase name="testCreateObject" file="/home/kalo22/dbwebb-kurser/mvc/me/report/tests/Game/GameScoreTest.php" line="12" class="App\Game\GameScoreTest" classname="App.Game.GameScoreTest" assertions="1" time="0.000906"/>
      </testsuite>
      <testsuite name="App\Game\GameTest" file="/home/kalo22/dbwebb-kurser/mvc/me/report/tests/Game/GameTest.php" tests="16" assertions="31" errors="0" failures="0" skipped="0" time="0.022512">
        <testcase name="testCreateObject" file="/home/kalo22/dbwebb-kurser/mvc/me/report/tests/Game/GameTest.php" line="14" class="App\Game\GameTest" classname="App.Game.GameTest" assertions="1" time="0.001141"/>
        <testcase name="testStartGame" file="/home/kalo22/dbwebb-kurser/mvc/me/report/tests/Game/GameTest.php" line="23" class="App\Game\GameTest" classname="App.Game.GameTest" assertions="3" time="0.001273"/>
        <testcase name="testHit" file="/home/kalo22/dbwebb-kurser/mvc/me/report/tests/Game/GameTest.php" line="43" class="App\Game\GameTest" classname="App.Game.GameTest" assertions="1" time="0.001155"/>
        <testcase name="testHitWithScoreLessThan21" file="/home/kalo22/dbwebb-kurser/mvc/me/report/tests/Game/GameTest.php" line="56" class="App\Game\GameTest" classname="App.Game.GameTest" assertions="3" time="0.001856"/>
        <testcase name="testHitWithScoreMoreThan21" file="/home/kalo22/dbwebb-kurser/mvc/me/report/tests/Game/GameTest.php" line="76" class="App\Game\GameTest" classname="App.Game.GameTest" assertions="3" time="0.001303"/>
        <testcase name="testHitWithScore21" file="/home/kalo22/dbwebb-kurser/mvc/me/report/tests/Game/GameTest.php" line="97" class="App\Game\GameTest" classname="App.Game.GameTest" assertions="2" time="0.002901"/>
        <testcase name="testStandRevealHiddenCard" file="/home/kalo22/dbwebb-kurser/mvc/me/report/tests/Game/GameTest.php" line="120" class="App\Game\GameTest" classname="App.Game.GameTest" assertions="1" time="0.001233"/>
        <testcase name="testStandWithDealerScoreMoreThan21" file="/home/kalo22/dbwebb-kurser/mvc/me/report/tests/Game/GameTest.php" line="131" class="App\Game\GameTest" classname="App.Game.GameTest" assertions="2" time="0.001426"/>
        <testcase name="testRevealDealerCard" file="/home/kalo22/dbwebb-kurser/mvc/me/report/tests/Game/GameTest.php" line="148" class="App\Game\GameTest" classname="App.Game.GameTest" assertions="1" time="0.001177"/>
        <testcase name="testGetLastPlayerScore" file="/home/kalo22/dbwebb-kurser/mvc/me/report/tests/Game/GameTest.php" line="159" class="App\Game\GameTest" classname="App.Game.GameTest" assertions="1" time="0.001275"/>
        <testcase name="testGetLastDealerScore" file="/home/kalo22/dbwebb-kurser/mvc/me/report/tests/Game/GameTest.php" line="173" class="App\Game\GameTest" classname="App.Game.GameTest" assertions="1" time="0.001329"/>
        <testcase name="testSetAndGetWinner" file="/home/kalo22/dbwebb-kurser/mvc/me/report/tests/Game/GameTest.php" line="187" class="App\Game\GameTest" classname="App.Game.GameTest" assertions="1" time="0.001072"/>
        <testcase name="testReset" file="/home/kalo22/dbwebb-kurser/mvc/me/report/tests/Game/GameTest.php" line="208" class="App\Game\GameTest" classname="App.Game.GameTest" assertions="6" time="0.001373"/>
        <testcase name="testCheckDeck" file="/home/kalo22/dbwebb-kurser/mvc/me/report/tests/Game/GameTest.php" line="224" class="App\Game\GameTest" classname="App.Game.GameTest" assertions="2" time="0.001292"/>
        <testcase name="testSetDeck" file="/home/kalo22/dbwebb-kurser/mvc/me/report/tests/Game/GameTest.php" line="238" class="App\Game\GameTest" classname="App.Game.GameTest" assertions="2" time="0.001239"/>
        <testcase name="testJsonSerialize" file="/home/kalo22/dbwebb-kurser/mvc/me/report/tests/Game/GameTest.php" line="250" class="App\Game\GameTest" classname="App.Game.GameTest" assertions="1" time="0.001466"/>
      </testsuite>
      <testsuite name="App\Game\PlayerTest" file="/home/kalo22/dbwebb-kurser/mvc/me/report/tests/Game/PlayerTest.php" tests="5" assertions="6" errors="0" failures="0" skipped="0" time="0.004502">
        <testcase name="testCreateObject" file="/home/kalo22/dbwebb-kurser/mvc/me/report/tests/Game/PlayerTest.php" line="13" class="App\Game\PlayerTest" classname="App.Game.PlayerTest" assertions="2" time="0.000886"/>
        <testcase name="testDrawCard" file="/home/kalo22/dbwebb-kurser/mvc/me/report/tests/Game/PlayerTest.php" line="26" class="App\Game\PlayerTest" classname="App.Game.PlayerTest" assertions="1" time="0.000961"/>
        <testcase name="testGetScore" file="/home/kalo22/dbwebb-kurser/mvc/me/report/tests/Game/PlayerTest.php" line="39" class="App\Game\PlayerTest" classname="App.Game.PlayerTest" assertions="1" time="0.000848"/>
        <testcase name="testAddScore" file="/home/kalo22/dbwebb-kurser/mvc/me/report/tests/Game/PlayerTest.php" line="50" class="App\Game\PlayerTest" classname="App.Game.PlayerTest" assertions="1" time="0.000841"/>
        <testcase name="testClearHand" file="/home/kalo22/dbwebb-kurser/mvc/me/report/tests/Game/PlayerTest.php" line="62" class="App\Game\PlayerTest" classname="App.Game.PlayerTest" assertions="1" time="0.000967"/>
      </testsuite>
      <testsuite name="App\Form\BookTypeTest" file="/home/kalo22/dbwebb-kurser/mvc/me/report/tests/Library/BookTypeTest.php" tests="1" assertions="6" errors="0" failures="0" skipped="0" time="0.010701">
        <testcase name="testSubmitValidData" file="/home/kalo22/dbwebb-kurser/mvc/me/report/tests/Library/BookTypeTest.php" line="11" class="App\Form\BookTypeTest" classname="App.Form.BookTypeTest" assertions="6" time="0.010701"/>
      </testsuite>
      <testsuite name="App\Entity\LibraryTest" file="/home/kalo22/dbwebb-kurser/mvc/me/report/tests/Library/LibraryTest.php" tests="1" assertions="1" errors="0" failures="0" skipped="0" time="0.001006">
        <testcase name="testGetId" file="/home/kalo22/dbwebb-kurser/mvc/me/report/tests/Library/LibraryTest.php" line="10" class="App\Entity\LibraryTest" classname="App.Entity.LibraryTest" assertions="1" time="0.001006"/>
      </testsuite>
      <testsuite name="App\Project\CardHandsHelperTest" file="/home/kalo22/dbwebb-kurser/mvc/me/report/tests/Project/CardHandsHelperTest.php" tests="3" assertions="5" errors="0" failures="0" skipped="0" time="0.002516">
        <testcase name="testCreateObject" file="/home/kalo22/dbwebb-kurser/mvc/me/report/tests/Project/CardHandsHelperTest.php" line="19" class="App\Project\CardHandsHelperTest" classname="App.Project.CardHandsHelperTest" assertions="1" time="0.000824"/>
        <testcase name="testFaceToNumericAceLowKQJ" file="/home/kalo22/dbwebb-kurser/mvc/me/report/tests/Project/CardHandsHelperTest.php" line="31" class="App\Project\CardHandsHelperTest" classname="App.Project.CardHandsHelperTest" assertions="3" time="0.000867"/>
        <testcase name="testNumericToFace10" file="/home/kalo22/dbwebb-kurser/mvc/me/report/tests/Project/CardHandsHelperTest.php" line="50" class="App\Project\CardHandsHelperTest" classname="App.Project.CardHandsHelperTest" assertions="1" time="0.000825"/>
      </testsuite>
      <testsuite name="App\Project\CardHandsStraightTest" file="/home/kalo22/dbwebb-kurser/mvc/me/report/tests/Project/CardHandsStraightTest.php" tests="2" assertions="2" errors="0" failures="0" skipped="0" time="0.001690">
        <testcase name="testCreateObject" file="/home/kalo22/dbwebb-kurser/mvc/me/report/tests/Project/CardHandsStraightTest.php" line="19" class="App\Project\CardHandsStraightTest" classname="App.Project.CardHandsStraightTest" assertions="1" time="0.000831"/>
        <testcase name="testStraightCombosLessThanLenght" file="/home/kalo22/dbwebb-kurser/mvc/me/report/tests/Project/CardHandsStraightTest.php" line="33" class="App\Project\CardHandsStraightTest" classname="App.Project.CardHandsStraightTest" assertions="1" time="0.000860"/>
      </testsuite>
      <testsuite name="App\Project\CardHandsTest" file="/home/kalo22/dbwebb-kurser/mvc/me/report/tests/Project/CardHandsTest.php" tests="39" assertions="47" errors="0" failures="0" skipped="0" time="0.051453">
        <testcase name="testCreateObject" file="/home/kalo22/dbwebb-kurser/mvc/me/report/tests/Project/CardHandsTest.php" line="14" class="App\Project\CardHandsTest" classname="App.Project.CardHandsTest" assertions="1" time="0.000895"/>
        <testcase name="testCheckHighCardAceHigh" file="/home/kalo22/dbwebb-kurser/mvc/me/report/tests/Project/CardHandsTest.php" line="23" class="App\Project\CardHandsTest" classname="App.Project.CardHandsTest" assertions="1" time="0.001197"/>
        <testcase name="testCheckPair" file="/home/kalo22/dbwebb-kurser/mvc/me/report/tests/Project/CardHandsTest.php" line="39" class="App\Project\CardHandsTest" classname="App.Project.CardHandsTest" assertions="1" time="0.001193"/>
        <testcase name="testCheckPair7" file="/home/kalo22/dbwebb-kurser/mvc/me/report/tests/Project/CardHandsTest.php" line="58" class="App\Project\CardHandsTest" classname="App.Project.CardHandsTest" assertions="1" time="0.001144"/>
        <testcase name="testCheckPair7Queens" file="/home/kalo22/dbwebb-kurser/mvc/me/report/tests/Project/CardHandsTest.php" line="82" class="App\Project\CardHandsTest" classname="App.Project.CardHandsTest" assertions="1" time="0.001163"/>
        <testcase name="testCheckPair7NoPair" file="/home/kalo22/dbwebb-kurser/mvc/me/report/tests/Project/CardHandsTest.php" line="106" class="App\Project\CardHandsTest" classname="App.Project.CardHandsTest" assertions="1" time="0.001024"/>
        <testcase name="testCheckPairJ" file="/home/kalo22/dbwebb-kurser/mvc/me/report/tests/Project/CardHandsTest.php" line="126" class="App\Project\CardHandsTest" classname="App.Project.CardHandsTest" assertions="1" time="0.001172"/>
        <testcase name="testCheck2Pair7" file="/home/kalo22/dbwebb-kurser/mvc/me/report/tests/Project/CardHandsTest.php" line="145" class="App\Project\CardHandsTest" classname="App.Project.CardHandsTest" assertions="1" time="0.001270"/>
        <testcase name="testCheck2Pair7OnePair" file="/home/kalo22/dbwebb-kurser/mvc/me/report/tests/Project/CardHandsTest.php" line="169" class="App\Project\CardHandsTest" classname="App.Project.CardHandsTest" assertions="1" time="0.000997"/>
        <testcase name="testCheck2Pair7NoPair" file="/home/kalo22/dbwebb-kurser/mvc/me/report/tests/Project/CardHandsTest.php" line="189" class="App\Project\CardHandsTest" classname="App.Project.CardHandsTest" assertions="1" time="0.000999"/>
        <testcase name="testCheckHighCardAceLow5Straight" file="/home/kalo22/dbwebb-kurser/mvc/me/report/tests/Project/CardHandsTest.php" line="209" class="App\Project\CardHandsTest" classname="App.Project.CardHandsTest" assertions="1" time="0.001164"/>
        <testcase name="testCheckHighCardAceLow7Straight" file="/home/kalo22/dbwebb-kurser/mvc/me/report/tests/Project/CardHandsTest.php" line="227" class="App\Project\CardHandsTest" classname="App.Project.CardHandsTest" assertions="1" time="0.001141"/>
        <testcase name="testCheckThreeOfAKind7" file="/home/kalo22/dbwebb-kurser/mvc/me/report/tests/Project/CardHandsTest.php" line="247" class="App\Project\CardHandsTest" classname="App.Project.CardHandsTest" assertions="1" time="0.001234"/>
        <testcase name="testCheckThreeOfAKind7TwoOfAKind" file="/home/kalo22/dbwebb-kurser/mvc/me/report/tests/Project/CardHandsTest.php" line="271" class="App\Project\CardHandsTest" classname="App.Project.CardHandsTest" assertions="1" time="0.001039"/>
        <testcase name="testCheckThreeOfAKind7TwoPair" file="/home/kalo22/dbwebb-kurser/mvc/me/report/tests/Project/CardHandsTest.php" line="291" class="App\Project\CardHandsTest" classname="App.Project.CardHandsTest" assertions="1" time="0.001030"/>
        <testcase name="testCheckThreeOfAKind7NoPair" file="/home/kalo22/dbwebb-kurser/mvc/me/report/tests/Project/CardHandsTest.php" line="311" class="App\Project\CardHandsTest" classname="App.Project.CardHandsTest" assertions="1" time="0.001037"/>
        <testcase name="testCheckStraight3" file="/home/kalo22/dbwebb-kurser/mvc/me/report/tests/Project/CardHandsTest.php" line="331" class="App\Project\CardHandsTest" classname="App.Project.CardHandsTest" assertions="1" time="0.001030"/>
        <testcase name="testCheckStraight7ManyStraights" file="/home/kalo22/dbwebb-kurser/mvc/me/report/tests/Project/CardHandsTest.php" line="347" class="App\Project\CardHandsTest" classname="App.Project.CardHandsTest" assertions="1" time="0.001414"/>
        <testcase name="testCheckStraight7ManyStraights2" file="/home/kalo22/dbwebb-kurser/mvc/me/report/tests/Project/CardHandsTest.php" line="370" class="App\Project\CardHandsTest" classname="App.Project.CardHandsTest" assertions="2" time="0.001461"/>
        <testcase name="testCheckStraight7NoStraight" file="/home/kalo22/dbwebb-kurser/mvc/me/report/tests/Project/CardHandsTest.php" line="416" class="App\Project\CardHandsTest" classname="App.Project.CardHandsTest" assertions="1" time="0.001811"/>
        <testcase name="testCheckFourOfAKind7" file="/home/kalo22/dbwebb-kurser/mvc/me/report/tests/Project/CardHandsTest.php" line="436" class="App\Project\CardHandsTest" classname="App.Project.CardHandsTest" assertions="1" time="0.001306"/>
        <testcase name="testCheckFourOfAKind7ThreeOfAKind" file="/home/kalo22/dbwebb-kurser/mvc/me/report/tests/Project/CardHandsTest.php" line="460" class="App\Project\CardHandsTest" classname="App.Project.CardHandsTest" assertions="1" time="0.001037"/>
        <testcase name="testCheckFlush7" file="/home/kalo22/dbwebb-kurser/mvc/me/report/tests/Project/CardHandsTest.php" line="480" class="App\Project\CardHandsTest" classname="App.Project.CardHandsTest" assertions="4" time="0.002023"/>
        <testcase name="testCheckFullHouse7" file="/home/kalo22/dbwebb-kurser/mvc/me/report/tests/Project/CardHandsTest.php" line="544" class="App\Project\CardHandsTest" classname="App.Project.CardHandsTest" assertions="2" time="0.001145"/>
        <testcase name="testCheckFullHouse7ThreeOfAKind" file="/home/kalo22/dbwebb-kurser/mvc/me/report/tests/Project/CardHandsTest.php" line="568" class="App\Project\CardHandsTest" classname="App.Project.CardHandsTest" assertions="1" time="0.001097"/>
        <testcase name="testCheckFullHouse3" file="/home/kalo22/dbwebb-kurser/mvc/me/report/tests/Project/CardHandsTest.php" line="588" class="App\Project\CardHandsTest" classname="App.Project.CardHandsTest" assertions="1" time="0.000976"/>
        <testcase name="testCheckFullHouse7Pair" file="/home/kalo22/dbwebb-kurser/mvc/me/report/tests/Project/CardHandsTest.php" line="604" class="App\Project\CardHandsTest" classname="App.Project.CardHandsTest" assertions="1" time="0.001080"/>
        <testcase name="testCheckFullHouse7TwoThreeOfAKind" file="/home/kalo22/dbwebb-kurser/mvc/me/report/tests/Project/CardHandsTest.php" line="624" class="App\Project\CardHandsTest" classname="App.Project.CardHandsTest" assertions="1" time="0.001289"/>
        <testcase name="testCheckStraightFlush7" file="/home/kalo22/dbwebb-kurser/mvc/me/report/tests/Project/CardHandsTest.php" line="653" class="App\Project\CardHandsTest" classname="App.Project.CardHandsTest" assertions="4" time="0.002827"/>
        <testcase name="testCheckBestHandStraightFlush" file="/home/kalo22/dbwebb-kurser/mvc/me/report/tests/Project/CardHandsTest.php" line="715" class="App\Project\CardHandsTest" classname="App.Project.CardHandsTest" assertions="1" time="0.001342"/>
        <testcase name="testCheckBestHandFourOfAKind" file="/home/kalo22/dbwebb-kurser/mvc/me/report/tests/Project/CardHandsTest.php" line="733" class="App\Project\CardHandsTest" classname="App.Project.CardHandsTest" assertions="1" time="0.001325"/>
        <testcase name="testCheckBestHandFullHouse" file="/home/kalo22/dbwebb-kurser/mvc/me/report/tests/Project/CardHandsTest.php" line="751" class="App\Project\CardHandsTest" classname="App.Project.CardHandsTest" assertions="1" time="0.001697"/>
        <testcase name="testCheckBestHandFlush" file="/home/kalo22/dbwebb-kurser/mvc/me/report/tests/Project/CardHandsTest.php" line="769" class="App\Project\CardHandsTest" classname="App.Project.CardHandsTest" assertions="1" time="0.001474"/>
        <testcase name="testCheckBestHandStraight" file="/home/kalo22/dbwebb-kurser/mvc/me/report/tests/Project/CardHandsTest.php" line="787" class="App\Project\CardHandsTest" classname="App.Project.CardHandsTest" assertions="1" time="0.001538"/>
        <testcase name="testCheckBestHandThreeOfAKind" file="/home/kalo22/dbwebb-kurser/mvc/me/report/tests/Project/CardHandsTest.php" line="806" class="App\Project\CardHandsTest" classname="App.Project.CardHandsTest" assertions="1" time="0.001641"/>
        <testcase name="testCheckBestHandTwoPair" file="/home/kalo22/dbwebb-kurser/mvc/me/report/tests/Project/CardHandsTest.php" line="824" class="App\Project\CardHandsTest" classname="App.Project.CardHandsTest" assertions="1" time="0.001535"/>
        <testcase name="testCheckBestHandPair" file="/home/kalo22/dbwebb-kurser/mvc/me/report/tests/Project/CardHandsTest.php" line="843" class="App\Project\CardHandsTest" classname="App.Project.CardHandsTest" assertions="1" time="0.001616"/>
        <testcase name="testCheckBestHandHighCard" file="/home/kalo22/dbwebb-kurser/mvc/me/report/tests/Project/CardHandsTest.php" line="861" class="App\Project\CardHandsTest" classname="App.Project.CardHandsTest" assertions="1" time="0.001596"/>
        <testcase name="testCheckStraightFlush7NoStraightFlush" file="/home/kalo22/dbwebb-kurser/mvc/me/report/tests/Project/CardHandsTest.php" line="879" class="App\Project\CardHandsTest" classname="App.Project.CardHandsTest" assertions="1" time="0.001491"/>
      </testsuite>
    </testsuite>
  </testsuite>
</testsuites>
