<?xml version="1.0" encoding="UTF-8"?>
<testsuites>
  <testsuite name="/home/kalo22/dbwebb-kurser/mvc/me/report/phpunit.xml.dist" tests="245" assertions="468" errors="0" failures="0" skipped="0" time="2.218442">
    <testsuite name="Project Test Suite" tests="245" assertions="468" errors="0" failures="0" skipped="0" time="2.218442">
      <testsuite name="App\Cards\CardHandTest" file="/home/kalo22/dbwebb-kurser/mvc/me/report/tests/Cards/CardHandTest.php" tests="3" assertions="4" errors="0" failures="0" skipped="0" time="0.022981">
        <testcase name="testCreateObject" file="/home/kalo22/dbwebb-kurser/mvc/me/report/tests/Cards/CardHandTest.php" line="12" class="App\Cards\CardHandTest" classname="App.Cards.CardHandTest" assertions="2" time="0.020914"/>
        <testcase name="testAddCard" file="/home/kalo22/dbwebb-kurser/mvc/me/report/tests/Cards/CardHandTest.php" line="27" class="App\Cards\CardHandTest" classname="App.Cards.CardHandTest" assertions="1" time="0.001234"/>
        <testcase name="testGetCardsAsArray" file="/home/kalo22/dbwebb-kurser/mvc/me/report/tests/Cards/CardHandTest.php" line="43" class="App\Cards\CardHandTest" classname="App.Cards.CardHandTest" assertions="1" time="0.000832"/>
      </testsuite>
      <testsuite name="App\Cards\CardTest" file="/home/kalo22/dbwebb-kurser/mvc/me/report/tests/Cards/CardTest.php" tests="3" assertions="10" errors="0" failures="0" skipped="0" time="0.002587">
        <testcase name="testCreateObject" file="/home/kalo22/dbwebb-kurser/mvc/me/report/tests/Cards/CardTest.php" line="12" class="App\Cards\CardTest" classname="App.Cards.CardTest" assertions="3" time="0.000803"/>
        <testcase name="testGetCardText" file="/home/kalo22/dbwebb-kurser/mvc/me/report/tests/Cards/CardTest.php" line="31" class="App\Cards\CardTest" classname="App.Cards.CardTest" assertions="2" time="0.000929"/>
        <testcase name="testToString" file="/home/kalo22/dbwebb-kurser/mvc/me/report/tests/Cards/CardTest.php" line="45" class="App\Cards\CardTest" classname="App.Cards.CardTest" assertions="5" time="0.000855"/>
      </testsuite>
      <testsuite name="App\Cards\DeckOfCardsTest" file="/home/kalo22/dbwebb-kurser/mvc/me/report/tests/Cards/DeckOfCardsTest.php" tests="4" assertions="12" errors="0" failures="0" skipped="0" time="0.005832">
        <testcase name="testCreateObject" file="/home/kalo22/dbwebb-kurser/mvc/me/report/tests/Cards/DeckOfCardsTest.php" line="12" class="App\Cards\DeckOfCardsTest" classname="App.Cards.DeckOfCardsTest" assertions="2" time="0.001066"/>
        <testcase name="testShuffle" file="/home/kalo22/dbwebb-kurser/mvc/me/report/tests/Cards/DeckOfCardsTest.php" line="26" class="App\Cards\DeckOfCardsTest" classname="App.Cards.DeckOfCardsTest" assertions="2" time="0.002676"/>
        <testcase name="testDrawCard" file="/home/kalo22/dbwebb-kurser/mvc/me/report/tests/Cards/DeckOfCardsTest.php" line="39" class="App\Cards\DeckOfCardsTest" classname="App.Cards.DeckOfCardsTest" assertions="2" time="0.001037"/>
        <testcase name="testDrawManyCards" file="/home/kalo22/dbwebb-kurser/mvc/me/report/tests/Cards/DeckOfCardsTest.php" line="52" class="App\Cards\DeckOfCardsTest" classname="App.Cards.DeckOfCardsTest" assertions="6" time="0.001052"/>
      </testsuite>
      <testsuite name="App\Cards\JokerCardTest" file="/home/kalo22/dbwebb-kurser/mvc/me/report/tests/Cards/JokerCardTest.php" tests="2" assertions="4" errors="0" failures="0" skipped="0" time="0.001842">
        <testcase name="testCreateObject" file="/home/kalo22/dbwebb-kurser/mvc/me/report/tests/Cards/JokerCardTest.php" line="12" class="App\Cards\JokerCardTest" classname="App.Cards.JokerCardTest" assertions="3" time="0.001012"/>
        <testcase name="testToString" file="/home/kalo22/dbwebb-kurser/mvc/me/report/tests/Cards/JokerCardTest.php" line="29" class="App\Cards\JokerCardTest" classname="App.Cards.JokerCardTest" assertions="1" time="0.000830"/>
      </testsuite>
      <testsuite name="App\Controller\ApiControllerTest" file="/home/kalo22/dbwebb-kurser/mvc/me/report/tests/Controller/ApiControllerTest.php" tests="2" assertions="6" errors="0" failures="0" skipped="0" time="1.232126">
        <testcase name="testIndex" file="/home/kalo22/dbwebb-kurser/mvc/me/report/tests/Controller/ApiControllerTest.php" line="9" class="App\Controller\ApiControllerTest" classname="App.Controller.ApiControllerTest" assertions="2" time="1.223534"/>
        <testcase name="testQuote" file="/home/kalo22/dbwebb-kurser/mvc/me/report/tests/Controller/ApiControllerTest.php" line="17" class="App\Controller\ApiControllerTest" classname="App.Controller.ApiControllerTest" assertions="4" time="0.008593"/>
      </testsuite>
      <testsuite name="App\Controller\ApiDeckControllerTest" file="/home/kalo22/dbwebb-kurser/mvc/me/report/tests/Controller/ApiDeckControllerTest.php" tests="5" assertions="24" errors="0" failures="0" skipped="0" time="0.038171">
        <testcase name="testGetDeck" file="/home/kalo22/dbwebb-kurser/mvc/me/report/tests/Controller/ApiDeckControllerTest.php" line="17" class="App\Controller\ApiDeckControllerTest" classname="App.Controller.ApiDeckControllerTest" assertions="3" time="0.006487"/>
        <testcase name="testShuffleDeck" file="/home/kalo22/dbwebb-kurser/mvc/me/report/tests/Controller/ApiDeckControllerTest.php" line="31" class="App\Controller\ApiDeckControllerTest" classname="App.Controller.ApiDeckControllerTest" assertions="3" time="0.008114"/>
        <testcase name="testDrawCards" file="/home/kalo22/dbwebb-kurser/mvc/me/report/tests/Controller/ApiDeckControllerTest.php" line="45" class="App\Controller\ApiDeckControllerTest" classname="App.Controller.ApiDeckControllerTest" assertions="5" time="0.007499"/>
        <testcase name="testGetGameStatusNoGame" file="/home/kalo22/dbwebb-kurser/mvc/me/report/tests/Controller/ApiDeckControllerTest.php" line="62" class="App\Controller\ApiDeckControllerTest" classname="App.Controller.ApiDeckControllerTest" assertions="3" time="0.007328"/>
        <testcase name="testGetGameStatusWithGame" file="/home/kalo22/dbwebb-kurser/mvc/me/report/tests/Controller/ApiDeckControllerTest.php" line="78" class="App\Controller\ApiDeckControllerTest" classname="App.Controller.ApiDeckControllerTest" assertions="10" time="0.008743"/>
      </testsuite>
      <testsuite name="App\Controller\ApiLibraryControllerTest" file="/home/kalo22/dbwebb-kurser/mvc/me/report/tests/Controller/ApiLibraryControllerTest.php" tests="4" assertions="9" errors="0" failures="0" skipped="0" time="0.062161">
        <testcase name="testGetBooks" file="/home/kalo22/dbwebb-kurser/mvc/me/report/tests/Controller/ApiLibraryControllerTest.php" line="13" class="App\Controller\ApiLibraryControllerTest" classname="App.Controller.ApiLibraryControllerTest" assertions="2" time="0.032033"/>
        <testcase name="testGetBooksEmpty" file="/home/kalo22/dbwebb-kurser/mvc/me/report/tests/Controller/ApiLibraryControllerTest.php" line="42" class="App\Controller\ApiLibraryControllerTest" classname="App.Controller.ApiLibraryControllerTest" assertions="2" time="0.008156"/>
        <testcase name="testGetBookByISBN" file="/home/kalo22/dbwebb-kurser/mvc/me/report/tests/Controller/ApiLibraryControllerTest.php" line="50" class="App\Controller\ApiLibraryControllerTest" classname="App.Controller.ApiLibraryControllerTest" assertions="2" time="0.014276"/>
        <testcase name="testGetBookByISBNNotFound" file="/home/kalo22/dbwebb-kurser/mvc/me/report/tests/Controller/ApiLibraryControllerTest.php" line="81" class="App\Controller\ApiLibraryControllerTest" classname="App.Controller.ApiLibraryControllerTest" assertions="3" time="0.007696"/>
      </testsuite>
      <testsuite name="App\Controller\CardControllerTest" file="/home/kalo22/dbwebb-kurser/mvc/me/report/tests/Controller/CardControllerTest.php" tests="5" assertions="14" errors="0" failures="0" skipped="0" time="0.142358">
        <testcase name="testIndex" file="/home/kalo22/dbwebb-kurser/mvc/me/report/tests/Controller/CardControllerTest.php" line="9" class="App\Controller\CardControllerTest" classname="App.Controller.CardControllerTest" assertions="1" time="0.009976"/>
        <testcase name="testDeck" file="/home/kalo22/dbwebb-kurser/mvc/me/report/tests/Controller/CardControllerTest.php" line="17" class="App\Controller\CardControllerTest" classname="App.Controller.CardControllerTest" assertions="3" time="0.019671"/>
        <testcase name="testShuffle" file="/home/kalo22/dbwebb-kurser/mvc/me/report/tests/Controller/CardControllerTest.php" line="27" class="App\Controller\CardControllerTest" classname="App.Controller.CardControllerTest" assertions="4" time="0.014005"/>
        <testcase name="testDraw" file="/home/kalo22/dbwebb-kurser/mvc/me/report/tests/Controller/CardControllerTest.php" line="39" class="App\Controller\CardControllerTest" classname="App.Controller.CardControllerTest" assertions="2" time="0.011786"/>
        <testcase name="testDrawMany" file="/home/kalo22/dbwebb-kurser/mvc/me/report/tests/Controller/CardControllerTest.php" line="48" class="App\Controller\CardControllerTest" classname="App.Controller.CardControllerTest" assertions="4" time="0.086920"/>
      </testsuite>
      <testsuite name="App\Controller\GameControllerTest" file="/home/kalo22/dbwebb-kurser/mvc/me/report/tests/Controller/GameControllerTest.php" tests="8" assertions="24" errors="0" failures="0" skipped="0" time="0.135391">
        <testcase name="testIndex" file="/home/kalo22/dbwebb-kurser/mvc/me/report/tests/Controller/GameControllerTest.php" line="23" class="App\Controller\GameControllerTest" classname="App.Controller.GameControllerTest" assertions="2" time="0.010990"/>
        <testcase name="testDoc" file="/home/kalo22/dbwebb-kurser/mvc/me/report/tests/Controller/GameControllerTest.php" line="31" class="App\Controller\GameControllerTest" classname="App.Controller.GameControllerTest" assertions="2" time="0.009402"/>
        <testcase name="testGameBlackjack" file="/home/kalo22/dbwebb-kurser/mvc/me/report/tests/Controller/GameControllerTest.php" line="39" class="App\Controller\GameControllerTest" classname="App.Controller.GameControllerTest" assertions="2" time="0.016515"/>
        <testcase name="testGameBlackjackActionHit" file="/home/kalo22/dbwebb-kurser/mvc/me/report/tests/Controller/GameControllerTest.php" line="60" class="App\Controller\GameControllerTest" classname="App.Controller.GameControllerTest" assertions="3" time="0.018806"/>
        <testcase name="testGameBlackjackActionStand" file="/home/kalo22/dbwebb-kurser/mvc/me/report/tests/Controller/GameControllerTest.php" line="73" class="App\Controller\GameControllerTest" classname="App.Controller.GameControllerTest" assertions="5" time="0.019480"/>
        <testcase name="testGameBlackjackActionNext" file="/home/kalo22/dbwebb-kurser/mvc/me/report/tests/Controller/GameControllerTest.php" line="89" class="App\Controller\GameControllerTest" classname="App.Controller.GameControllerTest" assertions="4" time="0.018339"/>
        <testcase name="testGameBlackjackActionReset" file="/home/kalo22/dbwebb-kurser/mvc/me/report/tests/Controller/GameControllerTest.php" line="103" class="App\Controller\GameControllerTest" classname="App.Controller.GameControllerTest" assertions="3" time="0.023018"/>
        <testcase name="testGameClear" file="/home/kalo22/dbwebb-kurser/mvc/me/report/tests/Controller/GameControllerTest.php" line="118" class="App\Controller\GameControllerTest" classname="App.Controller.GameControllerTest" assertions="3" time="0.018841"/>
      </testsuite>
      <testsuite name="App\Controller\HomeControllerTest" file="/home/kalo22/dbwebb-kurser/mvc/me/report/tests/Controller/HomeControllerTest.php" tests="5" assertions="10" errors="0" failures="0" skipped="0" time="0.060644">
        <testcase name="testIndex" file="/home/kalo22/dbwebb-kurser/mvc/me/report/tests/Controller/HomeControllerTest.php" line="17" class="App\Controller\HomeControllerTest" classname="App.Controller.HomeControllerTest" assertions="2" time="0.010465"/>
        <testcase name="testAbout" file="/home/kalo22/dbwebb-kurser/mvc/me/report/tests/Controller/HomeControllerTest.php" line="25" class="App\Controller\HomeControllerTest" classname="App.Controller.HomeControllerTest" assertions="2" time="0.009380"/>
        <testcase name="testReport" file="/home/kalo22/dbwebb-kurser/mvc/me/report/tests/Controller/HomeControllerTest.php" line="33" class="App\Controller\HomeControllerTest" classname="App.Controller.HomeControllerTest" assertions="2" time="0.014339"/>
        <testcase name="testLucky" file="/home/kalo22/dbwebb-kurser/mvc/me/report/tests/Controller/HomeControllerTest.php" line="41" class="App\Controller\HomeControllerTest" classname="App.Controller.HomeControllerTest" assertions="2" time="0.009588"/>
        <testcase name="testMetrics" file="/home/kalo22/dbwebb-kurser/mvc/me/report/tests/Controller/HomeControllerTest.php" line="49" class="App\Controller\HomeControllerTest" classname="App.Controller.HomeControllerTest" assertions="2" time="0.016872"/>
      </testsuite>
      <testsuite name="App\Controller\LibraryControllerTest" file="/home/kalo22/dbwebb-kurser/mvc/me/report/tests/Controller/LibraryControllerTest.php" tests="9" assertions="17" errors="0" failures="0" skipped="0" time="0.098816">
        <testcase name="testIndex" file="/home/kalo22/dbwebb-kurser/mvc/me/report/tests/Controller/LibraryControllerTest.php" line="38" class="App\Controller\LibraryControllerTest" classname="App.Controller.LibraryControllerTest" assertions="2" time="0.010713"/>
        <testcase name="testViewBook" file="/home/kalo22/dbwebb-kurser/mvc/me/report/tests/Controller/LibraryControllerTest.php" line="46" class="App\Controller\LibraryControllerTest" classname="App.Controller.LibraryControllerTest" assertions="2" time="0.013673"/>
        <testcase name="testViewBookNoExist" file="/home/kalo22/dbwebb-kurser/mvc/me/report/tests/Controller/LibraryControllerTest.php" line="56" class="App\Controller\LibraryControllerTest" classname="App.Controller.LibraryControllerTest" assertions="2" time="0.009059"/>
        <testcase name="testViewBooks" file="/home/kalo22/dbwebb-kurser/mvc/me/report/tests/Controller/LibraryControllerTest.php" line="69" class="App\Controller\LibraryControllerTest" classname="App.Controller.LibraryControllerTest" assertions="2" time="0.014230"/>
        <testcase name="testUpdateNotExist" file="/home/kalo22/dbwebb-kurser/mvc/me/report/tests/Controller/LibraryControllerTest.php" line="79" class="App\Controller\LibraryControllerTest" classname="App.Controller.LibraryControllerTest" assertions="2" time="0.008121"/>
        <testcase name="testDeleteNotExist" file="/home/kalo22/dbwebb-kurser/mvc/me/report/tests/Controller/LibraryControllerTest.php" line="92" class="App\Controller\LibraryControllerTest" classname="App.Controller.LibraryControllerTest" assertions="2" time="0.008858"/>
        <testcase name="testDelete" file="/home/kalo22/dbwebb-kurser/mvc/me/report/tests/Controller/LibraryControllerTest.php" line="105" class="App\Controller\LibraryControllerTest" classname="App.Controller.LibraryControllerTest" assertions="1" time="0.015805"/>
        <testcase name="testRedirectBook" file="/home/kalo22/dbwebb-kurser/mvc/me/report/tests/Controller/LibraryControllerTest.php" line="133" class="App\Controller\LibraryControllerTest" classname="App.Controller.LibraryControllerTest" assertions="2" time="0.009126"/>
        <testcase name="testRedirectBookNoExist" file="/home/kalo22/dbwebb-kurser/mvc/me/report/tests/Controller/LibraryControllerTest.php" line="152" class="App\Controller\LibraryControllerTest" classname="App.Controller.LibraryControllerTest" assertions="2" time="0.009231"/>
      </testsuite>
      <testsuite name="App\Controller\LibraryFormControllerTest" file="/home/kalo22/dbwebb-kurser/mvc/me/report/tests/Controller/LibraryFormControllerTest.php" tests="4" assertions="9" errors="0" failures="0" skipped="0" time="0.151976">
        <testcase name="testAddGetRequest" file="/home/kalo22/dbwebb-kurser/mvc/me/report/tests/Controller/LibraryFormControllerTest.php" line="26" class="App\Controller\LibraryFormControllerTest" classname="App.Controller.LibraryFormControllerTest" assertions="1" time="0.019897"/>
        <testcase name="testAddPostRequestValid" file="/home/kalo22/dbwebb-kurser/mvc/me/report/tests/Controller/LibraryFormControllerTest.php" line="33" class="App\Controller\LibraryFormControllerTest" classname="App.Controller.LibraryFormControllerTest" assertions="2" time="0.061848"/>
        <testcase name="testUpdatePostRequestValid" file="/home/kalo22/dbwebb-kurser/mvc/me/report/tests/Controller/LibraryFormControllerTest.php" line="60" class="App\Controller\LibraryFormControllerTest" classname="App.Controller.LibraryFormControllerTest" assertions="2" time="0.064972"/>
        <testcase name="testBookEditted" file="/home/kalo22/dbwebb-kurser/mvc/me/report/tests/Controller/LibraryFormControllerTest.php" line="89" class="App\Controller\LibraryFormControllerTest" classname="App.Controller.LibraryFormControllerTest" assertions="4" time="0.005258"/>
      </testsuite>
      <testsuite name="App\Game\DealerTest" file="/home/kalo22/dbwebb-kurser/mvc/me/report/tests/Game/DealerTest.php" tests="5" assertions="8" errors="0" failures="0" skipped="0" time="0.005050">
        <testcase name="testCreateObject" file="/home/kalo22/dbwebb-kurser/mvc/me/report/tests/Game/DealerTest.php" line="13" class="App\Game\DealerTest" classname="App.Game.DealerTest" assertions="2" time="0.001003"/>
        <testcase name="testDrawHiddenCard" file="/home/kalo22/dbwebb-kurser/mvc/me/report/tests/Game/DealerTest.php" line="26" class="App\Game\DealerTest" classname="App.Game.DealerTest" assertions="2" time="0.001099"/>
        <testcase name="testGetScore" file="/home/kalo22/dbwebb-kurser/mvc/me/report/tests/Game/DealerTest.php" line="44" class="App\Game\DealerTest" classname="App.Game.DealerTest" assertions="1" time="0.000946"/>
        <testcase name="testAddScore" file="/home/kalo22/dbwebb-kurser/mvc/me/report/tests/Game/DealerTest.php" line="55" class="App\Game\DealerTest" classname="App.Game.DealerTest" assertions="1" time="0.000931"/>
        <testcase name="testIsHiddenCardRevealed" file="/home/kalo22/dbwebb-kurser/mvc/me/report/tests/Game/DealerTest.php" line="67" class="App\Game\DealerTest" classname="App.Game.DealerTest" assertions="2" time="0.001071"/>
      </testsuite>
      <testsuite name="App\Game\GameScoreTest" file="/home/kalo22/dbwebb-kurser/mvc/me/report/tests/Game/GameScoreTest.php" tests="1" assertions="1" errors="0" failures="0" skipped="0" time="0.000914">
        <testcase name="testCreateObject" file="/home/kalo22/dbwebb-kurser/mvc/me/report/tests/Game/GameScoreTest.php" line="12" class="App\Game\GameScoreTest" classname="App.Game.GameScoreTest" assertions="1" time="0.000914"/>
      </testsuite>
      <testsuite name="App\Game\GameTest" file="/home/kalo22/dbwebb-kurser/mvc/me/report/tests/Game/GameTest.php" tests="16" assertions="31" errors="0" failures="0" skipped="0" time="0.022110">
        <testcase name="testCreateObject" file="/home/kalo22/dbwebb-kurser/mvc/me/report/tests/Game/GameTest.php" line="14" class="App\Game\GameTest" classname="App.Game.GameTest" assertions="1" time="0.001139"/>
        <testcase name="testStartGame" file="/home/kalo22/dbwebb-kurser/mvc/me/report/tests/Game/GameTest.php" line="23" class="App\Game\GameTest" classname="App.Game.GameTest" assertions="3" time="0.001237"/>
        <testcase name="testHit" file="/home/kalo22/dbwebb-kurser/mvc/me/report/tests/Game/GameTest.php" line="43" class="App\Game\GameTest" classname="App.Game.GameTest" assertions="1" time="0.001159"/>
        <testcase name="testHitWithScoreLessThan21" file="/home/kalo22/dbwebb-kurser/mvc/me/report/tests/Game/GameTest.php" line="56" class="App\Game\GameTest" classname="App.Game.GameTest" assertions="3" time="0.001544"/>
        <testcase name="testHitWithScoreMoreThan21" file="/home/kalo22/dbwebb-kurser/mvc/me/report/tests/Game/GameTest.php" line="76" class="App\Game\GameTest" classname="App.Game.GameTest" assertions="3" time="0.001422"/>
        <testcase name="testHitWithScore21" file="/home/kalo22/dbwebb-kurser/mvc/me/report/tests/Game/GameTest.php" line="97" class="App\Game\GameTest" classname="App.Game.GameTest" assertions="2" time="0.002375"/>
        <testcase name="testStandRevealHiddenCard" file="/home/kalo22/dbwebb-kurser/mvc/me/report/tests/Game/GameTest.php" line="120" class="App\Game\GameTest" classname="App.Game.GameTest" assertions="1" time="0.001200"/>
        <testcase name="testStandWithDealerScoreMoreThan21" file="/home/kalo22/dbwebb-kurser/mvc/me/report/tests/Game/GameTest.php" line="131" class="App\Game\GameTest" classname="App.Game.GameTest" assertions="2" time="0.001313"/>
        <testcase name="testRevealDealerCard" file="/home/kalo22/dbwebb-kurser/mvc/me/report/tests/Game/GameTest.php" line="148" class="App\Game\GameTest" classname="App.Game.GameTest" assertions="1" time="0.001227"/>
        <testcase name="testGetLastPlayerScore" file="/home/kalo22/dbwebb-kurser/mvc/me/report/tests/Game/GameTest.php" line="159" class="App\Game\GameTest" classname="App.Game.GameTest" assertions="1" time="0.001452"/>
        <testcase name="testGetLastDealerScore" file="/home/kalo22/dbwebb-kurser/mvc/me/report/tests/Game/GameTest.php" line="173" class="App\Game\GameTest" classname="App.Game.GameTest" assertions="1" time="0.001421"/>
        <testcase name="testSetAndGetWinner" file="/home/kalo22/dbwebb-kurser/mvc/me/report/tests/Game/GameTest.php" line="187" class="App\Game\GameTest" classname="App.Game.GameTest" assertions="1" time="0.001186"/>
        <testcase name="testReset" file="/home/kalo22/dbwebb-kurser/mvc/me/report/tests/Game/GameTest.php" line="208" class="App\Game\GameTest" classname="App.Game.GameTest" assertions="6" time="0.001409"/>
        <testcase name="testCheckDeck" file="/home/kalo22/dbwebb-kurser/mvc/me/report/tests/Game/GameTest.php" line="224" class="App\Game\GameTest" classname="App.Game.GameTest" assertions="2" time="0.001236"/>
        <testcase name="testSetDeck" file="/home/kalo22/dbwebb-kurser/mvc/me/report/tests/Game/GameTest.php" line="238" class="App\Game\GameTest" classname="App.Game.GameTest" assertions="2" time="0.001305"/>
        <testcase name="testJsonSerialize" file="/home/kalo22/dbwebb-kurser/mvc/me/report/tests/Game/GameTest.php" line="250" class="App\Game\GameTest" classname="App.Game.GameTest" assertions="1" time="0.001484"/>
      </testsuite>
      <testsuite name="App\Game\PlayerTest" file="/home/kalo22/dbwebb-kurser/mvc/me/report/tests/Game/PlayerTest.php" tests="5" assertions="6" errors="0" failures="0" skipped="0" time="0.004820">
        <testcase name="testCreateObject" file="/home/kalo22/dbwebb-kurser/mvc/me/report/tests/Game/PlayerTest.php" line="13" class="App\Game\PlayerTest" classname="App.Game.PlayerTest" assertions="2" time="0.000954"/>
        <testcase name="testDrawCard" file="/home/kalo22/dbwebb-kurser/mvc/me/report/tests/Game/PlayerTest.php" line="26" class="App\Game\PlayerTest" classname="App.Game.PlayerTest" assertions="1" time="0.001017"/>
        <testcase name="testGetScore" file="/home/kalo22/dbwebb-kurser/mvc/me/report/tests/Game/PlayerTest.php" line="39" class="App\Game\PlayerTest" classname="App.Game.PlayerTest" assertions="1" time="0.000946"/>
        <testcase name="testAddScore" file="/home/kalo22/dbwebb-kurser/mvc/me/report/tests/Game/PlayerTest.php" line="50" class="App\Game\PlayerTest" classname="App.Game.PlayerTest" assertions="1" time="0.000892"/>
        <testcase name="testClearHand" file="/home/kalo22/dbwebb-kurser/mvc/me/report/tests/Game/PlayerTest.php" line="62" class="App\Game\PlayerTest" classname="App.Game.PlayerTest" assertions="1" time="0.001010"/>
      </testsuite>
      <testsuite name="App\Form\BookTypeTest" file="/home/kalo22/dbwebb-kurser/mvc/me/report/tests/Library/BookTypeTest.php" tests="1" assertions="6" errors="0" failures="0" skipped="0" time="0.005509">
        <testcase name="testSubmitValidData" file="/home/kalo22/dbwebb-kurser/mvc/me/report/tests/Library/BookTypeTest.php" line="11" class="App\Form\BookTypeTest" classname="App.Form.BookTypeTest" assertions="6" time="0.005509"/>
      </testsuite>
      <testsuite name="App\Entity\LibraryTest" file="/home/kalo22/dbwebb-kurser/mvc/me/report/tests/Library/LibraryTest.php" tests="1" assertions="1" errors="0" failures="0" skipped="0" time="0.001005">
        <testcase name="testGetId" file="/home/kalo22/dbwebb-kurser/mvc/me/report/tests/Library/LibraryTest.php" line="10" class="App\Entity\LibraryTest" classname="App.Entity.LibraryTest" assertions="1" time="0.001005"/>
      </testsuite>
      <testsuite name="App\Project\CardHandsHelperTest" file="/home/kalo22/dbwebb-kurser/mvc/me/report/tests/Project/CardHandsHelperTest.php" tests="3" assertions="5" errors="0" failures="0" skipped="0" time="0.002664">
        <testcase name="testCreateObject" file="/home/kalo22/dbwebb-kurser/mvc/me/report/tests/Project/CardHandsHelperTest.php" line="19" class="App\Project\CardHandsHelperTest" classname="App.Project.CardHandsHelperTest" assertions="1" time="0.000886"/>
        <testcase name="testFaceToNumericAceLowKQJ" file="/home/kalo22/dbwebb-kurser/mvc/me/report/tests/Project/CardHandsHelperTest.php" line="31" class="App\Project\CardHandsHelperTest" classname="App.Project.CardHandsHelperTest" assertions="3" time="0.000898"/>
        <testcase name="testNumericToFace10" file="/home/kalo22/dbwebb-kurser/mvc/me/report/tests/Project/CardHandsHelperTest.php" line="50" class="App\Project\CardHandsHelperTest" classname="App.Project.CardHandsHelperTest" assertions="1" time="0.000881"/>
      </testsuite>
      <testsuite name="App\Project\CardHandsStraightTest" file="/home/kalo22/dbwebb-kurser/mvc/me/report/tests/Project/CardHandsStraightTest.php" tests="2" assertions="2" errors="0" failures="0" skipped="0" time="0.001802">
        <testcase name="testCreateObject" file="/home/kalo22/dbwebb-kurser/mvc/me/report/tests/Project/CardHandsStraightTest.php" line="19" class="App\Project\CardHandsStraightTest" classname="App.Project.CardHandsStraightTest" assertions="1" time="0.000886"/>
        <testcase name="testStraightCombosLessThanLenght" file="/home/kalo22/dbwebb-kurser/mvc/me/report/tests/Project/CardHandsStraightTest.php" line="33" class="App\Project\CardHandsStraightTest" classname="App.Project.CardHandsStraightTest" assertions="1" time="0.000916"/>
      </testsuite>
      <testsuite name="App\Project\CardHandsTest" file="/home/kalo22/dbwebb-kurser/mvc/me/report/tests/Project/CardHandsTest.php" tests="39" assertions="47" errors="0" failures="0" skipped="0" time="0.055075">
        <testcase name="testCreateObject" file="/home/kalo22/dbwebb-kurser/mvc/me/report/tests/Project/CardHandsTest.php" line="14" class="App\Project\CardHandsTest" classname="App.Project.CardHandsTest" assertions="1" time="0.000942"/>
        <testcase name="testCheckHighCardAceHigh" file="/home/kalo22/dbwebb-kurser/mvc/me/report/tests/Project/CardHandsTest.php" line="23" class="App\Project\CardHandsTest" classname="App.Project.CardHandsTest" assertions="1" time="0.001111"/>
        <testcase name="testCheckPair" file="/home/kalo22/dbwebb-kurser/mvc/me/report/tests/Project/CardHandsTest.php" line="39" class="App\Project\CardHandsTest" classname="App.Project.CardHandsTest" assertions="1" time="0.001286"/>
        <testcase name="testCheckPair7" file="/home/kalo22/dbwebb-kurser/mvc/me/report/tests/Project/CardHandsTest.php" line="58" class="App\Project\CardHandsTest" classname="App.Project.CardHandsTest" assertions="1" time="0.001299"/>
        <testcase name="testCheckPair7Queens" file="/home/kalo22/dbwebb-kurser/mvc/me/report/tests/Project/CardHandsTest.php" line="82" class="App\Project\CardHandsTest" classname="App.Project.CardHandsTest" assertions="1" time="0.001287"/>
        <testcase name="testCheckPair7NoPair" file="/home/kalo22/dbwebb-kurser/mvc/me/report/tests/Project/CardHandsTest.php" line="106" class="App\Project\CardHandsTest" classname="App.Project.CardHandsTest" assertions="1" time="0.001169"/>
        <testcase name="testCheckPairJ" file="/home/kalo22/dbwebb-kurser/mvc/me/report/tests/Project/CardHandsTest.php" line="126" class="App\Project\CardHandsTest" classname="App.Project.CardHandsTest" assertions="1" time="0.001251"/>
        <testcase name="testCheck2Pair7" file="/home/kalo22/dbwebb-kurser/mvc/me/report/tests/Project/CardHandsTest.php" line="145" class="App\Project\CardHandsTest" classname="App.Project.CardHandsTest" assertions="1" time="0.001449"/>
        <testcase name="testCheck2Pair7OnePair" file="/home/kalo22/dbwebb-kurser/mvc/me/report/tests/Project/CardHandsTest.php" line="169" class="App\Project\CardHandsTest" classname="App.Project.CardHandsTest" assertions="1" time="0.001111"/>
        <testcase name="testCheck2Pair7NoPair" file="/home/kalo22/dbwebb-kurser/mvc/me/report/tests/Project/CardHandsTest.php" line="189" class="App\Project\CardHandsTest" classname="App.Project.CardHandsTest" assertions="1" time="0.001086"/>
        <testcase name="testCheckHighCardAceLow5Straight" file="/home/kalo22/dbwebb-kurser/mvc/me/report/tests/Project/CardHandsTest.php" line="209" class="App\Project\CardHandsTest" classname="App.Project.CardHandsTest" assertions="1" time="0.001151"/>
        <testcase name="testCheckHighCardAceLow7Straight" file="/home/kalo22/dbwebb-kurser/mvc/me/report/tests/Project/CardHandsTest.php" line="227" class="App\Project\CardHandsTest" classname="App.Project.CardHandsTest" assertions="1" time="0.001165"/>
        <testcase name="testCheckThreeOfAKind7" file="/home/kalo22/dbwebb-kurser/mvc/me/report/tests/Project/CardHandsTest.php" line="247" class="App\Project\CardHandsTest" classname="App.Project.CardHandsTest" assertions="1" time="0.001285"/>
        <testcase name="testCheckThreeOfAKind7TwoOfAKind" file="/home/kalo22/dbwebb-kurser/mvc/me/report/tests/Project/CardHandsTest.php" line="271" class="App\Project\CardHandsTest" classname="App.Project.CardHandsTest" assertions="1" time="0.001154"/>
        <testcase name="testCheckThreeOfAKind7TwoPair" file="/home/kalo22/dbwebb-kurser/mvc/me/report/tests/Project/CardHandsTest.php" line="291" class="App\Project\CardHandsTest" classname="App.Project.CardHandsTest" assertions="1" time="0.001187"/>
        <testcase name="testCheckThreeOfAKind7NoPair" file="/home/kalo22/dbwebb-kurser/mvc/me/report/tests/Project/CardHandsTest.php" line="311" class="App\Project\CardHandsTest" classname="App.Project.CardHandsTest" assertions="1" time="0.001121"/>
        <testcase name="testCheckStraight3" file="/home/kalo22/dbwebb-kurser/mvc/me/report/tests/Project/CardHandsTest.php" line="331" class="App\Project\CardHandsTest" classname="App.Project.CardHandsTest" assertions="1" time="0.001174"/>
        <testcase name="testCheckStraight7ManyStraights" file="/home/kalo22/dbwebb-kurser/mvc/me/report/tests/Project/CardHandsTest.php" line="347" class="App\Project\CardHandsTest" classname="App.Project.CardHandsTest" assertions="1" time="0.001581"/>
        <testcase name="testCheckStraight7ManyStraights2" file="/home/kalo22/dbwebb-kurser/mvc/me/report/tests/Project/CardHandsTest.php" line="370" class="App\Project\CardHandsTest" classname="App.Project.CardHandsTest" assertions="2" time="0.001644"/>
        <testcase name="testCheckStraight7NoStraight" file="/home/kalo22/dbwebb-kurser/mvc/me/report/tests/Project/CardHandsTest.php" line="416" class="App\Project\CardHandsTest" classname="App.Project.CardHandsTest" assertions="1" time="0.001700"/>
        <testcase name="testCheckFourOfAKind7" file="/home/kalo22/dbwebb-kurser/mvc/me/report/tests/Project/CardHandsTest.php" line="436" class="App\Project\CardHandsTest" classname="App.Project.CardHandsTest" assertions="1" time="0.001476"/>
        <testcase name="testCheckFourOfAKind7ThreeOfAKind" file="/home/kalo22/dbwebb-kurser/mvc/me/report/tests/Project/CardHandsTest.php" line="460" class="App\Project\CardHandsTest" classname="App.Project.CardHandsTest" assertions="1" time="0.001112"/>
        <testcase name="testCheckFlush7" file="/home/kalo22/dbwebb-kurser/mvc/me/report/tests/Project/CardHandsTest.php" line="480" class="App\Project\CardHandsTest" classname="App.Project.CardHandsTest" assertions="4" time="0.002097"/>
        <testcase name="testCheckFullHouse7" file="/home/kalo22/dbwebb-kurser/mvc/me/report/tests/Project/CardHandsTest.php" line="544" class="App\Project\CardHandsTest" classname="App.Project.CardHandsTest" assertions="2" time="0.001265"/>
        <testcase name="testCheckFullHouse7ThreeOfAKind" file="/home/kalo22/dbwebb-kurser/mvc/me/report/tests/Project/CardHandsTest.php" line="568" class="App\Project\CardHandsTest" classname="App.Project.CardHandsTest" assertions="1" time="0.001191"/>
        <testcase name="testCheckFullHouse3" file="/home/kalo22/dbwebb-kurser/mvc/me/report/tests/Project/CardHandsTest.php" line="588" class="App\Project\CardHandsTest" classname="App.Project.CardHandsTest" assertions="1" time="0.001060"/>
        <testcase name="testCheckFullHouse7Pair" file="/home/kalo22/dbwebb-kurser/mvc/me/report/tests/Project/CardHandsTest.php" line="604" class="App\Project\CardHandsTest" classname="App.Project.CardHandsTest" assertions="1" time="0.001180"/>
        <testcase name="testCheckFullHouse7TwoThreeOfAKind" file="/home/kalo22/dbwebb-kurser/mvc/me/report/tests/Project/CardHandsTest.php" line="624" class="App\Project\CardHandsTest" classname="App.Project.CardHandsTest" assertions="1" time="0.001457"/>
        <testcase name="testCheckStraightFlush7" file="/home/kalo22/dbwebb-kurser/mvc/me/report/tests/Project/CardHandsTest.php" line="653" class="App\Project\CardHandsTest" classname="App.Project.CardHandsTest" assertions="4" time="0.002774"/>
        <testcase name="testCheckBestHandStraightFlush" file="/home/kalo22/dbwebb-kurser/mvc/me/report/tests/Project/CardHandsTest.php" line="715" class="App\Project\CardHandsTest" classname="App.Project.CardHandsTest" assertions="1" time="0.001504"/>
        <testcase name="testCheckBestHandFourOfAKind" file="/home/kalo22/dbwebb-kurser/mvc/me/report/tests/Project/CardHandsTest.php" line="733" class="App\Project\CardHandsTest" classname="App.Project.CardHandsTest" assertions="1" time="0.001406"/>
        <testcase name="testCheckBestHandFullHouse" file="/home/kalo22/dbwebb-kurser/mvc/me/report/tests/Project/CardHandsTest.php" line="751" class="App\Project\CardHandsTest" classname="App.Project.CardHandsTest" assertions="1" time="0.001389"/>
        <testcase name="testCheckBestHandFlush" file="/home/kalo22/dbwebb-kurser/mvc/me/report/tests/Project/CardHandsTest.php" line="769" class="App\Project\CardHandsTest" classname="App.Project.CardHandsTest" assertions="1" time="0.001441"/>
        <testcase name="testCheckBestHandStraight" file="/home/kalo22/dbwebb-kurser/mvc/me/report/tests/Project/CardHandsTest.php" line="787" class="App\Project\CardHandsTest" classname="App.Project.CardHandsTest" assertions="1" time="0.001590"/>
        <testcase name="testCheckBestHandThreeOfAKind" file="/home/kalo22/dbwebb-kurser/mvc/me/report/tests/Project/CardHandsTest.php" line="806" class="App\Project\CardHandsTest" classname="App.Project.CardHandsTest" assertions="1" time="0.001724"/>
        <testcase name="testCheckBestHandTwoPair" file="/home/kalo22/dbwebb-kurser/mvc/me/report/tests/Project/CardHandsTest.php" line="824" class="App\Project\CardHandsTest" classname="App.Project.CardHandsTest" assertions="1" time="0.001823"/>
        <testcase name="testCheckBestHandPair" file="/home/kalo22/dbwebb-kurser/mvc/me/report/tests/Project/CardHandsTest.php" line="843" class="App\Project\CardHandsTest" classname="App.Project.CardHandsTest" assertions="1" time="0.001874"/>
        <testcase name="testCheckBestHandHighCard" file="/home/kalo22/dbwebb-kurser/mvc/me/report/tests/Project/CardHandsTest.php" line="861" class="App\Project\CardHandsTest" classname="App.Project.CardHandsTest" assertions="1" time="0.001754"/>
        <testcase name="testCheckStraightFlush7NoStraightFlush" file="/home/kalo22/dbwebb-kurser/mvc/me/report/tests/Project/CardHandsTest.php" line="879" class="App\Project\CardHandsTest" classname="App.Project.CardHandsTest" assertions="1" time="0.001806"/>
      </testsuite>
      <testsuite name="App\Project\GameDataTest" file="/home/kalo22/dbwebb-kurser/mvc/me/report/tests/Project/GameDataTest.php" tests="7" assertions="17" errors="0" failures="0" skipped="0" time="0.007145">
        <testcase name="testGameData" file="/home/kalo22/dbwebb-kurser/mvc/me/report/tests/Project/GameDataTest.php" line="13" class="App\Project\GameDataTest" classname="App.Project.GameDataTest" assertions="1" time="0.000967"/>
        <testcase name="testSetAndGetPlayers" file="/home/kalo22/dbwebb-kurser/mvc/me/report/tests/Project/GameDataTest.php" line="23" class="App\Project\GameDataTest" classname="App.Project.GameDataTest" assertions="2" time="0.000996"/>
        <testcase name="testSetAndGetGameStage" file="/home/kalo22/dbwebb-kurser/mvc/me/report/tests/Project/GameDataTest.php" line="38" class="App\Project\GameDataTest" classname="App.Project.GameDataTest" assertions="6" time="0.001002"/>
        <testcase name="testSetAndGetPot" file="/home/kalo22/dbwebb-kurser/mvc/me/report/tests/Project/GameDataTest.php" line="77" class="App\Project\GameDataTest" classname="App.Project.GameDataTest" assertions="2" time="0.000980"/>
        <testcase name="testSetAndGetTableCards" file="/home/kalo22/dbwebb-kurser/mvc/me/report/tests/Project/GameDataTest.php" line="95" class="App\Project\GameDataTest" classname="App.Project.GameDataTest" assertions="2" time="0.000986"/>
        <testcase name="testSetAndGetRoundWinner" file="/home/kalo22/dbwebb-kurser/mvc/me/report/tests/Project/GameDataTest.php" line="116" class="App\Project\GameDataTest" classname="App.Project.GameDataTest" assertions="2" time="0.001260"/>
        <testcase name="testSetAndGetWinnerHand" file="/home/kalo22/dbwebb-kurser/mvc/me/report/tests/Project/GameDataTest.php" line="136" class="App\Project\GameDataTest" classname="App.Project.GameDataTest" assertions="2" time="0.000954"/>
      </testsuite>
      <testsuite name="App\Project\GameLogicTest" file="/home/kalo22/dbwebb-kurser/mvc/me/report/tests/Project/GameLogicTest.php" tests="10" assertions="17" errors="0" failures="0" skipped="0" time="0.017195">
        <testcase name="testIsRoundOver" file="/home/kalo22/dbwebb-kurser/mvc/me/report/tests/Project/GameLogicTest.php" line="14" class="App\Project\GameLogicTest" classname="App.Project.GameLogicTest" assertions="3" time="0.001608"/>
        <testcase name="testGetHighestBet" file="/home/kalo22/dbwebb-kurser/mvc/me/report/tests/Project/GameLogicTest.php" line="48" class="App\Project\GameLogicTest" classname="App.Project.GameLogicTest" assertions="2" time="0.001391"/>
        <testcase name="testIsPlayerReady" file="/home/kalo22/dbwebb-kurser/mvc/me/report/tests/Project/GameLogicTest.php" line="80" class="App\Project\GameLogicTest" classname="App.Project.GameLogicTest" assertions="2" time="0.001436"/>
        <testcase name="testGetNumberOfFoldedPlayers" file="/home/kalo22/dbwebb-kurser/mvc/me/report/tests/Project/GameLogicTest.php" line="114" class="App\Project\GameLogicTest" classname="App.Project.GameLogicTest" assertions="3" time="0.001401"/>
        <testcase name="testCheckNextStage" file="/home/kalo22/dbwebb-kurser/mvc/me/report/tests/Project/GameLogicTest.php" line="151" class="App\Project\GameLogicTest" classname="App.Project.GameLogicTest" assertions="2" time="0.001462"/>
        <testcase name="testGetWinnerByFold" file="/home/kalo22/dbwebb-kurser/mvc/me/report/tests/Project/GameLogicTest.php" line="183" class="App\Project\GameLogicTest" classname="App.Project.GameLogicTest" assertions="1" time="0.001323"/>
        <testcase name="testGetWinnerByHand" file="/home/kalo22/dbwebb-kurser/mvc/me/report/tests/Project/GameLogicTest.php" line="207" class="App\Project\GameLogicTest" classname="App.Project.GameLogicTest" assertions="1" time="0.002470"/>
        <testcase name="testIsTied" file="/home/kalo22/dbwebb-kurser/mvc/me/report/tests/Project/GameLogicTest.php" line="262" class="App\Project\GameLogicTest" classname="App.Project.GameLogicTest" assertions="1" time="0.002110"/>
        <testcase name="testIsTiedFalse" file="/home/kalo22/dbwebb-kurser/mvc/me/report/tests/Project/GameLogicTest.php" line="319" class="App\Project\GameLogicTest" classname="App.Project.GameLogicTest" assertions="1" time="0.001965"/>
        <testcase name="testGetTiedWinners" file="/home/kalo22/dbwebb-kurser/mvc/me/report/tests/Project/GameLogicTest.php" line="377" class="App\Project\GameLogicTest" classname="App.Project.GameLogicTest" assertions="1" time="0.002030"/>
      </testsuite>
      <testsuite name="App\Project\GameQueueTest" file="/home/kalo22/dbwebb-kurser/mvc/me/report/tests/Project/GameQueueTest.php" tests="5" assertions="16" errors="0" failures="0" skipped="0" time="0.005742">
        <testcase name="testGameQueue" file="/home/kalo22/dbwebb-kurser/mvc/me/report/tests/Project/GameQueueTest.php" line="15" class="App\Project\GameQueueTest" classname="App.Project.GameQueueTest" assertions="1" time="0.000895"/>
        <testcase name="testSetRolesBeforeStart" file="/home/kalo22/dbwebb-kurser/mvc/me/report/tests/Project/GameQueueTest.php" line="28" class="App\Project\GameQueueTest" classname="App.Project.GameQueueTest" assertions="6" time="0.001434"/>
        <testcase name="testDequePlayerWithEmptyQueue" file="/home/kalo22/dbwebb-kurser/mvc/me/report/tests/Project/GameQueueTest.php" line="64" class="App\Project\GameQueueTest" classname="App.Project.GameQueueTest" assertions="1" time="0.000934"/>
        <testcase name="testPeekWithEmptyQueue" file="/home/kalo22/dbwebb-kurser/mvc/me/report/tests/Project/GameQueueTest.php" line="76" class="App\Project\GameQueueTest" classname="App.Project.GameQueueTest" assertions="1" time="0.000938"/>
        <testcase name="testSetQueBeforeStart" file="/home/kalo22/dbwebb-kurser/mvc/me/report/tests/Project/GameQueueTest.php" line="88" class="App\Project\GameQueueTest" classname="App.Project.GameQueueTest" assertions="7" time="0.001540"/>
      </testsuite>
      <testsuite name="App\Project\GameStateTest" file="/home/kalo22/dbwebb-kurser/mvc/me/report/tests/Project/GameStateTest.php" tests="8" assertions="23" errors="0" failures="0" skipped="0" time="0.008149">
        <testcase name="testGameState" file="/home/kalo22/dbwebb-kurser/mvc/me/report/tests/Project/GameStateTest.php" line="14" class="App\Project\GameStateTest" classname="App.Project.GameStateTest" assertions="6" time="0.000956"/>
        <testcase name="testGetTableCardsAsString" file="/home/kalo22/dbwebb-kurser/mvc/me/report/tests/Project/GameStateTest.php" line="52" class="App\Project\GameStateTest" classname="App.Project.GameStateTest" assertions="2" time="0.001069"/>
        <testcase name="testGetNumOfTableCards" file="/home/kalo22/dbwebb-kurser/mvc/me/report/tests/Project/GameStateTest.php" line="78" class="App\Project\GameStateTest" classname="App.Project.GameStateTest" assertions="3" time="0.001007"/>
        <testcase name="testAddTrashCard" file="/home/kalo22/dbwebb-kurser/mvc/me/report/tests/Project/GameStateTest.php" line="111" class="App\Project\GameStateTest" classname="App.Project.GameStateTest" assertions="2" time="0.000934"/>
        <testcase name="testSetPot" file="/home/kalo22/dbwebb-kurser/mvc/me/report/tests/Project/GameStateTest.php" line="137" class="App\Project\GameStateTest" classname="App.Project.GameStateTest" assertions="2" time="0.000902"/>
        <testcase name="testSetSmallBlind" file="/home/kalo22/dbwebb-kurser/mvc/me/report/tests/Project/GameStateTest.php" line="157" class="App\Project\GameStateTest" classname="App.Project.GameStateTest" assertions="2" time="0.000932"/>
        <testcase name="testSetBigBlind" file="/home/kalo22/dbwebb-kurser/mvc/me/report/tests/Project/GameStateTest.php" line="177" class="App\Project\GameStateTest" classname="App.Project.GameStateTest" assertions="2" time="0.000971"/>
        <testcase name="testAddToPotAndResetPot" file="/home/kalo22/dbwebb-kurser/mvc/me/report/tests/Project/GameStateTest.php" line="197" class="App\Project\GameStateTest" classname="App.Project.GameStateTest" assertions="4" time="0.001379"/>
      </testsuite>
      <testsuite name="App\Project\NPCLogicTest" file="/home/kalo22/dbwebb-kurser/mvc/me/report/tests/Project/NPCLogicTest.php" tests="14" assertions="34" errors="0" failures="0" skipped="0" time="0.015972">
        <testcase name="testIsRunningLowOnChips" file="/home/kalo22/dbwebb-kurser/mvc/me/report/tests/Project/NPCLogicTest.php" line="14" class="App\Project\NPCLogicTest" classname="App.Project.NPCLogicTest" assertions="2" time="0.001995"/>
        <testcase name="testGetStartingCardValue" file="/home/kalo22/dbwebb-kurser/mvc/me/report/tests/Project/NPCLogicTest.php" line="27" class="App\Project\NPCLogicTest" classname="App.Project.NPCLogicTest" assertions="3" time="0.001361"/>
        <testcase name="testGetStartingCardType" file="/home/kalo22/dbwebb-kurser/mvc/me/report/tests/Project/NPCLogicTest.php" line="49" class="App\Project\NPCLogicTest" classname="App.Project.NPCLogicTest" assertions="3" time="0.001027"/>
        <testcase name="testAdjustCardRiskRank" file="/home/kalo22/dbwebb-kurser/mvc/me/report/tests/Project/NPCLogicTest.php" line="71" class="App\Project\NPCLogicTest" classname="App.Project.NPCLogicTest" assertions="4" time="0.000944"/>
        <testcase name="testHasPlayerRaised" file="/home/kalo22/dbwebb-kurser/mvc/me/report/tests/Project/NPCLogicTest.php" line="83" class="App\Project\NPCLogicTest" classname="App.Project.NPCLogicTest" assertions="2" time="0.000920"/>
        <testcase name="testHasPlayerCalled" file="/home/kalo22/dbwebb-kurser/mvc/me/report/tests/Project/NPCLogicTest.php" line="96" class="App\Project\NPCLogicTest" classname="App.Project.NPCLogicTest" assertions="2" time="0.000915"/>
        <testcase name="testHasPlayerChecked" file="/home/kalo22/dbwebb-kurser/mvc/me/report/tests/Project/NPCLogicTest.php" line="109" class="App\Project\NPCLogicTest" classname="App.Project.NPCLogicTest" assertions="2" time="0.000919"/>
        <testcase name="testAdjustRiskPlayerActions" file="/home/kalo22/dbwebb-kurser/mvc/me/report/tests/Project/NPCLogicTest.php" line="122" class="App\Project\NPCLogicTest" classname="App.Project.NPCLogicTest" assertions="6" time="0.001014"/>
        <testcase name="testAdjustRiskPotAndBlind" file="/home/kalo22/dbwebb-kurser/mvc/me/report/tests/Project/NPCLogicTest.php" line="147" class="App\Project\NPCLogicTest" classname="App.Project.NPCLogicTest" assertions="3" time="0.000890"/>
        <testcase name="testAdjustHandRiskPoints" file="/home/kalo22/dbwebb-kurser/mvc/me/report/tests/Project/NPCLogicTest.php" line="158" class="App\Project\NPCLogicTest" classname="App.Project.NPCLogicTest" assertions="3" time="0.001449"/>
        <testcase name="testWrapperMattChecks" file="/home/kalo22/dbwebb-kurser/mvc/me/report/tests/Project/NPCLogicTest.php" line="169" class="App\Project\NPCLogicTest" classname="App.Project.NPCLogicTest" assertions="1" time="0.001156"/>
        <testcase name="testWrapperMattCalls" file="/home/kalo22/dbwebb-kurser/mvc/me/report/tests/Project/NPCLogicTest.php" line="179" class="App\Project\NPCLogicTest" classname="App.Project.NPCLogicTest" assertions="1" time="0.001086"/>
        <testcase name="testWrapperMattRaises" file="/home/kalo22/dbwebb-kurser/mvc/me/report/tests/Project/NPCLogicTest.php" line="189" class="App\Project\NPCLogicTest" classname="App.Project.NPCLogicTest" assertions="1" time="0.001137"/>
        <testcase name="testSetMattFolds" file="/home/kalo22/dbwebb-kurser/mvc/me/report/tests/Project/NPCLogicTest.php" line="199" class="App\Project\NPCLogicTest" classname="App.Project.NPCLogicTest" assertions="1" time="0.001160"/>
      </testsuite>
      <testsuite name="App\Project\NPCMattTest" file="/home/kalo22/dbwebb-kurser/mvc/me/report/tests/Project/NPCMattTest.php" tests="22" assertions="34" errors="0" failures="0" skipped="0" time="0.038272">
        <testcase name="testNPCMatt" file="/home/kalo22/dbwebb-kurser/mvc/me/report/tests/Project/NPCMattTest.php" line="14" class="App\Project\NPCMattTest" classname="App.Project.NPCMattTest" assertions="1" time="0.001093"/>
        <testcase name="testGetName" file="/home/kalo22/dbwebb-kurser/mvc/me/report/tests/Project/NPCMattTest.php" line="27" class="App\Project\NPCMattTest" classname="App.Project.NPCMattTest" assertions="1" time="0.001112"/>
        <testcase name="testIsHuman" file="/home/kalo22/dbwebb-kurser/mvc/me/report/tests/Project/NPCMattTest.php" line="40" class="App\Project\NPCMattTest" classname="App.Project.NPCMattTest" assertions="1" time="0.001264"/>
        <testcase name="testSetRole" file="/home/kalo22/dbwebb-kurser/mvc/me/report/tests/Project/NPCMattTest.php" line="53" class="App\Project\NPCMattTest" classname="App.Project.NPCMattTest" assertions="1" time="0.001115"/>
        <testcase name="testGetChips" file="/home/kalo22/dbwebb-kurser/mvc/me/report/tests/Project/NPCMattTest.php" line="68" class="App\Project\NPCMattTest" classname="App.Project.NPCMattTest" assertions="1" time="0.001068"/>
        <testcase name="testIncreaseChips" file="/home/kalo22/dbwebb-kurser/mvc/me/report/tests/Project/NPCMattTest.php" line="81" class="App\Project\NPCMattTest" classname="App.Project.NPCMattTest" assertions="1" time="0.001106"/>
        <testcase name="testDecreaseChipsWithNotEnoughChips" file="/home/kalo22/dbwebb-kurser/mvc/me/report/tests/Project/NPCMattTest.php" line="96" class="App\Project\NPCMattTest" classname="App.Project.NPCMattTest" assertions="2" time="0.001121"/>
        <testcase name="testGetHand" file="/home/kalo22/dbwebb-kurser/mvc/me/report/tests/Project/NPCMattTest.php" line="117" class="App\Project\NPCMattTest" classname="App.Project.NPCMattTest" assertions="1" time="0.001092"/>
        <testcase name="testSetHandValue" file="/home/kalo22/dbwebb-kurser/mvc/me/report/tests/Project/NPCMattTest.php" line="130" class="App\Project\NPCMattTest" classname="App.Project.NPCMattTest" assertions="1" time="0.001073"/>
        <testcase name="testSetBest5CardHandStraightFlush" file="/home/kalo22/dbwebb-kurser/mvc/me/report/tests/Project/NPCMattTest.php" line="145" class="App\Project\NPCMattTest" classname="App.Project.NPCMattTest" assertions="2" time="0.002319"/>
        <testcase name="testSetBest5CardHand4OfAKind" file="/home/kalo22/dbwebb-kurser/mvc/me/report/tests/Project/NPCMattTest.php" line="182" class="App\Project\NPCMattTest" classname="App.Project.NPCMattTest" assertions="2" time="0.002157"/>
        <testcase name="testSetBest5CardHandFullHouse" file="/home/kalo22/dbwebb-kurser/mvc/me/report/tests/Project/NPCMattTest.php" line="219" class="App\Project\NPCMattTest" classname="App.Project.NPCMattTest" assertions="2" time="0.002240"/>
        <testcase name="testSetBest5CardHandFlush" file="/home/kalo22/dbwebb-kurser/mvc/me/report/tests/Project/NPCMattTest.php" line="256" class="App\Project\NPCMattTest" classname="App.Project.NPCMattTest" assertions="2" time="0.002272"/>
        <testcase name="testSetBest5CardHandStraight" file="/home/kalo22/dbwebb-kurser/mvc/me/report/tests/Project/NPCMattTest.php" line="293" class="App\Project\NPCMattTest" classname="App.Project.NPCMattTest" assertions="2" time="0.002491"/>
        <testcase name="testSetBest5CardHand3OfAKind" file="/home/kalo22/dbwebb-kurser/mvc/me/report/tests/Project/NPCMattTest.php" line="330" class="App\Project\NPCMattTest" classname="App.Project.NPCMattTest" assertions="2" time="0.002872"/>
        <testcase name="testSetBest5CardHand2Pair" file="/home/kalo22/dbwebb-kurser/mvc/me/report/tests/Project/NPCMattTest.php" line="367" class="App\Project\NPCMattTest" classname="App.Project.NPCMattTest" assertions="2" time="0.002776"/>
        <testcase name="testSetBest5CardHandPair" file="/home/kalo22/dbwebb-kurser/mvc/me/report/tests/Project/NPCMattTest.php" line="404" class="App\Project\NPCMattTest" classname="App.Project.NPCMattTest" assertions="2" time="0.002884"/>
        <testcase name="testSetBest5CardHandHighCard" file="/home/kalo22/dbwebb-kurser/mvc/me/report/tests/Project/NPCMattTest.php" line="441" class="App\Project\NPCMattTest" classname="App.Project.NPCMattTest" assertions="2" time="0.002968"/>
        <testcase name="testGetPlayerData" file="/home/kalo22/dbwebb-kurser/mvc/me/report/tests/Project/NPCMattTest.php" line="478" class="App\Project\NPCMattTest" classname="App.Project.NPCMattTest" assertions="1" time="0.001438"/>
        <testcase name="testResetBets" file="/home/kalo22/dbwebb-kurser/mvc/me/report/tests/Project/NPCMattTest.php" line="500" class="App\Project\NPCMattTest" classname="App.Project.NPCMattTest" assertions="2" time="0.001142"/>
        <testcase name="testResetHand" file="/home/kalo22/dbwebb-kurser/mvc/me/report/tests/Project/NPCMattTest.php" line="522" class="App\Project\NPCMattTest" classname="App.Project.NPCMattTest" assertions="2" time="0.001202"/>
        <testcase name="testSetAndReturnMattMove" file="/home/kalo22/dbwebb-kurser/mvc/me/report/tests/Project/NPCMattTest.php" line="548" class="App\Project\NPCMattTest" classname="App.Project.NPCMattTest" assertions="1" time="0.001466"/>
      </testsuite>
      <testsuite name="App\Project\NPCSteveTest" file="/home/kalo22/dbwebb-kurser/mvc/me/report/tests/Project/NPCSteveTest.php" tests="16" assertions="30" errors="0" failures="0" skipped="0" time="0.019424">
        <testcase name="testNPCSteve" file="/home/kalo22/dbwebb-kurser/mvc/me/report/tests/Project/NPCSteveTest.php" line="12" class="App\Project\NPCSteveTest" classname="App.Project.NPCSteveTest" assertions="1" time="0.001194"/>
        <testcase name="testGetRiskLevel" file="/home/kalo22/dbwebb-kurser/mvc/me/report/tests/Project/NPCSteveTest.php" line="25" class="App\Project\NPCSteveTest" classname="App.Project.NPCSteveTest" assertions="1" time="0.001106"/>
        <testcase name="testChangeRiskLevel" file="/home/kalo22/dbwebb-kurser/mvc/me/report/tests/Project/NPCSteveTest.php" line="38" class="App\Project\NPCSteveTest" classname="App.Project.NPCSteveTest" assertions="1" time="0.001167"/>
        <testcase name="testClearRiskLevel" file="/home/kalo22/dbwebb-kurser/mvc/me/report/tests/Project/NPCSteveTest.php" line="53" class="App\Project\NPCSteveTest" classname="App.Project.NPCSteveTest" assertions="2" time="0.001168"/>
        <testcase name="testSetSteveFold" file="/home/kalo22/dbwebb-kurser/mvc/me/report/tests/Project/NPCSteveTest.php" line="75" class="App\Project\NPCSteveTest" classname="App.Project.NPCSteveTest" assertions="3" time="0.001291"/>
        <testcase name="testSetSteveCheck" file="/home/kalo22/dbwebb-kurser/mvc/me/report/tests/Project/NPCSteveTest.php" line="100" class="App\Project\NPCSteveTest" classname="App.Project.NPCSteveTest" assertions="1" time="0.001168"/>
        <testcase name="testSetSteveCall" file="/home/kalo22/dbwebb-kurser/mvc/me/report/tests/Project/NPCSteveTest.php" line="115" class="App\Project\NPCSteveTest" classname="App.Project.NPCSteveTest" assertions="2" time="0.001176"/>
        <testcase name="testSetSteveRaise" file="/home/kalo22/dbwebb-kurser/mvc/me/report/tests/Project/NPCSteveTest.php" line="135" class="App\Project\NPCSteveTest" classname="App.Project.NPCSteveTest" assertions="2" time="0.001180"/>
        <testcase name="testSetSteveActionAndReturnDataWithFold" file="/home/kalo22/dbwebb-kurser/mvc/me/report/tests/Project/NPCSteveTest.php" line="155" class="App\Project\NPCSteveTest" classname="App.Project.NPCSteveTest" assertions="1" time="0.001189"/>
        <testcase name="testSetSteveActionAndReturnDataWithCheck" file="/home/kalo22/dbwebb-kurser/mvc/me/report/tests/Project/NPCSteveTest.php" line="170" class="App\Project\NPCSteveTest" classname="App.Project.NPCSteveTest" assertions="1" time="0.001197"/>
        <testcase name="testSetSteveActionAndReturnDataWithCall" file="/home/kalo22/dbwebb-kurser/mvc/me/report/tests/Project/NPCSteveTest.php" line="186" class="App\Project\NPCSteveTest" classname="App.Project.NPCSteveTest" assertions="1" time="0.001255"/>
        <testcase name="testSetSteveActionAndReturnDataWithRaise" file="/home/kalo22/dbwebb-kurser/mvc/me/report/tests/Project/NPCSteveTest.php" line="201" class="App\Project\NPCSteveTest" classname="App.Project.NPCSteveTest" assertions="1" time="0.001208"/>
        <testcase name="testSetSteveActionAndReturnDataWithNoAction" file="/home/kalo22/dbwebb-kurser/mvc/me/report/tests/Project/NPCSteveTest.php" line="216" class="App\Project\NPCSteveTest" classname="App.Project.NPCSteveTest" assertions="1" time="0.001163"/>
        <testcase name="testSetSteveActionPost" file="/home/kalo22/dbwebb-kurser/mvc/me/report/tests/Project/NPCSteveTest.php" line="232" class="App\Project\NPCSteveTest" classname="App.Project.NPCSteveTest" assertions="5" time="0.001188"/>
        <testcase name="testSetSteveActionPre" file="/home/kalo22/dbwebb-kurser/mvc/me/report/tests/Project/NPCSteveTest.php" line="275" class="App\Project\NPCSteveTest" classname="App.Project.NPCSteveTest" assertions="5" time="0.001215"/>
        <testcase name="testSetSteveRisk" file="/home/kalo22/dbwebb-kurser/mvc/me/report/tests/Project/NPCSteveTest.php" line="318" class="App\Project\NPCSteveTest" classname="App.Project.NPCSteveTest" assertions="2" time="0.001558"/>
      </testsuite>
      <testsuite name="App\Project\PlayerActionsTest" file="/home/kalo22/dbwebb-kurser/mvc/me/report/tests/Project/PlayerActionsTest.php" tests="3" assertions="4" errors="0" failures="0" skipped="0" time="0.002703">
        <testcase name="testGetLatestAction" file="/home/kalo22/dbwebb-kurser/mvc/me/report/tests/Project/PlayerActionsTest.php" line="12" class="App\Project\PlayerActionsTest" classname="App.Project.PlayerActionsTest" assertions="1" time="0.000894"/>
        <testcase name="testClearRoundActions" file="/home/kalo22/dbwebb-kurser/mvc/me/report/tests/Project/PlayerActionsTest.php" line="24" class="App\Project\PlayerActionsTest" classname="App.Project.PlayerActionsTest" assertions="1" time="0.000899"/>
        <testcase name="testSetHasFolded" file="/home/kalo22/dbwebb-kurser/mvc/me/report/tests/Project/PlayerActionsTest.php" line="37" class="App\Project\PlayerActionsTest" classname="App.Project.PlayerActionsTest" assertions="2" time="0.000910"/>
      </testsuite>
      <testsuite name="App\Project\PreFlopTest" file="/home/kalo22/dbwebb-kurser/mvc/me/report/tests/Project/PreFlopTest.php" tests="3" assertions="3" errors="0" failures="0" skipped="0" time="0.002952">
        <testcase name="testPreFlop" file="/home/kalo22/dbwebb-kurser/mvc/me/report/tests/Project/PreFlopTest.php" line="9" class="App\Project\PreFlopTest" classname="App.Project.PreFlopTest" assertions="1" time="0.000983"/>
        <testcase name="testGetRankingsArray" file="/home/kalo22/dbwebb-kurser/mvc/me/report/tests/Project/PreFlopTest.php" line="22" class="App\Project\PreFlopTest" classname="App.Project.PreFlopTest" assertions="1" time="0.000965"/>
        <testcase name="testGetHandByCardsAndType" file="/home/kalo22/dbwebb-kurser/mvc/me/report/tests/Project/PreFlopTest.php" line="34" class="App\Project\PreFlopTest" classname="App.Project.PreFlopTest" assertions="1" time="0.001004"/>
      </testsuite>
      <testsuite name="App\Project\ProjectPlayerTest" file="/home/kalo22/dbwebb-kurser/mvc/me/report/tests/Project/ProjectPlayerTest.php" tests="30" assertions="40" errors="0" failures="0" skipped="0" time="0.047056">
        <testcase name="testGetName" file="/home/kalo22/dbwebb-kurser/mvc/me/report/tests/Project/ProjectPlayerTest.php" line="14" class="App\Project\ProjectPlayerTest" classname="App.Project.ProjectPlayerTest" assertions="1" time="0.001110"/>
        <testcase name="testSetRole" file="/home/kalo22/dbwebb-kurser/mvc/me/report/tests/Project/ProjectPlayerTest.php" line="27" class="App\Project\ProjectPlayerTest" classname="App.Project.ProjectPlayerTest" assertions="1" time="0.001094"/>
        <testcase name="testGetChips" file="/home/kalo22/dbwebb-kurser/mvc/me/report/tests/Project/ProjectPlayerTest.php" line="42" class="App\Project\ProjectPlayerTest" classname="App.Project.ProjectPlayerTest" assertions="1" time="0.001183"/>
        <testcase name="testIncreaseChips" file="/home/kalo22/dbwebb-kurser/mvc/me/report/tests/Project/ProjectPlayerTest.php" line="55" class="App\Project\ProjectPlayerTest" classname="App.Project.ProjectPlayerTest" assertions="1" time="0.001052"/>
        <testcase name="testDecreaseChips" file="/home/kalo22/dbwebb-kurser/mvc/me/report/tests/Project/ProjectPlayerTest.php" line="70" class="App\Project\ProjectPlayerTest" classname="App.Project.ProjectPlayerTest" assertions="1" time="0.001128"/>
        <testcase name="testGetBets" file="/home/kalo22/dbwebb-kurser/mvc/me/report/tests/Project/ProjectPlayerTest.php" line="85" class="App\Project\ProjectPlayerTest" classname="App.Project.ProjectPlayerTest" assertions="1" time="0.001093"/>
        <testcase name="testSetBets" file="/home/kalo22/dbwebb-kurser/mvc/me/report/tests/Project/ProjectPlayerTest.php" line="98" class="App\Project\ProjectPlayerTest" classname="App.Project.ProjectPlayerTest" assertions="1" time="0.001085"/>
        <testcase name="testResetBets" file="/home/kalo22/dbwebb-kurser/mvc/me/report/tests/Project/ProjectPlayerTest.php" line="113" class="App\Project\ProjectPlayerTest" classname="App.Project.ProjectPlayerTest" assertions="1" time="0.001024"/>
        <testcase name="testAddToBets" file="/home/kalo22/dbwebb-kurser/mvc/me/report/tests/Project/ProjectPlayerTest.php" line="129" class="App\Project\ProjectPlayerTest" classname="App.Project.ProjectPlayerTest" assertions="1" time="0.001307"/>
        <testcase name="testClearPlayerBets" file="/home/kalo22/dbwebb-kurser/mvc/me/report/tests/Project/ProjectPlayerTest.php" line="144" class="App\Project\ProjectPlayerTest" classname="App.Project.ProjectPlayerTest" assertions="1" time="0.001144"/>
        <testcase name="testGetTotalBets" file="/home/kalo22/dbwebb-kurser/mvc/me/report/tests/Project/ProjectPlayerTest.php" line="160" class="App\Project\ProjectPlayerTest" classname="App.Project.ProjectPlayerTest" assertions="1" time="0.001065"/>
        <testcase name="testGetHand" file="/home/kalo22/dbwebb-kurser/mvc/me/report/tests/Project/ProjectPlayerTest.php" line="176" class="App\Project\ProjectPlayerTest" classname="App.Project.ProjectPlayerTest" assertions="1" time="0.001066"/>
        <testcase name="testSetHand" file="/home/kalo22/dbwebb-kurser/mvc/me/report/tests/Project/ProjectPlayerTest.php" line="189" class="App\Project\ProjectPlayerTest" classname="App.Project.ProjectPlayerTest" assertions="1" time="0.001118"/>
        <testcase name="testGetPlayerActions" file="/home/kalo22/dbwebb-kurser/mvc/me/report/tests/Project/ProjectPlayerTest.php" line="209" class="App\Project\ProjectPlayerTest" classname="App.Project.ProjectPlayerTest" assertions="1" time="0.001050"/>
        <testcase name="testGetHandValue" file="/home/kalo22/dbwebb-kurser/mvc/me/report/tests/Project/ProjectPlayerTest.php" line="222" class="App\Project\ProjectPlayerTest" classname="App.Project.ProjectPlayerTest" assertions="1" time="0.001088"/>
        <testcase name="testGetString" file="/home/kalo22/dbwebb-kurser/mvc/me/report/tests/Project/ProjectPlayerTest.php" line="237" class="App\Project\ProjectPlayerTest" classname="App.Project.ProjectPlayerTest" assertions="1" time="0.001116"/>
        <testcase name="testIsHuman" file="/home/kalo22/dbwebb-kurser/mvc/me/report/tests/Project/ProjectPlayerTest.php" line="259" class="App\Project\ProjectPlayerTest" classname="App.Project.ProjectPlayerTest" assertions="1" time="0.001083"/>
        <testcase name="testSetBest5CardHand" file="/home/kalo22/dbwebb-kurser/mvc/me/report/tests/Project/ProjectPlayerTest.php" line="271" class="App\Project\ProjectPlayerTest" classname="App.Project.ProjectPlayerTest" assertions="1" time="0.001452"/>
        <testcase name="testSetBest5CardHandStraightFlush" file="/home/kalo22/dbwebb-kurser/mvc/me/report/tests/Project/ProjectPlayerTest.php" line="294" class="App\Project\ProjectPlayerTest" classname="App.Project.ProjectPlayerTest" assertions="2" time="0.002192"/>
        <testcase name="testSetBest5CardHand4OfAKind" file="/home/kalo22/dbwebb-kurser/mvc/me/report/tests/Project/ProjectPlayerTest.php" line="331" class="App\Project\ProjectPlayerTest" classname="App.Project.ProjectPlayerTest" assertions="2" time="0.002493"/>
        <testcase name="testSetBest5CardHandFullHouse" file="/home/kalo22/dbwebb-kurser/mvc/me/report/tests/Project/ProjectPlayerTest.php" line="368" class="App\Project\ProjectPlayerTest" classname="App.Project.ProjectPlayerTest" assertions="2" time="0.002317"/>
        <testcase name="testSetBest5CardHandFlush" file="/home/kalo22/dbwebb-kurser/mvc/me/report/tests/Project/ProjectPlayerTest.php" line="405" class="App\Project\ProjectPlayerTest" classname="App.Project.ProjectPlayerTest" assertions="2" time="0.002270"/>
        <testcase name="testSetBest5CardHandStraight" file="/home/kalo22/dbwebb-kurser/mvc/me/report/tests/Project/ProjectPlayerTest.php" line="442" class="App\Project\ProjectPlayerTest" classname="App.Project.ProjectPlayerTest" assertions="2" time="0.002482"/>
        <testcase name="testSetBest5CardHand3OfAKind" file="/home/kalo22/dbwebb-kurser/mvc/me/report/tests/Project/ProjectPlayerTest.php" line="479" class="App\Project\ProjectPlayerTest" classname="App.Project.ProjectPlayerTest" assertions="2" time="0.002844"/>
        <testcase name="testSetBest5CardHand2Pair" file="/home/kalo22/dbwebb-kurser/mvc/me/report/tests/Project/ProjectPlayerTest.php" line="516" class="App\Project\ProjectPlayerTest" classname="App.Project.ProjectPlayerTest" assertions="2" time="0.002817"/>
        <testcase name="testSetBest5CardHandPair" file="/home/kalo22/dbwebb-kurser/mvc/me/report/tests/Project/ProjectPlayerTest.php" line="553" class="App\Project\ProjectPlayerTest" classname="App.Project.ProjectPlayerTest" assertions="2" time="0.002918"/>
        <testcase name="testSetBest5CardHandHighCard" file="/home/kalo22/dbwebb-kurser/mvc/me/report/tests/Project/ProjectPlayerTest.php" line="590" class="App\Project\ProjectPlayerTest" classname="App.Project.ProjectPlayerTest" assertions="2" time="0.002743"/>
        <testcase name="testResetBest5CardHand" file="/home/kalo22/dbwebb-kurser/mvc/me/report/tests/Project/ProjectPlayerTest.php" line="627" class="App\Project\ProjectPlayerTest" classname="App.Project.ProjectPlayerTest" assertions="2" time="0.001411"/>
        <testcase name="testResetHand" file="/home/kalo22/dbwebb-kurser/mvc/me/report/tests/Project/ProjectPlayerTest.php" line="655" class="App\Project\ProjectPlayerTest" classname="App.Project.ProjectPlayerTest" assertions="1" time="0.001118"/>
        <testcase name="testGetPlayerData" file="/home/kalo22/dbwebb-kurser/mvc/me/report/tests/Project/ProjectPlayerTest.php" line="677" class="App\Project\ProjectPlayerTest" classname="App.Project.ProjectPlayerTest" assertions="1" time="0.001190"/>
      </testsuite>
    </testsuite>
  </testsuite>
</testsuites>
