<?xml version="1.0" encoding="UTF-8"?>
<testsuites>
  <testsuite name="/home/kalo22/dbwebb-kurser/mvc/me/report/phpunit.xml.dist" tests="82" assertions="189" errors="0" failures="0" skipped="0" time="0.921989">
    <testsuite name="Project Test Suite" tests="82" assertions="189" errors="0" failures="0" skipped="0" time="0.921989">
      <testsuite name="App\Cards\CardHandTest" file="/home/kalo22/dbwebb-kurser/mvc/me/report/tests/Cards/CardHandTest.php" tests="3" assertions="4" errors="0" failures="0" skipped="0" time="0.021625">
        <testcase name="testCreateObject" file="/home/kalo22/dbwebb-kurser/mvc/me/report/tests/Cards/CardHandTest.php" line="12" class="App\Cards\CardHandTest" classname="App.Cards.CardHandTest" assertions="2" time="0.019709"/>
        <testcase name="testAddCard" file="/home/kalo22/dbwebb-kurser/mvc/me/report/tests/Cards/CardHandTest.php" line="27" class="App\Cards\CardHandTest" classname="App.Cards.CardHandTest" assertions="1" time="0.001107"/>
        <testcase name="testGetCardsAsArray" file="/home/kalo22/dbwebb-kurser/mvc/me/report/tests/Cards/CardHandTest.php" line="43" class="App\Cards\CardHandTest" classname="App.Cards.CardHandTest" assertions="1" time="0.000809"/>
      </testsuite>
      <testsuite name="App\Cards\CardTest" file="/home/kalo22/dbwebb-kurser/mvc/me/report/tests/Cards/CardTest.php" tests="3" assertions="10" errors="0" failures="0" skipped="0" time="0.002534">
        <testcase name="testCreateObject" file="/home/kalo22/dbwebb-kurser/mvc/me/report/tests/Cards/CardTest.php" line="12" class="App\Cards\CardTest" classname="App.Cards.CardTest" assertions="3" time="0.000779"/>
        <testcase name="testGetCardText" file="/home/kalo22/dbwebb-kurser/mvc/me/report/tests/Cards/CardTest.php" line="31" class="App\Cards\CardTest" classname="App.Cards.CardTest" assertions="2" time="0.000910"/>
        <testcase name="testToString" file="/home/kalo22/dbwebb-kurser/mvc/me/report/tests/Cards/CardTest.php" line="45" class="App\Cards\CardTest" classname="App.Cards.CardTest" assertions="5" time="0.000845"/>
      </testsuite>
      <testsuite name="App\Cards\DeckOfCardsTest" file="/home/kalo22/dbwebb-kurser/mvc/me/report/tests/Cards/DeckOfCardsTest.php" tests="4" assertions="12" errors="0" failures="0" skipped="0" time="0.005675">
        <testcase name="testCreateObject" file="/home/kalo22/dbwebb-kurser/mvc/me/report/tests/Cards/DeckOfCardsTest.php" line="12" class="App\Cards\DeckOfCardsTest" classname="App.Cards.DeckOfCardsTest" assertions="2" time="0.001062"/>
        <testcase name="testShuffle" file="/home/kalo22/dbwebb-kurser/mvc/me/report/tests/Cards/DeckOfCardsTest.php" line="26" class="App\Cards\DeckOfCardsTest" classname="App.Cards.DeckOfCardsTest" assertions="2" time="0.002652"/>
        <testcase name="testDrawCard" file="/home/kalo22/dbwebb-kurser/mvc/me/report/tests/Cards/DeckOfCardsTest.php" line="39" class="App\Cards\DeckOfCardsTest" classname="App.Cards.DeckOfCardsTest" assertions="2" time="0.000959"/>
        <testcase name="testDrawManyCards" file="/home/kalo22/dbwebb-kurser/mvc/me/report/tests/Cards/DeckOfCardsTest.php" line="52" class="App\Cards\DeckOfCardsTest" classname="App.Cards.DeckOfCardsTest" assertions="6" time="0.001002"/>
      </testsuite>
      <testsuite name="App\Cards\JokerCardTest" file="/home/kalo22/dbwebb-kurser/mvc/me/report/tests/Cards/JokerCardTest.php" tests="2" assertions="4" errors="0" failures="0" skipped="0" time="0.002136">
        <testcase name="testCreateObject" file="/home/kalo22/dbwebb-kurser/mvc/me/report/tests/Cards/JokerCardTest.php" line="12" class="App\Cards\JokerCardTest" classname="App.Cards.JokerCardTest" assertions="3" time="0.001131"/>
        <testcase name="testToString" file="/home/kalo22/dbwebb-kurser/mvc/me/report/tests/Cards/JokerCardTest.php" line="29" class="App\Cards\JokerCardTest" classname="App.Cards.JokerCardTest" assertions="1" time="0.001005"/>
      </testsuite>
      <testsuite name="App\Controller\ApiControllerTest" file="/home/kalo22/dbwebb-kurser/mvc/me/report/tests/Controller/ApiControllerTest.php" tests="2" assertions="5" errors="0" failures="0" skipped="0" time="0.079138">
        <testcase name="testIndex" file="/home/kalo22/dbwebb-kurser/mvc/me/report/tests/Controller/ApiControllerTest.php" line="9" class="App\Controller\ApiControllerTest" classname="App.Controller.ApiControllerTest" assertions="2" time="0.072250"/>
        <testcase name="testQuote" file="/home/kalo22/dbwebb-kurser/mvc/me/report/tests/Controller/ApiControllerTest.php" line="17" class="App\Controller\ApiControllerTest" classname="App.Controller.ApiControllerTest" assertions="3" time="0.006888"/>
      </testsuite>
      <testsuite name="App\Controller\ApiDeckControllerTest" file="/home/kalo22/dbwebb-kurser/mvc/me/report/tests/Controller/ApiDeckControllerTest.php" tests="5" assertions="19" errors="0" failures="0" skipped="0" time="0.042372">
        <testcase name="testGetDeck" file="/home/kalo22/dbwebb-kurser/mvc/me/report/tests/Controller/ApiDeckControllerTest.php" line="17" class="App\Controller\ApiDeckControllerTest" classname="App.Controller.ApiDeckControllerTest" assertions="2" time="0.007704"/>
        <testcase name="testShuffleDeck" file="/home/kalo22/dbwebb-kurser/mvc/me/report/tests/Controller/ApiDeckControllerTest.php" line="30" class="App\Controller\ApiDeckControllerTest" classname="App.Controller.ApiDeckControllerTest" assertions="2" time="0.009142"/>
        <testcase name="testDrawCards" file="/home/kalo22/dbwebb-kurser/mvc/me/report/tests/Controller/ApiDeckControllerTest.php" line="43" class="App\Controller\ApiDeckControllerTest" classname="App.Controller.ApiDeckControllerTest" assertions="4" time="0.008160"/>
        <testcase name="testGetGameStatusNoGame" file="/home/kalo22/dbwebb-kurser/mvc/me/report/tests/Controller/ApiDeckControllerTest.php" line="58" class="App\Controller\ApiDeckControllerTest" classname="App.Controller.ApiDeckControllerTest" assertions="2" time="0.007296"/>
        <testcase name="testGetGameStatusWithGame" file="/home/kalo22/dbwebb-kurser/mvc/me/report/tests/Controller/ApiDeckControllerTest.php" line="73" class="App\Controller\ApiDeckControllerTest" classname="App.Controller.ApiDeckControllerTest" assertions="9" time="0.010069"/>
      </testsuite>
      <testsuite name="App\Controller\ApiLibraryControllerTest" file="/home/kalo22/dbwebb-kurser/mvc/me/report/tests/Controller/ApiLibraryControllerTest.php" tests="4" assertions="9" errors="0" failures="0" skipped="0" time="0.066676">
        <testcase name="testGetBooks" file="/home/kalo22/dbwebb-kurser/mvc/me/report/tests/Controller/ApiLibraryControllerTest.php" line="13" class="App\Controller\ApiLibraryControllerTest" classname="App.Controller.ApiLibraryControllerTest" assertions="2" time="0.035533"/>
        <testcase name="testGetBooksEmpty" file="/home/kalo22/dbwebb-kurser/mvc/me/report/tests/Controller/ApiLibraryControllerTest.php" line="42" class="App\Controller\ApiLibraryControllerTest" classname="App.Controller.ApiLibraryControllerTest" assertions="2" time="0.008597"/>
        <testcase name="testGetBookByISBN" file="/home/kalo22/dbwebb-kurser/mvc/me/report/tests/Controller/ApiLibraryControllerTest.php" line="50" class="App\Controller\ApiLibraryControllerTest" classname="App.Controller.ApiLibraryControllerTest" assertions="2" time="0.014223"/>
        <testcase name="testGetBookByISBNNotFound" file="/home/kalo22/dbwebb-kurser/mvc/me/report/tests/Controller/ApiLibraryControllerTest.php" line="81" class="App\Controller\ApiLibraryControllerTest" classname="App.Controller.ApiLibraryControllerTest" assertions="3" time="0.008323"/>
      </testsuite>
      <testsuite name="App\Controller\CardControllerTest" file="/home/kalo22/dbwebb-kurser/mvc/me/report/tests/Controller/CardControllerTest.php" tests="5" assertions="14" errors="0" failures="0" skipped="0" time="0.147517">
        <testcase name="testIndex" file="/home/kalo22/dbwebb-kurser/mvc/me/report/tests/Controller/CardControllerTest.php" line="9" class="App\Controller\CardControllerTest" classname="App.Controller.CardControllerTest" assertions="1" time="0.010571"/>
        <testcase name="testDeck" file="/home/kalo22/dbwebb-kurser/mvc/me/report/tests/Controller/CardControllerTest.php" line="17" class="App\Controller\CardControllerTest" classname="App.Controller.CardControllerTest" assertions="3" time="0.014819"/>
        <testcase name="testShuffle" file="/home/kalo22/dbwebb-kurser/mvc/me/report/tests/Controller/CardControllerTest.php" line="27" class="App\Controller\CardControllerTest" classname="App.Controller.CardControllerTest" assertions="4" time="0.016895"/>
        <testcase name="testDraw" file="/home/kalo22/dbwebb-kurser/mvc/me/report/tests/Controller/CardControllerTest.php" line="39" class="App\Controller\CardControllerTest" classname="App.Controller.CardControllerTest" assertions="2" time="0.012424"/>
        <testcase name="testDrawMany" file="/home/kalo22/dbwebb-kurser/mvc/me/report/tests/Controller/CardControllerTest.php" line="48" class="App\Controller\CardControllerTest" classname="App.Controller.CardControllerTest" assertions="4" time="0.092807"/>
      </testsuite>
      <testsuite name="App\Controller\GameControllerTest" file="/home/kalo22/dbwebb-kurser/mvc/me/report/tests/Controller/GameControllerTest.php" tests="8" assertions="24" errors="0" failures="0" skipped="0" time="0.149440">
        <testcase name="testIndex" file="/home/kalo22/dbwebb-kurser/mvc/me/report/tests/Controller/GameControllerTest.php" line="23" class="App\Controller\GameControllerTest" classname="App.Controller.GameControllerTest" assertions="2" time="0.011080"/>
        <testcase name="testDoc" file="/home/kalo22/dbwebb-kurser/mvc/me/report/tests/Controller/GameControllerTest.php" line="31" class="App\Controller\GameControllerTest" classname="App.Controller.GameControllerTest" assertions="2" time="0.011084"/>
        <testcase name="testGameBlackjack" file="/home/kalo22/dbwebb-kurser/mvc/me/report/tests/Controller/GameControllerTest.php" line="39" class="App\Controller\GameControllerTest" classname="App.Controller.GameControllerTest" assertions="2" time="0.020053"/>
        <testcase name="testGameBlackjackActionHit" file="/home/kalo22/dbwebb-kurser/mvc/me/report/tests/Controller/GameControllerTest.php" line="60" class="App\Controller\GameControllerTest" classname="App.Controller.GameControllerTest" assertions="3" time="0.021374"/>
        <testcase name="testGameBlackjackActionStand" file="/home/kalo22/dbwebb-kurser/mvc/me/report/tests/Controller/GameControllerTest.php" line="73" class="App\Controller\GameControllerTest" classname="App.Controller.GameControllerTest" assertions="5" time="0.019645"/>
        <testcase name="testGameBlackjackActionNext" file="/home/kalo22/dbwebb-kurser/mvc/me/report/tests/Controller/GameControllerTest.php" line="89" class="App\Controller\GameControllerTest" classname="App.Controller.GameControllerTest" assertions="4" time="0.021872"/>
        <testcase name="testGameBlackjackActionReset" file="/home/kalo22/dbwebb-kurser/mvc/me/report/tests/Controller/GameControllerTest.php" line="103" class="App\Controller\GameControllerTest" classname="App.Controller.GameControllerTest" assertions="3" time="0.023716"/>
        <testcase name="testGameClear" file="/home/kalo22/dbwebb-kurser/mvc/me/report/tests/Controller/GameControllerTest.php" line="118" class="App\Controller\GameControllerTest" classname="App.Controller.GameControllerTest" assertions="3" time="0.020617"/>
      </testsuite>
      <testsuite name="App\Controller\HomeControllerTest" file="/home/kalo22/dbwebb-kurser/mvc/me/report/tests/Controller/HomeControllerTest.php" tests="5" assertions="10" errors="0" failures="0" skipped="0" time="0.060686">
        <testcase name="testIndex" file="/home/kalo22/dbwebb-kurser/mvc/me/report/tests/Controller/HomeControllerTest.php" line="17" class="App\Controller\HomeControllerTest" classname="App.Controller.HomeControllerTest" assertions="2" time="0.011482"/>
        <testcase name="testAbout" file="/home/kalo22/dbwebb-kurser/mvc/me/report/tests/Controller/HomeControllerTest.php" line="25" class="App\Controller\HomeControllerTest" classname="App.Controller.HomeControllerTest" assertions="2" time="0.010437"/>
        <testcase name="testReport" file="/home/kalo22/dbwebb-kurser/mvc/me/report/tests/Controller/HomeControllerTest.php" line="33" class="App\Controller\HomeControllerTest" classname="App.Controller.HomeControllerTest" assertions="2" time="0.013704"/>
        <testcase name="testLucky" file="/home/kalo22/dbwebb-kurser/mvc/me/report/tests/Controller/HomeControllerTest.php" line="41" class="App\Controller\HomeControllerTest" classname="App.Controller.HomeControllerTest" assertions="2" time="0.010817"/>
        <testcase name="testMetrics" file="/home/kalo22/dbwebb-kurser/mvc/me/report/tests/Controller/HomeControllerTest.php" line="49" class="App\Controller\HomeControllerTest" classname="App.Controller.HomeControllerTest" assertions="2" time="0.014246"/>
      </testsuite>
      <testsuite name="App\Controller\LibraryControllerTest" file="/home/kalo22/dbwebb-kurser/mvc/me/report/tests/Controller/LibraryControllerTest.php" tests="9" assertions="17" errors="0" failures="0" skipped="0" time="0.107914">
        <testcase name="testIndex" file="/home/kalo22/dbwebb-kurser/mvc/me/report/tests/Controller/LibraryControllerTest.php" line="39" class="App\Controller\LibraryControllerTest" classname="App.Controller.LibraryControllerTest" assertions="2" time="0.011739"/>
        <testcase name="testViewBook" file="/home/kalo22/dbwebb-kurser/mvc/me/report/tests/Controller/LibraryControllerTest.php" line="47" class="App\Controller\LibraryControllerTest" classname="App.Controller.LibraryControllerTest" assertions="2" time="0.013714"/>
        <testcase name="testViewBookNoExist" file="/home/kalo22/dbwebb-kurser/mvc/me/report/tests/Controller/LibraryControllerTest.php" line="57" class="App\Controller\LibraryControllerTest" classname="App.Controller.LibraryControllerTest" assertions="2" time="0.010210"/>
        <testcase name="testViewBooks" file="/home/kalo22/dbwebb-kurser/mvc/me/report/tests/Controller/LibraryControllerTest.php" line="70" class="App\Controller\LibraryControllerTest" classname="App.Controller.LibraryControllerTest" assertions="2" time="0.013884"/>
        <testcase name="testUpdateNotExist" file="/home/kalo22/dbwebb-kurser/mvc/me/report/tests/Controller/LibraryControllerTest.php" line="80" class="App\Controller\LibraryControllerTest" classname="App.Controller.LibraryControllerTest" assertions="2" time="0.008281"/>
        <testcase name="testDeleteNotExist" file="/home/kalo22/dbwebb-kurser/mvc/me/report/tests/Controller/LibraryControllerTest.php" line="93" class="App\Controller\LibraryControllerTest" classname="App.Controller.LibraryControllerTest" assertions="2" time="0.011174"/>
        <testcase name="testDelete" file="/home/kalo22/dbwebb-kurser/mvc/me/report/tests/Controller/LibraryControllerTest.php" line="106" class="App\Controller\LibraryControllerTest" classname="App.Controller.LibraryControllerTest" assertions="1" time="0.016816"/>
        <testcase name="testRedirectBook" file="/home/kalo22/dbwebb-kurser/mvc/me/report/tests/Controller/LibraryControllerTest.php" line="134" class="App\Controller\LibraryControllerTest" classname="App.Controller.LibraryControllerTest" assertions="2" time="0.010454"/>
        <testcase name="testRedirectBookNoExist" file="/home/kalo22/dbwebb-kurser/mvc/me/report/tests/Controller/LibraryControllerTest.php" line="153" class="App\Controller\LibraryControllerTest" classname="App.Controller.LibraryControllerTest" assertions="2" time="0.011642"/>
      </testsuite>
      <testsuite name="App\Controller\LibraryFormControllerTest" file="/home/kalo22/dbwebb-kurser/mvc/me/report/tests/Controller/LibraryFormControllerTest.php" tests="4" assertions="9" errors="0" failures="0" skipped="0" time="0.188208">
        <testcase name="testAddGetRequest" file="/home/kalo22/dbwebb-kurser/mvc/me/report/tests/Controller/LibraryFormControllerTest.php" line="26" class="App\Controller\LibraryFormControllerTest" classname="App.Controller.LibraryFormControllerTest" assertions="1" time="0.023569"/>
        <testcase name="testAddPostRequestValid" file="/home/kalo22/dbwebb-kurser/mvc/me/report/tests/Controller/LibraryFormControllerTest.php" line="33" class="App\Controller\LibraryFormControllerTest" classname="App.Controller.LibraryFormControllerTest" assertions="2" time="0.073585"/>
        <testcase name="testUpdatePostRequestValid" file="/home/kalo22/dbwebb-kurser/mvc/me/report/tests/Controller/LibraryFormControllerTest.php" line="60" class="App\Controller\LibraryFormControllerTest" classname="App.Controller.LibraryFormControllerTest" assertions="2" time="0.078461"/>
        <testcase name="testBookEditted" file="/home/kalo22/dbwebb-kurser/mvc/me/report/tests/Controller/LibraryFormControllerTest.php" line="89" class="App\Controller\LibraryFormControllerTest" classname="App.Controller.LibraryFormControllerTest" assertions="4" time="0.012593"/>
      </testsuite>
      <testsuite name="App\Game\DealerTest" file="/home/kalo22/dbwebb-kurser/mvc/me/report/tests/Game/DealerTest.php" tests="5" assertions="8" errors="0" failures="0" skipped="0" time="0.005671">
        <testcase name="testCreateObject" file="/home/kalo22/dbwebb-kurser/mvc/me/report/tests/Game/DealerTest.php" line="13" class="App\Game\DealerTest" classname="App.Game.DealerTest" assertions="2" time="0.000980"/>
        <testcase name="testDrawHiddenCard" file="/home/kalo22/dbwebb-kurser/mvc/me/report/tests/Game/DealerTest.php" line="26" class="App\Game\DealerTest" classname="App.Game.DealerTest" assertions="2" time="0.001309"/>
        <testcase name="testGetScore" file="/home/kalo22/dbwebb-kurser/mvc/me/report/tests/Game/DealerTest.php" line="44" class="App\Game\DealerTest" classname="App.Game.DealerTest" assertions="1" time="0.001350"/>
        <testcase name="testAddScore" file="/home/kalo22/dbwebb-kurser/mvc/me/report/tests/Game/DealerTest.php" line="55" class="App\Game\DealerTest" classname="App.Game.DealerTest" assertions="1" time="0.000894"/>
        <testcase name="testIsHiddenCardRevealed" file="/home/kalo22/dbwebb-kurser/mvc/me/report/tests/Game/DealerTest.php" line="67" class="App\Game\DealerTest" classname="App.Game.DealerTest" assertions="2" time="0.001138"/>
      </testsuite>
      <testsuite name="App\Game\GameTest" file="/home/kalo22/dbwebb-kurser/mvc/me/report/tests/Game/GameTest.php" tests="16" assertions="31" errors="0" failures="0" skipped="0" time="0.026427">
        <testcase name="testCreateObject" file="/home/kalo22/dbwebb-kurser/mvc/me/report/tests/Game/GameTest.php" line="14" class="App\Game\GameTest" classname="App.Game.GameTest" assertions="1" time="0.001085"/>
        <testcase name="testStartGame" file="/home/kalo22/dbwebb-kurser/mvc/me/report/tests/Game/GameTest.php" line="23" class="App\Game\GameTest" classname="App.Game.GameTest" assertions="3" time="0.001228"/>
        <testcase name="testHit" file="/home/kalo22/dbwebb-kurser/mvc/me/report/tests/Game/GameTest.php" line="43" class="App\Game\GameTest" classname="App.Game.GameTest" assertions="1" time="0.001608"/>
        <testcase name="testHitWithScoreLessThan21" file="/home/kalo22/dbwebb-kurser/mvc/me/report/tests/Game/GameTest.php" line="56" class="App\Game\GameTest" classname="App.Game.GameTest" assertions="3" time="0.002282"/>
        <testcase name="testHitWithScoreMoreThan21" file="/home/kalo22/dbwebb-kurser/mvc/me/report/tests/Game/GameTest.php" line="77" class="App\Game\GameTest" classname="App.Game.GameTest" assertions="3" time="0.003078"/>
        <testcase name="testHitWithScore21" file="/home/kalo22/dbwebb-kurser/mvc/me/report/tests/Game/GameTest.php" line="98" class="App\Game\GameTest" classname="App.Game.GameTest" assertions="2" time="0.002506"/>
        <testcase name="testStandRevealHiddenCard" file="/home/kalo22/dbwebb-kurser/mvc/me/report/tests/Game/GameTest.php" line="121" class="App\Game\GameTest" classname="App.Game.GameTest" assertions="1" time="0.001349"/>
        <testcase name="testStandWithDealerScoreMoreThan21" file="/home/kalo22/dbwebb-kurser/mvc/me/report/tests/Game/GameTest.php" line="132" class="App\Game\GameTest" classname="App.Game.GameTest" assertions="2" time="0.002092"/>
        <testcase name="testRevealDealerCard" file="/home/kalo22/dbwebb-kurser/mvc/me/report/tests/Game/GameTest.php" line="149" class="App\Game\GameTest" classname="App.Game.GameTest" assertions="1" time="0.001336"/>
        <testcase name="testGetLastPlayerScore" file="/home/kalo22/dbwebb-kurser/mvc/me/report/tests/Game/GameTest.php" line="160" class="App\Game\GameTest" classname="App.Game.GameTest" assertions="1" time="0.001836"/>
        <testcase name="testGetLastDealerScore" file="/home/kalo22/dbwebb-kurser/mvc/me/report/tests/Game/GameTest.php" line="174" class="App\Game\GameTest" classname="App.Game.GameTest" assertions="1" time="0.001420"/>
        <testcase name="testSetAndGetWinner" file="/home/kalo22/dbwebb-kurser/mvc/me/report/tests/Game/GameTest.php" line="188" class="App\Game\GameTest" classname="App.Game.GameTest" assertions="1" time="0.001274"/>
        <testcase name="testReset" file="/home/kalo22/dbwebb-kurser/mvc/me/report/tests/Game/GameTest.php" line="209" class="App\Game\GameTest" classname="App.Game.GameTest" assertions="6" time="0.001373"/>
        <testcase name="testCheckDeck" file="/home/kalo22/dbwebb-kurser/mvc/me/report/tests/Game/GameTest.php" line="225" class="App\Game\GameTest" classname="App.Game.GameTest" assertions="2" time="0.001324"/>
        <testcase name="testSetDeck" file="/home/kalo22/dbwebb-kurser/mvc/me/report/tests/Game/GameTest.php" line="239" class="App\Game\GameTest" classname="App.Game.GameTest" assertions="2" time="0.001260"/>
        <testcase name="testJsonSerialize" file="/home/kalo22/dbwebb-kurser/mvc/me/report/tests/Game/GameTest.php" line="251" class="App\Game\GameTest" classname="App.Game.GameTest" assertions="1" time="0.001377"/>
      </testsuite>
      <testsuite name="App\Game\PlayerTest" file="/home/kalo22/dbwebb-kurser/mvc/me/report/tests/Game/PlayerTest.php" tests="5" assertions="6" errors="0" failures="0" skipped="0" time="0.006104">
        <testcase name="testCreateObject" file="/home/kalo22/dbwebb-kurser/mvc/me/report/tests/Game/PlayerTest.php" line="13" class="App\Game\PlayerTest" classname="App.Game.PlayerTest" assertions="2" time="0.002040"/>
        <testcase name="testDrawCard" file="/home/kalo22/dbwebb-kurser/mvc/me/report/tests/Game/PlayerTest.php" line="26" class="App\Game\PlayerTest" classname="App.Game.PlayerTest" assertions="1" time="0.001120"/>
        <testcase name="testGetScore" file="/home/kalo22/dbwebb-kurser/mvc/me/report/tests/Game/PlayerTest.php" line="39" class="App\Game\PlayerTest" classname="App.Game.PlayerTest" assertions="1" time="0.000904"/>
        <testcase name="testAddScore" file="/home/kalo22/dbwebb-kurser/mvc/me/report/tests/Game/PlayerTest.php" line="50" class="App\Game\PlayerTest" classname="App.Game.PlayerTest" assertions="1" time="0.000852"/>
        <testcase name="testClearHand" file="/home/kalo22/dbwebb-kurser/mvc/me/report/tests/Game/PlayerTest.php" line="62" class="App\Game\PlayerTest" classname="App.Game.PlayerTest" assertions="1" time="0.001187"/>
      </testsuite>
      <testsuite name="App\Form\BookTypeTest" file="/home/kalo22/dbwebb-kurser/mvc/me/report/tests/Library/BookTypeTest.php" tests="1" assertions="6" errors="0" failures="0" skipped="0" time="0.008308">
        <testcase name="testSubmitValidData" file="/home/kalo22/dbwebb-kurser/mvc/me/report/tests/Library/BookTypeTest.php" line="11" class="App\Form\BookTypeTest" classname="App.Form.BookTypeTest" assertions="6" time="0.008308"/>
      </testsuite>
      <testsuite name="App\Entity\LibraryTest" file="/home/kalo22/dbwebb-kurser/mvc/me/report/tests/Library/LibraryTest.php" tests="1" assertions="1" errors="0" failures="0" skipped="0" time="0.001558">
        <testcase name="testGetId" file="/home/kalo22/dbwebb-kurser/mvc/me/report/tests/Library/LibraryTest.php" line="10" class="App\Entity\LibraryTest" classname="App.Entity.LibraryTest" assertions="1" time="0.001558"/>
      </testsuite>
    </testsuite>
  </testsuite>
</testsuites>
